<?xml version="1.0" encoding="utf-8"?>
<TestRun id="3aeb2fd9-ca45-42fc-9d6d-70408a31aa45" name="Evan@THE-BIG-RIG 2023-09-17 19:18:59" runUser="THE-BIG-RIG\Evan" xmlns="http://microsoft.com/schemas/VisualStudio/TeamTest/2010">
  <Times creation="2023-09-17T19:18:59.1405427-04:00" queuing="2023-09-17T19:18:59.1405431-04:00" start="2023-09-17T19:18:46.9545225-04:00" finish="2023-09-17T19:19:20.8088773-04:00" />
  <TestSettings name="default" id="bbc8c8d3-d9c6-45f8-a0df-75c16dfaddcd">
    <Deployment runDeploymentRoot="Evan_THE-BIG-RIG_2023-09-17_19_18_59" />
  </TestSettings>
  <Results>
    <UnitTestResult executionId="8e5122e3-6c7e-4033-bfe8-ba52ceda6795" testId="5d408274-7e76-d306-80c5-5a9bfe39a193" testName="Connect" computerName="THE-BIG-RIG" duration="00:00:00.0002520" startTime="2023-09-17T19:19:19.7579041-04:00" endTime="2023-09-17T19:19:19.7581565-04:00" testType="13cdc9d9-ddb5-4fa4-a97d-d965ccfc6d4b" outcome="Passed" testListId="8c84fa94-04c1-424b-9868-57a2d4851a1d" relativeResultsDirectory="8e5122e3-6c7e-4033-bfe8-ba52ceda6795">
      <Output>
        <StdOut>Contest: "Data Source=./test.db;"</StdOut>
      </Output>
    </UnitTestResult>
    <UnitTestResult executionId="2026377f-ec65-466c-a02f-88ea19242515" testId="637f884a-918a-8683-bb6b-2e0f84146c18" testName="UpdateMany" computerName="THE-BIG-RIG" duration="00:00:00.0753110" startTime="2023-09-17T19:19:20.0210174-04:00" endTime="2023-09-17T19:19:20.0963283-04:00" testType="13cdc9d9-ddb5-4fa4-a97d-d965ccfc6d4b" outcome="Passed" testListId="8c84fa94-04c1-424b-9868-57a2d4851a1d" relativeResultsDirectory="2026377f-ec65-466c-a02f-88ea19242515">
      <Output>
        <StdOut>Updating many...&#xD;
columns to update: [|{ Index = 0&#xD;
    IsKey = false&#xD;
    IsIndex = true&#xD;
    JoinOn = Some ("SubFact", "factId")&#xD;
    Source = ""Fact""&#xD;
    QuotedSource = ""Fact""&#xD;
    SqlName = "indexId"&#xD;
    QuotedSqlName = ""indexId""&#xD;
    FSharpName = "indexId"&#xD;
    Type = System.Int64&#xD;
    PropertyInfo = Int64 indexId }; { Index = 2&#xD;
                                      IsKey = false&#xD;
                                      IsIndex = false&#xD;
                                      JoinOn = None&#xD;
                                      Source = ""Fact""&#xD;
                                      QuotedSource = ""Fact""&#xD;
                                      SqlName = "psqlName"&#xD;
                                      QuotedSqlName = ""psqlName""&#xD;
                                      FSharpName = "name"&#xD;
                                      Type = System.String&#xD;
                                      PropertyInfo = System.String name };&#xD;
  { Index = 3&#xD;
    IsKey = false&#xD;
    IsIndex = false&#xD;
    JoinOn = None&#xD;
    Source = ""Fact""&#xD;
    QuotedSource = ""Fact""&#xD;
    SqlName = "timeStamp"&#xD;
    QuotedSqlName = ""timeStamp""&#xD;
    FSharpName = "timeStamp"&#xD;
    Type = System.String&#xD;
    PropertyInfo = System.String timeStamp };&#xD;
  { Index = 4&#xD;
    IsKey = false&#xD;
    IsIndex = false&#xD;
    JoinOn = None&#xD;
    Source = ""Fact""&#xD;
    QuotedSource = ""Fact""&#xD;
    SqlName = "specialChar"&#xD;
    QuotedSqlName = ""specialChar""&#xD;
    FSharpName = "specialChar"&#xD;
    Type = System.String&#xD;
    PropertyInfo = System.String specialChar };&#xD;
  { Index = 5&#xD;
    IsKey = false&#xD;
    IsIndex = false&#xD;
    JoinOn = None&#xD;
    Source = ""Fact""&#xD;
    QuotedSource = ""Fact""&#xD;
    SqlName = "maybeSomething"&#xD;
    QuotedSqlName = ""maybeSomething""&#xD;
    FSharpName = "maybeSomething"&#xD;
    Type = System.String&#xD;
    PropertyInfo = System.String maybeSomething };&#xD;
  { Index = 6&#xD;
    IsKey = false&#xD;
    IsIndex = false&#xD;
    JoinOn = None&#xD;
    Source = ""Fact""&#xD;
    QuotedSource = ""Fact""&#xD;
    SqlName = "sometimesNothing"&#xD;
    QuotedSqlName = ""sometimesNothing""&#xD;
    FSharpName = "sometimesNothing"&#xD;
    Type = Microsoft.FSharp.Core.FSharpOption`1[System.Int64]&#xD;
    PropertyInfo =&#xD;
     Microsoft.FSharp.Core.FSharpOption`1[System.Int64] sometimesNothing };&#xD;
  { Index = 7&#xD;
    IsKey = false&#xD;
    IsIndex = false&#xD;
    JoinOn = None&#xD;
    Source = ""Fact""&#xD;
    QuotedSource = ""Fact""&#xD;
    SqlName = "biteSize"&#xD;
    QuotedSqlName = ""biteSize""&#xD;
    FSharpName = "biteSize"&#xD;
    Type = System.String&#xD;
    PropertyInfo = System.String biteSize }|]&#xD;
Query being generated:&#xD;
&#xD;
update "Fact" set "indexId" = @indexId, "psqlName" = @name, "timeStamp" = @timeStamp, "specialChar" = @specialChar, "maybeSomething" = @maybeSomething, "sometimesNothing" = @sometimesNothing, "biteSize" = @biteSize where "Fact"."id" = @id&#xD;
&#xD;
&#xD;
&#xD;
Ok 2Query being generated:&#xD;
&#xD;
select "Fact"."indexId", "Fact"."id", "Fact"."psqlName", "Fact"."timeStamp", "Fact"."specialChar", "Fact"."maybeSomething", "Fact"."sometimesNothing", "Fact"."biteSize", "SubFact"."subFact" from "Fact" left join "SubFact" on "SubFact"."factId" = "Fact"."indexId" where id = '51c12e37-6f8e-4756-9e0a-527f35a82ad5'&#xD;
&#xD;
&#xD;
&#xD;
Query being generated:&#xD;
&#xD;
select "Fact"."indexId", "Fact"."id", "Fact"."psqlName", "Fact"."timeStamp", "Fact"."specialChar", "Fact"."maybeSomething", "Fact"."sometimesNothing", "Fact"."biteSize", "SubFact"."subFact" from "Fact" left join "SubFact" on "SubFact"."factId" = "Fact"."indexId" where id = '22f7698d-a572-40d8-bff3-9f9ec966fd52'</StdOut>
      </Output>
    </UnitTestResult>
    <UnitTestResult executionId="a8960044-6e13-497f-bbfa-5a2fc375475d" testId="808acbda-4118-700a-9ab5-75ef8abf7449" testName="InsertMany" computerName="THE-BIG-RIG" duration="00:00:00.0709810" startTime="2023-09-17T19:19:19.8458503-04:00" endTime="2023-09-17T19:19:19.9168315-04:00" testType="13cdc9d9-ddb5-4fa4-a97d-d965ccfc6d4b" outcome="Passed" testListId="8c84fa94-04c1-424b-9868-57a2d4851a1d" relativeResultsDirectory="a8960044-6e13-497f-bbfa-5a2fc375475d">
      <Output>
        <StdOut>Query being generated:&#xD;
&#xD;
insert into "Fact" ( "indexId", "id", "psqlName", "timeStamp", "specialChar", "maybeSomething", "sometimesNothing", "biteSize" ) values ( @indexId, @id, @name, @timeStamp, @specialChar, @maybeSomething, @sometimesNothing, @biteSize )</StdOut>
      </Output>
    </UnitTestResult>
    <UnitTestResult executionId="35445d92-0b45-4403-aea7-83db7c5fdc1b" testId="45fe581a-79a6-d39d-38f9-646e4aefd98f" testName="Insert" computerName="THE-BIG-RIG" duration="00:00:00.0095090" startTime="2023-09-17T19:18:59.1657798-04:00" endTime="2023-09-17T19:18:59.1752882-04:00" testType="13cdc9d9-ddb5-4fa4-a97d-d965ccfc6d4b" outcome="Passed" testListId="8c84fa94-04c1-424b-9868-57a2d4851a1d" relativeResultsDirectory="35445d92-0b45-4403-aea7-83db7c5fdc1b">
      <Output>
        <StdOut>Query being generated:&#xD;
&#xD;
insert into "Fact" ( "indexId", "id", "sqliteName", "timeStamp", "specialChar", "maybeSomething", "sometimesNothing", "biteSize" ) values ( @indexId, @id, @name, @timeStamp, @specialChar, @maybeSomething, @sometimesNothing, @biteSize )&#xD;
&#xD;
&#xD;
&#xD;
Param count: 8&#xD;
Param 0 - "@indexId": 1L&#xD;
Param 1 - "@id": "4c0c853e-1b31-490c-841e-6a75faba071d"&#xD;
Param 2 - "@name": "Gerry McGuire"&#xD;
Param 3 - "@timeStamp": "9/17/2023 7:18:59 PM"&#xD;
Param 4 - "@specialChar": "Δ"&#xD;
Param 5 - "@maybeSomething": "true"&#xD;
Param 6 - "@sometimesNothing": 1L&#xD;
Param 7 - "@biteSize": "!aBite"</StdOut>
      </Output>
    </UnitTestResult>
    <UnitTestResult executionId="232b130c-59eb-4654-916a-a7c8f8273f0f" testId="a08f704e-7be1-cd70-3c51-7303a35816f9" testName="AsyncInsertMany" computerName="THE-BIG-RIG" duration="00:00:10.1076870" startTime="2023-09-17T19:18:49.0083153-04:00" endTime="2023-09-17T19:18:59.1159658-04:00" testType="13cdc9d9-ddb5-4fa4-a97d-d965ccfc6d4b" outcome="Passed" testListId="8c84fa94-04c1-424b-9868-57a2d4851a1d" relativeResultsDirectory="232b130c-59eb-4654-916a-a7c8f8273f0f">
      <Output>
        <StdOut>Query being generated:&#xD;
&#xD;
insert into "Fact" ( "indexId", "id", "sqliteName", "timeStamp", "specialChar", "maybeSomething", "sometimesNothing", "biteSize" ) values ( @indexId, @id, @name, @timeStamp, @specialChar, @maybeSomething, @sometimesNothing, @biteSize )</StdOut>
      </Output>
    </UnitTestResult>
    <UnitTestResult executionId="33086be6-8088-4116-a8ee-ed06b693f11a" testId="aa5ad89d-4386-4bbe-356e-11e72bf7130c" testName="SelectLimit" computerName="THE-BIG-RIG" duration="00:00:00.0060120" startTime="2023-09-17T19:18:59.1961683-04:00" endTime="2023-09-17T19:18:59.2021798-04:00" testType="13cdc9d9-ddb5-4fa4-a97d-d965ccfc6d4b" outcome="Passed" testListId="8c84fa94-04c1-424b-9868-57a2d4851a1d" relativeResultsDirectory="33086be6-8088-4116-a8ee-ed06b693f11a">
      <Output>
        <StdOut>Selecting All...&#xD;
Query being generated:&#xD;
&#xD;
select "Fact"."indexId", "Fact"."id", "Fact"."sqliteName", "Fact"."timeStamp", "Fact"."specialChar", "Fact"."maybeSomething", "Fact"."sometimesNothing", "Fact"."biteSize", "SubFact"."subFact" from "Fact" left join "SubFact" on "SubFact"."factId" = "Fact"."indexId" limit 5&#xD;
&#xD;
&#xD;
&#xD;
{ indexId = 1L&#xD;
  id = "4c0c853e-1b31-490c-841e-6a75faba071d"&#xD;
  name = "Gerry McGuire"&#xD;
  timeStamp = "9/17/2023 7:18:59 PM"&#xD;
  specialChar = "Δ"&#xD;
  maybeSomething = "true"&#xD;
  sometimesNothing = Some 1L&#xD;
  biteSize = "!aBite"&#xD;
  subFact = None }&#xD;
{ indexId = 1L&#xD;
  id = "ea9ad88f-a992-417d-ae8b-23fde895ed5e"&#xD;
  name = "Gerry McGuire"&#xD;
  timeStamp = "9/17/2023 7:18:59 PM"&#xD;
  specialChar = "Δ"&#xD;
  maybeSomething = "true"&#xD;
  sometimesNothing = Some 1L&#xD;
  biteSize = "!aBite"&#xD;
  subFact = None }&#xD;
{ indexId = 1L&#xD;
  id = "9398134e-4407-45d6-9516-05b5bb8793dd"&#xD;
  name = "Gerry McGuire"&#xD;
  timeStamp = "9/17/2023 7:18:59 PM"&#xD;
  specialChar = "Δ"&#xD;
  maybeSomething = "true"&#xD;
  sometimesNothing = None&#xD;
  biteSize = "!aBite"&#xD;
  subFact = None }&#xD;
{ indexId = 1L&#xD;
  id = "68326932-336d-44a7-a4f6-2de5fb6fb5e9"&#xD;
  name = "Gerry McGuire"&#xD;
  timeStamp = "9/17/2023 7:18:59 PM"&#xD;
  specialChar = "Δ"&#xD;
  maybeSomething = "true"&#xD;
  sometimesNothing = Some 1L&#xD;
  biteSize = "!aBite"&#xD;
  subFact = None }&#xD;
{ indexId = 1L&#xD;
  id = "0e176f15-c8a1-43d2-987b-5d19fbaa5a24"&#xD;
  name = "Gerry McGuire"&#xD;
  timeStamp = "9/17/2023 7:18:59 PM"&#xD;
  specialChar = "Δ"&#xD;
  maybeSomething = "true"&#xD;
  sometimesNothing = Some 1L&#xD;
  biteSize = "!aBite"&#xD;
  subFact = None }&#xD;
Query being generated:&#xD;
&#xD;
select "Fact"."indexId", "Fact"."id", "Fact"."sqliteName", "Fact"."timeStamp", "Fact"."specialChar", "Fact"."maybeSomething", "Fact"."sometimesNothing", "Fact"."biteSize", "SubFact"."subFact" from "Fact" left join "SubFact" on "SubFact"."factId" = "Fact"."indexId" limit 5&#xD;
&#xD;
&#xD;
&#xD;
&#xD;
facts: seq&#xD;
  [{ indexId = 1L&#xD;
     id = "4c0c853e-1b31-490c-841e-6a75faba071d"&#xD;
     name = "Gerry McGuire"&#xD;
     timeStamp = "9/17/2023 7:18:59 PM"&#xD;
     specialChar = "Δ"&#xD;
     maybeSomething = "true"&#xD;
     sometimesNothing = Some 1L&#xD;
     biteSize = "!aBite"&#xD;
     subFact = None }; { indexId = 1L&#xD;
                         id = "ea9ad88f-a992-417d-ae8b-23fde895ed5e"&#xD;
                         name = "Gerry McGuire"&#xD;
                         timeStamp = "9/17/2023 7:18:59 PM"&#xD;
                         specialChar = "Δ"&#xD;
                         maybeSomething = "true"&#xD;
                         sometimesNothing = Some 1L&#xD;
                         biteSize = "!aBite"&#xD;
                         subFact = None };&#xD;
   { indexId = 1L&#xD;
     id = "9398134e-4407-45d6-9516-05b5bb8793dd"&#xD;
     name = "Gerry McGuire"&#xD;
     timeStamp = "9/17/2023 7:18:59 PM"&#xD;
     specialChar = "Δ"&#xD;
     maybeSomething = "true"&#xD;
     sometimesNothing = None&#xD;
     biteSize = "!aBite"&#xD;
     subFact = None }; { indexId = 1L&#xD;
                         id = "68326932-336d-44a7-a4f6-2de5fb6fb5e9"&#xD;
                         name = "Gerry McGuire"&#xD;
                         timeStamp = "9/17/2023 7:18:59 PM"&#xD;
                         specialChar = "Δ"&#xD;
                         maybeSomething = "true"&#xD;
                         sometimesNothing = Some 1L&#xD;
                         biteSize = "!aBite"&#xD;
                         subFact = None }; ...]</StdOut>
      </Output>
    </UnitTestResult>
    <UnitTestResult executionId="8fe888f9-fed7-4790-baee-03e0c7474adc" testId="f9346500-1cf3-80bd-8353-bd565d17466d" testName="Reader" computerName="THE-BIG-RIG" duration="00:00:00.0058340" startTime="2023-09-17T19:18:59.1840905-04:00" endTime="2023-09-17T19:18:59.1899239-04:00" testType="13cdc9d9-ddb5-4fa4-a97d-d965ccfc6d4b" outcome="Passed" testListId="8c84fa94-04c1-424b-9868-57a2d4851a1d" relativeResultsDirectory="8fe888f9-fed7-4790-baee-03e0c7474adc">
      <Output>
        <StdOut>Reading...&#xD;
Query being generated:&#xD;
&#xD;
select * from "Fact"&#xD;
&#xD;
&#xD;
&#xD;
&#xD;
Error: Index was outside the bounds of the array.</StdOut>
      </Output>
    </UnitTestResult>
    <UnitTestResult executionId="5bc063a9-f1b6-44d6-8151-7c0c5c0c6d53" testId="e1d96324-45ef-45d2-544f-68bf57e5356c" testName="InsertUpdateSelect" computerName="THE-BIG-RIG" duration="00:00:00.1970690" startTime="2023-09-17T19:19:20.4235334-04:00" endTime="2023-09-17T19:19:20.6206023-04:00" testType="13cdc9d9-ddb5-4fa4-a97d-d965ccfc6d4b" outcome="Passed" testListId="8c84fa94-04c1-424b-9868-57a2d4851a1d" relativeResultsDirectory="5bc063a9-f1b6-44d6-8151-7c0c5c0c6d53">
      <Output>
        <StdOut>Do we have a transaction? Some Npgsql.NpgsqlTransaction&#xD;
Query being generated:&#xD;
&#xD;
insert into "Fact" ( "indexId", "id", "psqlName", "timeStamp", "specialChar", "maybeSomething", "sometimesNothing", "biteSize" ) values ( @indexId, @id, @name, @timeStamp, @specialChar, @maybeSomething, @sometimesNothing, @biteSize )&#xD;
&#xD;
&#xD;
&#xD;
Param count: 8&#xD;
Param 0 - "@indexId": 1L&#xD;
Param 1 - "@id": "3bfa1879-418f-4aed-9084-07410534e1a5"&#xD;
Param 2 - "@name": "Gerry McGuire"&#xD;
Param 3 - "@timeStamp": "9/17/2023 7:19:20 PM"&#xD;
Param 4 - "@specialChar": "Δ"&#xD;
Param 5 - "@maybeSomething": "true"&#xD;
Param 6 - "@sometimesNothing": 1L&#xD;
Param 7 - "@biteSize": "!aBite"&#xD;
columns to update: [|{ Index = 0&#xD;
    IsKey = false&#xD;
    IsIndex = true&#xD;
    JoinOn = Some ("SubFact", "factId")&#xD;
    Source = ""Fact""&#xD;
    QuotedSource = ""Fact""&#xD;
    SqlName = "indexId"&#xD;
    QuotedSqlName = ""indexId""&#xD;
    FSharpName = "indexId"&#xD;
    Type = System.Int64&#xD;
    PropertyInfo = Int64 indexId }; { Index = 2&#xD;
                                      IsKey = false&#xD;
                                      IsIndex = false&#xD;
                                      JoinOn = None&#xD;
                                      Source = ""Fact""&#xD;
                                      QuotedSource = ""Fact""&#xD;
                                      SqlName = "psqlName"&#xD;
                                      QuotedSqlName = ""psqlName""&#xD;
                                      FSharpName = "name"&#xD;
                                      Type = System.String&#xD;
                                      PropertyInfo = System.String name };&#xD;
  { Index = 3&#xD;
    IsKey = false&#xD;
    IsIndex = false&#xD;
    JoinOn = None&#xD;
    Source = ""Fact""&#xD;
    QuotedSource = ""Fact""&#xD;
    SqlName = "timeStamp"&#xD;
    QuotedSqlName = ""timeStamp""&#xD;
    FSharpName = "timeStamp"&#xD;
    Type = System.String&#xD;
    PropertyInfo = System.String timeStamp };&#xD;
  { Index = 4&#xD;
    IsKey = false&#xD;
    IsIndex = false&#xD;
    JoinOn = None&#xD;
    Source = ""Fact""&#xD;
    QuotedSource = ""Fact""&#xD;
    SqlName = "specialChar"&#xD;
    QuotedSqlName = ""specialChar""&#xD;
    FSharpName = "specialChar"&#xD;
    Type = System.String&#xD;
    PropertyInfo = System.String specialChar };&#xD;
  { Index = 5&#xD;
    IsKey = false&#xD;
    IsIndex = false&#xD;
    JoinOn = None&#xD;
    Source = ""Fact""&#xD;
    QuotedSource = ""Fact""&#xD;
    SqlName = "maybeSomething"&#xD;
    QuotedSqlName = ""maybeSomething""&#xD;
    FSharpName = "maybeSomething"&#xD;
    Type = System.String&#xD;
    PropertyInfo = System.String maybeSomething };&#xD;
  { Index = 6&#xD;
    IsKey = false&#xD;
    IsIndex = false&#xD;
    JoinOn = None&#xD;
    Source = ""Fact""&#xD;
    QuotedSource = ""Fact""&#xD;
    SqlName = "sometimesNothing"&#xD;
    QuotedSqlName = ""sometimesNothing""&#xD;
    FSharpName = "sometimesNothing"&#xD;
    Type = Microsoft.FSharp.Core.FSharpOption`1[System.Int64]&#xD;
    PropertyInfo =&#xD;
     Microsoft.FSharp.Core.FSharpOption`1[System.Int64] sometimesNothing };&#xD;
  { Index = 7&#xD;
    IsKey = false&#xD;
    IsIndex = false&#xD;
    JoinOn = None&#xD;
    Source = ""Fact""&#xD;
    QuotedSource = ""Fact""&#xD;
    SqlName = "biteSize"&#xD;
    QuotedSqlName = ""biteSize""&#xD;
    FSharpName = "biteSize"&#xD;
    Type = System.String&#xD;
    PropertyInfo = System.String biteSize }|]&#xD;
Query being generated:&#xD;
&#xD;
update "Fact" set "indexId" = @indexId, "psqlName" = @name, "timeStamp" = @timeStamp, "specialChar" = @specialChar, "maybeSomething" = @maybeSomething, "sometimesNothing" = @sometimesNothing, "biteSize" = @biteSize where "Fact"."id" = @id&#xD;
&#xD;
&#xD;
&#xD;
Query being generated:&#xD;
&#xD;
select "Fact"."indexId", "Fact"."id", "Fact"."psqlName", "Fact"."timeStamp", "Fact"."specialChar", "Fact"."maybeSomething", "Fact"."sometimesNothing", "Fact"."biteSize", "SubFact"."subFact" from "Fact" left join "SubFact" on "SubFact"."factId" = "Fact"."indexId" where id = '3bfa1879-418f-4aed-9084-07410534e1a5'&#xD;
&#xD;
&#xD;
&#xD;
Query being generated:&#xD;
&#xD;
select "Fact"."indexId", "Fact"."id", "Fact"."psqlName", "Fact"."timeStamp", "Fact"."specialChar", "Fact"."maybeSomething", "Fact"."sometimesNothing", "Fact"."biteSize", "SubFact"."subFact" from "Fact" left join "SubFact" on "SubFact"."factId" = "Fact"."indexId" where id = '3bfa1879-418f-4aed-9084-07410534e1a5'&#xD;
&#xD;
&#xD;
&#xD;
Query being generated:&#xD;
&#xD;
select "Fact"."indexId", "Fact"."id", "Fact"."psqlName", "Fact"."timeStamp", "Fact"."specialChar", "Fact"."maybeSomething", "Fact"."sometimesNothing", "Fact"."biteSize", "SubFact"."subFact" from "Fact" left join "SubFact" on "SubFact"."factId" = "Fact"."indexId" where id = '3bfa1879-418f-4aed-9084-07410534e1a5'&#xD;
&#xD;
&#xD;
&#xD;
&#xD;
You remembered the facts: { indexId = 1L&#xD;
  id = "3bfa1879-418f-4aed-9084-07410534e1a5"&#xD;
  name = "Gerry McGuire"&#xD;
  timeStamp = "9/17/2023 7:19:20 PM"&#xD;
  specialChar = "Δ"&#xD;
  maybeSomething = "true"&#xD;
  sometimesNothing = Some 1L&#xD;
  biteSize = "!aBite"&#xD;
  subFact = Some "sooper dooper secret fact" } - { indexId = 1L&#xD;
  id = "3bfa1879-418f-4aed-9084-07410534e1a5"&#xD;
  name = "All Facts, All the Time"&#xD;
  timeStamp = "9/17/2023 7:19:20 PM"&#xD;
  specialChar = "Δ"&#xD;
  maybeSomething = "true"&#xD;
  sometimesNothing = Some 1L&#xD;
  biteSize = "!aBite"&#xD;
  subFact = None } | seq [{ indexId = 1L&#xD;
       id = "3bfa1879-418f-4aed-9084-07410534e1a5"&#xD;
       name = "All Facts, All the Time"&#xD;
       timeStamp = "9/17/2023 7:19:20 PM"&#xD;
       specialChar = "Δ"&#xD;
       maybeSomething = "true"&#xD;
       sometimesNothing = Some 1L&#xD;
       biteSize = "!aBite"&#xD;
       subFact = None }]</StdOut>
      </Output>
    </UnitTestResult>
    <UnitTestResult executionId="f878ce59-af58-4a31-9f61-e0923f99ec4b" testId="85caf85c-0ea4-3061-d9ac-49e696c000d2" testName="Insert" computerName="THE-BIG-RIG" duration="00:00:00.0151470" startTime="2023-09-17T19:19:19.8306827-04:00" endTime="2023-09-17T19:19:19.8458297-04:00" testType="13cdc9d9-ddb5-4fa4-a97d-d965ccfc6d4b" outcome="Passed" testListId="8c84fa94-04c1-424b-9868-57a2d4851a1d" relativeResultsDirectory="f878ce59-af58-4a31-9f61-e0923f99ec4b">
      <Output>
        <StdOut>Query being generated:&#xD;
&#xD;
insert into "Fact" ( "indexId", "id", "psqlName", "timeStamp", "specialChar", "maybeSomething", "sometimesNothing", "biteSize" ) values ( @indexId, @id, @name, @timeStamp, @specialChar, @maybeSomething, @sometimesNothing, @biteSize )&#xD;
&#xD;
&#xD;
&#xD;
Param count: 8&#xD;
Param 0 - "@indexId": 1L&#xD;
Param 1 - "@id": "2d47df76-6cc1-4a5e-91d8-df4dc459353f"&#xD;
Param 2 - "@name": "Gerry McGuire"&#xD;
Param 3 - "@timeStamp": "9/17/2023 7:19:19 PM"&#xD;
Param 4 - "@specialChar": "Δ"&#xD;
Param 5 - "@maybeSomething": "true"&#xD;
Param 6 - "@sometimesNothing": 1L&#xD;
Param 7 - "@biteSize": "!aBite"</StdOut>
      </Output>
    </UnitTestResult>
    <UnitTestResult executionId="52484cbb-2699-48b2-ba12-5fdda01ea85a" testId="04fe663e-77f4-7638-3d23-56ab2a11f452" testName="Update" computerName="THE-BIG-RIG" duration="00:00:00.0149260" startTime="2023-09-17T19:19:20.0060700-04:00" endTime="2023-09-17T19:19:20.0209952-04:00" testType="13cdc9d9-ddb5-4fa4-a97d-d965ccfc6d4b" outcome="Passed" testListId="8c84fa94-04c1-424b-9868-57a2d4851a1d" relativeResultsDirectory="52484cbb-2699-48b2-ba12-5fdda01ea85a">
      <Output>
        <StdOut>Updating...&#xD;
columns to update: [|{ Index = 0&#xD;
    IsKey = false&#xD;
    IsIndex = true&#xD;
    JoinOn = Some ("SubFact", "factId")&#xD;
    Source = ""Fact""&#xD;
    QuotedSource = ""Fact""&#xD;
    SqlName = "indexId"&#xD;
    QuotedSqlName = ""indexId""&#xD;
    FSharpName = "indexId"&#xD;
    Type = System.Int64&#xD;
    PropertyInfo = Int64 indexId }; { Index = 2&#xD;
                                      IsKey = false&#xD;
                                      IsIndex = false&#xD;
                                      JoinOn = None&#xD;
                                      Source = ""Fact""&#xD;
                                      QuotedSource = ""Fact""&#xD;
                                      SqlName = "psqlName"&#xD;
                                      QuotedSqlName = ""psqlName""&#xD;
                                      FSharpName = "name"&#xD;
                                      Type = System.String&#xD;
                                      PropertyInfo = System.String name };&#xD;
  { Index = 3&#xD;
    IsKey = false&#xD;
    IsIndex = false&#xD;
    JoinOn = None&#xD;
    Source = ""Fact""&#xD;
    QuotedSource = ""Fact""&#xD;
    SqlName = "timeStamp"&#xD;
    QuotedSqlName = ""timeStamp""&#xD;
    FSharpName = "timeStamp"&#xD;
    Type = System.String&#xD;
    PropertyInfo = System.String timeStamp };&#xD;
  { Index = 4&#xD;
    IsKey = false&#xD;
    IsIndex = false&#xD;
    JoinOn = None&#xD;
    Source = ""Fact""&#xD;
    QuotedSource = ""Fact""&#xD;
    SqlName = "specialChar"&#xD;
    QuotedSqlName = ""specialChar""&#xD;
    FSharpName = "specialChar"&#xD;
    Type = System.String&#xD;
    PropertyInfo = System.String specialChar };&#xD;
  { Index = 5&#xD;
    IsKey = false&#xD;
    IsIndex = false&#xD;
    JoinOn = None&#xD;
    Source = ""Fact""&#xD;
    QuotedSource = ""Fact""&#xD;
    SqlName = "maybeSomething"&#xD;
    QuotedSqlName = ""maybeSomething""&#xD;
    FSharpName = "maybeSomething"&#xD;
    Type = System.String&#xD;
    PropertyInfo = System.String maybeSomething };&#xD;
  { Index = 6&#xD;
    IsKey = false&#xD;
    IsIndex = false&#xD;
    JoinOn = None&#xD;
    Source = ""Fact""&#xD;
    QuotedSource = ""Fact""&#xD;
    SqlName = "sometimesNothing"&#xD;
    QuotedSqlName = ""sometimesNothing""&#xD;
    FSharpName = "sometimesNothing"&#xD;
    Type = Microsoft.FSharp.Core.FSharpOption`1[System.Int64]&#xD;
    PropertyInfo =&#xD;
     Microsoft.FSharp.Core.FSharpOption`1[System.Int64] sometimesNothing };&#xD;
  { Index = 7&#xD;
    IsKey = false&#xD;
    IsIndex = false&#xD;
    JoinOn = None&#xD;
    Source = ""Fact""&#xD;
    QuotedSource = ""Fact""&#xD;
    SqlName = "biteSize"&#xD;
    QuotedSqlName = ""biteSize""&#xD;
    FSharpName = "biteSize"&#xD;
    Type = System.String&#xD;
    PropertyInfo = System.String biteSize }|]&#xD;
Query being generated:&#xD;
&#xD;
update "Fact" set "indexId" = @indexId, "psqlName" = @name, "timeStamp" = @timeStamp, "specialChar" = @specialChar, "maybeSomething" = @maybeSomething, "sometimesNothing" = @sometimesNothing, "biteSize" = @biteSize where "Fact"."id" = @id&#xD;
&#xD;
&#xD;
&#xD;
&#xD;
facts: 1</StdOut>
      </Output>
    </UnitTestResult>
    <UnitTestResult executionId="3ff9dab0-16ef-4267-9582-42d0e6c88038" testId="d9987b9d-24a0-d4c4-e4b0-295b5a496f9c" testName="Select" computerName="THE-BIG-RIG" duration="00:00:00.0311760" startTime="2023-09-17T19:19:19.9318364-04:00" endTime="2023-09-17T19:19:19.9630123-04:00" testType="13cdc9d9-ddb5-4fa4-a97d-d965ccfc6d4b" outcome="Passed" testListId="8c84fa94-04c1-424b-9868-57a2d4851a1d" relativeResultsDirectory="3ff9dab0-16ef-4267-9582-42d0e6c88038">
      <Output>
        <StdOut>Selecting All...&#xD;
Query being generated:&#xD;
&#xD;
select "Fact"."indexId", "Fact"."id", "Fact"."psqlName", "Fact"."timeStamp", "Fact"."specialChar", "Fact"."maybeSomething", "Fact"."sometimesNothing", "Fact"."biteSize", "SubFact"."subFact" from "Fact" left join "SubFact" on "SubFact"."factId" = "Fact"."indexId"&#xD;
&#xD;
&#xD;
&#xD;
{ indexId = 1L&#xD;
  id = "097d331c-bdd3-4c45-8a96-571d63a22748"&#xD;
  name = "Gerry McGuire"&#xD;
  timeStamp = "9/17/2023 7:19:19 PM"&#xD;
  specialChar = "Δ"&#xD;
  maybeSomething = "true"&#xD;
  sometimesNothing = Some 1L&#xD;
  biteSize = "!aBite"&#xD;
  subFact = None }&#xD;
{ indexId = 1L&#xD;
  id = "51c12e37-6f8e-4756-9e0a-527f35a82ad5"&#xD;
  name = "Gerry McGuire"&#xD;
  timeStamp = "9/17/2023 7:19:19 PM"&#xD;
  specialChar = "Δ"&#xD;
  maybeSomething = "true"&#xD;
  sometimesNothing = Some 1L&#xD;
  biteSize = "!aBite"&#xD;
  subFact = None }&#xD;
{ indexId = 1L&#xD;
  id = "22f7698d-a572-40d8-bff3-9f9ec966fd52"&#xD;
  name = "Gerry McGuire"&#xD;
  timeStamp = "9/17/2023 7:19:19 PM"&#xD;
  specialChar = "Δ"&#xD;
  maybeSomething = "true"&#xD;
  sometimesNothing = None&#xD;
  biteSize = "!aBite"&#xD;
  subFact = None }&#xD;
{ indexId = 1L&#xD;
  id = "37a99c6d-8923-4810-9f3d-934a32e23814"&#xD;
  name = "Gerry McGuire"&#xD;
  timeStamp = "9/17/2023 7:19:19 PM"&#xD;
  specialChar = "Δ"&#xD;
  maybeSomething = "true"&#xD;
  sometimesNothing = Some 1L&#xD;
  biteSize = "!aBite"&#xD;
  subFact = None }&#xD;
{ indexId = 1L&#xD;
  id = "2d47df76-6cc1-4a5e-91d8-df4dc459353f"&#xD;
  name = "Gerry McGuire"&#xD;
  timeStamp = "9/17/2023 7:19:19 PM"&#xD;
  specialChar = "Δ"&#xD;
  maybeSomething = "true"&#xD;
  sometimesNothing = Some 1L&#xD;
  biteSize = "!aBite"&#xD;
  subFact = None }&#xD;
Query being generated:&#xD;
&#xD;
select "Fact"."indexId", "Fact"."id", "Fact"."psqlName", "Fact"."timeStamp", "Fact"."specialChar", "Fact"."maybeSomething", "Fact"."sometimesNothing", "Fact"."biteSize", "SubFact"."subFact" from "Fact" left join "SubFact" on "SubFact"."factId" = "Fact"."indexId"&#xD;
&#xD;
&#xD;
&#xD;
&#xD;
facts: seq&#xD;
  [{ indexId = 1L&#xD;
     id = "097d331c-bdd3-4c45-8a96-571d63a22748"&#xD;
     name = "Gerry McGuire"&#xD;
     timeStamp = "9/17/2023 7:19:19 PM"&#xD;
     specialChar = "Δ"&#xD;
     maybeSomething = "true"&#xD;
     sometimesNothing = Some 1L&#xD;
     biteSize = "!aBite"&#xD;
     subFact = None }; { indexId = 1L&#xD;
                         id = "51c12e37-6f8e-4756-9e0a-527f35a82ad5"&#xD;
                         name = "Gerry McGuire"&#xD;
                         timeStamp = "9/17/2023 7:19:19 PM"&#xD;
                         specialChar = "Δ"&#xD;
                         maybeSomething = "true"&#xD;
                         sometimesNothing = Some 1L&#xD;
                         biteSize = "!aBite"&#xD;
                         subFact = None };&#xD;
   { indexId = 1L&#xD;
     id = "22f7698d-a572-40d8-bff3-9f9ec966fd52"&#xD;
     name = "Gerry McGuire"&#xD;
     timeStamp = "9/17/2023 7:19:19 PM"&#xD;
     specialChar = "Δ"&#xD;
     maybeSomething = "true"&#xD;
     sometimesNothing = None&#xD;
     biteSize = "!aBite"&#xD;
     subFact = None }; { indexId = 1L&#xD;
                         id = "37a99c6d-8923-4810-9f3d-934a32e23814"&#xD;
                         name = "Gerry McGuire"&#xD;
                         timeStamp = "9/17/2023 7:19:19 PM"&#xD;
                         specialChar = "Δ"&#xD;
                         maybeSomething = "true"&#xD;
                         sometimesNothing = Some 1L&#xD;
                         biteSize = "!aBite"&#xD;
                         subFact = None }; ...]</StdOut>
      </Output>
    </UnitTestResult>
    <UnitTestResult executionId="7090d817-d0bf-4af0-9302-13f1faf6d432" testId="6f25e22c-fb80-3b16-8268-1639c4107ef2" testName="DeleteWhere" computerName="THE-BIG-RIG" duration="00:00:00.0141150" startTime="2023-09-17T19:19:19.8165471-04:00" endTime="2023-09-17T19:19:19.8306621-04:00" testType="13cdc9d9-ddb5-4fa4-a97d-d965ccfc6d4b" outcome="Passed" testListId="8c84fa94-04c1-424b-9868-57a2d4851a1d" relativeResultsDirectory="7090d817-d0bf-4af0-9302-13f1faf6d432">
      <Output>
        <StdOut>Deleting Where...&#xD;
Query being generated:&#xD;
&#xD;
delete from "Fact" where "indexId" = 1&#xD;
&#xD;
&#xD;
&#xD;
&#xD;
facts: 2</StdOut>
      </Output>
    </UnitTestResult>
    <UnitTestResult executionId="b608e305-6039-424b-b4b9-6b3d9539f393" testId="f40ce5fc-5798-0e4c-4baa-8051a53fb1bc" testName="AsyncSelect" computerName="THE-BIG-RIG" duration="00:00:10.0435810" startTime="2023-09-17T19:19:09.7143026-04:00" endTime="2023-09-17T19:19:19.7578838-04:00" testType="13cdc9d9-ddb5-4fa4-a97d-d965ccfc6d4b" outcome="Passed" testListId="8c84fa94-04c1-424b-9868-57a2d4851a1d" relativeResultsDirectory="b608e305-6039-424b-b4b9-6b3d9539f393">
      <Output>
        <StdOut>Asynchronously Selecting All...&#xD;
Query being generated:&#xD;
&#xD;
select "Fact"."indexId", "Fact"."id", "Fact"."psqlName", "Fact"."timeStamp", "Fact"."specialChar", "Fact"."maybeSomething", "Fact"."sometimesNothing", "Fact"."biteSize", "SubFact"."subFact" from "Fact" left join "SubFact" on "SubFact"."factId" = "Fact"."indexId"&#xD;
&#xD;
&#xD;
&#xD;
{ indexId = 1L&#xD;
  id = "af3e508f-fe06-46da-828c-19fa858dad3e"&#xD;
  name = "Gerry McGuire"&#xD;
  timeStamp = "9/17/2023 7:18:59 PM"&#xD;
  specialChar = "Δ"&#xD;
  maybeSomething = "true"&#xD;
  sometimesNothing = Some 1L&#xD;
  biteSize = "!aBite"&#xD;
  subFact = None }&#xD;
{ indexId = 1L&#xD;
  id = "51c12e37-6f8e-4756-9e0a-527f35a82ad5"&#xD;
  name = "Gerry McGuire"&#xD;
  timeStamp = "9/17/2023 7:18:59 PM"&#xD;
  specialChar = "Δ"&#xD;
  maybeSomething = "true"&#xD;
  sometimesNothing = Some 1L&#xD;
  biteSize = "!aBite"&#xD;
  subFact = None }&#xD;
{ indexId = 1L&#xD;
  id = "22f7698d-a572-40d8-bff3-9f9ec966fd52"&#xD;
  name = "Gerry McGuire"&#xD;
  timeStamp = "9/17/2023 7:18:59 PM"&#xD;
  specialChar = "Δ"&#xD;
  maybeSomething = "true"&#xD;
  sometimesNothing = None&#xD;
  biteSize = "!aBite"&#xD;
  subFact = None }&#xD;
{ indexId = 1L&#xD;
  id = "37a99c6d-8923-4810-9f3d-934a32e23814"&#xD;
  name = "Gerry McGuire"&#xD;
  timeStamp = "9/17/2023 7:18:59 PM"&#xD;
  specialChar = "Δ"&#xD;
  maybeSomething = "true"&#xD;
  sometimesNothing = Some 1L&#xD;
  biteSize = "!aBite"&#xD;
  subFact = None }&#xD;
Query being generated:&#xD;
&#xD;
select "Fact"."indexId", "Fact"."id", "Fact"."psqlName", "Fact"."timeStamp", "Fact"."specialChar", "Fact"."maybeSomething", "Fact"."sometimesNothing", "Fact"."biteSize", "SubFact"."subFact" from "Fact" left join "SubFact" on "SubFact"."factId" = "Fact"."indexId"&#xD;
&#xD;
&#xD;
&#xD;
&#xD;
facts: seq&#xD;
  [{ indexId = 1L&#xD;
     id = "af3e508f-fe06-46da-828c-19fa858dad3e"&#xD;
     name = "Gerry McGuire"&#xD;
     timeStamp = "9/17/2023 7:18:59 PM"&#xD;
     specialChar = "Δ"&#xD;
     maybeSomething = "true"&#xD;
     sometimesNothing = Some 1L&#xD;
     biteSize = "!aBite"&#xD;
     subFact = None }; { indexId = 1L&#xD;
                         id = "51c12e37-6f8e-4756-9e0a-527f35a82ad5"&#xD;
                         name = "Gerry McGuire"&#xD;
                         timeStamp = "9/17/2023 7:18:59 PM"&#xD;
                         specialChar = "Δ"&#xD;
                         maybeSomething = "true"&#xD;
                         sometimesNothing = Some 1L&#xD;
                         biteSize = "!aBite"&#xD;
                         subFact = None };&#xD;
   { indexId = 1L&#xD;
     id = "22f7698d-a572-40d8-bff3-9f9ec966fd52"&#xD;
     name = "Gerry McGuire"&#xD;
     timeStamp = "9/17/2023 7:18:59 PM"&#xD;
     specialChar = "Δ"&#xD;
     maybeSomething = "true"&#xD;
     sometimesNothing = None&#xD;
     biteSize = "!aBite"&#xD;
     subFact = None }; { indexId = 1L&#xD;
                         id = "37a99c6d-8923-4810-9f3d-934a32e23814"&#xD;
                         name = "Gerry McGuire"&#xD;
                         timeStamp = "9/17/2023 7:18:59 PM"&#xD;
                         specialChar = "Δ"&#xD;
                         maybeSomething = "true"&#xD;
                         sometimesNothing = Some 1L&#xD;
                         biteSize = "!aBite"&#xD;
                         subFact = None }]</StdOut>
      </Output>
    </UnitTestResult>
    <UnitTestResult executionId="d338ff70-0b9f-42a0-99b7-9fd707f3a95e" testId="0fa2da76-10fd-3535-9c31-82a6b7dc1dc6" testName="Connect" computerName="THE-BIG-RIG" duration="00:00:00.0008670" startTime="2023-09-17T19:18:59.1412263-04:00" endTime="2023-09-17T19:18:59.1420930-04:00" testType="13cdc9d9-ddb5-4fa4-a97d-d965ccfc6d4b" outcome="Passed" testListId="8c84fa94-04c1-424b-9868-57a2d4851a1d" relativeResultsDirectory="d338ff70-0b9f-42a0-99b7-9fd707f3a95e">
      <Output>
        <StdOut>Contest: "Data Source=./test.db;"</StdOut>
      </Output>
    </UnitTestResult>
    <UnitTestResult executionId="dd4c6f7d-5974-4dc5-8d32-3150f80eedec" testId="3e7f6762-f253-2395-a98b-b7024bc8f76d" testName="InsertDeleteSelect" computerName="THE-BIG-RIG" duration="00:00:00.0149620" startTime="2023-09-17T19:19:20.1193341-04:00" endTime="2023-09-17T19:19:20.1342964-04:00" testType="13cdc9d9-ddb5-4fa4-a97d-d965ccfc6d4b" outcome="Passed" testListId="8c84fa94-04c1-424b-9868-57a2d4851a1d" relativeResultsDirectory="dd4c6f7d-5974-4dc5-8d32-3150f80eedec">
      <Output>
        <StdOut>Do we have a transaction? Some System.Data.SQLite.SQLiteTransaction&#xD;
Query being generated:&#xD;
&#xD;
insert into "Fact" ( "indexId", "id", "sqliteName", "timeStamp", "specialChar", "maybeSomething", "sometimesNothing", "biteSize" ) values ( @indexId, @id, @name, @timeStamp, @specialChar, @maybeSomething, @sometimesNothing, @biteSize )&#xD;
&#xD;
&#xD;
&#xD;
Param count: 8&#xD;
Param 0 - "@indexId": 1L&#xD;
Param 1 - "@id": "e815cf2c-7085-4875-b431-88f89b772120"&#xD;
Param 2 - "@name": "Gerry McGuire"&#xD;
Param 3 - "@timeStamp": "9/17/2023 7:19:20 PM"&#xD;
Param 4 - "@specialChar": "Δ"&#xD;
Param 5 - "@maybeSomething": "true"&#xD;
Param 6 - "@sometimesNothing": 1L&#xD;
Param 7 - "@biteSize": "!aBite"&#xD;
Query being generated:&#xD;
&#xD;
delete from "Fact" where "Fact"."id" = @id&#xD;
&#xD;
&#xD;
&#xD;
Query being generated:&#xD;
&#xD;
select "Fact"."indexId", "Fact"."id", "Fact"."sqliteName", "Fact"."timeStamp", "Fact"."specialChar", "Fact"."maybeSomething", "Fact"."sometimesNothing", "Fact"."biteSize", "SubFact"."subFact" from "Fact" left join "SubFact" on "SubFact"."factId" = "Fact"."indexId" where id = 'e815cf2c-7085-4875-b431-88f89b772120'</StdOut>
      </Output>
    </UnitTestResult>
    <UnitTestResult executionId="13b8dd38-b856-4b72-a5ce-68c480226b2e" testId="53d2384a-fbb2-a413-58be-1fd0675167cd" testName="Select" computerName="THE-BIG-RIG" duration="00:00:00.0062130" startTime="2023-09-17T19:18:59.1899372-04:00" endTime="2023-09-17T19:18:59.1961494-04:00" testType="13cdc9d9-ddb5-4fa4-a97d-d965ccfc6d4b" outcome="Passed" testListId="8c84fa94-04c1-424b-9868-57a2d4851a1d" relativeResultsDirectory="13b8dd38-b856-4b72-a5ce-68c480226b2e">
      <Output>
        <StdOut>Selecting All...&#xD;
Query being generated:&#xD;
&#xD;
select "Fact"."indexId", "Fact"."id", "Fact"."sqliteName", "Fact"."timeStamp", "Fact"."specialChar", "Fact"."maybeSomething", "Fact"."sometimesNothing", "Fact"."biteSize", "SubFact"."subFact" from "Fact" left join "SubFact" on "SubFact"."factId" = "Fact"."indexId"&#xD;
&#xD;
&#xD;
&#xD;
{ indexId = 1L&#xD;
  id = "4c0c853e-1b31-490c-841e-6a75faba071d"&#xD;
  name = "Gerry McGuire"&#xD;
  timeStamp = "9/17/2023 7:18:59 PM"&#xD;
  specialChar = "Δ"&#xD;
  maybeSomething = "true"&#xD;
  sometimesNothing = Some 1L&#xD;
  biteSize = "!aBite"&#xD;
  subFact = None }&#xD;
{ indexId = 1L&#xD;
  id = "ea9ad88f-a992-417d-ae8b-23fde895ed5e"&#xD;
  name = "Gerry McGuire"&#xD;
  timeStamp = "9/17/2023 7:18:59 PM"&#xD;
  specialChar = "Δ"&#xD;
  maybeSomething = "true"&#xD;
  sometimesNothing = Some 1L&#xD;
  biteSize = "!aBite"&#xD;
  subFact = None }&#xD;
{ indexId = 1L&#xD;
  id = "9398134e-4407-45d6-9516-05b5bb8793dd"&#xD;
  name = "Gerry McGuire"&#xD;
  timeStamp = "9/17/2023 7:18:59 PM"&#xD;
  specialChar = "Δ"&#xD;
  maybeSomething = "true"&#xD;
  sometimesNothing = None&#xD;
  biteSize = "!aBite"&#xD;
  subFact = None }&#xD;
{ indexId = 1L&#xD;
  id = "68326932-336d-44a7-a4f6-2de5fb6fb5e9"&#xD;
  name = "Gerry McGuire"&#xD;
  timeStamp = "9/17/2023 7:18:59 PM"&#xD;
  specialChar = "Δ"&#xD;
  maybeSomething = "true"&#xD;
  sometimesNothing = Some 1L&#xD;
  biteSize = "!aBite"&#xD;
  subFact = None }&#xD;
{ indexId = 1L&#xD;
  id = "0e176f15-c8a1-43d2-987b-5d19fbaa5a24"&#xD;
  name = "Gerry McGuire"&#xD;
  timeStamp = "9/17/2023 7:18:59 PM"&#xD;
  specialChar = "Δ"&#xD;
  maybeSomething = "true"&#xD;
  sometimesNothing = Some 1L&#xD;
  biteSize = "!aBite"&#xD;
  subFact = None }&#xD;
Query being generated:&#xD;
&#xD;
select "Fact"."indexId", "Fact"."id", "Fact"."sqliteName", "Fact"."timeStamp", "Fact"."specialChar", "Fact"."maybeSomething", "Fact"."sometimesNothing", "Fact"."biteSize", "SubFact"."subFact" from "Fact" left join "SubFact" on "SubFact"."factId" = "Fact"."indexId"&#xD;
&#xD;
&#xD;
&#xD;
&#xD;
facts: seq&#xD;
  [{ indexId = 1L&#xD;
     id = "4c0c853e-1b31-490c-841e-6a75faba071d"&#xD;
     name = "Gerry McGuire"&#xD;
     timeStamp = "9/17/2023 7:18:59 PM"&#xD;
     specialChar = "Δ"&#xD;
     maybeSomething = "true"&#xD;
     sometimesNothing = Some 1L&#xD;
     biteSize = "!aBite"&#xD;
     subFact = None }; { indexId = 1L&#xD;
                         id = "ea9ad88f-a992-417d-ae8b-23fde895ed5e"&#xD;
                         name = "Gerry McGuire"&#xD;
                         timeStamp = "9/17/2023 7:18:59 PM"&#xD;
                         specialChar = "Δ"&#xD;
                         maybeSomething = "true"&#xD;
                         sometimesNothing = Some 1L&#xD;
                         biteSize = "!aBite"&#xD;
                         subFact = None };&#xD;
   { indexId = 1L&#xD;
     id = "9398134e-4407-45d6-9516-05b5bb8793dd"&#xD;
     name = "Gerry McGuire"&#xD;
     timeStamp = "9/17/2023 7:18:59 PM"&#xD;
     specialChar = "Δ"&#xD;
     maybeSomething = "true"&#xD;
     sometimesNothing = None&#xD;
     biteSize = "!aBite"&#xD;
     subFact = None }; { indexId = 1L&#xD;
                         id = "68326932-336d-44a7-a4f6-2de5fb6fb5e9"&#xD;
                         name = "Gerry McGuire"&#xD;
                         timeStamp = "9/17/2023 7:18:59 PM"&#xD;
                         specialChar = "Δ"&#xD;
                         maybeSomething = "true"&#xD;
                         sometimesNothing = Some 1L&#xD;
                         biteSize = "!aBite"&#xD;
                         subFact = None }; ...]</StdOut>
      </Output>
    </UnitTestResult>
    <UnitTestResult executionId="95cc11d5-be62-476b-a49a-b316fe24b752" testId="61f0b5cf-ef38-9058-efa5-2f7880f262a9" testName="AsyncSelect" computerName="THE-BIG-RIG" duration="00:00:00.0243710" startTime="2023-09-17T19:18:59.1168182-04:00" endTime="2023-09-17T19:18:59.1411891-04:00" testType="13cdc9d9-ddb5-4fa4-a97d-d965ccfc6d4b" outcome="Passed" testListId="8c84fa94-04c1-424b-9868-57a2d4851a1d" relativeResultsDirectory="95cc11d5-be62-476b-a49a-b316fe24b752">
      <Output>
        <StdOut>Asynchronously Selecting All...&#xD;
Query being generated:&#xD;
&#xD;
select "Fact"."indexId", "Fact"."id", "Fact"."sqliteName", "Fact"."timeStamp", "Fact"."specialChar", "Fact"."maybeSomething", "Fact"."sometimesNothing", "Fact"."biteSize", "SubFact"."subFact" from "Fact" left join "SubFact" on "SubFact"."factId" = "Fact"."indexId"&#xD;
&#xD;
&#xD;
&#xD;
{ indexId = 1L&#xD;
  id = "ea9ad88f-a992-417d-ae8b-23fde895ed5e"&#xD;
  name = "Gerry McGuire"&#xD;
  timeStamp = "9/17/2023 7:18:49 PM"&#xD;
  specialChar = "Δ"&#xD;
  maybeSomething = "true"&#xD;
  sometimesNothing = Some 1L&#xD;
  biteSize = "!aBite"&#xD;
  subFact = None }&#xD;
{ indexId = 1L&#xD;
  id = "9398134e-4407-45d6-9516-05b5bb8793dd"&#xD;
  name = "Gerry McGuire"&#xD;
  timeStamp = "9/17/2023 7:18:49 PM"&#xD;
  specialChar = "Δ"&#xD;
  maybeSomething = "true"&#xD;
  sometimesNothing = None&#xD;
  biteSize = "!aBite"&#xD;
  subFact = None }&#xD;
{ indexId = 1L&#xD;
  id = "68326932-336d-44a7-a4f6-2de5fb6fb5e9"&#xD;
  name = "Gerry McGuire"&#xD;
  timeStamp = "9/17/2023 7:18:49 PM"&#xD;
  specialChar = "Δ"&#xD;
  maybeSomething = "true"&#xD;
  sometimesNothing = Some 1L&#xD;
  biteSize = "!aBite"&#xD;
  subFact = None }&#xD;
{ indexId = 1L&#xD;
  id = "26661d57-0871-4389-ad85-f60b235b07b8"&#xD;
  name = "Gerry McGuire"&#xD;
  timeStamp = "9/17/2023 7:18:49 PM"&#xD;
  specialChar = "Δ"&#xD;
  maybeSomething = "true"&#xD;
  sometimesNothing = Some 1L&#xD;
  biteSize = "!aBite"&#xD;
  subFact = None }&#xD;
Query being generated:&#xD;
&#xD;
select "Fact"."indexId", "Fact"."id", "Fact"."sqliteName", "Fact"."timeStamp", "Fact"."specialChar", "Fact"."maybeSomething", "Fact"."sometimesNothing", "Fact"."biteSize", "SubFact"."subFact" from "Fact" left join "SubFact" on "SubFact"."factId" = "Fact"."indexId"&#xD;
&#xD;
&#xD;
&#xD;
&#xD;
facts: seq&#xD;
  [{ indexId = 1L&#xD;
     id = "ea9ad88f-a992-417d-ae8b-23fde895ed5e"&#xD;
     name = "Gerry McGuire"&#xD;
     timeStamp = "9/17/2023 7:18:49 PM"&#xD;
     specialChar = "Δ"&#xD;
     maybeSomething = "true"&#xD;
     sometimesNothing = Some 1L&#xD;
     biteSize = "!aBite"&#xD;
     subFact = None }; { indexId = 1L&#xD;
                         id = "9398134e-4407-45d6-9516-05b5bb8793dd"&#xD;
                         name = "Gerry McGuire"&#xD;
                         timeStamp = "9/17/2023 7:18:49 PM"&#xD;
                         specialChar = "Δ"&#xD;
                         maybeSomething = "true"&#xD;
                         sometimesNothing = None&#xD;
                         biteSize = "!aBite"&#xD;
                         subFact = None };&#xD;
   { indexId = 1L&#xD;
     id = "68326932-336d-44a7-a4f6-2de5fb6fb5e9"&#xD;
     name = "Gerry McGuire"&#xD;
     timeStamp = "9/17/2023 7:18:49 PM"&#xD;
     specialChar = "Δ"&#xD;
     maybeSomething = "true"&#xD;
     sometimesNothing = Some 1L&#xD;
     biteSize = "!aBite"&#xD;
     subFact = None }; { indexId = 1L&#xD;
                         id = "26661d57-0871-4389-ad85-f60b235b07b8"&#xD;
                         name = "Gerry McGuire"&#xD;
                         timeStamp = "9/17/2023 7:18:49 PM"&#xD;
                         specialChar = "Δ"&#xD;
                         maybeSomething = "true"&#xD;
                         sometimesNothing = Some 1L&#xD;
                         biteSize = "!aBite"&#xD;
                         subFact = None }]</StdOut>
      </Output>
    </UnitTestResult>
    <UnitTestResult executionId="5d643a09-89f7-4555-97bf-9a43d8b6788e" testId="45a1c35a-206a-680b-7adf-97b4f1220fb1" testName="Reader" computerName="THE-BIG-RIG" duration="00:00:00.0146990" startTime="2023-09-17T19:19:19.9171175-04:00" endTime="2023-09-17T19:19:19.9318160-04:00" testType="13cdc9d9-ddb5-4fa4-a97d-d965ccfc6d4b" outcome="Passed" testListId="8c84fa94-04c1-424b-9868-57a2d4851a1d" relativeResultsDirectory="5d643a09-89f7-4555-97bf-9a43d8b6788e">
      <Output>
        <StdOut>Reading...&#xD;
Query being generated:&#xD;
&#xD;
select * from "Fact"&#xD;
&#xD;
&#xD;
&#xD;
&#xD;
Error: Index was outside the bounds of the array.</StdOut>
      </Output>
    </UnitTestResult>
    <UnitTestResult executionId="39190bc0-d12c-455c-926a-3d8b41058ddc" testId="d8e33ed2-9bff-03c9-e97c-4b6122b57f5f" testName="Delete" computerName="THE-BIG-RIG" duration="00:00:00.0168929" startTime="2023-09-17T19:19:19.7581656-04:00" endTime="2023-09-17T19:19:19.7750585-04:00" testType="13cdc9d9-ddb5-4fa4-a97d-d965ccfc6d4b" outcome="Passed" testListId="8c84fa94-04c1-424b-9868-57a2d4851a1d" relativeResultsDirectory="39190bc0-d12c-455c-926a-3d8b41058ddc">
      <Output>
        <StdOut>Deleting...&#xD;
Query being generated:&#xD;
&#xD;
delete from "Fact" where "Fact"."id" = @id&#xD;
&#xD;
&#xD;
&#xD;
&#xD;
facts: 0</StdOut>
      </Output>
    </UnitTestResult>
    <UnitTestResult executionId="20519d72-2fdf-4bea-aa37-5c07e4759fab" testId="64ceac3b-985e-80aa-2ebd-593c0fcb65a1" testName="ReaderWithTransaction" computerName="THE-BIG-RIG" duration="00:00:00.0049330" startTime="2023-09-17T19:19:20.1658038-04:00" endTime="2023-09-17T19:19:20.1707364-04:00" testType="13cdc9d9-ddb5-4fa4-a97d-d965ccfc6d4b" outcome="Passed" testListId="8c84fa94-04c1-424b-9868-57a2d4851a1d" relativeResultsDirectory="20519d72-2fdf-4bea-aa37-5c07e4759fab">
      <Output>
        <StdOut>Reading...&#xD;
Query being generated:&#xD;
&#xD;
select * from "Fact"&#xD;
&#xD;
&#xD;
&#xD;
&#xD;
Error: No connection associated with this command</StdOut>
      </Output>
    </UnitTestResult>
    <UnitTestResult executionId="da733af4-2def-4743-9553-a7a9a3481eee" testId="703d9e23-b2da-ec05-d434-5d080ae77160" testName="SelectWhere" computerName="THE-BIG-RIG" duration="00:00:00.0136280" startTime="2023-09-17T19:19:19.9920756-04:00" endTime="2023-09-17T19:19:20.0057037-04:00" testType="13cdc9d9-ddb5-4fa4-a97d-d965ccfc6d4b" outcome="Passed" testListId="8c84fa94-04c1-424b-9868-57a2d4851a1d" relativeResultsDirectory="da733af4-2def-4743-9553-a7a9a3481eee">
      <Output>
        <StdOut>Selecting Where...&#xD;
Query being generated:&#xD;
&#xD;
select "Fact"."indexId", "Fact"."id", "Fact"."psqlName", "Fact"."timeStamp", "Fact"."specialChar", "Fact"."maybeSomething", "Fact"."sometimesNothing", "Fact"."biteSize", "SubFact"."subFact" from "Fact" left join "SubFact" on "SubFact"."factId" = "Fact"."indexId" where "maybeSomething" = 'true'&#xD;
&#xD;
&#xD;
&#xD;
&#xD;
facts: seq&#xD;
  [{ indexId = 1L&#xD;
     id = "097d331c-bdd3-4c45-8a96-571d63a22748"&#xD;
     name = "Gerry McGuire"&#xD;
     timeStamp = "9/17/2023 7:19:19 PM"&#xD;
     specialChar = "Δ"&#xD;
     maybeSomething = "true"&#xD;
     sometimesNothing = Some 1L&#xD;
     biteSize = "!aBite"&#xD;
     subFact = None }; { indexId = 1L&#xD;
                         id = "51c12e37-6f8e-4756-9e0a-527f35a82ad5"&#xD;
                         name = "Gerry McGuire"&#xD;
                         timeStamp = "9/17/2023 7:19:19 PM"&#xD;
                         specialChar = "Δ"&#xD;
                         maybeSomething = "true"&#xD;
                         sometimesNothing = Some 1L&#xD;
                         biteSize = "!aBite"&#xD;
                         subFact = None };&#xD;
   { indexId = 1L&#xD;
     id = "22f7698d-a572-40d8-bff3-9f9ec966fd52"&#xD;
     name = "Gerry McGuire"&#xD;
     timeStamp = "9/17/2023 7:19:19 PM"&#xD;
     specialChar = "Δ"&#xD;
     maybeSomething = "true"&#xD;
     sometimesNothing = None&#xD;
     biteSize = "!aBite"&#xD;
     subFact = None }; { indexId = 1L&#xD;
                         id = "37a99c6d-8923-4810-9f3d-934a32e23814"&#xD;
                         name = "Gerry McGuire"&#xD;
                         timeStamp = "9/17/2023 7:19:19 PM"&#xD;
                         specialChar = "Δ"&#xD;
                         maybeSomething = "true"&#xD;
                         sometimesNothing = Some 1L&#xD;
                         biteSize = "!aBite"&#xD;
                         subFact = None }; ...]</StdOut>
      </Output>
    </UnitTestResult>
    <UnitTestResult executionId="b04c6095-f8c7-46a7-a07a-69dceed8f07a" testId="4525c845-e5a6-179a-b7d8-7666e50f57e3" testName="InsertSelect" computerName="THE-BIG-RIG" duration="00:00:00.1745390" startTime="2023-09-17T19:19:20.2484523-04:00" endTime="2023-09-17T19:19:20.4229908-04:00" testType="13cdc9d9-ddb5-4fa4-a97d-d965ccfc6d4b" outcome="Passed" testListId="8c84fa94-04c1-424b-9868-57a2d4851a1d" relativeResultsDirectory="b04c6095-f8c7-46a7-a07a-69dceed8f07a">
      <Output>
        <StdOut>Do we have a transaction? Some Npgsql.NpgsqlTransaction&#xD;
Query being generated:&#xD;
&#xD;
insert into "Fact" ( "indexId", "id", "psqlName", "timeStamp", "specialChar", "maybeSomething", "sometimesNothing", "biteSize" ) values ( @indexId, @id, @name, @timeStamp, @specialChar, @maybeSomething, @sometimesNothing, @biteSize )&#xD;
&#xD;
&#xD;
&#xD;
Param count: 8&#xD;
Param 0 - "@indexId": 1L&#xD;
Param 1 - "@id": "3463d062-342d-47a8-a54f-3156971e1bc8"&#xD;
Param 2 - "@name": "Gerry McGuire"&#xD;
Param 3 - "@timeStamp": "9/17/2023 7:19:20 PM"&#xD;
Param 4 - "@specialChar": "Δ"&#xD;
Param 5 - "@maybeSomething": "true"&#xD;
Param 6 - "@sometimesNothing": 1L&#xD;
Param 7 - "@biteSize": "!aBite"&#xD;
We have inserted&#xD;
We have the facts: Query being generated:&#xD;
&#xD;
select "Fact"."indexId", "Fact"."id", "Fact"."psqlName", "Fact"."timeStamp", "Fact"."specialChar", "Fact"."maybeSomething", "Fact"."sometimesNothing", "Fact"."biteSize", "SubFact"."subFact" from "Fact" left join "SubFact" on "SubFact"."factId" = "Fact"."indexId" where id = '3463d062-342d-47a8-a54f-3156971e1bc8'&#xD;
&#xD;
&#xD;
&#xD;
Ok (seq [{ indexId = 1L&#xD;
           id = "3463d062-342d-47a8-a54f-3156971e1bc8"&#xD;
           name = "Gerry McGuire"&#xD;
           timeStamp = "9/17/2023 7:19:20 PM"&#xD;
           specialChar = "Δ"&#xD;
           maybeSomething = "true"&#xD;
           sometimesNothing = Some 1L&#xD;
           biteSize = "!aBite"&#xD;
           subFact = None }])&#xD;
Query being generated:&#xD;
&#xD;
select "Fact"."indexId", "Fact"."id", "Fact"."psqlName", "Fact"."timeStamp", "Fact"."specialChar", "Fact"."maybeSomething", "Fact"."sometimesNothing", "Fact"."biteSize", "SubFact"."subFact" from "Fact" left join "SubFact" on "SubFact"."factId" = "Fact"."indexId" where id = '3463d062-342d-47a8-a54f-3156971e1bc8'&#xD;
&#xD;
&#xD;
&#xD;
Query being generated:&#xD;
&#xD;
select "Fact"."indexId", "Fact"."id", "Fact"."psqlName", "Fact"."timeStamp", "Fact"."specialChar", "Fact"."maybeSomething", "Fact"."sometimesNothing", "Fact"."biteSize", "SubFact"."subFact" from "Fact" left join "SubFact" on "SubFact"."factId" = "Fact"."indexId" where id = '3463d062-342d-47a8-a54f-3156971e1bc8'</StdOut>
      </Output>
    </UnitTestResult>
    <UnitTestResult executionId="188dbd1d-079e-44fa-9284-952908de4219" testId="32e05ec3-148e-77cd-f32a-bea700e74b04" testName="TearDown" computerName="THE-BIG-RIG" duration="00:00:00.0003260" startTime="2023-09-17T19:19:20.0057364-04:00" endTime="2023-09-17T19:19:20.0060619-04:00" testType="13cdc9d9-ddb5-4fa4-a97d-d965ccfc6d4b" outcome="Passed" testListId="8c84fa94-04c1-424b-9868-57a2d4851a1d" relativeResultsDirectory="188dbd1d-079e-44fa-9284-952908de4219">
      <Output>
        <StdOut>Transaction: None</StdOut>
      </Output>
    </UnitTestResult>
    <UnitTestResult executionId="f4a2dcbe-a525-4928-bd22-eecff4aae685" testId="9c5af40b-4e18-c869-7f11-c793b0cd45f9" testName="QueryBuild" computerName="THE-BIG-RIG" duration="00:00:00.0017410" startTime="2023-09-17T19:18:59.1823356-04:00" endTime="2023-09-17T19:18:59.1840762-04:00" testType="13cdc9d9-ddb5-4fa4-a97d-d965ccfc6d4b" outcome="Passed" testListId="8c84fa94-04c1-424b-9868-57a2d4851a1d" relativeResultsDirectory="f4a2dcbe-a525-4928-bd22-eecff4aae685">
      <Output>
        <StdOut>""Fact"."indexId", "Fact"."id", "Fact"."sqliteName", "Fact"."timeStamp", "Fact"."specialChar", "Fact"."maybeSomething", "Fact"."sometimesNothing", "Fact"."biteSize", "SubFact"."subFact" from "Fact" left join "SubFact" on "SubFact"."factId" = "Fact"."indexId""</StdOut>
      </Output>
    </UnitTestResult>
    <UnitTestResult executionId="e3458c0b-7a87-49b8-9f71-480686a126d8" testId="d73ca3dd-6f0d-02ae-9b15-97da40bf6710" testName="InsertDeleteSelect" computerName="THE-BIG-RIG" duration="00:00:00.0558200" startTime="2023-09-17T19:19:20.1926125-04:00" endTime="2023-09-17T19:19:20.2484324-04:00" testType="13cdc9d9-ddb5-4fa4-a97d-d965ccfc6d4b" outcome="Passed" testListId="8c84fa94-04c1-424b-9868-57a2d4851a1d" relativeResultsDirectory="e3458c0b-7a87-49b8-9f71-480686a126d8">
      <Output>
        <StdOut>Do we have a transaction? Some Npgsql.NpgsqlTransaction&#xD;
Query being generated:&#xD;
&#xD;
insert into "Fact" ( "indexId", "id", "psqlName", "timeStamp", "specialChar", "maybeSomething", "sometimesNothing", "biteSize" ) values ( @indexId, @id, @name, @timeStamp, @specialChar, @maybeSomething, @sometimesNothing, @biteSize )&#xD;
&#xD;
&#xD;
&#xD;
Param count: 8&#xD;
Param 0 - "@indexId": 1L&#xD;
Param 1 - "@id": "c9bde9bf-9217-431f-bf5a-1c7545256579"&#xD;
Param 2 - "@name": "Gerry McGuire"&#xD;
Param 3 - "@timeStamp": "9/17/2023 7:19:20 PM"&#xD;
Param 4 - "@specialChar": "Δ"&#xD;
Param 5 - "@maybeSomething": "true"&#xD;
Param 6 - "@sometimesNothing": 1L&#xD;
Param 7 - "@biteSize": "!aBite"&#xD;
Query being generated:&#xD;
&#xD;
delete from "Fact" where "Fact"."id" = @id&#xD;
&#xD;
&#xD;
&#xD;
Query being generated:&#xD;
&#xD;
select "Fact"."indexId", "Fact"."id", "Fact"."psqlName", "Fact"."timeStamp", "Fact"."specialChar", "Fact"."maybeSomething", "Fact"."sometimesNothing", "Fact"."biteSize", "SubFact"."subFact" from "Fact" left join "SubFact" on "SubFact"."factId" = "Fact"."indexId" where id = 'c9bde9bf-9217-431f-bf5a-1c7545256579'</StdOut>
      </Output>
    </UnitTestResult>
    <UnitTestResult executionId="48d31e4c-56ae-433b-a621-e17957e0bc1e" testId="36c067cb-46f5-9f5c-c278-1bb2ce6e133f" testName="InsertUpdateSelect" computerName="THE-BIG-RIG" duration="00:00:00.0174800" startTime="2023-09-17T19:19:20.1483041-04:00" endTime="2023-09-17T19:19:20.1657843-04:00" testType="13cdc9d9-ddb5-4fa4-a97d-d965ccfc6d4b" outcome="Passed" testListId="8c84fa94-04c1-424b-9868-57a2d4851a1d" relativeResultsDirectory="48d31e4c-56ae-433b-a621-e17957e0bc1e">
      <Output>
        <StdOut>Do we have a transaction? Some System.Data.SQLite.SQLiteTransaction&#xD;
Query being generated:&#xD;
&#xD;
insert into "Fact" ( "indexId", "id", "sqliteName", "timeStamp", "specialChar", "maybeSomething", "sometimesNothing", "biteSize" ) values ( @indexId, @id, @name, @timeStamp, @specialChar, @maybeSomething, @sometimesNothing, @biteSize )&#xD;
&#xD;
&#xD;
&#xD;
Param count: 8&#xD;
Param 0 - "@indexId": 1L&#xD;
Param 1 - "@id": "5cd6a194-7a5d-4310-8a64-548b1831e387"&#xD;
Param 2 - "@name": "Gerry McGuire"&#xD;
Param 3 - "@timeStamp": "9/17/2023 7:19:20 PM"&#xD;
Param 4 - "@specialChar": "Δ"&#xD;
Param 5 - "@maybeSomething": "true"&#xD;
Param 6 - "@sometimesNothing": 1L&#xD;
Param 7 - "@biteSize": "!aBite"&#xD;
columns to update: [|{ Index = 0&#xD;
    IsKey = false&#xD;
    IsIndex = true&#xD;
    JoinOn = Some ("SubFact", "factId")&#xD;
    Source = ""Fact""&#xD;
    QuotedSource = ""Fact""&#xD;
    SqlName = "indexId"&#xD;
    QuotedSqlName = ""indexId""&#xD;
    FSharpName = "indexId"&#xD;
    Type = System.Int64&#xD;
    PropertyInfo = Int64 indexId }; { Index = 2&#xD;
                                      IsKey = false&#xD;
                                      IsIndex = false&#xD;
                                      JoinOn = None&#xD;
                                      Source = ""Fact""&#xD;
                                      QuotedSource = ""Fact""&#xD;
                                      SqlName = "sqliteName"&#xD;
                                      QuotedSqlName = ""sqliteName""&#xD;
                                      FSharpName = "name"&#xD;
                                      Type = System.String&#xD;
                                      PropertyInfo = System.String name };&#xD;
  { Index = 3&#xD;
    IsKey = false&#xD;
    IsIndex = false&#xD;
    JoinOn = None&#xD;
    Source = ""Fact""&#xD;
    QuotedSource = ""Fact""&#xD;
    SqlName = "timeStamp"&#xD;
    QuotedSqlName = ""timeStamp""&#xD;
    FSharpName = "timeStamp"&#xD;
    Type = System.String&#xD;
    PropertyInfo = System.String timeStamp };&#xD;
  { Index = 4&#xD;
    IsKey = false&#xD;
    IsIndex = false&#xD;
    JoinOn = None&#xD;
    Source = ""Fact""&#xD;
    QuotedSource = ""Fact""&#xD;
    SqlName = "specialChar"&#xD;
    QuotedSqlName = ""specialChar""&#xD;
    FSharpName = "specialChar"&#xD;
    Type = System.String&#xD;
    PropertyInfo = System.String specialChar };&#xD;
  { Index = 5&#xD;
    IsKey = false&#xD;
    IsIndex = false&#xD;
    JoinOn = None&#xD;
    Source = ""Fact""&#xD;
    QuotedSource = ""Fact""&#xD;
    SqlName = "maybeSomething"&#xD;
    QuotedSqlName = ""maybeSomething""&#xD;
    FSharpName = "maybeSomething"&#xD;
    Type = System.String&#xD;
    PropertyInfo = System.String maybeSomething };&#xD;
  { Index = 6&#xD;
    IsKey = false&#xD;
    IsIndex = false&#xD;
    JoinOn = None&#xD;
    Source = ""Fact""&#xD;
    QuotedSource = ""Fact""&#xD;
    SqlName = "sometimesNothing"&#xD;
    QuotedSqlName = ""sometimesNothing""&#xD;
    FSharpName = "sometimesNothing"&#xD;
    Type = Microsoft.FSharp.Core.FSharpOption`1[System.Int64]&#xD;
    PropertyInfo =&#xD;
     Microsoft.FSharp.Core.FSharpOption`1[System.Int64] sometimesNothing };&#xD;
  { Index = 7&#xD;
    IsKey = false&#xD;
    IsIndex = false&#xD;
    JoinOn = None&#xD;
    Source = ""Fact""&#xD;
    QuotedSource = ""Fact""&#xD;
    SqlName = "biteSize"&#xD;
    QuotedSqlName = ""biteSize""&#xD;
    FSharpName = "biteSize"&#xD;
    Type = System.String&#xD;
    PropertyInfo = System.String biteSize }|]&#xD;
Query being generated:&#xD;
&#xD;
update "Fact" set "indexId" = @indexId, "sqliteName" = @name, "timeStamp" = @timeStamp, "specialChar" = @specialChar, "maybeSomething" = @maybeSomething, "sometimesNothing" = @sometimesNothing, "biteSize" = @biteSize where "Fact"."id" = @id&#xD;
&#xD;
&#xD;
&#xD;
Query being generated:&#xD;
&#xD;
select "Fact"."indexId", "Fact"."id", "Fact"."sqliteName", "Fact"."timeStamp", "Fact"."specialChar", "Fact"."maybeSomething", "Fact"."sometimesNothing", "Fact"."biteSize", "SubFact"."subFact" from "Fact" left join "SubFact" on "SubFact"."factId" = "Fact"."indexId" where id = '5cd6a194-7a5d-4310-8a64-548b1831e387'&#xD;
&#xD;
&#xD;
&#xD;
Query being generated:&#xD;
&#xD;
select "Fact"."indexId", "Fact"."id", "Fact"."sqliteName", "Fact"."timeStamp", "Fact"."specialChar", "Fact"."maybeSomething", "Fact"."sometimesNothing", "Fact"."biteSize", "SubFact"."subFact" from "Fact" left join "SubFact" on "SubFact"."factId" = "Fact"."indexId" where id = '5cd6a194-7a5d-4310-8a64-548b1831e387'&#xD;
&#xD;
&#xD;
&#xD;
Query being generated:&#xD;
&#xD;
select "Fact"."indexId", "Fact"."id", "Fact"."sqliteName", "Fact"."timeStamp", "Fact"."specialChar", "Fact"."maybeSomething", "Fact"."sometimesNothing", "Fact"."biteSize", "SubFact"."subFact" from "Fact" left join "SubFact" on "SubFact"."factId" = "Fact"."indexId" where id = '5cd6a194-7a5d-4310-8a64-548b1831e387'&#xD;
&#xD;
&#xD;
&#xD;
&#xD;
You remembered the facts: { indexId = 1L&#xD;
  id = "5cd6a194-7a5d-4310-8a64-548b1831e387"&#xD;
  name = "Gerry McGuire"&#xD;
  timeStamp = "9/17/2023 7:19:20 PM"&#xD;
  specialChar = "Δ"&#xD;
  maybeSomething = "true"&#xD;
  sometimesNothing = Some 1L&#xD;
  biteSize = "!aBite"&#xD;
  subFact = Some "sooper dooper secret fact" } - { indexId = 1L&#xD;
  id = "5cd6a194-7a5d-4310-8a64-548b1831e387"&#xD;
  name = "All Facts, All the Time"&#xD;
  timeStamp = "9/17/2023 7:19:20 PM"&#xD;
  specialChar = "Δ"&#xD;
  maybeSomething = "true"&#xD;
  sometimesNothing = Some 1L&#xD;
  biteSize = "!aBite"&#xD;
  subFact = None } | Error: No connection associated with this command</StdOut>
      </Output>
    </UnitTestResult>
    <UnitTestResult executionId="0c81b53e-a4e2-4fe8-8bd8-f001d2bcc451" testId="685fd3d2-6ac3-c066-f340-f935822e65eb" testName="Update" computerName="THE-BIG-RIG" duration="00:00:00.0270980" startTime="2023-09-17T19:18:59.2074179-04:00" endTime="2023-09-17T19:18:59.2345148-04:00" testType="13cdc9d9-ddb5-4fa4-a97d-d965ccfc6d4b" outcome="Passed" testListId="8c84fa94-04c1-424b-9868-57a2d4851a1d" relativeResultsDirectory="0c81b53e-a4e2-4fe8-8bd8-f001d2bcc451">
      <Output>
        <StdOut>Updating...&#xD;
columns to update: [|{ Index = 0&#xD;
    IsKey = false&#xD;
    IsIndex = true&#xD;
    JoinOn = Some ("SubFact", "factId")&#xD;
    Source = ""Fact""&#xD;
    QuotedSource = ""Fact""&#xD;
    SqlName = "indexId"&#xD;
    QuotedSqlName = ""indexId""&#xD;
    FSharpName = "indexId"&#xD;
    Type = System.Int64&#xD;
    PropertyInfo = Int64 indexId }; { Index = 2&#xD;
                                      IsKey = false&#xD;
                                      IsIndex = false&#xD;
                                      JoinOn = None&#xD;
                                      Source = ""Fact""&#xD;
                                      QuotedSource = ""Fact""&#xD;
                                      SqlName = "sqliteName"&#xD;
                                      QuotedSqlName = ""sqliteName""&#xD;
                                      FSharpName = "name"&#xD;
                                      Type = System.String&#xD;
                                      PropertyInfo = System.String name };&#xD;
  { Index = 3&#xD;
    IsKey = false&#xD;
    IsIndex = false&#xD;
    JoinOn = None&#xD;
    Source = ""Fact""&#xD;
    QuotedSource = ""Fact""&#xD;
    SqlName = "timeStamp"&#xD;
    QuotedSqlName = ""timeStamp""&#xD;
    FSharpName = "timeStamp"&#xD;
    Type = System.String&#xD;
    PropertyInfo = System.String timeStamp };&#xD;
  { Index = 4&#xD;
    IsKey = false&#xD;
    IsIndex = false&#xD;
    JoinOn = None&#xD;
    Source = ""Fact""&#xD;
    QuotedSource = ""Fact""&#xD;
    SqlName = "specialChar"&#xD;
    QuotedSqlName = ""specialChar""&#xD;
    FSharpName = "specialChar"&#xD;
    Type = System.String&#xD;
    PropertyInfo = System.String specialChar };&#xD;
  { Index = 5&#xD;
    IsKey = false&#xD;
    IsIndex = false&#xD;
    JoinOn = None&#xD;
    Source = ""Fact""&#xD;
    QuotedSource = ""Fact""&#xD;
    SqlName = "maybeSomething"&#xD;
    QuotedSqlName = ""maybeSomething""&#xD;
    FSharpName = "maybeSomething"&#xD;
    Type = System.String&#xD;
    PropertyInfo = System.String maybeSomething };&#xD;
  { Index = 6&#xD;
    IsKey = false&#xD;
    IsIndex = false&#xD;
    JoinOn = None&#xD;
    Source = ""Fact""&#xD;
    QuotedSource = ""Fact""&#xD;
    SqlName = "sometimesNothing"&#xD;
    QuotedSqlName = ""sometimesNothing""&#xD;
    FSharpName = "sometimesNothing"&#xD;
    Type = Microsoft.FSharp.Core.FSharpOption`1[System.Int64]&#xD;
    PropertyInfo =&#xD;
     Microsoft.FSharp.Core.FSharpOption`1[System.Int64] sometimesNothing };&#xD;
  { Index = 7&#xD;
    IsKey = false&#xD;
    IsIndex = false&#xD;
    JoinOn = None&#xD;
    Source = ""Fact""&#xD;
    QuotedSource = ""Fact""&#xD;
    SqlName = "biteSize"&#xD;
    QuotedSqlName = ""biteSize""&#xD;
    FSharpName = "biteSize"&#xD;
    Type = System.String&#xD;
    PropertyInfo = System.String biteSize }|]&#xD;
Query being generated:&#xD;
&#xD;
update "Fact" set "indexId" = @indexId, "sqliteName" = @name, "timeStamp" = @timeStamp, "specialChar" = @specialChar, "maybeSomething" = @maybeSomething, "sometimesNothing" = @sometimesNothing, "biteSize" = @biteSize where "Fact"."id" = @id&#xD;
&#xD;
&#xD;
&#xD;
&#xD;
facts: 1</StdOut>
      </Output>
    </UnitTestResult>
    <UnitTestResult executionId="3eae40c9-7c2f-4323-9f95-009c5a45b7eb" testId="a90e932c-1181-7947-bd3f-cd4c26ae5c6c" testName="SelectWhere" computerName="THE-BIG-RIG" duration="00:00:00.0045480" startTime="2023-09-17T19:18:59.2021968-04:00" endTime="2023-09-17T19:18:59.2067447-04:00" testType="13cdc9d9-ddb5-4fa4-a97d-d965ccfc6d4b" outcome="Passed" testListId="8c84fa94-04c1-424b-9868-57a2d4851a1d" relativeResultsDirectory="3eae40c9-7c2f-4323-9f95-009c5a45b7eb">
      <Output>
        <StdOut>Selecting Where...&#xD;
Query being generated:&#xD;
&#xD;
select "Fact"."indexId", "Fact"."id", "Fact"."sqliteName", "Fact"."timeStamp", "Fact"."specialChar", "Fact"."maybeSomething", "Fact"."sometimesNothing", "Fact"."biteSize", "SubFact"."subFact" from "Fact" left join "SubFact" on "SubFact"."factId" = "Fact"."indexId" where "maybeSomething" = 'true'&#xD;
&#xD;
&#xD;
&#xD;
&#xD;
facts: seq&#xD;
  [{ indexId = 1L&#xD;
     id = "4c0c853e-1b31-490c-841e-6a75faba071d"&#xD;
     name = "Gerry McGuire"&#xD;
     timeStamp = "9/17/2023 7:18:59 PM"&#xD;
     specialChar = "Δ"&#xD;
     maybeSomething = "true"&#xD;
     sometimesNothing = Some 1L&#xD;
     biteSize = "!aBite"&#xD;
     subFact = None }; { indexId = 1L&#xD;
                         id = "ea9ad88f-a992-417d-ae8b-23fde895ed5e"&#xD;
                         name = "Gerry McGuire"&#xD;
                         timeStamp = "9/17/2023 7:18:59 PM"&#xD;
                         specialChar = "Δ"&#xD;
                         maybeSomething = "true"&#xD;
                         sometimesNothing = Some 1L&#xD;
                         biteSize = "!aBite"&#xD;
                         subFact = None };&#xD;
   { indexId = 1L&#xD;
     id = "9398134e-4407-45d6-9516-05b5bb8793dd"&#xD;
     name = "Gerry McGuire"&#xD;
     timeStamp = "9/17/2023 7:18:59 PM"&#xD;
     specialChar = "Δ"&#xD;
     maybeSomething = "true"&#xD;
     sometimesNothing = None&#xD;
     biteSize = "!aBite"&#xD;
     subFact = None }; { indexId = 1L&#xD;
                         id = "68326932-336d-44a7-a4f6-2de5fb6fb5e9"&#xD;
                         name = "Gerry McGuire"&#xD;
                         timeStamp = "9/17/2023 7:18:59 PM"&#xD;
                         specialChar = "Δ"&#xD;
                         maybeSomething = "true"&#xD;
                         sometimesNothing = Some 1L&#xD;
                         biteSize = "!aBite"&#xD;
                         subFact = None }; ...]</StdOut>
      </Output>
    </UnitTestResult>
    <UnitTestResult executionId="2a3cc0c5-6ddd-4085-b7bb-c75fa47d5cee" testId="40146aef-5e24-931c-f935-d8cb1c2a1a7b" testName="DeleteMany" computerName="THE-BIG-RIG" duration="00:00:00.0069300" startTime="2023-09-17T19:18:59.1513762-04:00" endTime="2023-09-17T19:18:59.1583059-04:00" testType="13cdc9d9-ddb5-4fa4-a97d-d965ccfc6d4b" outcome="Passed" testListId="8c84fa94-04c1-424b-9868-57a2d4851a1d" relativeResultsDirectory="2a3cc0c5-6ddd-4085-b7bb-c75fa47d5cee">
      <Output>
        <StdOut>Deleting Many...&#xD;
Query being generated:&#xD;
&#xD;
delete from "Fact" where "Fact"."id" = @id&#xD;
&#xD;
&#xD;
&#xD;
&#xD;
2</StdOut>
      </Output>
    </UnitTestResult>
    <UnitTestResult executionId="b5dc2b74-f5ea-46e0-a149-d6adbf062421" testId="e186cb41-ccfc-470e-4504-ff1de0e02fd6" testName="AsyncInsertMany" computerName="THE-BIG-RIG" duration="00:00:10.0801870" startTime="2023-09-17T19:18:59.6340928-04:00" endTime="2023-09-17T19:19:09.7142804-04:00" testType="13cdc9d9-ddb5-4fa4-a97d-d965ccfc6d4b" outcome="Passed" testListId="8c84fa94-04c1-424b-9868-57a2d4851a1d" relativeResultsDirectory="b5dc2b74-f5ea-46e0-a149-d6adbf062421">
      <Output>
        <StdOut>Query being generated:&#xD;
&#xD;
insert into "Fact" ( "indexId", "id", "psqlName", "timeStamp", "specialChar", "maybeSomething", "sometimesNothing", "biteSize" ) values ( @indexId, @id, @name, @timeStamp, @specialChar, @maybeSomething, @sometimesNothing, @biteSize )</StdOut>
      </Output>
    </UnitTestResult>
    <UnitTestResult executionId="c964b5f8-daa6-4846-ac48-375c3e3a0ef2" testId="109960d2-3813-538d-c791-8f455002f0b6" testName="UpdateMany" computerName="THE-BIG-RIG" duration="00:00:00.0247990" startTime="2023-09-17T19:18:59.2345492-04:00" endTime="2023-09-17T19:18:59.2593480-04:00" testType="13cdc9d9-ddb5-4fa4-a97d-d965ccfc6d4b" outcome="Passed" testListId="8c84fa94-04c1-424b-9868-57a2d4851a1d" relativeResultsDirectory="c964b5f8-daa6-4846-ac48-375c3e3a0ef2">
      <Output>
        <StdOut>Updating many...&#xD;
columns to update: [|{ Index = 0&#xD;
    IsKey = false&#xD;
    IsIndex = true&#xD;
    JoinOn = Some ("SubFact", "factId")&#xD;
    Source = ""Fact""&#xD;
    QuotedSource = ""Fact""&#xD;
    SqlName = "indexId"&#xD;
    QuotedSqlName = ""indexId""&#xD;
    FSharpName = "indexId"&#xD;
    Type = System.Int64&#xD;
    PropertyInfo = Int64 indexId }; { Index = 2&#xD;
                                      IsKey = false&#xD;
                                      IsIndex = false&#xD;
                                      JoinOn = None&#xD;
                                      Source = ""Fact""&#xD;
                                      QuotedSource = ""Fact""&#xD;
                                      SqlName = "sqliteName"&#xD;
                                      QuotedSqlName = ""sqliteName""&#xD;
                                      FSharpName = "name"&#xD;
                                      Type = System.String&#xD;
                                      PropertyInfo = System.String name };&#xD;
  { Index = 3&#xD;
    IsKey = false&#xD;
    IsIndex = false&#xD;
    JoinOn = None&#xD;
    Source = ""Fact""&#xD;
    QuotedSource = ""Fact""&#xD;
    SqlName = "timeStamp"&#xD;
    QuotedSqlName = ""timeStamp""&#xD;
    FSharpName = "timeStamp"&#xD;
    Type = System.String&#xD;
    PropertyInfo = System.String timeStamp };&#xD;
  { Index = 4&#xD;
    IsKey = false&#xD;
    IsIndex = false&#xD;
    JoinOn = None&#xD;
    Source = ""Fact""&#xD;
    QuotedSource = ""Fact""&#xD;
    SqlName = "specialChar"&#xD;
    QuotedSqlName = ""specialChar""&#xD;
    FSharpName = "specialChar"&#xD;
    Type = System.String&#xD;
    PropertyInfo = System.String specialChar };&#xD;
  { Index = 5&#xD;
    IsKey = false&#xD;
    IsIndex = false&#xD;
    JoinOn = None&#xD;
    Source = ""Fact""&#xD;
    QuotedSource = ""Fact""&#xD;
    SqlName = "maybeSomething"&#xD;
    QuotedSqlName = ""maybeSomething""&#xD;
    FSharpName = "maybeSomething"&#xD;
    Type = System.String&#xD;
    PropertyInfo = System.String maybeSomething };&#xD;
  { Index = 6&#xD;
    IsKey = false&#xD;
    IsIndex = false&#xD;
    JoinOn = None&#xD;
    Source = ""Fact""&#xD;
    QuotedSource = ""Fact""&#xD;
    SqlName = "sometimesNothing"&#xD;
    QuotedSqlName = ""sometimesNothing""&#xD;
    FSharpName = "sometimesNothing"&#xD;
    Type = Microsoft.FSharp.Core.FSharpOption`1[System.Int64]&#xD;
    PropertyInfo =&#xD;
     Microsoft.FSharp.Core.FSharpOption`1[System.Int64] sometimesNothing };&#xD;
  { Index = 7&#xD;
    IsKey = false&#xD;
    IsIndex = false&#xD;
    JoinOn = None&#xD;
    Source = ""Fact""&#xD;
    QuotedSource = ""Fact""&#xD;
    SqlName = "biteSize"&#xD;
    QuotedSqlName = ""biteSize""&#xD;
    FSharpName = "biteSize"&#xD;
    Type = System.String&#xD;
    PropertyInfo = System.String biteSize }|]&#xD;
Query being generated:&#xD;
&#xD;
update "Fact" set "indexId" = @indexId, "sqliteName" = @name, "timeStamp" = @timeStamp, "specialChar" = @specialChar, "maybeSomething" = @maybeSomething, "sometimesNothing" = @sometimesNothing, "biteSize" = @biteSize where "Fact"."id" = @id&#xD;
&#xD;
&#xD;
&#xD;
Ok 2Query being generated:&#xD;
&#xD;
select "Fact"."indexId", "Fact"."id", "Fact"."sqliteName", "Fact"."timeStamp", "Fact"."specialChar", "Fact"."maybeSomething", "Fact"."sometimesNothing", "Fact"."biteSize", "SubFact"."subFact" from "Fact" left join "SubFact" on "SubFact"."factId" = "Fact"."indexId" where id = '68326932-336d-44a7-a4f6-2de5fb6fb5e9'&#xD;
&#xD;
&#xD;
&#xD;
Query being generated:&#xD;
&#xD;
select "Fact"."indexId", "Fact"."id", "Fact"."sqliteName", "Fact"."timeStamp", "Fact"."specialChar", "Fact"."maybeSomething", "Fact"."sometimesNothing", "Fact"."biteSize", "SubFact"."subFact" from "Fact" left join "SubFact" on "SubFact"."factId" = "Fact"."indexId" where id = '9398134e-4407-45d6-9516-05b5bb8793dd'</StdOut>
      </Output>
    </UnitTestResult>
    <UnitTestResult executionId="32ed3ccd-b994-4747-9263-a93b7bc6eebc" testId="644b827d-b769-3bd3-ee9c-d9b3a6561434" testName="SelectLimit" computerName="THE-BIG-RIG" duration="00:00:00.0287970" startTime="2023-09-17T19:19:19.9631960-04:00" endTime="2023-09-17T19:19:19.9919928-04:00" testType="13cdc9d9-ddb5-4fa4-a97d-d965ccfc6d4b" outcome="Passed" testListId="8c84fa94-04c1-424b-9868-57a2d4851a1d" relativeResultsDirectory="32ed3ccd-b994-4747-9263-a93b7bc6eebc">
      <Output>
        <StdOut>Selecting All...&#xD;
Query being generated:&#xD;
&#xD;
select "Fact"."indexId", "Fact"."id", "Fact"."psqlName", "Fact"."timeStamp", "Fact"."specialChar", "Fact"."maybeSomething", "Fact"."sometimesNothing", "Fact"."biteSize", "SubFact"."subFact" from "Fact" left join "SubFact" on "SubFact"."factId" = "Fact"."indexId" limit 5&#xD;
&#xD;
&#xD;
&#xD;
{ indexId = 1L&#xD;
  id = "2d47df76-6cc1-4a5e-91d8-df4dc459353f"&#xD;
  name = "Gerry McGuire"&#xD;
  timeStamp = "9/17/2023 7:19:19 PM"&#xD;
  specialChar = "Δ"&#xD;
  maybeSomething = "true"&#xD;
  sometimesNothing = Some 1L&#xD;
  biteSize = "!aBite"&#xD;
  subFact = None }&#xD;
{ indexId = 1L&#xD;
  id = "37a99c6d-8923-4810-9f3d-934a32e23814"&#xD;
  name = "Gerry McGuire"&#xD;
  timeStamp = "9/17/2023 7:19:19 PM"&#xD;
  specialChar = "Δ"&#xD;
  maybeSomething = "true"&#xD;
  sometimesNothing = Some 1L&#xD;
  biteSize = "!aBite"&#xD;
  subFact = None }&#xD;
{ indexId = 1L&#xD;
  id = "22f7698d-a572-40d8-bff3-9f9ec966fd52"&#xD;
  name = "Gerry McGuire"&#xD;
  timeStamp = "9/17/2023 7:19:19 PM"&#xD;
  specialChar = "Δ"&#xD;
  maybeSomething = "true"&#xD;
  sometimesNothing = None&#xD;
  biteSize = "!aBite"&#xD;
  subFact = None }&#xD;
{ indexId = 1L&#xD;
  id = "51c12e37-6f8e-4756-9e0a-527f35a82ad5"&#xD;
  name = "Gerry McGuire"&#xD;
  timeStamp = "9/17/2023 7:19:19 PM"&#xD;
  specialChar = "Δ"&#xD;
  maybeSomething = "true"&#xD;
  sometimesNothing = Some 1L&#xD;
  biteSize = "!aBite"&#xD;
  subFact = None }&#xD;
{ indexId = 1L&#xD;
  id = "097d331c-bdd3-4c45-8a96-571d63a22748"&#xD;
  name = "Gerry McGuire"&#xD;
  timeStamp = "9/17/2023 7:19:19 PM"&#xD;
  specialChar = "Δ"&#xD;
  maybeSomething = "true"&#xD;
  sometimesNothing = Some 1L&#xD;
  biteSize = "!aBite"&#xD;
  subFact = None }&#xD;
Query being generated:&#xD;
&#xD;
select "Fact"."indexId", "Fact"."id", "Fact"."psqlName", "Fact"."timeStamp", "Fact"."specialChar", "Fact"."maybeSomething", "Fact"."sometimesNothing", "Fact"."biteSize", "SubFact"."subFact" from "Fact" left join "SubFact" on "SubFact"."factId" = "Fact"."indexId" limit 5&#xD;
&#xD;
&#xD;
&#xD;
&#xD;
facts: seq&#xD;
  [{ indexId = 1L&#xD;
     id = "2d47df76-6cc1-4a5e-91d8-df4dc459353f"&#xD;
     name = "Gerry McGuire"&#xD;
     timeStamp = "9/17/2023 7:19:19 PM"&#xD;
     specialChar = "Δ"&#xD;
     maybeSomething = "true"&#xD;
     sometimesNothing = Some 1L&#xD;
     biteSize = "!aBite"&#xD;
     subFact = None }; { indexId = 1L&#xD;
                         id = "37a99c6d-8923-4810-9f3d-934a32e23814"&#xD;
                         name = "Gerry McGuire"&#xD;
                         timeStamp = "9/17/2023 7:19:19 PM"&#xD;
                         specialChar = "Δ"&#xD;
                         maybeSomething = "true"&#xD;
                         sometimesNothing = Some 1L&#xD;
                         biteSize = "!aBite"&#xD;
                         subFact = None };&#xD;
   { indexId = 1L&#xD;
     id = "22f7698d-a572-40d8-bff3-9f9ec966fd52"&#xD;
     name = "Gerry McGuire"&#xD;
     timeStamp = "9/17/2023 7:19:19 PM"&#xD;
     specialChar = "Δ"&#xD;
     maybeSomething = "true"&#xD;
     sometimesNothing = None&#xD;
     biteSize = "!aBite"&#xD;
     subFact = None }; { indexId = 1L&#xD;
                         id = "51c12e37-6f8e-4756-9e0a-527f35a82ad5"&#xD;
                         name = "Gerry McGuire"&#xD;
                         timeStamp = "9/17/2023 7:19:19 PM"&#xD;
                         specialChar = "Δ"&#xD;
                         maybeSomething = "true"&#xD;
                         sometimesNothing = Some 1L&#xD;
                         biteSize = "!aBite"&#xD;
                         subFact = None }; ...]</StdOut>
      </Output>
    </UnitTestResult>
    <UnitTestResult executionId="322b1ae2-00ef-4836-a014-62fdbff4444d" testId="17b58aeb-30c9-6964-6c40-fbab11cb0ed7" testName="UpdateWhere" computerName="THE-BIG-RIG" duration="00:00:00.0068210" startTime="2023-09-17T19:18:59.2593706-04:00" endTime="2023-09-17T19:18:59.2661911-04:00" testType="13cdc9d9-ddb5-4fa4-a97d-d965ccfc6d4b" outcome="Passed" testListId="8c84fa94-04c1-424b-9868-57a2d4851a1d" relativeResultsDirectory="322b1ae2-00ef-4836-a014-62fdbff4444d">
      <Output>
        <StdOut>Updating...&#xD;
columns to update: [|{ Index = 0&#xD;
    IsKey = false&#xD;
    IsIndex = true&#xD;
    JoinOn = Some ("SubFact", "factId")&#xD;
    Source = ""Fact""&#xD;
    QuotedSource = ""Fact""&#xD;
    SqlName = "indexId"&#xD;
    QuotedSqlName = ""indexId""&#xD;
    FSharpName = "indexId"&#xD;
    Type = System.Int64&#xD;
    PropertyInfo = Int64 indexId }; { Index = 2&#xD;
                                      IsKey = false&#xD;
                                      IsIndex = false&#xD;
                                      JoinOn = None&#xD;
                                      Source = ""Fact""&#xD;
                                      QuotedSource = ""Fact""&#xD;
                                      SqlName = "sqliteName"&#xD;
                                      QuotedSqlName = ""sqliteName""&#xD;
                                      FSharpName = "name"&#xD;
                                      Type = System.String&#xD;
                                      PropertyInfo = System.String name };&#xD;
  { Index = 3&#xD;
    IsKey = false&#xD;
    IsIndex = false&#xD;
    JoinOn = None&#xD;
    Source = ""Fact""&#xD;
    QuotedSource = ""Fact""&#xD;
    SqlName = "timeStamp"&#xD;
    QuotedSqlName = ""timeStamp""&#xD;
    FSharpName = "timeStamp"&#xD;
    Type = System.String&#xD;
    PropertyInfo = System.String timeStamp };&#xD;
  { Index = 4&#xD;
    IsKey = false&#xD;
    IsIndex = false&#xD;
    JoinOn = None&#xD;
    Source = ""Fact""&#xD;
    QuotedSource = ""Fact""&#xD;
    SqlName = "specialChar"&#xD;
    QuotedSqlName = ""specialChar""&#xD;
    FSharpName = "specialChar"&#xD;
    Type = System.String&#xD;
    PropertyInfo = System.String specialChar };&#xD;
  { Index = 5&#xD;
    IsKey = false&#xD;
    IsIndex = false&#xD;
    JoinOn = None&#xD;
    Source = ""Fact""&#xD;
    QuotedSource = ""Fact""&#xD;
    SqlName = "maybeSomething"&#xD;
    QuotedSqlName = ""maybeSomething""&#xD;
    FSharpName = "maybeSomething"&#xD;
    Type = System.String&#xD;
    PropertyInfo = System.String maybeSomething };&#xD;
  { Index = 6&#xD;
    IsKey = false&#xD;
    IsIndex = false&#xD;
    JoinOn = None&#xD;
    Source = ""Fact""&#xD;
    QuotedSource = ""Fact""&#xD;
    SqlName = "sometimesNothing"&#xD;
    QuotedSqlName = ""sometimesNothing""&#xD;
    FSharpName = "sometimesNothing"&#xD;
    Type = Microsoft.FSharp.Core.FSharpOption`1[System.Int64]&#xD;
    PropertyInfo =&#xD;
     Microsoft.FSharp.Core.FSharpOption`1[System.Int64] sometimesNothing };&#xD;
  { Index = 7&#xD;
    IsKey = false&#xD;
    IsIndex = false&#xD;
    JoinOn = None&#xD;
    Source = ""Fact""&#xD;
    QuotedSource = ""Fact""&#xD;
    SqlName = "biteSize"&#xD;
    QuotedSqlName = ""biteSize""&#xD;
    FSharpName = "biteSize"&#xD;
    Type = System.String&#xD;
    PropertyInfo = System.String biteSize }|]&#xD;
Query being generated:&#xD;
&#xD;
update "Fact" set "indexId" = @indexId, "sqliteName" = @name, "timeStamp" = @timeStamp, "specialChar" = @specialChar, "maybeSomething" = @maybeSomething, "sometimesNothing" = @sometimesNothing, "biteSize" = @biteSize where "indexId" = 1&#xD;
&#xD;
&#xD;
&#xD;
&#xD;
facts: 5</StdOut>
      </Output>
    </UnitTestResult>
    <UnitTestResult executionId="5dc3c5f6-a6f3-42c8-8679-bf741eebfb4f" testId="cc8f9a7d-2cf1-cea4-783c-8b829390949b" testName="TearDown" computerName="THE-BIG-RIG" duration="00:00:00.0006230" startTime="2023-09-17T19:18:59.2067598-04:00" endTime="2023-09-17T19:18:59.2073829-04:00" testType="13cdc9d9-ddb5-4fa4-a97d-d965ccfc6d4b" outcome="Passed" testListId="8c84fa94-04c1-424b-9868-57a2d4851a1d" relativeResultsDirectory="5dc3c5f6-a6f3-42c8-8679-bf741eebfb4f">
      <Output>
        <StdOut>Transaction: None</StdOut>
      </Output>
    </UnitTestResult>
    <UnitTestResult executionId="f5df5ca8-f0b6-44fe-9ccb-3409ab298032" testId="b2ee8ff5-43fd-9922-0a20-e7fbb2d8497e" testName="UpdateWhere" computerName="THE-BIG-RIG" duration="00:00:00.0146190" startTime="2023-09-17T19:19:20.0963495-04:00" endTime="2023-09-17T19:19:20.1109681-04:00" testType="13cdc9d9-ddb5-4fa4-a97d-d965ccfc6d4b" outcome="Passed" testListId="8c84fa94-04c1-424b-9868-57a2d4851a1d" relativeResultsDirectory="f5df5ca8-f0b6-44fe-9ccb-3409ab298032">
      <Output>
        <StdOut>Updating...&#xD;
columns to update: [|{ Index = 0&#xD;
    IsKey = false&#xD;
    IsIndex = true&#xD;
    JoinOn = Some ("SubFact", "factId")&#xD;
    Source = ""Fact""&#xD;
    QuotedSource = ""Fact""&#xD;
    SqlName = "indexId"&#xD;
    QuotedSqlName = ""indexId""&#xD;
    FSharpName = "indexId"&#xD;
    Type = System.Int64&#xD;
    PropertyInfo = Int64 indexId }; { Index = 2&#xD;
                                      IsKey = false&#xD;
                                      IsIndex = false&#xD;
                                      JoinOn = None&#xD;
                                      Source = ""Fact""&#xD;
                                      QuotedSource = ""Fact""&#xD;
                                      SqlName = "psqlName"&#xD;
                                      QuotedSqlName = ""psqlName""&#xD;
                                      FSharpName = "name"&#xD;
                                      Type = System.String&#xD;
                                      PropertyInfo = System.String name };&#xD;
  { Index = 3&#xD;
    IsKey = false&#xD;
    IsIndex = false&#xD;
    JoinOn = None&#xD;
    Source = ""Fact""&#xD;
    QuotedSource = ""Fact""&#xD;
    SqlName = "timeStamp"&#xD;
    QuotedSqlName = ""timeStamp""&#xD;
    FSharpName = "timeStamp"&#xD;
    Type = System.String&#xD;
    PropertyInfo = System.String timeStamp };&#xD;
  { Index = 4&#xD;
    IsKey = false&#xD;
    IsIndex = false&#xD;
    JoinOn = None&#xD;
    Source = ""Fact""&#xD;
    QuotedSource = ""Fact""&#xD;
    SqlName = "specialChar"&#xD;
    QuotedSqlName = ""specialChar""&#xD;
    FSharpName = "specialChar"&#xD;
    Type = System.String&#xD;
    PropertyInfo = System.String specialChar };&#xD;
  { Index = 5&#xD;
    IsKey = false&#xD;
    IsIndex = false&#xD;
    JoinOn = None&#xD;
    Source = ""Fact""&#xD;
    QuotedSource = ""Fact""&#xD;
    SqlName = "maybeSomething"&#xD;
    QuotedSqlName = ""maybeSomething""&#xD;
    FSharpName = "maybeSomething"&#xD;
    Type = System.String&#xD;
    PropertyInfo = System.String maybeSomething };&#xD;
  { Index = 6&#xD;
    IsKey = false&#xD;
    IsIndex = false&#xD;
    JoinOn = None&#xD;
    Source = ""Fact""&#xD;
    QuotedSource = ""Fact""&#xD;
    SqlName = "sometimesNothing"&#xD;
    QuotedSqlName = ""sometimesNothing""&#xD;
    FSharpName = "sometimesNothing"&#xD;
    Type = Microsoft.FSharp.Core.FSharpOption`1[System.Int64]&#xD;
    PropertyInfo =&#xD;
     Microsoft.FSharp.Core.FSharpOption`1[System.Int64] sometimesNothing };&#xD;
  { Index = 7&#xD;
    IsKey = false&#xD;
    IsIndex = false&#xD;
    JoinOn = None&#xD;
    Source = ""Fact""&#xD;
    QuotedSource = ""Fact""&#xD;
    SqlName = "biteSize"&#xD;
    QuotedSqlName = ""biteSize""&#xD;
    FSharpName = "biteSize"&#xD;
    Type = System.String&#xD;
    PropertyInfo = System.String biteSize }|]&#xD;
Query being generated:&#xD;
&#xD;
update "Fact" set "indexId" = @indexId, "psqlName" = @name, "timeStamp" = @timeStamp, "specialChar" = @specialChar, "maybeSomething" = @maybeSomething, "sometimesNothing" = @sometimesNothing, "biteSize" = @biteSize where "indexId" = 1&#xD;
&#xD;
&#xD;
&#xD;
&#xD;
facts: 5</StdOut>
      </Output>
    </UnitTestResult>
    <UnitTestResult executionId="33fea7d7-c6be-43f0-ab89-91b4f57b223c" testId="56e96ce4-50b6-5365-cfd5-b3ce8ae0fd29" testName="InsertSelect" computerName="THE-BIG-RIG" duration="00:00:00.0139560" startTime="2023-09-17T19:19:20.1343154-04:00" endTime="2023-09-17T19:19:20.1482716-04:00" testType="13cdc9d9-ddb5-4fa4-a97d-d965ccfc6d4b" outcome="Passed" testListId="8c84fa94-04c1-424b-9868-57a2d4851a1d" relativeResultsDirectory="33fea7d7-c6be-43f0-ab89-91b4f57b223c">
      <Output>
        <StdOut>Do we have a transaction? Some System.Data.SQLite.SQLiteTransaction&#xD;
Query being generated:&#xD;
&#xD;
insert into "Fact" ( "indexId", "id", "sqliteName", "timeStamp", "specialChar", "maybeSomething", "sometimesNothing", "biteSize" ) values ( @indexId, @id, @name, @timeStamp, @specialChar, @maybeSomething, @sometimesNothing, @biteSize )&#xD;
&#xD;
&#xD;
&#xD;
Param count: 8&#xD;
Param 0 - "@indexId": 1L&#xD;
Param 1 - "@id": "3d02ede6-9752-44f0-9660-5f8ecea0fa38"&#xD;
Param 2 - "@name": "Gerry McGuire"&#xD;
Param 3 - "@timeStamp": "9/17/2023 7:19:20 PM"&#xD;
Param 4 - "@specialChar": "Δ"&#xD;
Param 5 - "@maybeSomething": "true"&#xD;
Param 6 - "@sometimesNothing": 1L&#xD;
Param 7 - "@biteSize": "!aBite"&#xD;
We have inserted&#xD;
We have the facts: Query being generated:&#xD;
&#xD;
select "Fact"."indexId", "Fact"."id", "Fact"."sqliteName", "Fact"."timeStamp", "Fact"."specialChar", "Fact"."maybeSomething", "Fact"."sometimesNothing", "Fact"."biteSize", "SubFact"."subFact" from "Fact" left join "SubFact" on "SubFact"."factId" = "Fact"."indexId" where id = '3d02ede6-9752-44f0-9660-5f8ecea0fa38'&#xD;
&#xD;
&#xD;
&#xD;
Ok (seq [{ indexId = 1L&#xD;
           id = "3d02ede6-9752-44f0-9660-5f8ecea0fa38"&#xD;
           name = "Gerry McGuire"&#xD;
           timeStamp = "9/17/2023 7:19:20 PM"&#xD;
           specialChar = "Δ"&#xD;
           maybeSomething = "true"&#xD;
           sometimesNothing = Some 1L&#xD;
           biteSize = "!aBite"&#xD;
           subFact = None }])&#xD;
Query being generated:&#xD;
&#xD;
select "Fact"."indexId", "Fact"."id", "Fact"."sqliteName", "Fact"."timeStamp", "Fact"."specialChar", "Fact"."maybeSomething", "Fact"."sometimesNothing", "Fact"."biteSize", "SubFact"."subFact" from "Fact" left join "SubFact" on "SubFact"."factId" = "Fact"."indexId" where id = '3d02ede6-9752-44f0-9660-5f8ecea0fa38'&#xD;
&#xD;
&#xD;
&#xD;
Query being generated:&#xD;
&#xD;
select "Fact"."indexId", "Fact"."id", "Fact"."sqliteName", "Fact"."timeStamp", "Fact"."specialChar", "Fact"."maybeSomething", "Fact"."sometimesNothing", "Fact"."biteSize", "SubFact"."subFact" from "Fact" left join "SubFact" on "SubFact"."factId" = "Fact"."indexId" where id = '3d02ede6-9752-44f0-9660-5f8ecea0fa38'</StdOut>
      </Output>
    </UnitTestResult>
    <UnitTestResult executionId="b611dc95-bd0a-4efc-9bcd-be4b815eecfb" testId="49a6d652-58bf-e834-bc8e-37de72d62c3c" testName="Delete" computerName="THE-BIG-RIG" duration="00:00:00.0090910" startTime="2023-09-17T19:18:59.1422642-04:00" endTime="2023-09-17T19:18:59.1513548-04:00" testType="13cdc9d9-ddb5-4fa4-a97d-d965ccfc6d4b" outcome="Passed" testListId="8c84fa94-04c1-424b-9868-57a2d4851a1d" relativeResultsDirectory="b611dc95-bd0a-4efc-9bcd-be4b815eecfb">
      <Output>
        <StdOut>Deleting...&#xD;
Query being generated:&#xD;
&#xD;
delete from "Fact" where "Fact"."id" = @id&#xD;
&#xD;
&#xD;
&#xD;
&#xD;
facts: 0</StdOut>
      </Output>
    </UnitTestResult>
    <UnitTestResult executionId="081f0f1b-c98c-46d5-86fc-acd23988ffd1" testId="9efe28fc-5719-572e-16c6-a90cc0bb8bcd" testName="InsertMany" computerName="THE-BIG-RIG" duration="00:00:00.0070050" startTime="2023-09-17T19:18:59.1753097-04:00" endTime="2023-09-17T19:18:59.1823145-04:00" testType="13cdc9d9-ddb5-4fa4-a97d-d965ccfc6d4b" outcome="Passed" testListId="8c84fa94-04c1-424b-9868-57a2d4851a1d" relativeResultsDirectory="081f0f1b-c98c-46d5-86fc-acd23988ffd1">
      <Output>
        <StdOut>Query being generated:&#xD;
&#xD;
insert into "Fact" ( "indexId", "id", "sqliteName", "timeStamp", "specialChar", "maybeSomething", "sometimesNothing", "biteSize" ) values ( @indexId, @id, @name, @timeStamp, @specialChar, @maybeSomething, @sometimesNothing, @biteSize )</StdOut>
      </Output>
    </UnitTestResult>
    <UnitTestResult executionId="eb554d05-a93a-4459-af3b-1b9a3ad56583" testId="15e7aaf0-1e10-0c65-15f8-df3a9c6f37ce" testName="DeleteMany" computerName="THE-BIG-RIG" duration="00:00:00.0414160" startTime="2023-09-17T19:19:19.7751117-04:00" endTime="2023-09-17T19:19:19.8165273-04:00" testType="13cdc9d9-ddb5-4fa4-a97d-d965ccfc6d4b" outcome="Passed" testListId="8c84fa94-04c1-424b-9868-57a2d4851a1d" relativeResultsDirectory="eb554d05-a93a-4459-af3b-1b9a3ad56583">
      <Output>
        <StdOut>Deleting Many...&#xD;
Query being generated:&#xD;
&#xD;
delete from "Fact" where "Fact"."id" = @id&#xD;
&#xD;
&#xD;
&#xD;
&#xD;
2</StdOut>
      </Output>
    </UnitTestResult>
    <UnitTestResult executionId="ba1c24f5-2a69-4050-9d07-96fe07aaa4e6" testId="9914cd5e-0327-22a6-d447-faa2be9ff7a1" testName="DeleteWhere" computerName="THE-BIG-RIG" duration="00:00:00.0074370" startTime="2023-09-17T19:18:59.1583226-04:00" endTime="2023-09-17T19:18:59.1657586-04:00" testType="13cdc9d9-ddb5-4fa4-a97d-d965ccfc6d4b" outcome="Passed" testListId="8c84fa94-04c1-424b-9868-57a2d4851a1d" relativeResultsDirectory="ba1c24f5-2a69-4050-9d07-96fe07aaa4e6">
      <Output>
        <StdOut>Deleting Where...&#xD;
Query being generated:&#xD;
&#xD;
delete from "Fact" where "indexId" = 1&#xD;
&#xD;
&#xD;
&#xD;
&#xD;
facts: 2</StdOut>
      </Output>
    </UnitTestResult>
    <UnitTestResult executionId="177ac89a-ef16-4ae1-ab08-a70534fc7def" testId="61dcfb39-11fa-e241-4f87-9ef81d7da35f" testName="QueryBuild" computerName="THE-BIG-RIG" duration="00:00:00.0002570" startTime="2023-09-17T19:19:19.9168521-04:00" endTime="2023-09-17T19:19:19.9171090-04:00" testType="13cdc9d9-ddb5-4fa4-a97d-d965ccfc6d4b" outcome="Passed" testListId="8c84fa94-04c1-424b-9868-57a2d4851a1d" relativeResultsDirectory="177ac89a-ef16-4ae1-ab08-a70534fc7def">
      <Output>
        <StdOut>""Fact"."indexId", "Fact"."id", "Fact"."psqlName", "Fact"."timeStamp", "Fact"."specialChar", "Fact"."maybeSomething", "Fact"."sometimesNothing", "Fact"."biteSize", "SubFact"."subFact" from "Fact" left join "SubFact" on "SubFact"."factId" = "Fact"."indexId""</StdOut>
      </Output>
    </UnitTestResult>
    <UnitTestResult executionId="2a64b4dd-4ad1-428e-9c2d-e04f3c72f599" testId="9798df95-32ca-8c71-56f5-d297f4317542" testName="ReaderWithTransaction" computerName="THE-BIG-RIG" duration="00:00:00.1412700" startTime="2023-09-17T19:19:20.6206211-04:00" endTime="2023-09-17T19:19:20.7618906-04:00" testType="13cdc9d9-ddb5-4fa4-a97d-d965ccfc6d4b" outcome="Passed" testListId="8c84fa94-04c1-424b-9868-57a2d4851a1d" relativeResultsDirectory="2a64b4dd-4ad1-428e-9c2d-e04f3c72f599">
      <Output>
        <StdOut>Reading...&#xD;
Query being generated:&#xD;
&#xD;
select * from "Fact"&#xD;
&#xD;
&#xD;
&#xD;
&#xD;
Error: Index was outside the bounds of the array.</StdOut>
      </Output>
    </UnitTestResult>
  </Results>
  <TestDefinitions>
    <UnitTest name="UpdateMany" storage="c:\hcrd\form\test\bin\debug\net7.0\test.dll" id="637f884a-918a-8683-bb6b-2e0f84146c18">
      <Execution id="2026377f-ec65-466c-a02f-88ea19242515" />
      <TestMethod codeBase="C:\hcrd\FORM\Test\bin\Debug\net7.0\Test.dll" adapterTypeName="executor://nunit3testexecutor/" className="Test.Orm+Orm(Test.Orm+get_Source@11-2)" name="UpdateMany" />
    </UnitTest>
    <UnitTest name="SelectLimit" storage="c:\hcrd\form\test\bin\debug\net7.0\test.dll" id="aa5ad89d-4386-4bbe-356e-11e72bf7130c">
      <Execution id="33086be6-8088-4116-a8ee-ed06b693f11a" />
      <TestMethod codeBase="C:\hcrd\FORM\Test\bin\Debug\net7.0\Test.dll" adapterTypeName="executor://nunit3testexecutor/" className="Test.Orm+Orm(Test.Orm+get_Source@10-1)" name="SelectLimit" />
    </UnitTest>
    <UnitTest name="AsyncSelect" storage="c:\hcrd\form\test\bin\debug\net7.0\test.dll" id="f40ce5fc-5798-0e4c-4baa-8051a53fb1bc">
      <Execution id="b608e305-6039-424b-b4b9-6b3d9539f393" />
      <TestMethod codeBase="C:\hcrd\FORM\Test\bin\Debug\net7.0\Test.dll" adapterTypeName="executor://nunit3testexecutor/" className="Test.Orm+Orm(Test.Orm+get_Source@11-2)" name="AsyncSelect" />
    </UnitTest>
    <UnitTest name="DeleteMany" storage="c:\hcrd\form\test\bin\debug\net7.0\test.dll" id="40146aef-5e24-931c-f935-d8cb1c2a1a7b">
      <Execution id="2a3cc0c5-6ddd-4085-b7bb-c75fa47d5cee" />
      <TestMethod codeBase="C:\hcrd\FORM\Test\bin\Debug\net7.0\Test.dll" adapterTypeName="executor://nunit3testexecutor/" className="Test.Orm+Orm(Test.Orm+get_Source@10-1)" name="DeleteMany" />
    </UnitTest>
    <UnitTest name="ReaderWithTransaction" storage="c:\hcrd\form\test\bin\debug\net7.0\test.dll" id="64ceac3b-985e-80aa-2ebd-593c0fcb65a1">
      <Execution id="20519d72-2fdf-4bea-aa37-5c07e4759fab" />
      <TestMethod codeBase="C:\hcrd\FORM\Test\bin\Debug\net7.0\Test.dll" adapterTypeName="executor://nunit3testexecutor/" className="Test.Orm+OrmTransaction(Test.Orm+get_Source@10-1)" name="ReaderWithTransaction" />
    </UnitTest>
    <UnitTest name="Delete" storage="c:\hcrd\form\test\bin\debug\net7.0\test.dll" id="d8e33ed2-9bff-03c9-e97c-4b6122b57f5f">
      <Execution id="39190bc0-d12c-455c-926a-3d8b41058ddc" />
      <TestMethod codeBase="C:\hcrd\FORM\Test\bin\Debug\net7.0\Test.dll" adapterTypeName="executor://nunit3testexecutor/" className="Test.Orm+Orm(Test.Orm+get_Source@11-2)" name="Delete" />
    </UnitTest>
    <UnitTest name="SelectWhere" storage="c:\hcrd\form\test\bin\debug\net7.0\test.dll" id="a90e932c-1181-7947-bd3f-cd4c26ae5c6c">
      <Execution id="3eae40c9-7c2f-4323-9f95-009c5a45b7eb" />
      <TestMethod codeBase="C:\hcrd\FORM\Test\bin\Debug\net7.0\Test.dll" adapterTypeName="executor://nunit3testexecutor/" className="Test.Orm+Orm(Test.Orm+get_Source@10-1)" name="SelectWhere" />
    </UnitTest>
    <UnitTest name="InsertSelect" storage="c:\hcrd\form\test\bin\debug\net7.0\test.dll" id="56e96ce4-50b6-5365-cfd5-b3ce8ae0fd29">
      <Execution id="33fea7d7-c6be-43f0-ab89-91b4f57b223c" />
      <TestMethod codeBase="C:\hcrd\FORM\Test\bin\Debug\net7.0\Test.dll" adapterTypeName="executor://nunit3testexecutor/" className="Test.Orm+OrmTransaction(Test.Orm+get_Source@10-1)" name="InsertSelect" />
    </UnitTest>
    <UnitTest name="Insert" storage="c:\hcrd\form\test\bin\debug\net7.0\test.dll" id="85caf85c-0ea4-3061-d9ac-49e696c000d2">
      <Execution id="f878ce59-af58-4a31-9f61-e0923f99ec4b" />
      <TestMethod codeBase="C:\hcrd\FORM\Test\bin\Debug\net7.0\Test.dll" adapterTypeName="executor://nunit3testexecutor/" className="Test.Orm+Orm(Test.Orm+get_Source@11-2)" name="Insert" />
    </UnitTest>
    <UnitTest name="UpdateWhere" storage="c:\hcrd\form\test\bin\debug\net7.0\test.dll" id="b2ee8ff5-43fd-9922-0a20-e7fbb2d8497e">
      <Execution id="f5df5ca8-f0b6-44fe-9ccb-3409ab298032" />
      <TestMethod codeBase="C:\hcrd\FORM\Test\bin\Debug\net7.0\Test.dll" adapterTypeName="executor://nunit3testexecutor/" className="Test.Orm+Orm(Test.Orm+get_Source@11-2)" name="UpdateWhere" />
    </UnitTest>
    <UnitTest name="SelectWhere" storage="c:\hcrd\form\test\bin\debug\net7.0\test.dll" id="703d9e23-b2da-ec05-d434-5d080ae77160">
      <Execution id="da733af4-2def-4743-9553-a7a9a3481eee" />
      <TestMethod codeBase="C:\hcrd\FORM\Test\bin\Debug\net7.0\Test.dll" adapterTypeName="executor://nunit3testexecutor/" className="Test.Orm+Orm(Test.Orm+get_Source@11-2)" name="SelectWhere" />
    </UnitTest>
    <UnitTest name="DeleteWhere" storage="c:\hcrd\form\test\bin\debug\net7.0\test.dll" id="9914cd5e-0327-22a6-d447-faa2be9ff7a1">
      <Execution id="ba1c24f5-2a69-4050-9d07-96fe07aaa4e6" />
      <TestMethod codeBase="C:\hcrd\FORM\Test\bin\Debug\net7.0\Test.dll" adapterTypeName="executor://nunit3testexecutor/" className="Test.Orm+Orm(Test.Orm+get_Source@10-1)" name="DeleteWhere" />
    </UnitTest>
    <UnitTest name="SelectLimit" storage="c:\hcrd\form\test\bin\debug\net7.0\test.dll" id="644b827d-b769-3bd3-ee9c-d9b3a6561434">
      <Execution id="32ed3ccd-b994-4747-9263-a93b7bc6eebc" />
      <TestMethod codeBase="C:\hcrd\FORM\Test\bin\Debug\net7.0\Test.dll" adapterTypeName="executor://nunit3testexecutor/" className="Test.Orm+Orm(Test.Orm+get_Source@11-2)" name="SelectLimit" />
    </UnitTest>
    <UnitTest name="UpdateWhere" storage="c:\hcrd\form\test\bin\debug\net7.0\test.dll" id="17b58aeb-30c9-6964-6c40-fbab11cb0ed7">
      <Execution id="322b1ae2-00ef-4836-a014-62fdbff4444d" />
      <TestMethod codeBase="C:\hcrd\FORM\Test\bin\Debug\net7.0\Test.dll" adapterTypeName="executor://nunit3testexecutor/" className="Test.Orm+Orm(Test.Orm+get_Source@10-1)" name="UpdateWhere" />
    </UnitTest>
    <UnitTest name="AsyncInsertMany" storage="c:\hcrd\form\test\bin\debug\net7.0\test.dll" id="a08f704e-7be1-cd70-3c51-7303a35816f9">
      <Execution id="232b130c-59eb-4654-916a-a7c8f8273f0f" />
      <TestMethod codeBase="C:\hcrd\FORM\Test\bin\Debug\net7.0\Test.dll" adapterTypeName="executor://nunit3testexecutor/" className="Test.Orm+Orm(Test.Orm+get_Source@10-1)" name="AsyncInsertMany" />
    </UnitTest>
    <UnitTest name="Reader" storage="c:\hcrd\form\test\bin\debug\net7.0\test.dll" id="f9346500-1cf3-80bd-8353-bd565d17466d">
      <Execution id="8fe888f9-fed7-4790-baee-03e0c7474adc" />
      <TestMethod codeBase="C:\hcrd\FORM\Test\bin\Debug\net7.0\Test.dll" adapterTypeName="executor://nunit3testexecutor/" className="Test.Orm+Orm(Test.Orm+get_Source@10-1)" name="Reader" />
    </UnitTest>
    <UnitTest name="Update" storage="c:\hcrd\form\test\bin\debug\net7.0\test.dll" id="04fe663e-77f4-7638-3d23-56ab2a11f452">
      <Execution id="52484cbb-2699-48b2-ba12-5fdda01ea85a" />
      <TestMethod codeBase="C:\hcrd\FORM\Test\bin\Debug\net7.0\Test.dll" adapterTypeName="executor://nunit3testexecutor/" className="Test.Orm+Orm(Test.Orm+get_Source@11-2)" name="Update" />
    </UnitTest>
    <UnitTest name="AsyncInsertMany" storage="c:\hcrd\form\test\bin\debug\net7.0\test.dll" id="e186cb41-ccfc-470e-4504-ff1de0e02fd6">
      <Execution id="b5dc2b74-f5ea-46e0-a149-d6adbf062421" />
      <TestMethod codeBase="C:\hcrd\FORM\Test\bin\Debug\net7.0\Test.dll" adapterTypeName="executor://nunit3testexecutor/" className="Test.Orm+Orm(Test.Orm+get_Source@11-2)" name="AsyncInsertMany" />
    </UnitTest>
    <UnitTest name="Update" storage="c:\hcrd\form\test\bin\debug\net7.0\test.dll" id="685fd3d2-6ac3-c066-f340-f935822e65eb">
      <Execution id="0c81b53e-a4e2-4fe8-8bd8-f001d2bcc451" />
      <TestMethod codeBase="C:\hcrd\FORM\Test\bin\Debug\net7.0\Test.dll" adapterTypeName="executor://nunit3testexecutor/" className="Test.Orm+Orm(Test.Orm+get_Source@10-1)" name="Update" />
    </UnitTest>
    <UnitTest name="QueryBuild" storage="c:\hcrd\form\test\bin\debug\net7.0\test.dll" id="9c5af40b-4e18-c869-7f11-c793b0cd45f9">
      <Execution id="f4a2dcbe-a525-4928-bd22-eecff4aae685" />
      <TestMethod codeBase="C:\hcrd\FORM\Test\bin\Debug\net7.0\Test.dll" adapterTypeName="executor://nunit3testexecutor/" className="Test.Orm+Orm(Test.Orm+get_Source@10-1)" name="QueryBuild" />
    </UnitTest>
    <UnitTest name="TearDown" storage="c:\hcrd\form\test\bin\debug\net7.0\test.dll" id="32e05ec3-148e-77cd-f32a-bea700e74b04">
      <Execution id="188dbd1d-079e-44fa-9284-952908de4219" />
      <TestMethod codeBase="C:\hcrd\FORM\Test\bin\Debug\net7.0\Test.dll" adapterTypeName="executor://nunit3testexecutor/" className="Test.Orm+Orm(Test.Orm+get_Source@11-2)" name="TearDown" />
    </UnitTest>
    <UnitTest name="Insert" storage="c:\hcrd\form\test\bin\debug\net7.0\test.dll" id="45fe581a-79a6-d39d-38f9-646e4aefd98f">
      <Execution id="35445d92-0b45-4403-aea7-83db7c5fdc1b" />
      <TestMethod codeBase="C:\hcrd\FORM\Test\bin\Debug\net7.0\Test.dll" adapterTypeName="executor://nunit3testexecutor/" className="Test.Orm+Orm(Test.Orm+get_Source@10-1)" name="Insert" />
    </UnitTest>
    <UnitTest name="InsertDeleteSelect" storage="c:\hcrd\form\test\bin\debug\net7.0\test.dll" id="3e7f6762-f253-2395-a98b-b7024bc8f76d">
      <Execution id="dd4c6f7d-5974-4dc5-8d32-3150f80eedec" />
      <TestMethod codeBase="C:\hcrd\FORM\Test\bin\Debug\net7.0\Test.dll" adapterTypeName="executor://nunit3testexecutor/" className="Test.Orm+OrmTransaction(Test.Orm+get_Source@10-1)" name="InsertDeleteSelect" />
    </UnitTest>
    <UnitTest name="Connect" storage="c:\hcrd\form\test\bin\debug\net7.0\test.dll" id="5d408274-7e76-d306-80c5-5a9bfe39a193">
      <Execution id="8e5122e3-6c7e-4033-bfe8-ba52ceda6795" />
      <TestMethod codeBase="C:\hcrd\FORM\Test\bin\Debug\net7.0\Test.dll" adapterTypeName="executor://nunit3testexecutor/" className="Test.Orm+Orm(Test.Orm+get_Source@11-2)" name="Connect" />
    </UnitTest>
    <UnitTest name="Select" storage="c:\hcrd\form\test\bin\debug\net7.0\test.dll" id="d9987b9d-24a0-d4c4-e4b0-295b5a496f9c">
      <Execution id="3ff9dab0-16ef-4267-9582-42d0e6c88038" />
      <TestMethod codeBase="C:\hcrd\FORM\Test\bin\Debug\net7.0\Test.dll" adapterTypeName="executor://nunit3testexecutor/" className="Test.Orm+Orm(Test.Orm+get_Source@11-2)" name="Select" />
    </UnitTest>
    <UnitTest name="ReaderWithTransaction" storage="c:\hcrd\form\test\bin\debug\net7.0\test.dll" id="9798df95-32ca-8c71-56f5-d297f4317542">
      <Execution id="2a64b4dd-4ad1-428e-9c2d-e04f3c72f599" />
      <TestMethod codeBase="C:\hcrd\FORM\Test\bin\Debug\net7.0\Test.dll" adapterTypeName="executor://nunit3testexecutor/" className="Test.Orm+OrmTransaction(Test.Orm+get_Source@11-2)" name="ReaderWithTransaction" />
    </UnitTest>
    <UnitTest name="DeleteWhere" storage="c:\hcrd\form\test\bin\debug\net7.0\test.dll" id="6f25e22c-fb80-3b16-8268-1639c4107ef2">
      <Execution id="7090d817-d0bf-4af0-9302-13f1faf6d432" />
      <TestMethod codeBase="C:\hcrd\FORM\Test\bin\Debug\net7.0\Test.dll" adapterTypeName="executor://nunit3testexecutor/" className="Test.Orm+Orm(Test.Orm+get_Source@11-2)" name="DeleteWhere" />
    </UnitTest>
    <UnitTest name="InsertUpdateSelect" storage="c:\hcrd\form\test\bin\debug\net7.0\test.dll" id="36c067cb-46f5-9f5c-c278-1bb2ce6e133f">
      <Execution id="48d31e4c-56ae-433b-a621-e17957e0bc1e" />
      <TestMethod codeBase="C:\hcrd\FORM\Test\bin\Debug\net7.0\Test.dll" adapterTypeName="executor://nunit3testexecutor/" className="Test.Orm+OrmTransaction(Test.Orm+get_Source@10-1)" name="InsertUpdateSelect" />
    </UnitTest>
    <UnitTest name="InsertUpdateSelect" storage="c:\hcrd\form\test\bin\debug\net7.0\test.dll" id="e1d96324-45ef-45d2-544f-68bf57e5356c">
      <Execution id="5bc063a9-f1b6-44d6-8151-7c0c5c0c6d53" />
      <TestMethod codeBase="C:\hcrd\FORM\Test\bin\Debug\net7.0\Test.dll" adapterTypeName="executor://nunit3testexecutor/" className="Test.Orm+OrmTransaction(Test.Orm+get_Source@11-2)" name="InsertUpdateSelect" />
    </UnitTest>
    <UnitTest name="InsertSelect" storage="c:\hcrd\form\test\bin\debug\net7.0\test.dll" id="4525c845-e5a6-179a-b7d8-7666e50f57e3">
      <Execution id="b04c6095-f8c7-46a7-a07a-69dceed8f07a" />
      <TestMethod codeBase="C:\hcrd\FORM\Test\bin\Debug\net7.0\Test.dll" adapterTypeName="executor://nunit3testexecutor/" className="Test.Orm+OrmTransaction(Test.Orm+get_Source@11-2)" name="InsertSelect" />
    </UnitTest>
    <UnitTest name="Connect" storage="c:\hcrd\form\test\bin\debug\net7.0\test.dll" id="0fa2da76-10fd-3535-9c31-82a6b7dc1dc6">
      <Execution id="d338ff70-0b9f-42a0-99b7-9fd707f3a95e" />
      <TestMethod codeBase="C:\hcrd\FORM\Test\bin\Debug\net7.0\Test.dll" adapterTypeName="executor://nunit3testexecutor/" className="Test.Orm+Orm(Test.Orm+get_Source@10-1)" name="Connect" />
    </UnitTest>
    <UnitTest name="AsyncSelect" storage="c:\hcrd\form\test\bin\debug\net7.0\test.dll" id="61f0b5cf-ef38-9058-efa5-2f7880f262a9">
      <Execution id="95cc11d5-be62-476b-a49a-b316fe24b752" />
      <TestMethod codeBase="C:\hcrd\FORM\Test\bin\Debug\net7.0\Test.dll" adapterTypeName="executor://nunit3testexecutor/" className="Test.Orm+Orm(Test.Orm+get_Source@10-1)" name="AsyncSelect" />
    </UnitTest>
    <UnitTest name="InsertDeleteSelect" storage="c:\hcrd\form\test\bin\debug\net7.0\test.dll" id="d73ca3dd-6f0d-02ae-9b15-97da40bf6710">
      <Execution id="e3458c0b-7a87-49b8-9f71-480686a126d8" />
      <TestMethod codeBase="C:\hcrd\FORM\Test\bin\Debug\net7.0\Test.dll" adapterTypeName="executor://nunit3testexecutor/" className="Test.Orm+OrmTransaction(Test.Orm+get_Source@11-2)" name="InsertDeleteSelect" />
    </UnitTest>
    <UnitTest name="UpdateMany" storage="c:\hcrd\form\test\bin\debug\net7.0\test.dll" id="109960d2-3813-538d-c791-8f455002f0b6">
      <Execution id="c964b5f8-daa6-4846-ac48-375c3e3a0ef2" />
      <TestMethod codeBase="C:\hcrd\FORM\Test\bin\Debug\net7.0\Test.dll" adapterTypeName="executor://nunit3testexecutor/" className="Test.Orm+Orm(Test.Orm+get_Source@10-1)" name="UpdateMany" />
    </UnitTest>
    <UnitTest name="InsertMany" storage="c:\hcrd\form\test\bin\debug\net7.0\test.dll" id="808acbda-4118-700a-9ab5-75ef8abf7449">
      <Execution id="a8960044-6e13-497f-bbfa-5a2fc375475d" />
      <TestMethod codeBase="C:\hcrd\FORM\Test\bin\Debug\net7.0\Test.dll" adapterTypeName="executor://nunit3testexecutor/" className="Test.Orm+Orm(Test.Orm+get_Source@11-2)" name="InsertMany" />
    </UnitTest>
    <UnitTest name="QueryBuild" storage="c:\hcrd\form\test\bin\debug\net7.0\test.dll" id="61dcfb39-11fa-e241-4f87-9ef81d7da35f">
      <Execution id="177ac89a-ef16-4ae1-ab08-a70534fc7def" />
      <TestMethod codeBase="C:\hcrd\FORM\Test\bin\Debug\net7.0\Test.dll" adapterTypeName="executor://nunit3testexecutor/" className="Test.Orm+Orm(Test.Orm+get_Source@11-2)" name="QueryBuild" />
    </UnitTest>
    <UnitTest name="InsertMany" storage="c:\hcrd\form\test\bin\debug\net7.0\test.dll" id="9efe28fc-5719-572e-16c6-a90cc0bb8bcd">
      <Execution id="081f0f1b-c98c-46d5-86fc-acd23988ffd1" />
      <TestMethod codeBase="C:\hcrd\FORM\Test\bin\Debug\net7.0\Test.dll" adapterTypeName="executor://nunit3testexecutor/" className="Test.Orm+Orm(Test.Orm+get_Source@10-1)" name="InsertMany" />
    </UnitTest>
    <UnitTest name="Reader" storage="c:\hcrd\form\test\bin\debug\net7.0\test.dll" id="45a1c35a-206a-680b-7adf-97b4f1220fb1">
      <Execution id="5d643a09-89f7-4555-97bf-9a43d8b6788e" />
      <TestMethod codeBase="C:\hcrd\FORM\Test\bin\Debug\net7.0\Test.dll" adapterTypeName="executor://nunit3testexecutor/" className="Test.Orm+Orm(Test.Orm+get_Source@11-2)" name="Reader" />
    </UnitTest>
    <UnitTest name="DeleteMany" storage="c:\hcrd\form\test\bin\debug\net7.0\test.dll" id="15e7aaf0-1e10-0c65-15f8-df3a9c6f37ce">
      <Execution id="eb554d05-a93a-4459-af3b-1b9a3ad56583" />
      <TestMethod codeBase="C:\hcrd\FORM\Test\bin\Debug\net7.0\Test.dll" adapterTypeName="executor://nunit3testexecutor/" className="Test.Orm+Orm(Test.Orm+get_Source@11-2)" name="DeleteMany" />
    </UnitTest>
    <UnitTest name="TearDown" storage="c:\hcrd\form\test\bin\debug\net7.0\test.dll" id="cc8f9a7d-2cf1-cea4-783c-8b829390949b">
      <Execution id="5dc3c5f6-a6f3-42c8-8679-bf741eebfb4f" />
      <TestMethod codeBase="C:\hcrd\FORM\Test\bin\Debug\net7.0\Test.dll" adapterTypeName="executor://nunit3testexecutor/" className="Test.Orm+Orm(Test.Orm+get_Source@10-1)" name="TearDown" />
    </UnitTest>
    <UnitTest name="Select" storage="c:\hcrd\form\test\bin\debug\net7.0\test.dll" id="53d2384a-fbb2-a413-58be-1fd0675167cd">
      <Execution id="13b8dd38-b856-4b72-a5ce-68c480226b2e" />
      <TestMethod codeBase="C:\hcrd\FORM\Test\bin\Debug\net7.0\Test.dll" adapterTypeName="executor://nunit3testexecutor/" className="Test.Orm+Orm(Test.Orm+get_Source@10-1)" name="Select" />
    </UnitTest>
    <UnitTest name="Delete" storage="c:\hcrd\form\test\bin\debug\net7.0\test.dll" id="49a6d652-58bf-e834-bc8e-37de72d62c3c">
      <Execution id="b611dc95-bd0a-4efc-9bcd-be4b815eecfb" />
      <TestMethod codeBase="C:\hcrd\FORM\Test\bin\Debug\net7.0\Test.dll" adapterTypeName="executor://nunit3testexecutor/" className="Test.Orm+Orm(Test.Orm+get_Source@10-1)" name="Delete" />
    </UnitTest>
  </TestDefinitions>
  <TestEntries>
    <TestEntry testId="5d408274-7e76-d306-80c5-5a9bfe39a193" executionId="8e5122e3-6c7e-4033-bfe8-ba52ceda6795" testListId="8c84fa94-04c1-424b-9868-57a2d4851a1d" />
    <TestEntry testId="637f884a-918a-8683-bb6b-2e0f84146c18" executionId="2026377f-ec65-466c-a02f-88ea19242515" testListId="8c84fa94-04c1-424b-9868-57a2d4851a1d" />
    <TestEntry testId="808acbda-4118-700a-9ab5-75ef8abf7449" executionId="a8960044-6e13-497f-bbfa-5a2fc375475d" testListId="8c84fa94-04c1-424b-9868-57a2d4851a1d" />
    <TestEntry testId="45fe581a-79a6-d39d-38f9-646e4aefd98f" executionId="35445d92-0b45-4403-aea7-83db7c5fdc1b" testListId="8c84fa94-04c1-424b-9868-57a2d4851a1d" />
    <TestEntry testId="a08f704e-7be1-cd70-3c51-7303a35816f9" executionId="232b130c-59eb-4654-916a-a7c8f8273f0f" testListId="8c84fa94-04c1-424b-9868-57a2d4851a1d" />
    <TestEntry testId="aa5ad89d-4386-4bbe-356e-11e72bf7130c" executionId="33086be6-8088-4116-a8ee-ed06b693f11a" testListId="8c84fa94-04c1-424b-9868-57a2d4851a1d" />
    <TestEntry testId="f9346500-1cf3-80bd-8353-bd565d17466d" executionId="8fe888f9-fed7-4790-baee-03e0c7474adc" testListId="8c84fa94-04c1-424b-9868-57a2d4851a1d" />
    <TestEntry testId="e1d96324-45ef-45d2-544f-68bf57e5356c" executionId="5bc063a9-f1b6-44d6-8151-7c0c5c0c6d53" testListId="8c84fa94-04c1-424b-9868-57a2d4851a1d" />
    <TestEntry testId="85caf85c-0ea4-3061-d9ac-49e696c000d2" executionId="f878ce59-af58-4a31-9f61-e0923f99ec4b" testListId="8c84fa94-04c1-424b-9868-57a2d4851a1d" />
    <TestEntry testId="04fe663e-77f4-7638-3d23-56ab2a11f452" executionId="52484cbb-2699-48b2-ba12-5fdda01ea85a" testListId="8c84fa94-04c1-424b-9868-57a2d4851a1d" />
    <TestEntry testId="d9987b9d-24a0-d4c4-e4b0-295b5a496f9c" executionId="3ff9dab0-16ef-4267-9582-42d0e6c88038" testListId="8c84fa94-04c1-424b-9868-57a2d4851a1d" />
    <TestEntry testId="6f25e22c-fb80-3b16-8268-1639c4107ef2" executionId="7090d817-d0bf-4af0-9302-13f1faf6d432" testListId="8c84fa94-04c1-424b-9868-57a2d4851a1d" />
    <TestEntry testId="f40ce5fc-5798-0e4c-4baa-8051a53fb1bc" executionId="b608e305-6039-424b-b4b9-6b3d9539f393" testListId="8c84fa94-04c1-424b-9868-57a2d4851a1d" />
    <TestEntry testId="0fa2da76-10fd-3535-9c31-82a6b7dc1dc6" executionId="d338ff70-0b9f-42a0-99b7-9fd707f3a95e" testListId="8c84fa94-04c1-424b-9868-57a2d4851a1d" />
    <TestEntry testId="3e7f6762-f253-2395-a98b-b7024bc8f76d" executionId="dd4c6f7d-5974-4dc5-8d32-3150f80eedec" testListId="8c84fa94-04c1-424b-9868-57a2d4851a1d" />
    <TestEntry testId="53d2384a-fbb2-a413-58be-1fd0675167cd" executionId="13b8dd38-b856-4b72-a5ce-68c480226b2e" testListId="8c84fa94-04c1-424b-9868-57a2d4851a1d" />
    <TestEntry testId="61f0b5cf-ef38-9058-efa5-2f7880f262a9" executionId="95cc11d5-be62-476b-a49a-b316fe24b752" testListId="8c84fa94-04c1-424b-9868-57a2d4851a1d" />
    <TestEntry testId="45a1c35a-206a-680b-7adf-97b4f1220fb1" executionId="5d643a09-89f7-4555-97bf-9a43d8b6788e" testListId="8c84fa94-04c1-424b-9868-57a2d4851a1d" />
    <TestEntry testId="d8e33ed2-9bff-03c9-e97c-4b6122b57f5f" executionId="39190bc0-d12c-455c-926a-3d8b41058ddc" testListId="8c84fa94-04c1-424b-9868-57a2d4851a1d" />
    <TestEntry testId="64ceac3b-985e-80aa-2ebd-593c0fcb65a1" executionId="20519d72-2fdf-4bea-aa37-5c07e4759fab" testListId="8c84fa94-04c1-424b-9868-57a2d4851a1d" />
    <TestEntry testId="703d9e23-b2da-ec05-d434-5d080ae77160" executionId="da733af4-2def-4743-9553-a7a9a3481eee" testListId="8c84fa94-04c1-424b-9868-57a2d4851a1d" />
    <TestEntry testId="4525c845-e5a6-179a-b7d8-7666e50f57e3" executionId="b04c6095-f8c7-46a7-a07a-69dceed8f07a" testListId="8c84fa94-04c1-424b-9868-57a2d4851a1d" />
    <TestEntry testId="32e05ec3-148e-77cd-f32a-bea700e74b04" executionId="188dbd1d-079e-44fa-9284-952908de4219" testListId="8c84fa94-04c1-424b-9868-57a2d4851a1d" />
    <TestEntry testId="9c5af40b-4e18-c869-7f11-c793b0cd45f9" executionId="f4a2dcbe-a525-4928-bd22-eecff4aae685" testListId="8c84fa94-04c1-424b-9868-57a2d4851a1d" />
    <TestEntry testId="d73ca3dd-6f0d-02ae-9b15-97da40bf6710" executionId="e3458c0b-7a87-49b8-9f71-480686a126d8" testListId="8c84fa94-04c1-424b-9868-57a2d4851a1d" />
    <TestEntry testId="36c067cb-46f5-9f5c-c278-1bb2ce6e133f" executionId="48d31e4c-56ae-433b-a621-e17957e0bc1e" testListId="8c84fa94-04c1-424b-9868-57a2d4851a1d" />
    <TestEntry testId="685fd3d2-6ac3-c066-f340-f935822e65eb" executionId="0c81b53e-a4e2-4fe8-8bd8-f001d2bcc451" testListId="8c84fa94-04c1-424b-9868-57a2d4851a1d" />
    <TestEntry testId="a90e932c-1181-7947-bd3f-cd4c26ae5c6c" executionId="3eae40c9-7c2f-4323-9f95-009c5a45b7eb" testListId="8c84fa94-04c1-424b-9868-57a2d4851a1d" />
    <TestEntry testId="40146aef-5e24-931c-f935-d8cb1c2a1a7b" executionId="2a3cc0c5-6ddd-4085-b7bb-c75fa47d5cee" testListId="8c84fa94-04c1-424b-9868-57a2d4851a1d" />
    <TestEntry testId="e186cb41-ccfc-470e-4504-ff1de0e02fd6" executionId="b5dc2b74-f5ea-46e0-a149-d6adbf062421" testListId="8c84fa94-04c1-424b-9868-57a2d4851a1d" />
    <TestEntry testId="109960d2-3813-538d-c791-8f455002f0b6" executionId="c964b5f8-daa6-4846-ac48-375c3e3a0ef2" testListId="8c84fa94-04c1-424b-9868-57a2d4851a1d" />
    <TestEntry testId="644b827d-b769-3bd3-ee9c-d9b3a6561434" executionId="32ed3ccd-b994-4747-9263-a93b7bc6eebc" testListId="8c84fa94-04c1-424b-9868-57a2d4851a1d" />
    <TestEntry testId="17b58aeb-30c9-6964-6c40-fbab11cb0ed7" executionId="322b1ae2-00ef-4836-a014-62fdbff4444d" testListId="8c84fa94-04c1-424b-9868-57a2d4851a1d" />
    <TestEntry testId="cc8f9a7d-2cf1-cea4-783c-8b829390949b" executionId="5dc3c5f6-a6f3-42c8-8679-bf741eebfb4f" testListId="8c84fa94-04c1-424b-9868-57a2d4851a1d" />
    <TestEntry testId="b2ee8ff5-43fd-9922-0a20-e7fbb2d8497e" executionId="f5df5ca8-f0b6-44fe-9ccb-3409ab298032" testListId="8c84fa94-04c1-424b-9868-57a2d4851a1d" />
    <TestEntry testId="56e96ce4-50b6-5365-cfd5-b3ce8ae0fd29" executionId="33fea7d7-c6be-43f0-ab89-91b4f57b223c" testListId="8c84fa94-04c1-424b-9868-57a2d4851a1d" />
    <TestEntry testId="49a6d652-58bf-e834-bc8e-37de72d62c3c" executionId="b611dc95-bd0a-4efc-9bcd-be4b815eecfb" testListId="8c84fa94-04c1-424b-9868-57a2d4851a1d" />
    <TestEntry testId="9efe28fc-5719-572e-16c6-a90cc0bb8bcd" executionId="081f0f1b-c98c-46d5-86fc-acd23988ffd1" testListId="8c84fa94-04c1-424b-9868-57a2d4851a1d" />
    <TestEntry testId="15e7aaf0-1e10-0c65-15f8-df3a9c6f37ce" executionId="eb554d05-a93a-4459-af3b-1b9a3ad56583" testListId="8c84fa94-04c1-424b-9868-57a2d4851a1d" />
    <TestEntry testId="9914cd5e-0327-22a6-d447-faa2be9ff7a1" executionId="ba1c24f5-2a69-4050-9d07-96fe07aaa4e6" testListId="8c84fa94-04c1-424b-9868-57a2d4851a1d" />
    <TestEntry testId="61dcfb39-11fa-e241-4f87-9ef81d7da35f" executionId="177ac89a-ef16-4ae1-ab08-a70534fc7def" testListId="8c84fa94-04c1-424b-9868-57a2d4851a1d" />
    <TestEntry testId="9798df95-32ca-8c71-56f5-d297f4317542" executionId="2a64b4dd-4ad1-428e-9c2d-e04f3c72f599" testListId="8c84fa94-04c1-424b-9868-57a2d4851a1d" />
  </TestEntries>
  <TestLists>
    <TestList name="Results Not in a List" id="8c84fa94-04c1-424b-9868-57a2d4851a1d" />
    <TestList name="All Loaded Results" id="19431567-8539-422a-85d7-44ee4e166bda" />
  </TestLists>
  <ResultSummary outcome="Completed">
    <Counters total="42" executed="42" passed="42" failed="0" error="0" timeout="0" aborted="0" inconclusive="0" passedButRunAborted="0" notRunnable="0" notExecuted="0" disconnected="0" warning="0" completed="0" inProgress="0" pending="0" />
    <Output>
      <StdOut>NUnit Adapter 4.4.0.0: Test execution started&#xD;
Running all tests in C:\hcrd\FORM\Test\bin\Debug\net7.0\Test.dll&#xD;
   NUnit3TestExecutor discovered 42 of 42 NUnit test cases using Current Discovery mode, Non-Explicit run&#xD;
AsyncSelect: facts: seq&#xD;
  [{ indexId = 1L&#xD;
     id = "ea9ad88f-a992-417d-ae8b-23fde895ed5e"&#xD;
     name = "Gerry McGuire"&#xD;
     timeStamp = "9/17/2023 7:18:49 PM"&#xD;
     specialChar = "Δ"&#xD;
     maybeSomething = "true"&#xD;
     sometimesNothing = Some 1L&#xD;
     biteSize = "!aBite"&#xD;
     subFact = None }; { indexId = 1L&#xD;
                         id = "9398134e-4407-45d6-9516-05b5bb8793dd"&#xD;
                         name = "Gerry McGuire"&#xD;
                         timeStamp = "9/17/2023 7:18:49 PM"&#xD;
                         specialChar = "Δ"&#xD;
                         maybeSomething = "true"&#xD;
                         sometimesNothing = None&#xD;
                         biteSize = "!aBite"&#xD;
                         subFact = None };&#xD;
   { indexId = 1L&#xD;
     id = "68326932-336d-44a7-a4f6-2de5fb6fb5e9"&#xD;
     name = "Gerry McGuire"&#xD;
     timeStamp = "9/17/2023 7:18:49 PM"&#xD;
     specialChar = "Δ"&#xD;
     maybeSomething = "true"&#xD;
     sometimesNothing = Some 1L&#xD;
     biteSize = "!aBite"&#xD;
     subFact = None }; { indexId = 1L&#xD;
                         id = "26661d57-0871-4389-ad85-f60b235b07b8"&#xD;
                         name = "Gerry McGuire"&#xD;
                         timeStamp = "9/17/2023 7:18:49 PM"&#xD;
                         specialChar = "Δ"&#xD;
                         maybeSomething = "true"&#xD;
                         sometimesNothing = Some 1L&#xD;
                         biteSize = "!aBite"&#xD;
                         subFact = None }]&#xD;
Delete: facts: 0&#xD;
DeleteMany: 2&#xD;
DeleteWhere: facts: 2&#xD;
Reader: Error: Index was outside the bounds of the array.&#xD;
Select: facts: seq&#xD;
  [{ indexId = 1L&#xD;
     id = "4c0c853e-1b31-490c-841e-6a75faba071d"&#xD;
     name = "Gerry McGuire"&#xD;
     timeStamp = "9/17/2023 7:18:59 PM"&#xD;
     specialChar = "Δ"&#xD;
     maybeSomething = "true"&#xD;
     sometimesNothing = Some 1L&#xD;
     biteSize = "!aBite"&#xD;
     subFact = None }; { indexId = 1L&#xD;
                         id = "ea9ad88f-a992-417d-ae8b-23fde895ed5e"&#xD;
                         name = "Gerry McGuire"&#xD;
                         timeStamp = "9/17/2023 7:18:59 PM"&#xD;
                         specialChar = "Δ"&#xD;
                         maybeSomething = "true"&#xD;
                         sometimesNothing = Some 1L&#xD;
                         biteSize = "!aBite"&#xD;
                         subFact = None };&#xD;
   { indexId = 1L&#xD;
     id = "9398134e-4407-45d6-9516-05b5bb8793dd"&#xD;
     name = "Gerry McGuire"&#xD;
     timeStamp = "9/17/2023 7:18:59 PM"&#xD;
     specialChar = "Δ"&#xD;
     maybeSomething = "true"&#xD;
     sometimesNothing = None&#xD;
     biteSize = "!aBite"&#xD;
     subFact = None }; { indexId = 1L&#xD;
                         id = "68326932-336d-44a7-a4f6-2de5fb6fb5e9"&#xD;
                         name = "Gerry McGuire"&#xD;
                         timeStamp = "9/17/2023 7:18:59 PM"&#xD;
                         specialChar = "Δ"&#xD;
                         maybeSomething = "true"&#xD;
                         sometimesNothing = Some 1L&#xD;
                         biteSize = "!aBite"&#xD;
                         subFact = None }; ...]&#xD;
SelectLimit: facts: seq&#xD;
  [{ indexId = 1L&#xD;
     id = "4c0c853e-1b31-490c-841e-6a75faba071d"&#xD;
     name = "Gerry McGuire"&#xD;
     timeStamp = "9/17/2023 7:18:59 PM"&#xD;
     specialChar = "Δ"&#xD;
     maybeSomething = "true"&#xD;
     sometimesNothing = Some 1L&#xD;
     biteSize = "!aBite"&#xD;
     subFact = None }; { indexId = 1L&#xD;
                         id = "ea9ad88f-a992-417d-ae8b-23fde895ed5e"&#xD;
                         name = "Gerry McGuire"&#xD;
                         timeStamp = "9/17/2023 7:18:59 PM"&#xD;
                         specialChar = "Δ"&#xD;
                         maybeSomething = "true"&#xD;
                         sometimesNothing = Some 1L&#xD;
                         biteSize = "!aBite"&#xD;
                         subFact = None };&#xD;
   { indexId = 1L&#xD;
     id = "9398134e-4407-45d6-9516-05b5bb8793dd"&#xD;
     name = "Gerry McGuire"&#xD;
     timeStamp = "9/17/2023 7:18:59 PM"&#xD;
     specialChar = "Δ"&#xD;
     maybeSomething = "true"&#xD;
     sometimesNothing = None&#xD;
     biteSize = "!aBite"&#xD;
     subFact = None }; { indexId = 1L&#xD;
                         id = "68326932-336d-44a7-a4f6-2de5fb6fb5e9"&#xD;
                         name = "Gerry McGuire"&#xD;
                         timeStamp = "9/17/2023 7:18:59 PM"&#xD;
                         specialChar = "Δ"&#xD;
                         maybeSomething = "true"&#xD;
                         sometimesNothing = Some 1L&#xD;
                         biteSize = "!aBite"&#xD;
                         subFact = None }; ...]&#xD;
SelectWhere: facts: seq&#xD;
  [{ indexId = 1L&#xD;
     id = "4c0c853e-1b31-490c-841e-6a75faba071d"&#xD;
     name = "Gerry McGuire"&#xD;
     timeStamp = "9/17/2023 7:18:59 PM"&#xD;
     specialChar = "Δ"&#xD;
     maybeSomething = "true"&#xD;
     sometimesNothing = Some 1L&#xD;
     biteSize = "!aBite"&#xD;
     subFact = None }; { indexId = 1L&#xD;
                         id = "ea9ad88f-a992-417d-ae8b-23fde895ed5e"&#xD;
                         name = "Gerry McGuire"&#xD;
                         timeStamp = "9/17/2023 7:18:59 PM"&#xD;
                         specialChar = "Δ"&#xD;
                         maybeSomething = "true"&#xD;
                         sometimesNothing = Some 1L&#xD;
                         biteSize = "!aBite"&#xD;
                         subFact = None };&#xD;
   { indexId = 1L&#xD;
     id = "9398134e-4407-45d6-9516-05b5bb8793dd"&#xD;
     name = "Gerry McGuire"&#xD;
     timeStamp = "9/17/2023 7:18:59 PM"&#xD;
     specialChar = "Δ"&#xD;
     maybeSomething = "true"&#xD;
     sometimesNothing = None&#xD;
     biteSize = "!aBite"&#xD;
     subFact = None }; { indexId = 1L&#xD;
                         id = "68326932-336d-44a7-a4f6-2de5fb6fb5e9"&#xD;
                         name = "Gerry McGuire"&#xD;
                         timeStamp = "9/17/2023 7:18:59 PM"&#xD;
                         specialChar = "Δ"&#xD;
                         maybeSomething = "true"&#xD;
                         sometimesNothing = Some 1L&#xD;
                         biteSize = "!aBite"&#xD;
                         subFact = None }; ...]&#xD;
TearDown: Transaction: None&#xD;
Update: facts: 1&#xD;
UpdateWhere: facts: 5&#xD;
AsyncSelect: facts: seq&#xD;
  [{ indexId = 1L&#xD;
     id = "af3e508f-fe06-46da-828c-19fa858dad3e"&#xD;
     name = "Gerry McGuire"&#xD;
     timeStamp = "9/17/2023 7:18:59 PM"&#xD;
     specialChar = "Δ"&#xD;
     maybeSomething = "true"&#xD;
     sometimesNothing = Some 1L&#xD;
     biteSize = "!aBite"&#xD;
     subFact = None }; { indexId = 1L&#xD;
                         id = "51c12e37-6f8e-4756-9e0a-527f35a82ad5"&#xD;
                         name = "Gerry McGuire"&#xD;
                         timeStamp = "9/17/2023 7:18:59 PM"&#xD;
                         specialChar = "Δ"&#xD;
                         maybeSomething = "true"&#xD;
                         sometimesNothing = Some 1L&#xD;
                         biteSize = "!aBite"&#xD;
                         subFact = None };&#xD;
   { indexId = 1L&#xD;
     id = "22f7698d-a572-40d8-bff3-9f9ec966fd52"&#xD;
     name = "Gerry McGuire"&#xD;
     timeStamp = "9/17/2023 7:18:59 PM"&#xD;
     specialChar = "Δ"&#xD;
     maybeSomething = "true"&#xD;
     sometimesNothing = None&#xD;
     biteSize = "!aBite"&#xD;
     subFact = None }; { indexId = 1L&#xD;
                         id = "37a99c6d-8923-4810-9f3d-934a32e23814"&#xD;
                         name = "Gerry McGuire"&#xD;
                         timeStamp = "9/17/2023 7:18:59 PM"&#xD;
                         specialChar = "Δ"&#xD;
                         maybeSomething = "true"&#xD;
                         sometimesNothing = Some 1L&#xD;
                         biteSize = "!aBite"&#xD;
                         subFact = None }]&#xD;
Delete: facts: 0&#xD;
DeleteMany: 2&#xD;
DeleteWhere: facts: 2&#xD;
Reader: Error: Index was outside the bounds of the array.&#xD;
Select: facts: seq&#xD;
  [{ indexId = 1L&#xD;
     id = "097d331c-bdd3-4c45-8a96-571d63a22748"&#xD;
     name = "Gerry McGuire"&#xD;
     timeStamp = "9/17/2023 7:19:19 PM"&#xD;
     specialChar = "Δ"&#xD;
     maybeSomething = "true"&#xD;
     sometimesNothing = Some 1L&#xD;
     biteSize = "!aBite"&#xD;
     subFact = None }; { indexId = 1L&#xD;
                         id = "51c12e37-6f8e-4756-9e0a-527f35a82ad5"&#xD;
                         name = "Gerry McGuire"&#xD;
                         timeStamp = "9/17/2023 7:19:19 PM"&#xD;
                         specialChar = "Δ"&#xD;
                         maybeSomething = "true"&#xD;
                         sometimesNothing = Some 1L&#xD;
                         biteSize = "!aBite"&#xD;
                         subFact = None };&#xD;
   { indexId = 1L&#xD;
     id = "22f7698d-a572-40d8-bff3-9f9ec966fd52"&#xD;
     name = "Gerry McGuire"&#xD;
     timeStamp = "9/17/2023 7:19:19 PM"&#xD;
     specialChar = "Δ"&#xD;
     maybeSomething = "true"&#xD;
     sometimesNothing = None&#xD;
     biteSize = "!aBite"&#xD;
     subFact = None }; { indexId = 1L&#xD;
                         id = "37a99c6d-8923-4810-9f3d-934a32e23814"&#xD;
                         name = "Gerry McGuire"&#xD;
                         timeStamp = "9/17/2023 7:19:19 PM"&#xD;
                         specialChar = "Δ"&#xD;
                         maybeSomething = "true"&#xD;
                         sometimesNothing = Some 1L&#xD;
                         biteSize = "!aBite"&#xD;
                         subFact = None }; ...]&#xD;
SelectLimit: facts: seq&#xD;
  [{ indexId = 1L&#xD;
     id = "2d47df76-6cc1-4a5e-91d8-df4dc459353f"&#xD;
     name = "Gerry McGuire"&#xD;
     timeStamp = "9/17/2023 7:19:19 PM"&#xD;
     specialChar = "Δ"&#xD;
     maybeSomething = "true"&#xD;
     sometimesNothing = Some 1L&#xD;
     biteSize = "!aBite"&#xD;
     subFact = None }; { indexId = 1L&#xD;
                         id = "37a99c6d-8923-4810-9f3d-934a32e23814"&#xD;
                         name = "Gerry McGuire"&#xD;
                         timeStamp = "9/17/2023 7:19:19 PM"&#xD;
                         specialChar = "Δ"&#xD;
                         maybeSomething = "true"&#xD;
                         sometimesNothing = Some 1L&#xD;
                         biteSize = "!aBite"&#xD;
                         subFact = None };&#xD;
   { indexId = 1L&#xD;
     id = "22f7698d-a572-40d8-bff3-9f9ec966fd52"&#xD;
     name = "Gerry McGuire"&#xD;
     timeStamp = "9/17/2023 7:19:19 PM"&#xD;
     specialChar = "Δ"&#xD;
     maybeSomething = "true"&#xD;
     sometimesNothing = None&#xD;
     biteSize = "!aBite"&#xD;
     subFact = None }; { indexId = 1L&#xD;
                         id = "51c12e37-6f8e-4756-9e0a-527f35a82ad5"&#xD;
                         name = "Gerry McGuire"&#xD;
                         timeStamp = "9/17/2023 7:19:19 PM"&#xD;
                         specialChar = "Δ"&#xD;
                         maybeSomething = "true"&#xD;
                         sometimesNothing = Some 1L&#xD;
                         biteSize = "!aBite"&#xD;
                         subFact = None }; ...]&#xD;
SelectWhere: facts: seq&#xD;
  [{ indexId = 1L&#xD;
     id = "097d331c-bdd3-4c45-8a96-571d63a22748"&#xD;
     name = "Gerry McGuire"&#xD;
     timeStamp = "9/17/2023 7:19:19 PM"&#xD;
     specialChar = "Δ"&#xD;
     maybeSomething = "true"&#xD;
     sometimesNothing = Some 1L&#xD;
     biteSize = "!aBite"&#xD;
     subFact = None }; { indexId = 1L&#xD;
                         id = "51c12e37-6f8e-4756-9e0a-527f35a82ad5"&#xD;
                         name = "Gerry McGuire"&#xD;
                         timeStamp = "9/17/2023 7:19:19 PM"&#xD;
                         specialChar = "Δ"&#xD;
                         maybeSomething = "true"&#xD;
                         sometimesNothing = Some 1L&#xD;
                         biteSize = "!aBite"&#xD;
                         subFact = None };&#xD;
   { indexId = 1L&#xD;
     id = "22f7698d-a572-40d8-bff3-9f9ec966fd52"&#xD;
     name = "Gerry McGuire"&#xD;
     timeStamp = "9/17/2023 7:19:19 PM"&#xD;
     specialChar = "Δ"&#xD;
     maybeSomething = "true"&#xD;
     sometimesNothing = None&#xD;
     biteSize = "!aBite"&#xD;
     subFact = None }; { indexId = 1L&#xD;
                         id = "37a99c6d-8923-4810-9f3d-934a32e23814"&#xD;
                         name = "Gerry McGuire"&#xD;
                         timeStamp = "9/17/2023 7:19:19 PM"&#xD;
                         specialChar = "Δ"&#xD;
                         maybeSomething = "true"&#xD;
                         sometimesNothing = Some 1L&#xD;
                         biteSize = "!aBite"&#xD;
                         subFact = None }; ...]&#xD;
TearDown: Transaction: None&#xD;
Update: facts: 1&#xD;
UpdateWhere: facts: 5&#xD;
InsertUpdateSelect: You remembered the facts: { indexId = 1L&#xD;
  id = "5cd6a194-7a5d-4310-8a64-548b1831e387"&#xD;
  name = "Gerry McGuire"&#xD;
  timeStamp = "9/17/2023 7:19:20 PM"&#xD;
  specialChar = "Δ"&#xD;
  maybeSomething = "true"&#xD;
  sometimesNothing = Some 1L&#xD;
  biteSize = "!aBite"&#xD;
  subFact = Some "sooper dooper secret fact" } - { indexId = 1L&#xD;
  id = "5cd6a194-7a5d-4310-8a64-548b1831e387"&#xD;
  name = "All Facts, All the Time"&#xD;
  timeStamp = "9/17/2023 7:19:20 PM"&#xD;
  specialChar = "Δ"&#xD;
  maybeSomething = "true"&#xD;
  sometimesNothing = Some 1L&#xD;
  biteSize = "!aBite"&#xD;
  subFact = None } | Error: No connection associated with this command&#xD;
ReaderWithTransaction: Error: No connection associated with this command&#xD;
InsertUpdateSelect: You remembered the facts: { indexId = 1L&#xD;
  id = "3bfa1879-418f-4aed-9084-07410534e1a5"&#xD;
  name = "Gerry McGuire"&#xD;
  timeStamp = "9/17/2023 7:19:20 PM"&#xD;
  specialChar = "Δ"&#xD;
  maybeSomething = "true"&#xD;
  sometimesNothing = Some 1L&#xD;
  biteSize = "!aBite"&#xD;
  subFact = Some "sooper dooper secret fact" } - { indexId = 1L&#xD;
  id = "3bfa1879-418f-4aed-9084-07410534e1a5"&#xD;
  name = "All Facts, All the Time"&#xD;
  timeStamp = "9/17/2023 7:19:20 PM"&#xD;
  specialChar = "Δ"&#xD;
  maybeSomething = "true"&#xD;
  sometimesNothing = Some 1L&#xD;
  biteSize = "!aBite"&#xD;
  subFact = None } | seq [{ indexId = 1L&#xD;
       id = "3bfa1879-418f-4aed-9084-07410534e1a5"&#xD;
       name = "All Facts, All the Time"&#xD;
       timeStamp = "9/17/2023 7:19:20 PM"&#xD;
       specialChar = "Δ"&#xD;
       maybeSomething = "true"&#xD;
       sometimesNothing = Some 1L&#xD;
       biteSize = "!aBite"&#xD;
       subFact = None }]&#xD;
ReaderWithTransaction: Error: Index was outside the bounds of the array.&#xD;
NUnit Adapter 4.4.0.0: Test execution complete&#xD;
</StdOut>
    </Output>
    <RunInfos>
      <RunInfo computerName="THE-BIG-RIG" outcome="Warning" timestamp="2023-09-17T19:18:59.1266110-04:00">
        <Text>Query being generated:&#xD;
&#xD;
insert into "Fact" ( "indexId", "id", "sqliteName", "timeStamp", "specialChar", "maybeSomething", "sometimesNothing", "biteSize" ) values ( @indexId, @id, @name, @timeStamp, @specialChar, @maybeSomething, @sometimesNothing, @biteSize )&#xD;
&#xD;
&#xD;
&#xD;
</Text>
      </RunInfo>
      <RunInfo computerName="THE-BIG-RIG" outcome="Warning" timestamp="2023-09-17T19:18:59.1450469-04:00">
        <Text>Asynchronously Selecting All...&#xD;
Query being generated:&#xD;
&#xD;
select "Fact"."indexId", "Fact"."id", "Fact"."sqliteName", "Fact"."timeStamp", "Fact"."specialChar", "Fact"."maybeSomething", "Fact"."sometimesNothing", "Fact"."biteSize", "SubFact"."subFact" from "Fact" left join "SubFact" on "SubFact"."factId" = "Fact"."indexId"&#xD;
&#xD;
&#xD;
&#xD;
{ indexId = 1L&#xD;
  id = "ea9ad88f-a992-417d-ae8b-23fde895ed5e"&#xD;
  name = "Gerry McGuire"&#xD;
  timeStamp = "9/17/2023 7:18:49 PM"&#xD;
  specialChar = "Δ"&#xD;
  maybeSomething = "true"&#xD;
  sometimesNothing = Some 1L&#xD;
  biteSize = "!aBite"&#xD;
  subFact = None }&#xD;
{ indexId = 1L&#xD;
  id = "9398134e-4407-45d6-9516-05b5bb8793dd"&#xD;
  name = "Gerry McGuire"&#xD;
  timeStamp = "9/17/2023 7:18:49 PM"&#xD;
  specialChar = "Δ"&#xD;
  maybeSomething = "true"&#xD;
  sometimesNothing = None&#xD;
  biteSize = "!aBite"&#xD;
  subFact = None }&#xD;
{ indexId = 1L&#xD;
  id = "68326932-336d-44a7-a4f6-2de5fb6fb5e9"&#xD;
  name = "Gerry McGuire"&#xD;
  timeStamp = "9/17/2023 7:18:49 PM"&#xD;
  specialChar = "Δ"&#xD;
  maybeSomething = "true"&#xD;
  sometimesNothing = Some 1L&#xD;
  biteSize = "!aBite"&#xD;
  subFact = None }&#xD;
{ indexId = 1L&#xD;
  id = "26661d57-0871-4389-ad85-f60b235b07b8"&#xD;
  name = "Gerry McGuire"&#xD;
  timeStamp = "9/17/2023 7:18:49 PM"&#xD;
  specialChar = "Δ"&#xD;
  maybeSomething = "true"&#xD;
  sometimesNothing = Some 1L&#xD;
  biteSize = "!aBite"&#xD;
  subFact = None }&#xD;
Query being generated:&#xD;
&#xD;
select "Fact"."indexId", "Fact"."id", "Fact"."sqliteName", "Fact"."timeStamp", "Fact"."specialChar", "Fact"."maybeSomething", "Fact"."sometimesNothing", "Fact"."biteSize", "SubFact"."subFact" from "Fact" left join "SubFact" on "SubFact"."factId" = "Fact"."indexId"&#xD;
&#xD;
&#xD;
&#xD;
</Text>
      </RunInfo>
      <RunInfo computerName="THE-BIG-RIG" outcome="Warning" timestamp="2023-09-17T19:18:59.1474995-04:00">
        <Text>Contest: "Data Source=./test.db;"&#xD;
&#xD;
&#xD;
&#xD;
&#xD;
&#xD;
</Text>
      </RunInfo>
      <RunInfo computerName="THE-BIG-RIG" outcome="Warning" timestamp="2023-09-17T19:18:59.1517750-04:00">
        <Text>Deleting...&#xD;
Query being generated:&#xD;
&#xD;
delete from "Fact" where "Fact"."id" = @id&#xD;
&#xD;
&#xD;
&#xD;
</Text>
      </RunInfo>
      <RunInfo computerName="THE-BIG-RIG" outcome="Warning" timestamp="2023-09-17T19:18:59.1586968-04:00">
        <Text>Deleting Many...&#xD;
Query being generated:&#xD;
&#xD;
delete from "Fact" where "Fact"."id" = @id&#xD;
&#xD;
&#xD;
&#xD;
</Text>
      </RunInfo>
      <RunInfo computerName="THE-BIG-RIG" outcome="Warning" timestamp="2023-09-17T19:18:59.1662277-04:00">
        <Text>Deleting Where...&#xD;
Query being generated:&#xD;
&#xD;
delete from "Fact" where "indexId" = 1&#xD;
&#xD;
&#xD;
&#xD;
</Text>
      </RunInfo>
      <RunInfo computerName="THE-BIG-RIG" outcome="Warning" timestamp="2023-09-17T19:18:59.1757692-04:00">
        <Text>Query being generated:&#xD;
&#xD;
insert into "Fact" ( "indexId", "id", "sqliteName", "timeStamp", "specialChar", "maybeSomething", "sometimesNothing", "biteSize" ) values ( @indexId, @id, @name, @timeStamp, @specialChar, @maybeSomething, @sometimesNothing, @biteSize )&#xD;
&#xD;
&#xD;
&#xD;
Param count: 8&#xD;
Param 0 - "@indexId": 1L&#xD;
Param 1 - "@id": "4c0c853e-1b31-490c-841e-6a75faba071d"&#xD;
Param 2 - "@name": "Gerry McGuire"&#xD;
Param 3 - "@timeStamp": "9/17/2023 7:18:59 PM"&#xD;
Param 4 - "@specialChar": "Δ"&#xD;
Param 5 - "@maybeSomething": "true"&#xD;
Param 6 - "@sometimesNothing": 1L&#xD;
Param 7 - "@biteSize": "!aBite"&#xD;
</Text>
      </RunInfo>
      <RunInfo computerName="THE-BIG-RIG" outcome="Warning" timestamp="2023-09-17T19:18:59.1827950-04:00">
        <Text>Query being generated:&#xD;
&#xD;
insert into "Fact" ( "indexId", "id", "sqliteName", "timeStamp", "specialChar", "maybeSomething", "sometimesNothing", "biteSize" ) values ( @indexId, @id, @name, @timeStamp, @specialChar, @maybeSomething, @sometimesNothing, @biteSize )&#xD;
&#xD;
&#xD;
&#xD;
</Text>
      </RunInfo>
      <RunInfo computerName="THE-BIG-RIG" outcome="Warning" timestamp="2023-09-17T19:18:59.1843625-04:00">
        <Text>""Fact"."indexId", "Fact"."id", "Fact"."sqliteName", "Fact"."timeStamp", "Fact"."specialChar", "Fact"."maybeSomething", "Fact"."sometimesNothing", "Fact"."biteSize", "SubFact"."subFact" from "Fact" left join "SubFact" on "SubFact"."factId" = "Fact"."indexId""&#xD;
</Text>
      </RunInfo>
      <RunInfo computerName="THE-BIG-RIG" outcome="Warning" timestamp="2023-09-17T19:18:59.1901799-04:00">
        <Text>Reading...&#xD;
Query being generated:&#xD;
&#xD;
select * from "Fact"&#xD;
&#xD;
&#xD;
&#xD;
</Text>
      </RunInfo>
      <RunInfo computerName="THE-BIG-RIG" outcome="Warning" timestamp="2023-09-17T19:18:59.1967759-04:00">
        <Text>Selecting All...&#xD;
Query being generated:&#xD;
&#xD;
select "Fact"."indexId", "Fact"."id", "Fact"."sqliteName", "Fact"."timeStamp", "Fact"."specialChar", "Fact"."maybeSomething", "Fact"."sometimesNothing", "Fact"."biteSize", "SubFact"."subFact" from "Fact" left join "SubFact" on "SubFact"."factId" = "Fact"."indexId"&#xD;
&#xD;
&#xD;
&#xD;
{ indexId = 1L&#xD;
  id = "4c0c853e-1b31-490c-841e-6a75faba071d"&#xD;
  name = "Gerry McGuire"&#xD;
  timeStamp = "9/17/2023 7:18:59 PM"&#xD;
  specialChar = "Δ"&#xD;
  maybeSomething = "true"&#xD;
  sometimesNothing = Some 1L&#xD;
  biteSize = "!aBite"&#xD;
  subFact = None }&#xD;
{ indexId = 1L&#xD;
  id = "ea9ad88f-a992-417d-ae8b-23fde895ed5e"&#xD;
  name = "Gerry McGuire"&#xD;
  timeStamp = "9/17/2023 7:18:59 PM"&#xD;
  specialChar = "Δ"&#xD;
  maybeSomething = "true"&#xD;
  sometimesNothing = Some 1L&#xD;
  biteSize = "!aBite"&#xD;
  subFact = None }&#xD;
{ indexId = 1L&#xD;
  id = "9398134e-4407-45d6-9516-05b5bb8793dd"&#xD;
  name = "Gerry McGuire"&#xD;
  timeStamp = "9/17/2023 7:18:59 PM"&#xD;
  specialChar = "Δ"&#xD;
  maybeSomething = "true"&#xD;
  sometimesNothing = None&#xD;
  biteSize = "!aBite"&#xD;
  subFact = None }&#xD;
{ indexId = 1L&#xD;
  id = "68326932-336d-44a7-a4f6-2de5fb6fb5e9"&#xD;
  name = "Gerry McGuire"&#xD;
  timeStamp = "9/17/2023 7:18:59 PM"&#xD;
  specialChar = "Δ"&#xD;
  maybeSomething = "true"&#xD;
  sometimesNothing = Some 1L&#xD;
  biteSize = "!aBite"&#xD;
  subFact = None }&#xD;
{ indexId = 1L&#xD;
  id = "0e176f15-c8a1-43d2-987b-5d19fbaa5a24"&#xD;
  name = "Gerry McGuire"&#xD;
  timeStamp = "9/17/2023 7:18:59 PM"&#xD;
  specialChar = "Δ"&#xD;
  maybeSomething = "true"&#xD;
  sometimesNothing = Some 1L&#xD;
  biteSize = "!aBite"&#xD;
  subFact = None }&#xD;
Query being generated:&#xD;
&#xD;
select "Fact"."indexId", "Fact"."id", "Fact"."sqliteName", "Fact"."timeStamp", "Fact"."specialChar", "Fact"."maybeSomething", "Fact"."sometimesNothing", "Fact"."biteSize", "SubFact"."subFact" from "Fact" left join "SubFact" on "SubFact"."factId" = "Fact"."indexId"&#xD;
&#xD;
&#xD;
&#xD;
</Text>
      </RunInfo>
      <RunInfo computerName="THE-BIG-RIG" outcome="Warning" timestamp="2023-09-17T19:18:59.2026778-04:00">
        <Text>Selecting All...&#xD;
Query being generated:&#xD;
&#xD;
select "Fact"."indexId", "Fact"."id", "Fact"."sqliteName", "Fact"."timeStamp", "Fact"."specialChar", "Fact"."maybeSomething", "Fact"."sometimesNothing", "Fact"."biteSize", "SubFact"."subFact" from "Fact" left join "SubFact" on "SubFact"."factId" = "Fact"."indexId" limit 5&#xD;
&#xD;
&#xD;
&#xD;
{ indexId = 1L&#xD;
  id = "4c0c853e-1b31-490c-841e-6a75faba071d"&#xD;
  name = "Gerry McGuire"&#xD;
  timeStamp = "9/17/2023 7:18:59 PM"&#xD;
  specialChar = "Δ"&#xD;
  maybeSomething = "true"&#xD;
  sometimesNothing = Some 1L&#xD;
  biteSize = "!aBite"&#xD;
  subFact = None }&#xD;
{ indexId = 1L&#xD;
  id = "ea9ad88f-a992-417d-ae8b-23fde895ed5e"&#xD;
  name = "Gerry McGuire"&#xD;
  timeStamp = "9/17/2023 7:18:59 PM"&#xD;
  specialChar = "Δ"&#xD;
  maybeSomething = "true"&#xD;
  sometimesNothing = Some 1L&#xD;
  biteSize = "!aBite"&#xD;
  subFact = None }&#xD;
{ indexId = 1L&#xD;
  id = "9398134e-4407-45d6-9516-05b5bb8793dd"&#xD;
  name = "Gerry McGuire"&#xD;
  timeStamp = "9/17/2023 7:18:59 PM"&#xD;
  specialChar = "Δ"&#xD;
  maybeSomething = "true"&#xD;
  sometimesNothing = None&#xD;
  biteSize = "!aBite"&#xD;
  subFact = None }&#xD;
{ indexId = 1L&#xD;
  id = "68326932-336d-44a7-a4f6-2de5fb6fb5e9"&#xD;
  name = "Gerry McGuire"&#xD;
  timeStamp = "9/17/2023 7:18:59 PM"&#xD;
  specialChar = "Δ"&#xD;
  maybeSomething = "true"&#xD;
  sometimesNothing = Some 1L&#xD;
  biteSize = "!aBite"&#xD;
  subFact = None }&#xD;
{ indexId = 1L&#xD;
  id = "0e176f15-c8a1-43d2-987b-5d19fbaa5a24"&#xD;
  name = "Gerry McGuire"&#xD;
  timeStamp = "9/17/2023 7:18:59 PM"&#xD;
  specialChar = "Δ"&#xD;
  maybeSomething = "true"&#xD;
  sometimesNothing = Some 1L&#xD;
  biteSize = "!aBite"&#xD;
  subFact = None }&#xD;
Query being generated:&#xD;
&#xD;
select "Fact"."indexId", "Fact"."id", "Fact"."sqliteName", "Fact"."timeStamp", "Fact"."specialChar", "Fact"."maybeSomething", "Fact"."sometimesNothing", "Fact"."biteSize", "SubFact"."subFact" from "Fact" left join "SubFact" on "SubFact"."factId" = "Fact"."indexId" limit 5&#xD;
&#xD;
&#xD;
&#xD;
</Text>
      </RunInfo>
      <RunInfo computerName="THE-BIG-RIG" outcome="Warning" timestamp="2023-09-17T19:18:59.2071096-04:00">
        <Text>Selecting Where...&#xD;
Query being generated:&#xD;
&#xD;
select "Fact"."indexId", "Fact"."id", "Fact"."sqliteName", "Fact"."timeStamp", "Fact"."specialChar", "Fact"."maybeSomething", "Fact"."sometimesNothing", "Fact"."biteSize", "SubFact"."subFact" from "Fact" left join "SubFact" on "SubFact"."factId" = "Fact"."indexId" where "maybeSomething" = 'true'&#xD;
&#xD;
&#xD;
&#xD;
</Text>
      </RunInfo>
      <RunInfo computerName="THE-BIG-RIG" outcome="Warning" timestamp="2023-09-17T19:18:59.2351529-04:00">
        <Text>Updating...&#xD;
columns to update: [|{ Index = 0&#xD;
    IsKey = false&#xD;
    IsIndex = true&#xD;
    JoinOn = Some ("SubFact", "factId")&#xD;
    Source = ""Fact""&#xD;
    QuotedSource = ""Fact""&#xD;
    SqlName = "indexId"&#xD;
    QuotedSqlName = ""indexId""&#xD;
    FSharpName = "indexId"&#xD;
    Type = System.Int64&#xD;
    PropertyInfo = Int64 indexId }; { Index = 2&#xD;
                                      IsKey = false&#xD;
                                      IsIndex = false&#xD;
                                      JoinOn = None&#xD;
                                      Source = ""Fact""&#xD;
                                      QuotedSource = ""Fact""&#xD;
                                      SqlName = "sqliteName"&#xD;
                                      QuotedSqlName = ""sqliteName""&#xD;
                                      FSharpName = "name"&#xD;
                                      Type = System.String&#xD;
                                      PropertyInfo = System.String name };&#xD;
  { Index = 3&#xD;
    IsKey = false&#xD;
    IsIndex = false&#xD;
    JoinOn = None&#xD;
    Source = ""Fact""&#xD;
    QuotedSource = ""Fact""&#xD;
    SqlName = "timeStamp"&#xD;
    QuotedSqlName = ""timeStamp""&#xD;
    FSharpName = "timeStamp"&#xD;
    Type = System.String&#xD;
    PropertyInfo = System.String timeStamp };&#xD;
  { Index = 4&#xD;
    IsKey = false&#xD;
    IsIndex = false&#xD;
    JoinOn = None&#xD;
    Source = ""Fact""&#xD;
    QuotedSource = ""Fact""&#xD;
    SqlName = "specialChar"&#xD;
    QuotedSqlName = ""specialChar""&#xD;
    FSharpName = "specialChar"&#xD;
    Type = System.String&#xD;
    PropertyInfo = System.String specialChar };&#xD;
  { Index = 5&#xD;
    IsKey = false&#xD;
    IsIndex = false&#xD;
    JoinOn = None&#xD;
    Source = ""Fact""&#xD;
    QuotedSource = ""Fact""&#xD;
    SqlName = "maybeSomething"&#xD;
    QuotedSqlName = ""maybeSomething""&#xD;
    FSharpName = "maybeSomething"&#xD;
    Type = System.String&#xD;
    PropertyInfo = System.String maybeSomething };&#xD;
  { Index = 6&#xD;
    IsKey = false&#xD;
    IsIndex = false&#xD;
    JoinOn = None&#xD;
    Source = ""Fact""&#xD;
    QuotedSource = ""Fact""&#xD;
    SqlName = "sometimesNothing"&#xD;
    QuotedSqlName = ""sometimesNothing""&#xD;
    FSharpName = "sometimesNothing"&#xD;
    Type = Microsoft.FSharp.Core.FSharpOption`1[System.Int64]&#xD;
    PropertyInfo =&#xD;
     Microsoft.FSharp.Core.FSharpOption`1[System.Int64] sometimesNothing };&#xD;
  { Index = 7&#xD;
    IsKey = false&#xD;
    IsIndex = false&#xD;
    JoinOn = None&#xD;
    Source = ""Fact""&#xD;
    QuotedSource = ""Fact""&#xD;
    SqlName = "biteSize"&#xD;
    QuotedSqlName = ""biteSize""&#xD;
    FSharpName = "biteSize"&#xD;
    Type = System.String&#xD;
    PropertyInfo = System.String biteSize }|]&#xD;
Query being generated:&#xD;
&#xD;
update "Fact" set "indexId" = @indexId, "sqliteName" = @name, "timeStamp" = @timeStamp, "specialChar" = @specialChar, "maybeSomething" = @maybeSomething, "sometimesNothing" = @sometimesNothing, "biteSize" = @biteSize where "Fact"."id" = @id&#xD;
&#xD;
&#xD;
&#xD;
</Text>
      </RunInfo>
      <RunInfo computerName="THE-BIG-RIG" outcome="Warning" timestamp="2023-09-17T19:18:59.2600353-04:00">
        <Text>Updating many...&#xD;
columns to update: [|{ Index = 0&#xD;
    IsKey = false&#xD;
    IsIndex = true&#xD;
    JoinOn = Some ("SubFact", "factId")&#xD;
    Source = ""Fact""&#xD;
    QuotedSource = ""Fact""&#xD;
    SqlName = "indexId"&#xD;
    QuotedSqlName = ""indexId""&#xD;
    FSharpName = "indexId"&#xD;
    Type = System.Int64&#xD;
    PropertyInfo = Int64 indexId }; { Index = 2&#xD;
                                      IsKey = false&#xD;
                                      IsIndex = false&#xD;
                                      JoinOn = None&#xD;
                                      Source = ""Fact""&#xD;
                                      QuotedSource = ""Fact""&#xD;
                                      SqlName = "sqliteName"&#xD;
                                      QuotedSqlName = ""sqliteName""&#xD;
                                      FSharpName = "name"&#xD;
                                      Type = System.String&#xD;
                                      PropertyInfo = System.String name };&#xD;
  { Index = 3&#xD;
    IsKey = false&#xD;
    IsIndex = false&#xD;
    JoinOn = None&#xD;
    Source = ""Fact""&#xD;
    QuotedSource = ""Fact""&#xD;
    SqlName = "timeStamp"&#xD;
    QuotedSqlName = ""timeStamp""&#xD;
    FSharpName = "timeStamp"&#xD;
    Type = System.String&#xD;
    PropertyInfo = System.String timeStamp };&#xD;
  { Index = 4&#xD;
    IsKey = false&#xD;
    IsIndex = false&#xD;
    JoinOn = None&#xD;
    Source = ""Fact""&#xD;
    QuotedSource = ""Fact""&#xD;
    SqlName = "specialChar"&#xD;
    QuotedSqlName = ""specialChar""&#xD;
    FSharpName = "specialChar"&#xD;
    Type = System.String&#xD;
    PropertyInfo = System.String specialChar };&#xD;
  { Index = 5&#xD;
    IsKey = false&#xD;
    IsIndex = false&#xD;
    JoinOn = None&#xD;
    Source = ""Fact""&#xD;
    QuotedSource = ""Fact""&#xD;
    SqlName = "maybeSomething"&#xD;
    QuotedSqlName = ""maybeSomething""&#xD;
    FSharpName = "maybeSomething"&#xD;
    Type = System.String&#xD;
    PropertyInfo = System.String maybeSomething };&#xD;
  { Index = 6&#xD;
    IsKey = false&#xD;
    IsIndex = false&#xD;
    JoinOn = None&#xD;
    Source = ""Fact""&#xD;
    QuotedSource = ""Fact""&#xD;
    SqlName = "sometimesNothing"&#xD;
    QuotedSqlName = ""sometimesNothing""&#xD;
    FSharpName = "sometimesNothing"&#xD;
    Type = Microsoft.FSharp.Core.FSharpOption`1[System.Int64]&#xD;
    PropertyInfo =&#xD;
     Microsoft.FSharp.Core.FSharpOption`1[System.Int64] sometimesNothing };&#xD;
  { Index = 7&#xD;
    IsKey = false&#xD;
    IsIndex = false&#xD;
    JoinOn = None&#xD;
    Source = ""Fact""&#xD;
    QuotedSource = ""Fact""&#xD;
    SqlName = "biteSize"&#xD;
    QuotedSqlName = ""biteSize""&#xD;
    FSharpName = "biteSize"&#xD;
    Type = System.String&#xD;
    PropertyInfo = System.String biteSize }|]&#xD;
Query being generated:&#xD;
&#xD;
update "Fact" set "indexId" = @indexId, "sqliteName" = @name, "timeStamp" = @timeStamp, "specialChar" = @specialChar, "maybeSomething" = @maybeSomething, "sometimesNothing" = @sometimesNothing, "biteSize" = @biteSize where "Fact"."id" = @id&#xD;
&#xD;
&#xD;
&#xD;
Ok 2Query being generated:&#xD;
&#xD;
select "Fact"."indexId", "Fact"."id", "Fact"."sqliteName", "Fact"."timeStamp", "Fact"."specialChar", "Fact"."maybeSomething", "Fact"."sometimesNothing", "Fact"."biteSize", "SubFact"."subFact" from "Fact" left join "SubFact" on "SubFact"."factId" = "Fact"."indexId" where id = '68326932-336d-44a7-a4f6-2de5fb6fb5e9'&#xD;
&#xD;
&#xD;
&#xD;
Query being generated:&#xD;
&#xD;
select "Fact"."indexId", "Fact"."id", "Fact"."sqliteName", "Fact"."timeStamp", "Fact"."specialChar", "Fact"."maybeSomething", "Fact"."sometimesNothing", "Fact"."biteSize", "SubFact"."subFact" from "Fact" left join "SubFact" on "SubFact"."factId" = "Fact"."indexId" where id = '9398134e-4407-45d6-9516-05b5bb8793dd'&#xD;
&#xD;
&#xD;
&#xD;
</Text>
      </RunInfo>
      <RunInfo computerName="THE-BIG-RIG" outcome="Warning" timestamp="2023-09-17T19:18:59.2667808-04:00">
        <Text>Updating...&#xD;
columns to update: [|{ Index = 0&#xD;
    IsKey = false&#xD;
    IsIndex = true&#xD;
    JoinOn = Some ("SubFact", "factId")&#xD;
    Source = ""Fact""&#xD;
    QuotedSource = ""Fact""&#xD;
    SqlName = "indexId"&#xD;
    QuotedSqlName = ""indexId""&#xD;
    FSharpName = "indexId"&#xD;
    Type = System.Int64&#xD;
    PropertyInfo = Int64 indexId }; { Index = 2&#xD;
                                      IsKey = false&#xD;
                                      IsIndex = false&#xD;
                                      JoinOn = None&#xD;
                                      Source = ""Fact""&#xD;
                                      QuotedSource = ""Fact""&#xD;
                                      SqlName = "sqliteName"&#xD;
                                      QuotedSqlName = ""sqliteName""&#xD;
                                      FSharpName = "name"&#xD;
                                      Type = System.String&#xD;
                                      PropertyInfo = System.String name };&#xD;
  { Index = 3&#xD;
    IsKey = false&#xD;
    IsIndex = false&#xD;
    JoinOn = None&#xD;
    Source = ""Fact""&#xD;
    QuotedSource = ""Fact""&#xD;
    SqlName = "timeStamp"&#xD;
    QuotedSqlName = ""timeStamp""&#xD;
    FSharpName = "timeStamp"&#xD;
    Type = System.String&#xD;
    PropertyInfo = System.String timeStamp };&#xD;
  { Index = 4&#xD;
    IsKey = false&#xD;
    IsIndex = false&#xD;
    JoinOn = None&#xD;
    Source = ""Fact""&#xD;
    QuotedSource = ""Fact""&#xD;
    SqlName = "specialChar"&#xD;
    QuotedSqlName = ""specialChar""&#xD;
    FSharpName = "specialChar"&#xD;
    Type = System.String&#xD;
    PropertyInfo = System.String specialChar };&#xD;
  { Index = 5&#xD;
    IsKey = false&#xD;
    IsIndex = false&#xD;
    JoinOn = None&#xD;
    Source = ""Fact""&#xD;
    QuotedSource = ""Fact""&#xD;
    SqlName = "maybeSomething"&#xD;
    QuotedSqlName = ""maybeSomething""&#xD;
    FSharpName = "maybeSomething"&#xD;
    Type = System.String&#xD;
    PropertyInfo = System.String maybeSomething };&#xD;
  { Index = 6&#xD;
    IsKey = false&#xD;
    IsIndex = false&#xD;
    JoinOn = None&#xD;
    Source = ""Fact""&#xD;
    QuotedSource = ""Fact""&#xD;
    SqlName = "sometimesNothing"&#xD;
    QuotedSqlName = ""sometimesNothing""&#xD;
    FSharpName = "sometimesNothing"&#xD;
    Type = Microsoft.FSharp.Core.FSharpOption`1[System.Int64]&#xD;
    PropertyInfo =&#xD;
     Microsoft.FSharp.Core.FSharpOption`1[System.Int64] sometimesNothing };&#xD;
  { Index = 7&#xD;
    IsKey = false&#xD;
    IsIndex = false&#xD;
    JoinOn = None&#xD;
    Source = ""Fact""&#xD;
    QuotedSource = ""Fact""&#xD;
    SqlName = "biteSize"&#xD;
    QuotedSqlName = ""biteSize""&#xD;
    FSharpName = "biteSize"&#xD;
    Type = System.String&#xD;
    PropertyInfo = System.String biteSize }|]&#xD;
Query being generated:&#xD;
&#xD;
update "Fact" set "indexId" = @indexId, "sqliteName" = @name, "timeStamp" = @timeStamp, "specialChar" = @specialChar, "maybeSomething" = @maybeSomething, "sometimesNothing" = @sometimesNothing, "biteSize" = @biteSize where "indexId" = 1&#xD;
&#xD;
&#xD;
&#xD;
</Text>
      </RunInfo>
      <RunInfo computerName="THE-BIG-RIG" outcome="Warning" timestamp="2023-09-17T19:19:09.7149144-04:00">
        <Text>Query being generated:&#xD;
&#xD;
insert into "Fact" ( "indexId", "id", "psqlName", "timeStamp", "specialChar", "maybeSomething", "sometimesNothing", "biteSize" ) values ( @indexId, @id, @name, @timeStamp, @specialChar, @maybeSomething, @sometimesNothing, @biteSize )&#xD;
&#xD;
&#xD;
&#xD;
</Text>
      </RunInfo>
      <RunInfo computerName="THE-BIG-RIG" outcome="Warning" timestamp="2023-09-17T19:19:19.7583966-04:00">
        <Text>Asynchronously Selecting All...&#xD;
Query being generated:&#xD;
&#xD;
select "Fact"."indexId", "Fact"."id", "Fact"."psqlName", "Fact"."timeStamp", "Fact"."specialChar", "Fact"."maybeSomething", "Fact"."sometimesNothing", "Fact"."biteSize", "SubFact"."subFact" from "Fact" left join "SubFact" on "SubFact"."factId" = "Fact"."indexId"&#xD;
&#xD;
&#xD;
&#xD;
{ indexId = 1L&#xD;
  id = "af3e508f-fe06-46da-828c-19fa858dad3e"&#xD;
  name = "Gerry McGuire"&#xD;
  timeStamp = "9/17/2023 7:18:59 PM"&#xD;
  specialChar = "Δ"&#xD;
  maybeSomething = "true"&#xD;
  sometimesNothing = Some 1L&#xD;
  biteSize = "!aBite"&#xD;
  subFact = None }&#xD;
{ indexId = 1L&#xD;
  id = "51c12e37-6f8e-4756-9e0a-527f35a82ad5"&#xD;
  name = "Gerry McGuire"&#xD;
  timeStamp = "9/17/2023 7:18:59 PM"&#xD;
  specialChar = "Δ"&#xD;
  maybeSomething = "true"&#xD;
  sometimesNothing = Some 1L&#xD;
  biteSize = "!aBite"&#xD;
  subFact = None }&#xD;
{ indexId = 1L&#xD;
  id = "22f7698d-a572-40d8-bff3-9f9ec966fd52"&#xD;
  name = "Gerry McGuire"&#xD;
  timeStamp = "9/17/2023 7:18:59 PM"&#xD;
  specialChar = "Δ"&#xD;
  maybeSomething = "true"&#xD;
  sometimesNothing = None&#xD;
  biteSize = "!aBite"&#xD;
  subFact = None }&#xD;
{ indexId = 1L&#xD;
  id = "37a99c6d-8923-4810-9f3d-934a32e23814"&#xD;
  name = "Gerry McGuire"&#xD;
  timeStamp = "9/17/2023 7:18:59 PM"&#xD;
  specialChar = "Δ"&#xD;
  maybeSomething = "true"&#xD;
  sometimesNothing = Some 1L&#xD;
  biteSize = "!aBite"&#xD;
  subFact = None }&#xD;
Query being generated:&#xD;
&#xD;
select "Fact"."indexId", "Fact"."id", "Fact"."psqlName", "Fact"."timeStamp", "Fact"."specialChar", "Fact"."maybeSomething", "Fact"."sometimesNothing", "Fact"."biteSize", "SubFact"."subFact" from "Fact" left join "SubFact" on "SubFact"."factId" = "Fact"."indexId"&#xD;
&#xD;
&#xD;
&#xD;
</Text>
      </RunInfo>
      <RunInfo computerName="THE-BIG-RIG" outcome="Warning" timestamp="2023-09-17T19:19:19.7646668-04:00">
        <Text>Contest: "Data Source=./test.db;"&#xD;
&#xD;
&#xD;
&#xD;
&#xD;
&#xD;
</Text>
      </RunInfo>
      <RunInfo computerName="THE-BIG-RIG" outcome="Warning" timestamp="2023-09-17T19:19:19.7754922-04:00">
        <Text>Deleting...&#xD;
Query being generated:&#xD;
&#xD;
delete from "Fact" where "Fact"."id" = @id&#xD;
&#xD;
&#xD;
&#xD;
</Text>
      </RunInfo>
      <RunInfo computerName="THE-BIG-RIG" outcome="Warning" timestamp="2023-09-17T19:19:19.8168995-04:00">
        <Text>Deleting Many...&#xD;
Query being generated:&#xD;
&#xD;
delete from "Fact" where "Fact"."id" = @id&#xD;
&#xD;
&#xD;
&#xD;
</Text>
      </RunInfo>
      <RunInfo computerName="THE-BIG-RIG" outcome="Warning" timestamp="2023-09-17T19:19:19.8309723-04:00">
        <Text>Deleting Where...&#xD;
Query being generated:&#xD;
&#xD;
delete from "Fact" where "indexId" = 1&#xD;
&#xD;
&#xD;
&#xD;
</Text>
      </RunInfo>
      <RunInfo computerName="THE-BIG-RIG" outcome="Warning" timestamp="2023-09-17T19:19:19.8461392-04:00">
        <Text>Query being generated:&#xD;
&#xD;
insert into "Fact" ( "indexId", "id", "psqlName", "timeStamp", "specialChar", "maybeSomething", "sometimesNothing", "biteSize" ) values ( @indexId, @id, @name, @timeStamp, @specialChar, @maybeSomething, @sometimesNothing, @biteSize )&#xD;
&#xD;
&#xD;
&#xD;
Param count: 8&#xD;
Param 0 - "@indexId": 1L&#xD;
Param 1 - "@id": "2d47df76-6cc1-4a5e-91d8-df4dc459353f"&#xD;
Param 2 - "@name": "Gerry McGuire"&#xD;
Param 3 - "@timeStamp": "9/17/2023 7:19:19 PM"&#xD;
Param 4 - "@specialChar": "Δ"&#xD;
Param 5 - "@maybeSomething": "true"&#xD;
Param 6 - "@sometimesNothing": 1L&#xD;
Param 7 - "@biteSize": "!aBite"&#xD;
</Text>
      </RunInfo>
      <RunInfo computerName="THE-BIG-RIG" outcome="Warning" timestamp="2023-09-17T19:19:19.9171308-04:00">
        <Text>Query being generated:&#xD;
&#xD;
insert into "Fact" ( "indexId", "id", "psqlName", "timeStamp", "specialChar", "maybeSomething", "sometimesNothing", "biteSize" ) values ( @indexId, @id, @name, @timeStamp, @specialChar, @maybeSomething, @sometimesNothing, @biteSize )&#xD;
&#xD;
&#xD;
&#xD;
</Text>
      </RunInfo>
      <RunInfo computerName="THE-BIG-RIG" outcome="Warning" timestamp="2023-09-17T19:19:19.9182322-04:00">
        <Text>""Fact"."indexId", "Fact"."id", "Fact"."psqlName", "Fact"."timeStamp", "Fact"."specialChar", "Fact"."maybeSomething", "Fact"."sometimesNothing", "Fact"."biteSize", "SubFact"."subFact" from "Fact" left join "SubFact" on "SubFact"."factId" = "Fact"."indexId""&#xD;
</Text>
      </RunInfo>
      <RunInfo computerName="THE-BIG-RIG" outcome="Warning" timestamp="2023-09-17T19:19:19.9320779-04:00">
        <Text>Reading...&#xD;
Query being generated:&#xD;
&#xD;
select * from "Fact"&#xD;
&#xD;
&#xD;
&#xD;
</Text>
      </RunInfo>
      <RunInfo computerName="THE-BIG-RIG" outcome="Warning" timestamp="2023-09-17T19:19:19.9636895-04:00">
        <Text>Selecting All...&#xD;
Query being generated:&#xD;
&#xD;
select "Fact"."indexId", "Fact"."id", "Fact"."psqlName", "Fact"."timeStamp", "Fact"."specialChar", "Fact"."maybeSomething", "Fact"."sometimesNothing", "Fact"."biteSize", "SubFact"."subFact" from "Fact" left join "SubFact" on "SubFact"."factId" = "Fact"."indexId"&#xD;
&#xD;
&#xD;
&#xD;
{ indexId = 1L&#xD;
  id = "097d331c-bdd3-4c45-8a96-571d63a22748"&#xD;
  name = "Gerry McGuire"&#xD;
  timeStamp = "9/17/2023 7:19:19 PM"&#xD;
  specialChar = "Δ"&#xD;
  maybeSomething = "true"&#xD;
  sometimesNothing = Some 1L&#xD;
  biteSize = "!aBite"&#xD;
  subFact = None }&#xD;
{ indexId = 1L&#xD;
  id = "51c12e37-6f8e-4756-9e0a-527f35a82ad5"&#xD;
  name = "Gerry McGuire"&#xD;
  timeStamp = "9/17/2023 7:19:19 PM"&#xD;
  specialChar = "Δ"&#xD;
  maybeSomething = "true"&#xD;
  sometimesNothing = Some 1L&#xD;
  biteSize = "!aBite"&#xD;
  subFact = None }&#xD;
{ indexId = 1L&#xD;
  id = "22f7698d-a572-40d8-bff3-9f9ec966fd52"&#xD;
  name = "Gerry McGuire"&#xD;
  timeStamp = "9/17/2023 7:19:19 PM"&#xD;
  specialChar = "Δ"&#xD;
  maybeSomething = "true"&#xD;
  sometimesNothing = None&#xD;
  biteSize = "!aBite"&#xD;
  subFact = None }&#xD;
{ indexId = 1L&#xD;
  id = "37a99c6d-8923-4810-9f3d-934a32e23814"&#xD;
  name = "Gerry McGuire"&#xD;
  timeStamp = "9/17/2023 7:19:19 PM"&#xD;
  specialChar = "Δ"&#xD;
  maybeSomething = "true"&#xD;
  sometimesNothing = Some 1L&#xD;
  biteSize = "!aBite"&#xD;
  subFact = None }&#xD;
{ indexId = 1L&#xD;
  id = "2d47df76-6cc1-4a5e-91d8-df4dc459353f"&#xD;
  name = "Gerry McGuire"&#xD;
  timeStamp = "9/17/2023 7:19:19 PM"&#xD;
  specialChar = "Δ"&#xD;
  maybeSomething = "true"&#xD;
  sometimesNothing = Some 1L&#xD;
  biteSize = "!aBite"&#xD;
  subFact = None }&#xD;
Query being generated:&#xD;
&#xD;
select "Fact"."indexId", "Fact"."id", "Fact"."psqlName", "Fact"."timeStamp", "Fact"."specialChar", "Fact"."maybeSomething", "Fact"."sometimesNothing", "Fact"."biteSize", "SubFact"."subFact" from "Fact" left join "SubFact" on "SubFact"."factId" = "Fact"."indexId"&#xD;
&#xD;
&#xD;
&#xD;
</Text>
      </RunInfo>
      <RunInfo computerName="THE-BIG-RIG" outcome="Warning" timestamp="2023-09-17T19:19:19.9924898-04:00">
        <Text>Selecting All...&#xD;
Query being generated:&#xD;
&#xD;
select "Fact"."indexId", "Fact"."id", "Fact"."psqlName", "Fact"."timeStamp", "Fact"."specialChar", "Fact"."maybeSomething", "Fact"."sometimesNothing", "Fact"."biteSize", "SubFact"."subFact" from "Fact" left join "SubFact" on "SubFact"."factId" = "Fact"."indexId" limit 5&#xD;
&#xD;
&#xD;
&#xD;
{ indexId = 1L&#xD;
  id = "2d47df76-6cc1-4a5e-91d8-df4dc459353f"&#xD;
  name = "Gerry McGuire"&#xD;
  timeStamp = "9/17/2023 7:19:19 PM"&#xD;
  specialChar = "Δ"&#xD;
  maybeSomething = "true"&#xD;
  sometimesNothing = Some 1L&#xD;
  biteSize = "!aBite"&#xD;
  subFact = None }&#xD;
{ indexId = 1L&#xD;
  id = "37a99c6d-8923-4810-9f3d-934a32e23814"&#xD;
  name = "Gerry McGuire"&#xD;
  timeStamp = "9/17/2023 7:19:19 PM"&#xD;
  specialChar = "Δ"&#xD;
  maybeSomething = "true"&#xD;
  sometimesNothing = Some 1L&#xD;
  biteSize = "!aBite"&#xD;
  subFact = None }&#xD;
{ indexId = 1L&#xD;
  id = "22f7698d-a572-40d8-bff3-9f9ec966fd52"&#xD;
  name = "Gerry McGuire"&#xD;
  timeStamp = "9/17/2023 7:19:19 PM"&#xD;
  specialChar = "Δ"&#xD;
  maybeSomething = "true"&#xD;
  sometimesNothing = None&#xD;
  biteSize = "!aBite"&#xD;
  subFact = None }&#xD;
{ indexId = 1L&#xD;
  id = "51c12e37-6f8e-4756-9e0a-527f35a82ad5"&#xD;
  name = "Gerry McGuire"&#xD;
  timeStamp = "9/17/2023 7:19:19 PM"&#xD;
  specialChar = "Δ"&#xD;
  maybeSomething = "true"&#xD;
  sometimesNothing = Some 1L&#xD;
  biteSize = "!aBite"&#xD;
  subFact = None }&#xD;
{ indexId = 1L&#xD;
  id = "097d331c-bdd3-4c45-8a96-571d63a22748"&#xD;
  name = "Gerry McGuire"&#xD;
  timeStamp = "9/17/2023 7:19:19 PM"&#xD;
  specialChar = "Δ"&#xD;
  maybeSomething = "true"&#xD;
  sometimesNothing = Some 1L&#xD;
  biteSize = "!aBite"&#xD;
  subFact = None }&#xD;
Query being generated:&#xD;
&#xD;
select "Fact"."indexId", "Fact"."id", "Fact"."psqlName", "Fact"."timeStamp", "Fact"."specialChar", "Fact"."maybeSomething", "Fact"."sometimesNothing", "Fact"."biteSize", "SubFact"."subFact" from "Fact" left join "SubFact" on "SubFact"."factId" = "Fact"."indexId" limit 5&#xD;
&#xD;
&#xD;
&#xD;
</Text>
      </RunInfo>
      <RunInfo computerName="THE-BIG-RIG" outcome="Warning" timestamp="2023-09-17T19:19:20.0061805-04:00">
        <Text>Selecting Where...&#xD;
Query being generated:&#xD;
&#xD;
select "Fact"."indexId", "Fact"."id", "Fact"."psqlName", "Fact"."timeStamp", "Fact"."specialChar", "Fact"."maybeSomething", "Fact"."sometimesNothing", "Fact"."biteSize", "SubFact"."subFact" from "Fact" left join "SubFact" on "SubFact"."factId" = "Fact"."indexId" where "maybeSomething" = 'true'&#xD;
&#xD;
&#xD;
&#xD;
</Text>
      </RunInfo>
      <RunInfo computerName="THE-BIG-RIG" outcome="Warning" timestamp="2023-09-17T19:19:20.0214223-04:00">
        <Text>Updating...&#xD;
columns to update: [|{ Index = 0&#xD;
    IsKey = false&#xD;
    IsIndex = true&#xD;
    JoinOn = Some ("SubFact", "factId")&#xD;
    Source = ""Fact""&#xD;
    QuotedSource = ""Fact""&#xD;
    SqlName = "indexId"&#xD;
    QuotedSqlName = ""indexId""&#xD;
    FSharpName = "indexId"&#xD;
    Type = System.Int64&#xD;
    PropertyInfo = Int64 indexId }; { Index = 2&#xD;
                                      IsKey = false&#xD;
                                      IsIndex = false&#xD;
                                      JoinOn = None&#xD;
                                      Source = ""Fact""&#xD;
                                      QuotedSource = ""Fact""&#xD;
                                      SqlName = "psqlName"&#xD;
                                      QuotedSqlName = ""psqlName""&#xD;
                                      FSharpName = "name"&#xD;
                                      Type = System.String&#xD;
                                      PropertyInfo = System.String name };&#xD;
  { Index = 3&#xD;
    IsKey = false&#xD;
    IsIndex = false&#xD;
    JoinOn = None&#xD;
    Source = ""Fact""&#xD;
    QuotedSource = ""Fact""&#xD;
    SqlName = "timeStamp"&#xD;
    QuotedSqlName = ""timeStamp""&#xD;
    FSharpName = "timeStamp"&#xD;
    Type = System.String&#xD;
    PropertyInfo = System.String timeStamp };&#xD;
  { Index = 4&#xD;
    IsKey = false&#xD;
    IsIndex = false&#xD;
    JoinOn = None&#xD;
    Source = ""Fact""&#xD;
    QuotedSource = ""Fact""&#xD;
    SqlName = "specialChar"&#xD;
    QuotedSqlName = ""specialChar""&#xD;
    FSharpName = "specialChar"&#xD;
    Type = System.String&#xD;
    PropertyInfo = System.String specialChar };&#xD;
  { Index = 5&#xD;
    IsKey = false&#xD;
    IsIndex = false&#xD;
    JoinOn = None&#xD;
    Source = ""Fact""&#xD;
    QuotedSource = ""Fact""&#xD;
    SqlName = "maybeSomething"&#xD;
    QuotedSqlName = ""maybeSomething""&#xD;
    FSharpName = "maybeSomething"&#xD;
    Type = System.String&#xD;
    PropertyInfo = System.String maybeSomething };&#xD;
  { Index = 6&#xD;
    IsKey = false&#xD;
    IsIndex = false&#xD;
    JoinOn = None&#xD;
    Source = ""Fact""&#xD;
    QuotedSource = ""Fact""&#xD;
    SqlName = "sometimesNothing"&#xD;
    QuotedSqlName = ""sometimesNothing""&#xD;
    FSharpName = "sometimesNothing"&#xD;
    Type = Microsoft.FSharp.Core.FSharpOption`1[System.Int64]&#xD;
    PropertyInfo =&#xD;
     Microsoft.FSharp.Core.FSharpOption`1[System.Int64] sometimesNothing };&#xD;
  { Index = 7&#xD;
    IsKey = false&#xD;
    IsIndex = false&#xD;
    JoinOn = None&#xD;
    Source = ""Fact""&#xD;
    QuotedSource = ""Fact""&#xD;
    SqlName = "biteSize"&#xD;
    QuotedSqlName = ""biteSize""&#xD;
    FSharpName = "biteSize"&#xD;
    Type = System.String&#xD;
    PropertyInfo = System.String biteSize }|]&#xD;
Query being generated:&#xD;
&#xD;
update "Fact" set "indexId" = @indexId, "psqlName" = @name, "timeStamp" = @timeStamp, "specialChar" = @specialChar, "maybeSomething" = @maybeSomething, "sometimesNothing" = @sometimesNothing, "biteSize" = @biteSize where "Fact"."id" = @id&#xD;
&#xD;
&#xD;
&#xD;
</Text>
      </RunInfo>
      <RunInfo computerName="THE-BIG-RIG" outcome="Warning" timestamp="2023-09-17T19:19:20.0967891-04:00">
        <Text>Updating many...&#xD;
columns to update: [|{ Index = 0&#xD;
    IsKey = false&#xD;
    IsIndex = true&#xD;
    JoinOn = Some ("SubFact", "factId")&#xD;
    Source = ""Fact""&#xD;
    QuotedSource = ""Fact""&#xD;
    SqlName = "indexId"&#xD;
    QuotedSqlName = ""indexId""&#xD;
    FSharpName = "indexId"&#xD;
    Type = System.Int64&#xD;
    PropertyInfo = Int64 indexId }; { Index = 2&#xD;
                                      IsKey = false&#xD;
                                      IsIndex = false&#xD;
                                      JoinOn = None&#xD;
                                      Source = ""Fact""&#xD;
                                      QuotedSource = ""Fact""&#xD;
                                      SqlName = "psqlName"&#xD;
                                      QuotedSqlName = ""psqlName""&#xD;
                                      FSharpName = "name"&#xD;
                                      Type = System.String&#xD;
                                      PropertyInfo = System.String name };&#xD;
  { Index = 3&#xD;
    IsKey = false&#xD;
    IsIndex = false&#xD;
    JoinOn = None&#xD;
    Source = ""Fact""&#xD;
    QuotedSource = ""Fact""&#xD;
    SqlName = "timeStamp"&#xD;
    QuotedSqlName = ""timeStamp""&#xD;
    FSharpName = "timeStamp"&#xD;
    Type = System.String&#xD;
    PropertyInfo = System.String timeStamp };&#xD;
  { Index = 4&#xD;
    IsKey = false&#xD;
    IsIndex = false&#xD;
    JoinOn = None&#xD;
    Source = ""Fact""&#xD;
    QuotedSource = ""Fact""&#xD;
    SqlName = "specialChar"&#xD;
    QuotedSqlName = ""specialChar""&#xD;
    FSharpName = "specialChar"&#xD;
    Type = System.String&#xD;
    PropertyInfo = System.String specialChar };&#xD;
  { Index = 5&#xD;
    IsKey = false&#xD;
    IsIndex = false&#xD;
    JoinOn = None&#xD;
    Source = ""Fact""&#xD;
    QuotedSource = ""Fact""&#xD;
    SqlName = "maybeSomething"&#xD;
    QuotedSqlName = ""maybeSomething""&#xD;
    FSharpName = "maybeSomething"&#xD;
    Type = System.String&#xD;
    PropertyInfo = System.String maybeSomething };&#xD;
  { Index = 6&#xD;
    IsKey = false&#xD;
    IsIndex = false&#xD;
    JoinOn = None&#xD;
    Source = ""Fact""&#xD;
    QuotedSource = ""Fact""&#xD;
    SqlName = "sometimesNothing"&#xD;
    QuotedSqlName = ""sometimesNothing""&#xD;
    FSharpName = "sometimesNothing"&#xD;
    Type = Microsoft.FSharp.Core.FSharpOption`1[System.Int64]&#xD;
    PropertyInfo =&#xD;
     Microsoft.FSharp.Core.FSharpOption`1[System.Int64] sometimesNothing };&#xD;
  { Index = 7&#xD;
    IsKey = false&#xD;
    IsIndex = false&#xD;
    JoinOn = None&#xD;
    Source = ""Fact""&#xD;
    QuotedSource = ""Fact""&#xD;
    SqlName = "biteSize"&#xD;
    QuotedSqlName = ""biteSize""&#xD;
    FSharpName = "biteSize"&#xD;
    Type = System.String&#xD;
    PropertyInfo = System.String biteSize }|]&#xD;
Query being generated:&#xD;
&#xD;
update "Fact" set "indexId" = @indexId, "psqlName" = @name, "timeStamp" = @timeStamp, "specialChar" = @specialChar, "maybeSomething" = @maybeSomething, "sometimesNothing" = @sometimesNothing, "biteSize" = @biteSize where "Fact"."id" = @id&#xD;
&#xD;
&#xD;
&#xD;
Ok 2Query being generated:&#xD;
&#xD;
select "Fact"."indexId", "Fact"."id", "Fact"."psqlName", "Fact"."timeStamp", "Fact"."specialChar", "Fact"."maybeSomething", "Fact"."sometimesNothing", "Fact"."biteSize", "SubFact"."subFact" from "Fact" left join "SubFact" on "SubFact"."factId" = "Fact"."indexId" where id = '51c12e37-6f8e-4756-9e0a-527f35a82ad5'&#xD;
&#xD;
&#xD;
&#xD;
Query being generated:&#xD;
&#xD;
select "Fact"."indexId", "Fact"."id", "Fact"."psqlName", "Fact"."timeStamp", "Fact"."specialChar", "Fact"."maybeSomething", "Fact"."sometimesNothing", "Fact"."biteSize", "SubFact"."subFact" from "Fact" left join "SubFact" on "SubFact"."factId" = "Fact"."indexId" where id = '22f7698d-a572-40d8-bff3-9f9ec966fd52'&#xD;
&#xD;
&#xD;
&#xD;
</Text>
      </RunInfo>
      <RunInfo computerName="THE-BIG-RIG" outcome="Warning" timestamp="2023-09-17T19:19:20.1113909-04:00">
        <Text>Updating...&#xD;
columns to update: [|{ Index = 0&#xD;
    IsKey = false&#xD;
    IsIndex = true&#xD;
    JoinOn = Some ("SubFact", "factId")&#xD;
    Source = ""Fact""&#xD;
    QuotedSource = ""Fact""&#xD;
    SqlName = "indexId"&#xD;
    QuotedSqlName = ""indexId""&#xD;
    FSharpName = "indexId"&#xD;
    Type = System.Int64&#xD;
    PropertyInfo = Int64 indexId }; { Index = 2&#xD;
                                      IsKey = false&#xD;
                                      IsIndex = false&#xD;
                                      JoinOn = None&#xD;
                                      Source = ""Fact""&#xD;
                                      QuotedSource = ""Fact""&#xD;
                                      SqlName = "psqlName"&#xD;
                                      QuotedSqlName = ""psqlName""&#xD;
                                      FSharpName = "name"&#xD;
                                      Type = System.String&#xD;
                                      PropertyInfo = System.String name };&#xD;
  { Index = 3&#xD;
    IsKey = false&#xD;
    IsIndex = false&#xD;
    JoinOn = None&#xD;
    Source = ""Fact""&#xD;
    QuotedSource = ""Fact""&#xD;
    SqlName = "timeStamp"&#xD;
    QuotedSqlName = ""timeStamp""&#xD;
    FSharpName = "timeStamp"&#xD;
    Type = System.String&#xD;
    PropertyInfo = System.String timeStamp };&#xD;
  { Index = 4&#xD;
    IsKey = false&#xD;
    IsIndex = false&#xD;
    JoinOn = None&#xD;
    Source = ""Fact""&#xD;
    QuotedSource = ""Fact""&#xD;
    SqlName = "specialChar"&#xD;
    QuotedSqlName = ""specialChar""&#xD;
    FSharpName = "specialChar"&#xD;
    Type = System.String&#xD;
    PropertyInfo = System.String specialChar };&#xD;
  { Index = 5&#xD;
    IsKey = false&#xD;
    IsIndex = false&#xD;
    JoinOn = None&#xD;
    Source = ""Fact""&#xD;
    QuotedSource = ""Fact""&#xD;
    SqlName = "maybeSomething"&#xD;
    QuotedSqlName = ""maybeSomething""&#xD;
    FSharpName = "maybeSomething"&#xD;
    Type = System.String&#xD;
    PropertyInfo = System.String maybeSomething };&#xD;
  { Index = 6&#xD;
    IsKey = false&#xD;
    IsIndex = false&#xD;
    JoinOn = None&#xD;
    Source = ""Fact""&#xD;
    QuotedSource = ""Fact""&#xD;
    SqlName = "sometimesNothing"&#xD;
    QuotedSqlName = ""sometimesNothing""&#xD;
    FSharpName = "sometimesNothing"&#xD;
    Type = Microsoft.FSharp.Core.FSharpOption`1[System.Int64]&#xD;
    PropertyInfo =&#xD;
     Microsoft.FSharp.Core.FSharpOption`1[System.Int64] sometimesNothing };&#xD;
  { Index = 7&#xD;
    IsKey = false&#xD;
    IsIndex = false&#xD;
    JoinOn = None&#xD;
    Source = ""Fact""&#xD;
    QuotedSource = ""Fact""&#xD;
    SqlName = "biteSize"&#xD;
    QuotedSqlName = ""biteSize""&#xD;
    FSharpName = "biteSize"&#xD;
    Type = System.String&#xD;
    PropertyInfo = System.String biteSize }|]&#xD;
Query being generated:&#xD;
&#xD;
update "Fact" set "indexId" = @indexId, "psqlName" = @name, "timeStamp" = @timeStamp, "specialChar" = @specialChar, "maybeSomething" = @maybeSomething, "sometimesNothing" = @sometimesNothing, "biteSize" = @biteSize where "indexId" = 1&#xD;
&#xD;
&#xD;
&#xD;
</Text>
      </RunInfo>
      <RunInfo computerName="THE-BIG-RIG" outcome="Warning" timestamp="2023-09-17T19:19:20.1346294-04:00">
        <Text>Do we have a transaction? Some System.Data.SQLite.SQLiteTransaction&#xD;
Query being generated:&#xD;
&#xD;
insert into "Fact" ( "indexId", "id", "sqliteName", "timeStamp", "specialChar", "maybeSomething", "sometimesNothing", "biteSize" ) values ( @indexId, @id, @name, @timeStamp, @specialChar, @maybeSomething, @sometimesNothing, @biteSize )&#xD;
&#xD;
&#xD;
&#xD;
Param count: 8&#xD;
Param 0 - "@indexId": 1L&#xD;
Param 1 - "@id": "e815cf2c-7085-4875-b431-88f89b772120"&#xD;
Param 2 - "@name": "Gerry McGuire"&#xD;
Param 3 - "@timeStamp": "9/17/2023 7:19:20 PM"&#xD;
Param 4 - "@specialChar": "Δ"&#xD;
Param 5 - "@maybeSomething": "true"&#xD;
Param 6 - "@sometimesNothing": 1L&#xD;
Param 7 - "@biteSize": "!aBite"&#xD;
Query being generated:&#xD;
&#xD;
delete from "Fact" where "Fact"."id" = @id&#xD;
&#xD;
&#xD;
&#xD;
Query being generated:&#xD;
&#xD;
select "Fact"."indexId", "Fact"."id", "Fact"."sqliteName", "Fact"."timeStamp", "Fact"."specialChar", "Fact"."maybeSomething", "Fact"."sometimesNothing", "Fact"."biteSize", "SubFact"."subFact" from "Fact" left join "SubFact" on "SubFact"."factId" = "Fact"."indexId" where id = 'e815cf2c-7085-4875-b431-88f89b772120'&#xD;
&#xD;
&#xD;
&#xD;
</Text>
      </RunInfo>
      <RunInfo computerName="THE-BIG-RIG" outcome="Warning" timestamp="2023-09-17T19:19:20.1486600-04:00">
        <Text>Do we have a transaction? Some System.Data.SQLite.SQLiteTransaction&#xD;
Query being generated:&#xD;
&#xD;
insert into "Fact" ( "indexId", "id", "sqliteName", "timeStamp", "specialChar", "maybeSomething", "sometimesNothing", "biteSize" ) values ( @indexId, @id, @name, @timeStamp, @specialChar, @maybeSomething, @sometimesNothing, @biteSize )&#xD;
&#xD;
&#xD;
&#xD;
Param count: 8&#xD;
Param 0 - "@indexId": 1L&#xD;
Param 1 - "@id": "3d02ede6-9752-44f0-9660-5f8ecea0fa38"&#xD;
Param 2 - "@name": "Gerry McGuire"&#xD;
Param 3 - "@timeStamp": "9/17/2023 7:19:20 PM"&#xD;
Param 4 - "@specialChar": "Δ"&#xD;
Param 5 - "@maybeSomething": "true"&#xD;
Param 6 - "@sometimesNothing": 1L&#xD;
Param 7 - "@biteSize": "!aBite"&#xD;
We have inserted&#xD;
We have the facts: Query being generated:&#xD;
&#xD;
select "Fact"."indexId", "Fact"."id", "Fact"."sqliteName", "Fact"."timeStamp", "Fact"."specialChar", "Fact"."maybeSomething", "Fact"."sometimesNothing", "Fact"."biteSize", "SubFact"."subFact" from "Fact" left join "SubFact" on "SubFact"."factId" = "Fact"."indexId" where id = '3d02ede6-9752-44f0-9660-5f8ecea0fa38'&#xD;
&#xD;
&#xD;
&#xD;
Ok (seq [{ indexId = 1L&#xD;
           id = "3d02ede6-9752-44f0-9660-5f8ecea0fa38"&#xD;
           name = "Gerry McGuire"&#xD;
           timeStamp = "9/17/2023 7:19:20 PM"&#xD;
           specialChar = "Δ"&#xD;
           maybeSomething = "true"&#xD;
           sometimesNothing = Some 1L&#xD;
           biteSize = "!aBite"&#xD;
           subFact = None }])&#xD;
Query being generated:&#xD;
&#xD;
select "Fact"."indexId", "Fact"."id", "Fact"."sqliteName", "Fact"."timeStamp", "Fact"."specialChar", "Fact"."maybeSomething", "Fact"."sometimesNothing", "Fact"."biteSize", "SubFact"."subFact" from "Fact" left join "SubFact" on "SubFact"."factId" = "Fact"."indexId" where id = '3d02ede6-9752-44f0-9660-5f8ecea0fa38'&#xD;
&#xD;
&#xD;
&#xD;
Query being generated:&#xD;
&#xD;
select "Fact"."indexId", "Fact"."id", "Fact"."sqliteName", "Fact"."timeStamp", "Fact"."specialChar", "Fact"."maybeSomething", "Fact"."sometimesNothing", "Fact"."biteSize", "SubFact"."subFact" from "Fact" left join "SubFact" on "SubFact"."factId" = "Fact"."indexId" where id = '3d02ede6-9752-44f0-9660-5f8ecea0fa38'&#xD;
&#xD;
&#xD;
&#xD;
</Text>
      </RunInfo>
      <RunInfo computerName="THE-BIG-RIG" outcome="Warning" timestamp="2023-09-17T19:19:20.1663007-04:00">
        <Text>Do we have a transaction? Some System.Data.SQLite.SQLiteTransaction&#xD;
Query being generated:&#xD;
&#xD;
insert into "Fact" ( "indexId", "id", "sqliteName", "timeStamp", "specialChar", "maybeSomething", "sometimesNothing", "biteSize" ) values ( @indexId, @id, @name, @timeStamp, @specialChar, @maybeSomething, @sometimesNothing, @biteSize )&#xD;
&#xD;
&#xD;
&#xD;
Param count: 8&#xD;
Param 0 - "@indexId": 1L&#xD;
Param 1 - "@id": "5cd6a194-7a5d-4310-8a64-548b1831e387"&#xD;
Param 2 - "@name": "Gerry McGuire"&#xD;
Param 3 - "@timeStamp": "9/17/2023 7:19:20 PM"&#xD;
Param 4 - "@specialChar": "Δ"&#xD;
Param 5 - "@maybeSomething": "true"&#xD;
Param 6 - "@sometimesNothing": 1L&#xD;
Param 7 - "@biteSize": "!aBite"&#xD;
columns to update: [|{ Index = 0&#xD;
    IsKey = false&#xD;
    IsIndex = true&#xD;
    JoinOn = Some ("SubFact", "factId")&#xD;
    Source = ""Fact""&#xD;
    QuotedSource = ""Fact""&#xD;
    SqlName = "indexId"&#xD;
    QuotedSqlName = ""indexId""&#xD;
    FSharpName = "indexId"&#xD;
    Type = System.Int64&#xD;
    PropertyInfo = Int64 indexId }; { Index = 2&#xD;
                                      IsKey = false&#xD;
                                      IsIndex = false&#xD;
                                      JoinOn = None&#xD;
                                      Source = ""Fact""&#xD;
                                      QuotedSource = ""Fact""&#xD;
                                      SqlName = "sqliteName"&#xD;
                                      QuotedSqlName = ""sqliteName""&#xD;
                                      FSharpName = "name"&#xD;
                                      Type = System.String&#xD;
                                      PropertyInfo = System.String name };&#xD;
  { Index = 3&#xD;
    IsKey = false&#xD;
    IsIndex = false&#xD;
    JoinOn = None&#xD;
    Source = ""Fact""&#xD;
    QuotedSource = ""Fact""&#xD;
    SqlName = "timeStamp"&#xD;
    QuotedSqlName = ""timeStamp""&#xD;
    FSharpName = "timeStamp"&#xD;
    Type = System.String&#xD;
    PropertyInfo = System.String timeStamp };&#xD;
  { Index = 4&#xD;
    IsKey = false&#xD;
    IsIndex = false&#xD;
    JoinOn = None&#xD;
    Source = ""Fact""&#xD;
    QuotedSource = ""Fact""&#xD;
    SqlName = "specialChar"&#xD;
    QuotedSqlName = ""specialChar""&#xD;
    FSharpName = "specialChar"&#xD;
    Type = System.String&#xD;
    PropertyInfo = System.String specialChar };&#xD;
  { Index = 5&#xD;
    IsKey = false&#xD;
    IsIndex = false&#xD;
    JoinOn = None&#xD;
    Source = ""Fact""&#xD;
    QuotedSource = ""Fact""&#xD;
    SqlName = "maybeSomething"&#xD;
    QuotedSqlName = ""maybeSomething""&#xD;
    FSharpName = "maybeSomething"&#xD;
    Type = System.String&#xD;
    PropertyInfo = System.String maybeSomething };&#xD;
  { Index = 6&#xD;
    IsKey = false&#xD;
    IsIndex = false&#xD;
    JoinOn = None&#xD;
    Source = ""Fact""&#xD;
    QuotedSource = ""Fact""&#xD;
    SqlName = "sometimesNothing"&#xD;
    QuotedSqlName = ""sometimesNothing""&#xD;
    FSharpName = "sometimesNothing"&#xD;
    Type = Microsoft.FSharp.Core.FSharpOption`1[System.Int64]&#xD;
    PropertyInfo =&#xD;
     Microsoft.FSharp.Core.FSharpOption`1[System.Int64] sometimesNothing };&#xD;
  { Index = 7&#xD;
    IsKey = false&#xD;
    IsIndex = false&#xD;
    JoinOn = None&#xD;
    Source = ""Fact""&#xD;
    QuotedSource = ""Fact""&#xD;
    SqlName = "biteSize"&#xD;
    QuotedSqlName = ""biteSize""&#xD;
    FSharpName = "biteSize"&#xD;
    Type = System.String&#xD;
    PropertyInfo = System.String biteSize }|]&#xD;
Query being generated:&#xD;
&#xD;
update "Fact" set "indexId" = @indexId, "sqliteName" = @name, "timeStamp" = @timeStamp, "specialChar" = @specialChar, "maybeSomething" = @maybeSomething, "sometimesNothing" = @sometimesNothing, "biteSize" = @biteSize where "Fact"."id" = @id&#xD;
&#xD;
&#xD;
&#xD;
Query being generated:&#xD;
&#xD;
select "Fact"."indexId", "Fact"."id", "Fact"."sqliteName", "Fact"."timeStamp", "Fact"."specialChar", "Fact"."maybeSomething", "Fact"."sometimesNothing", "Fact"."biteSize", "SubFact"."subFact" from "Fact" left join "SubFact" on "SubFact"."factId" = "Fact"."indexId" where id = '5cd6a194-7a5d-4310-8a64-548b1831e387'&#xD;
&#xD;
&#xD;
&#xD;
Query being generated:&#xD;
&#xD;
select "Fact"."indexId", "Fact"."id", "Fact"."sqliteName", "Fact"."timeStamp", "Fact"."specialChar", "Fact"."maybeSomething", "Fact"."sometimesNothing", "Fact"."biteSize", "SubFact"."subFact" from "Fact" left join "SubFact" on "SubFact"."factId" = "Fact"."indexId" where id = '5cd6a194-7a5d-4310-8a64-548b1831e387'&#xD;
&#xD;
&#xD;
&#xD;
Query being generated:&#xD;
&#xD;
select "Fact"."indexId", "Fact"."id", "Fact"."sqliteName", "Fact"."timeStamp", "Fact"."specialChar", "Fact"."maybeSomething", "Fact"."sometimesNothing", "Fact"."biteSize", "SubFact"."subFact" from "Fact" left join "SubFact" on "SubFact"."factId" = "Fact"."indexId" where id = '5cd6a194-7a5d-4310-8a64-548b1831e387'&#xD;
&#xD;
&#xD;
&#xD;
</Text>
      </RunInfo>
      <RunInfo computerName="THE-BIG-RIG" outcome="Warning" timestamp="2023-09-17T19:19:20.1793174-04:00">
        <Text>Reading...&#xD;
Query being generated:&#xD;
&#xD;
select * from "Fact"&#xD;
&#xD;
&#xD;
&#xD;
</Text>
      </RunInfo>
      <RunInfo computerName="THE-BIG-RIG" outcome="Warning" timestamp="2023-09-17T19:19:20.2487816-04:00">
        <Text>Do we have a transaction? Some Npgsql.NpgsqlTransaction&#xD;
Query being generated:&#xD;
&#xD;
insert into "Fact" ( "indexId", "id", "psqlName", "timeStamp", "specialChar", "maybeSomething", "sometimesNothing", "biteSize" ) values ( @indexId, @id, @name, @timeStamp, @specialChar, @maybeSomething, @sometimesNothing, @biteSize )&#xD;
&#xD;
&#xD;
&#xD;
Param count: 8&#xD;
Param 0 - "@indexId": 1L&#xD;
Param 1 - "@id": "c9bde9bf-9217-431f-bf5a-1c7545256579"&#xD;
Param 2 - "@name": "Gerry McGuire"&#xD;
Param 3 - "@timeStamp": "9/17/2023 7:19:20 PM"&#xD;
Param 4 - "@specialChar": "Δ"&#xD;
Param 5 - "@maybeSomething": "true"&#xD;
Param 6 - "@sometimesNothing": 1L&#xD;
Param 7 - "@biteSize": "!aBite"&#xD;
Query being generated:&#xD;
&#xD;
delete from "Fact" where "Fact"."id" = @id&#xD;
&#xD;
&#xD;
&#xD;
Query being generated:&#xD;
&#xD;
select "Fact"."indexId", "Fact"."id", "Fact"."psqlName", "Fact"."timeStamp", "Fact"."specialChar", "Fact"."maybeSomething", "Fact"."sometimesNothing", "Fact"."biteSize", "SubFact"."subFact" from "Fact" left join "SubFact" on "SubFact"."factId" = "Fact"."indexId" where id = 'c9bde9bf-9217-431f-bf5a-1c7545256579'&#xD;
&#xD;
&#xD;
&#xD;
</Text>
      </RunInfo>
      <RunInfo computerName="THE-BIG-RIG" outcome="Warning" timestamp="2023-09-17T19:19:20.4235359-04:00">
        <Text>Do we have a transaction? Some Npgsql.NpgsqlTransaction&#xD;
Query being generated:&#xD;
&#xD;
insert into "Fact" ( "indexId", "id", "psqlName", "timeStamp", "specialChar", "maybeSomething", "sometimesNothing", "biteSize" ) values ( @indexId, @id, @name, @timeStamp, @specialChar, @maybeSomething, @sometimesNothing, @biteSize )&#xD;
&#xD;
&#xD;
&#xD;
Param count: 8&#xD;
Param 0 - "@indexId": 1L&#xD;
Param 1 - "@id": "3463d062-342d-47a8-a54f-3156971e1bc8"&#xD;
Param 2 - "@name": "Gerry McGuire"&#xD;
Param 3 - "@timeStamp": "9/17/2023 7:19:20 PM"&#xD;
Param 4 - "@specialChar": "Δ"&#xD;
Param 5 - "@maybeSomething": "true"&#xD;
Param 6 - "@sometimesNothing": 1L&#xD;
Param 7 - "@biteSize": "!aBite"&#xD;
We have inserted&#xD;
We have the facts: Query being generated:&#xD;
&#xD;
select "Fact"."indexId", "Fact"."id", "Fact"."psqlName", "Fact"."timeStamp", "Fact"."specialChar", "Fact"."maybeSomething", "Fact"."sometimesNothing", "Fact"."biteSize", "SubFact"."subFact" from "Fact" left join "SubFact" on "SubFact"."factId" = "Fact"."indexId" where id = '3463d062-342d-47a8-a54f-3156971e1bc8'&#xD;
&#xD;
&#xD;
&#xD;
Ok (seq [{ indexId = 1L&#xD;
           id = "3463d062-342d-47a8-a54f-3156971e1bc8"&#xD;
           name = "Gerry McGuire"&#xD;
           timeStamp = "9/17/2023 7:19:20 PM"&#xD;
           specialChar = "Δ"&#xD;
           maybeSomething = "true"&#xD;
           sometimesNothing = Some 1L&#xD;
           biteSize = "!aBite"&#xD;
           subFact = None }])&#xD;
Query being generated:&#xD;
&#xD;
select "Fact"."indexId", "Fact"."id", "Fact"."psqlName", "Fact"."timeStamp", "Fact"."specialChar", "Fact"."maybeSomething", "Fact"."sometimesNothing", "Fact"."biteSize", "SubFact"."subFact" from "Fact" left join "SubFact" on "SubFact"."factId" = "Fact"."indexId" where id = '3463d062-342d-47a8-a54f-3156971e1bc8'&#xD;
&#xD;
&#xD;
&#xD;
Query being generated:&#xD;
&#xD;
select "Fact"."indexId", "Fact"."id", "Fact"."psqlName", "Fact"."timeStamp", "Fact"."specialChar", "Fact"."maybeSomething", "Fact"."sometimesNothing", "Fact"."biteSize", "SubFact"."subFact" from "Fact" left join "SubFact" on "SubFact"."factId" = "Fact"."indexId" where id = '3463d062-342d-47a8-a54f-3156971e1bc8'&#xD;
&#xD;
&#xD;
&#xD;
</Text>
      </RunInfo>
      <RunInfo computerName="THE-BIG-RIG" outcome="Warning" timestamp="2023-09-17T19:19:20.6210676-04:00">
        <Text>Do we have a transaction? Some Npgsql.NpgsqlTransaction&#xD;
Query being generated:&#xD;
&#xD;
insert into "Fact" ( "indexId", "id", "psqlName", "timeStamp", "specialChar", "maybeSomething", "sometimesNothing", "biteSize" ) values ( @indexId, @id, @name, @timeStamp, @specialChar, @maybeSomething, @sometimesNothing, @biteSize )&#xD;
&#xD;
&#xD;
&#xD;
Param count: 8&#xD;
Param 0 - "@indexId": 1L&#xD;
Param 1 - "@id": "3bfa1879-418f-4aed-9084-07410534e1a5"&#xD;
Param 2 - "@name": "Gerry McGuire"&#xD;
Param 3 - "@timeStamp": "9/17/2023 7:19:20 PM"&#xD;
Param 4 - "@specialChar": "Δ"&#xD;
Param 5 - "@maybeSomething": "true"&#xD;
Param 6 - "@sometimesNothing": 1L&#xD;
Param 7 - "@biteSize": "!aBite"&#xD;
columns to update: [|{ Index = 0&#xD;
    IsKey = false&#xD;
    IsIndex = true&#xD;
    JoinOn = Some ("SubFact", "factId")&#xD;
    Source = ""Fact""&#xD;
    QuotedSource = ""Fact""&#xD;
    SqlName = "indexId"&#xD;
    QuotedSqlName = ""indexId""&#xD;
    FSharpName = "indexId"&#xD;
    Type = System.Int64&#xD;
    PropertyInfo = Int64 indexId }; { Index = 2&#xD;
                                      IsKey = false&#xD;
                                      IsIndex = false&#xD;
                                      JoinOn = None&#xD;
                                      Source = ""Fact""&#xD;
                                      QuotedSource = ""Fact""&#xD;
                                      SqlName = "psqlName"&#xD;
                                      QuotedSqlName = ""psqlName""&#xD;
                                      FSharpName = "name"&#xD;
                                      Type = System.String&#xD;
                                      PropertyInfo = System.String name };&#xD;
  { Index = 3&#xD;
    IsKey = false&#xD;
    IsIndex = false&#xD;
    JoinOn = None&#xD;
    Source = ""Fact""&#xD;
    QuotedSource = ""Fact""&#xD;
    SqlName = "timeStamp"&#xD;
    QuotedSqlName = ""timeStamp""&#xD;
    FSharpName = "timeStamp"&#xD;
    Type = System.String&#xD;
    PropertyInfo = System.String timeStamp };&#xD;
  { Index = 4&#xD;
    IsKey = false&#xD;
    IsIndex = false&#xD;
    JoinOn = None&#xD;
    Source = ""Fact""&#xD;
    QuotedSource = ""Fact""&#xD;
    SqlName = "specialChar"&#xD;
    QuotedSqlName = ""specialChar""&#xD;
    FSharpName = "specialChar"&#xD;
    Type = System.String&#xD;
    PropertyInfo = System.String specialChar };&#xD;
  { Index = 5&#xD;
    IsKey = false&#xD;
    IsIndex = false&#xD;
    JoinOn = None&#xD;
    Source = ""Fact""&#xD;
    QuotedSource = ""Fact""&#xD;
    SqlName = "maybeSomething"&#xD;
    QuotedSqlName = ""maybeSomething""&#xD;
    FSharpName = "maybeSomething"&#xD;
    Type = System.String&#xD;
    PropertyInfo = System.String maybeSomething };&#xD;
  { Index = 6&#xD;
    IsKey = false&#xD;
    IsIndex = false&#xD;
    JoinOn = None&#xD;
    Source = ""Fact""&#xD;
    QuotedSource = ""Fact""&#xD;
    SqlName = "sometimesNothing"&#xD;
    QuotedSqlName = ""sometimesNothing""&#xD;
    FSharpName = "sometimesNothing"&#xD;
    Type = Microsoft.FSharp.Core.FSharpOption`1[System.Int64]&#xD;
    PropertyInfo =&#xD;
     Microsoft.FSharp.Core.FSharpOption`1[System.Int64] sometimesNothing };&#xD;
  { Index = 7&#xD;
    IsKey = false&#xD;
    IsIndex = false&#xD;
    JoinOn = None&#xD;
    Source = ""Fact""&#xD;
    QuotedSource = ""Fact""&#xD;
    SqlName = "biteSize"&#xD;
    QuotedSqlName = ""biteSize""&#xD;
    FSharpName = "biteSize"&#xD;
    Type = System.String&#xD;
    PropertyInfo = System.String biteSize }|]&#xD;
Query being generated:&#xD;
&#xD;
update "Fact" set "indexId" = @indexId, "psqlName" = @name, "timeStamp" = @timeStamp, "specialChar" = @specialChar, "maybeSomething" = @maybeSomething, "sometimesNothing" = @sometimesNothing, "biteSize" = @biteSize where "Fact"."id" = @id&#xD;
&#xD;
&#xD;
&#xD;
Query being generated:&#xD;
&#xD;
select "Fact"."indexId", "Fact"."id", "Fact"."psqlName", "Fact"."timeStamp", "Fact"."specialChar", "Fact"."maybeSomething", "Fact"."sometimesNothing", "Fact"."biteSize", "SubFact"."subFact" from "Fact" left join "SubFact" on "SubFact"."factId" = "Fact"."indexId" where id = '3bfa1879-418f-4aed-9084-07410534e1a5'&#xD;
&#xD;
&#xD;
&#xD;
Query being generated:&#xD;
&#xD;
select "Fact"."indexId", "Fact"."id", "Fact"."psqlName", "Fact"."timeStamp", "Fact"."specialChar", "Fact"."maybeSomething", "Fact"."sometimesNothing", "Fact"."biteSize", "SubFact"."subFact" from "Fact" left join "SubFact" on "SubFact"."factId" = "Fact"."indexId" where id = '3bfa1879-418f-4aed-9084-07410534e1a5'&#xD;
&#xD;
&#xD;
&#xD;
Query being generated:&#xD;
&#xD;
select "Fact"."indexId", "Fact"."id", "Fact"."psqlName", "Fact"."timeStamp", "Fact"."specialChar", "Fact"."maybeSomething", "Fact"."sometimesNothing", "Fact"."biteSize", "SubFact"."subFact" from "Fact" left join "SubFact" on "SubFact"."factId" = "Fact"."indexId" where id = '3bfa1879-418f-4aed-9084-07410534e1a5'&#xD;
&#xD;
&#xD;
&#xD;
</Text>
      </RunInfo>
      <RunInfo computerName="THE-BIG-RIG" outcome="Warning" timestamp="2023-09-17T19:19:20.7623204-04:00">
        <Text>Reading...&#xD;
Query being generated:&#xD;
&#xD;
select * from "Fact"&#xD;
&#xD;
&#xD;
&#xD;
</Text>
      </RunInfo>
    </RunInfos>
  </ResultSummary>
</TestRun>