<?xml version="1.0" encoding="utf-8"?>
<TestRun id="f61ec23d-1834-4c06-baa2-e0e0d7e7a43d" name="Fenton@DESKTOP-BGD87SJ 2024-02-13 23:30:12" runUser="DESKTOP-BGD87SJ\Fenton" xmlns="http://microsoft.com/schemas/VisualStudio/TeamTest/2010">
  <Times creation="2024-02-13T23:30:12.0564911-05:00" queuing="2024-02-13T23:30:12.0564913-05:00" start="2024-02-13T23:30:09.6709362-05:00" finish="2024-02-13T23:30:12.0567618-05:00" />
  <TestSettings name="default" id="6cd2c9e0-dd24-4f79-8197-9dc44e80ee71">
    <Deployment runDeploymentRoot="Fenton_DESKTOP-BGD87SJ_2024-02-13_23_30_12" />
  </TestSettings>
  <TestLists>
    <TestList name="Results Not in a List" id="8c84fa94-04c1-424b-9868-57a2d4851a1d" />
    <TestList name="All Loaded Results" id="19431567-8539-422a-85d7-44ee4e166bda" />
  </TestLists>
  <ResultSummary outcome="Completed">
    <Counters total="0" executed="0" passed="0" failed="0" error="0" timeout="0" aborted="0" inconclusive="0" passedButRunAborted="0" notRunnable="0" notExecuted="0" disconnected="0" warning="0" completed="0" inProgress="0" pending="0" />
    <Output>
      <StdOut>NUnit Adapter 4.4.0.0: Test execution started&#xD;
Running all tests in C:\Users\Fenton\Documents\GitHub\hcrd\FORM\Test\bin\Debug\net8.0\Test.dll&#xD;
   NUnit3TestExecutor discovered 0 of 0 NUnit test cases using Current Discovery mode, Explicit run&#xD;
NUnit Adapter 4.4.0.0: Test execution complete&#xD;
</StdOut>
    </Output>
    <RunInfos>
      <RunInfo computerName="DESKTOP-BGD87SJ" outcome="Warning" timestamp="2024-02-13T23:30:11.9900719-05:00">
        <Text>No test is available in C:\Users\Fenton\Documents\GitHub\hcrd\FORM\Test\bin\Debug\net8.0\Test.dll. Make sure that test discoverer &amp; executors are registered and platform &amp; framework version settings are appropriate and try again.</Text>
      </RunInfo>
    </RunInfos>
  </ResultSummary>
</TestRun>