<?xml version="1.0" encoding="utf-8"?>
<TestRun id="ff05f26c-570b-4f34-b6e8-a717314402af" name="Evan@THE-BIG-RIG 2023-09-21 10:55:06" runUser="THE-BIG-RIG\Evan" xmlns="http://microsoft.com/schemas/VisualStudio/TeamTest/2010">
  <Times creation="2023-09-21T10:55:06.2001443-04:00" queuing="2023-09-21T10:55:06.2001444-04:00" start="2023-09-21T10:54:54.3419137-04:00" finish="2023-09-21T10:55:27.8763699-04:00" />
  <TestSettings name="default" id="4bc4bdf9-e05c-4c96-87ee-7a8a9f216055">
    <Deployment runDeploymentRoot="Evan_THE-BIG-RIG_2023-09-21_10_55_06" />
  </TestSettings>
  <Results>
    <UnitTestResult executionId="36114b4e-02a0-4df9-890b-9902fc53b49b" testId="8b9d4215-bacd-9f5c-0cb3-cebe0cc23a2a" testName="DeleteWhere" computerName="THE-BIG-RIG" duration="00:00:00.0139220" startTime="2023-09-21T10:55:26.8675488-04:00" endTime="2023-09-21T10:55:26.8814702-04:00" testType="13cdc9d9-ddb5-4fa4-a97d-d965ccfc6d4b" outcome="Passed" testListId="8c84fa94-04c1-424b-9868-57a2d4851a1d" relativeResultsDirectory="36114b4e-02a0-4df9-890b-9902fc53b49b">
      <Output>
        <StdOut>Deleting Where...&#xD;
Query being generated:&#xD;
&#xD;
delete from "Fact" where "indexId" = 1&#xD;
&#xD;
&#xD;
&#xD;
&#xD;
facts: 2</StdOut>
      </Output>
    </UnitTestResult>
    <UnitTestResult executionId="98236e73-8873-4e29-8d87-e57bfd582606" testId="2ca81fe3-1888-0a66-75b0-9470085ed4cc" testName="Update" computerName="THE-BIG-RIG" duration="00:00:00.0126790" startTime="2023-09-21T10:55:06.2614760-04:00" endTime="2023-09-21T10:55:06.2741546-04:00" testType="13cdc9d9-ddb5-4fa4-a97d-d965ccfc6d4b" outcome="Passed" testListId="8c84fa94-04c1-424b-9868-57a2d4851a1d" relativeResultsDirectory="98236e73-8873-4e29-8d87-e57bfd582606">
      <Output>
        <StdOut>Updating...&#xD;
columns to update: [|{ Index = 0&#xD;
    IsKey = false&#xD;
    IsIndex = true&#xD;
    JoinOn = Some ("SubFact", "factId")&#xD;
    Source = ""Fact""&#xD;
    QuotedSource = ""Fact""&#xD;
    SqlName = "indexId"&#xD;
    QuotedSqlName = ""indexId""&#xD;
    FSharpName = "indexId"&#xD;
    Type = System.Int64&#xD;
    PropertyInfo = Int64 indexId }; { Index = 2&#xD;
                                      IsKey = false&#xD;
                                      IsIndex = false&#xD;
                                      JoinOn = None&#xD;
                                      Source = ""Fact""&#xD;
                                      QuotedSource = ""Fact""&#xD;
                                      SqlName = "sqliteName"&#xD;
                                      QuotedSqlName = ""sqliteName""&#xD;
                                      FSharpName = "name"&#xD;
                                      Type = System.String&#xD;
                                      PropertyInfo = System.String name };&#xD;
  { Index = 3&#xD;
    IsKey = false&#xD;
    IsIndex = false&#xD;
    JoinOn = None&#xD;
    Source = ""Fact""&#xD;
    QuotedSource = ""Fact""&#xD;
    SqlName = "timeStamp"&#xD;
    QuotedSqlName = ""timeStamp""&#xD;
    FSharpName = "timeStamp"&#xD;
    Type = System.String&#xD;
    PropertyInfo = System.String timeStamp };&#xD;
  { Index = 4&#xD;
    IsKey = false&#xD;
    IsIndex = false&#xD;
    JoinOn = None&#xD;
    Source = ""Fact""&#xD;
    QuotedSource = ""Fact""&#xD;
    SqlName = "specialChar"&#xD;
    QuotedSqlName = ""specialChar""&#xD;
    FSharpName = "specialChar"&#xD;
    Type = System.String&#xD;
    PropertyInfo = System.String specialChar };&#xD;
  { Index = 5&#xD;
    IsKey = false&#xD;
    IsIndex = false&#xD;
    JoinOn = None&#xD;
    Source = ""Fact""&#xD;
    QuotedSource = ""Fact""&#xD;
    SqlName = "maybeSomething"&#xD;
    QuotedSqlName = ""maybeSomething""&#xD;
    FSharpName = "maybeSomething"&#xD;
    Type = System.String&#xD;
    PropertyInfo = System.String maybeSomething };&#xD;
  { Index = 6&#xD;
    IsKey = false&#xD;
    IsIndex = false&#xD;
    JoinOn = None&#xD;
    Source = ""Fact""&#xD;
    QuotedSource = ""Fact""&#xD;
    SqlName = "sometimesNothing"&#xD;
    QuotedSqlName = ""sometimesNothing""&#xD;
    FSharpName = "sometimesNothing"&#xD;
    Type = Microsoft.FSharp.Core.FSharpOption`1[System.Int64]&#xD;
    PropertyInfo =&#xD;
     Microsoft.FSharp.Core.FSharpOption`1[System.Int64] sometimesNothing };&#xD;
  { Index = 7&#xD;
    IsKey = false&#xD;
    IsIndex = false&#xD;
    JoinOn = None&#xD;
    Source = ""Fact""&#xD;
    QuotedSource = ""Fact""&#xD;
    SqlName = "biteSize"&#xD;
    QuotedSqlName = ""biteSize""&#xD;
    FSharpName = "biteSize"&#xD;
    Type = System.String&#xD;
    PropertyInfo = System.String biteSize }|]&#xD;
Query being generated:&#xD;
&#xD;
update "Fact" set "indexId" = @indexId, "sqliteName" = @name, "timeStamp" = @timeStamp, "specialChar" = @specialChar, "maybeSomething" = @maybeSomething, "sometimesNothing" = @sometimesNothing, "biteSize" = @biteSize where "Fact"."id" = @id&#xD;
&#xD;
&#xD;
&#xD;
&#xD;
facts: 1</StdOut>
      </Output>
    </UnitTestResult>
    <UnitTestResult executionId="fd958743-2fe4-413c-8c89-fb3403442712" testId="f189dfb4-c52c-9727-119d-7c606e4a4427" testName="SelectLimit" computerName="THE-BIG-RIG" duration="00:00:00.0059450" startTime="2023-09-21T10:55:06.2500395-04:00" endTime="2023-09-21T10:55:06.2559838-04:00" testType="13cdc9d9-ddb5-4fa4-a97d-d965ccfc6d4b" outcome="Passed" testListId="8c84fa94-04c1-424b-9868-57a2d4851a1d" relativeResultsDirectory="fd958743-2fe4-413c-8c89-fb3403442712">
      <Output>
        <StdOut>Selecting All...&#xD;
Query being generated:&#xD;
&#xD;
select "Fact"."indexId", "Fact"."id", "Fact"."sqliteName", "Fact"."timeStamp", "Fact"."specialChar", "Fact"."maybeSomething", "Fact"."sometimesNothing", "Fact"."biteSize", "SubFact"."subFact" from "Fact" left join "SubFact" on "SubFact"."factId" = "Fact"."indexId" limit 5&#xD;
&#xD;
&#xD;
&#xD;
{ indexId = 1L&#xD;
  id = "21032412-e7a0-44b5-bff7-a4fc38c92171"&#xD;
  name = "Gerry McGuire"&#xD;
  timeStamp = "9/21/2023 10:55:06 AM"&#xD;
  specialChar = "Δ"&#xD;
  maybeSomething = "true"&#xD;
  sometimesNothing = Some 1L&#xD;
  biteSize = "!aBite"&#xD;
  subFact = None }&#xD;
{ indexId = 1L&#xD;
  id = "18847345-c053-4316-8b98-cd6c61972890"&#xD;
  name = "Gerry McGuire"&#xD;
  timeStamp = "9/21/2023 10:55:06 AM"&#xD;
  specialChar = "Δ"&#xD;
  maybeSomething = "true"&#xD;
  sometimesNothing = Some 1L&#xD;
  biteSize = "!aBite"&#xD;
  subFact = None }&#xD;
{ indexId = 1L&#xD;
  id = "6c5737f4-1ee7-4093-b14e-225aa761e314"&#xD;
  name = "Gerry McGuire"&#xD;
  timeStamp = "9/21/2023 10:55:06 AM"&#xD;
  specialChar = "Δ"&#xD;
  maybeSomething = "true"&#xD;
  sometimesNothing = None&#xD;
  biteSize = "!aBite"&#xD;
  subFact = None }&#xD;
{ indexId = 1L&#xD;
  id = "18121561-ab3a-41e6-911a-d37da10c12ab"&#xD;
  name = "Gerry McGuire"&#xD;
  timeStamp = "9/21/2023 10:55:06 AM"&#xD;
  specialChar = "Δ"&#xD;
  maybeSomething = "true"&#xD;
  sometimesNothing = Some 1L&#xD;
  biteSize = "!aBite"&#xD;
  subFact = None }&#xD;
{ indexId = 1L&#xD;
  id = "2c177377-0440-4bcf-bb23-8c9e04806f03"&#xD;
  name = "Gerry McGuire"&#xD;
  timeStamp = "9/21/2023 10:55:06 AM"&#xD;
  specialChar = "Δ"&#xD;
  maybeSomething = "true"&#xD;
  sometimesNothing = Some 1L&#xD;
  biteSize = "!aBite"&#xD;
  subFact = None }&#xD;
Query being generated:&#xD;
&#xD;
select "Fact"."indexId", "Fact"."id", "Fact"."sqliteName", "Fact"."timeStamp", "Fact"."specialChar", "Fact"."maybeSomething", "Fact"."sometimesNothing", "Fact"."biteSize", "SubFact"."subFact" from "Fact" left join "SubFact" on "SubFact"."factId" = "Fact"."indexId" limit 5&#xD;
&#xD;
&#xD;
&#xD;
&#xD;
facts: seq&#xD;
  [{ indexId = 1L&#xD;
     id = "21032412-e7a0-44b5-bff7-a4fc38c92171"&#xD;
     name = "Gerry McGuire"&#xD;
     timeStamp = "9/21/2023 10:55:06 AM"&#xD;
     specialChar = "Δ"&#xD;
     maybeSomething = "true"&#xD;
     sometimesNothing = Some 1L&#xD;
     biteSize = "!aBite"&#xD;
     subFact = None }; { indexId = 1L&#xD;
                         id = "18847345-c053-4316-8b98-cd6c61972890"&#xD;
                         name = "Gerry McGuire"&#xD;
                         timeStamp = "9/21/2023 10:55:06 AM"&#xD;
                         specialChar = "Δ"&#xD;
                         maybeSomething = "true"&#xD;
                         sometimesNothing = Some 1L&#xD;
                         biteSize = "!aBite"&#xD;
                         subFact = None };&#xD;
   { indexId = 1L&#xD;
     id = "6c5737f4-1ee7-4093-b14e-225aa761e314"&#xD;
     name = "Gerry McGuire"&#xD;
     timeStamp = "9/21/2023 10:55:06 AM"&#xD;
     specialChar = "Δ"&#xD;
     maybeSomething = "true"&#xD;
     sometimesNothing = None&#xD;
     biteSize = "!aBite"&#xD;
     subFact = None }; { indexId = 1L&#xD;
                         id = "18121561-ab3a-41e6-911a-d37da10c12ab"&#xD;
                         name = "Gerry McGuire"&#xD;
                         timeStamp = "9/21/2023 10:55:06 AM"&#xD;
                         specialChar = "Δ"&#xD;
                         maybeSomething = "true"&#xD;
                         sometimesNothing = Some 1L&#xD;
                         biteSize = "!aBite"&#xD;
                         subFact = None }; ...]</StdOut>
      </Output>
    </UnitTestResult>
    <UnitTestResult executionId="a2c6ae97-0322-4fd1-b79a-ee5516e8615f" testId="07956d24-5a70-780e-abca-650f22e95adc" testName="Select" computerName="THE-BIG-RIG" duration="00:00:00.0301590" startTime="2023-09-21T10:55:26.9801824-04:00" endTime="2023-09-21T10:55:27.0103414-04:00" testType="13cdc9d9-ddb5-4fa4-a97d-d965ccfc6d4b" outcome="Passed" testListId="8c84fa94-04c1-424b-9868-57a2d4851a1d" relativeResultsDirectory="a2c6ae97-0322-4fd1-b79a-ee5516e8615f">
      <Output>
        <StdOut>Selecting All...&#xD;
Query being generated:&#xD;
&#xD;
select "Fact"."indexId", "Fact"."id", "Fact"."psqlName", "Fact"."timeStamp", "Fact"."specialChar", "Fact"."maybeSomething", "Fact"."sometimesNothing", "Fact"."biteSize", "SubFact"."subFact" from "Fact" left join "SubFact" on "SubFact"."factId" = "Fact"."indexId"&#xD;
&#xD;
&#xD;
&#xD;
{ indexId = 1L&#xD;
  id = "8e2cc54f-c077-47ac-b8ba-86cff634c1e1"&#xD;
  name = "Gerry McGuire"&#xD;
  timeStamp = "9/21/2023 10:55:26 AM"&#xD;
  specialChar = "Δ"&#xD;
  maybeSomething = "true"&#xD;
  sometimesNothing = Some 1L&#xD;
  biteSize = "!aBite"&#xD;
  subFact = None }&#xD;
{ indexId = 1L&#xD;
  id = "5b0734f0-139f-48aa-9ab4-f892d4446378"&#xD;
  name = "Gerry McGuire"&#xD;
  timeStamp = "9/21/2023 10:55:26 AM"&#xD;
  specialChar = "Δ"&#xD;
  maybeSomething = "true"&#xD;
  sometimesNothing = Some 1L&#xD;
  biteSize = "!aBite"&#xD;
  subFact = None }&#xD;
{ indexId = 1L&#xD;
  id = "27e0b522-4b46-4686-ac03-148d3090c3f9"&#xD;
  name = "Gerry McGuire"&#xD;
  timeStamp = "9/21/2023 10:55:26 AM"&#xD;
  specialChar = "Δ"&#xD;
  maybeSomething = "true"&#xD;
  sometimesNothing = None&#xD;
  biteSize = "!aBite"&#xD;
  subFact = None }&#xD;
{ indexId = 1L&#xD;
  id = "506d02bc-dd2c-4530-b2cc-bfb24186c759"&#xD;
  name = "Gerry McGuire"&#xD;
  timeStamp = "9/21/2023 10:55:26 AM"&#xD;
  specialChar = "Δ"&#xD;
  maybeSomething = "true"&#xD;
  sometimesNothing = Some 1L&#xD;
  biteSize = "!aBite"&#xD;
  subFact = None }&#xD;
{ indexId = 1L&#xD;
  id = "fec49fa1-1b67-4386-921d-7479c8393768"&#xD;
  name = "Gerry McGuire"&#xD;
  timeStamp = "9/21/2023 10:55:26 AM"&#xD;
  specialChar = "Δ"&#xD;
  maybeSomething = "true"&#xD;
  sometimesNothing = Some 1L&#xD;
  biteSize = "!aBite"&#xD;
  subFact = None }&#xD;
Query being generated:&#xD;
&#xD;
select "Fact"."indexId", "Fact"."id", "Fact"."psqlName", "Fact"."timeStamp", "Fact"."specialChar", "Fact"."maybeSomething", "Fact"."sometimesNothing", "Fact"."biteSize", "SubFact"."subFact" from "Fact" left join "SubFact" on "SubFact"."factId" = "Fact"."indexId"&#xD;
&#xD;
&#xD;
&#xD;
&#xD;
facts: seq&#xD;
  [{ indexId = 1L&#xD;
     id = "8e2cc54f-c077-47ac-b8ba-86cff634c1e1"&#xD;
     name = "Gerry McGuire"&#xD;
     timeStamp = "9/21/2023 10:55:26 AM"&#xD;
     specialChar = "Δ"&#xD;
     maybeSomething = "true"&#xD;
     sometimesNothing = Some 1L&#xD;
     biteSize = "!aBite"&#xD;
     subFact = None }; { indexId = 1L&#xD;
                         id = "5b0734f0-139f-48aa-9ab4-f892d4446378"&#xD;
                         name = "Gerry McGuire"&#xD;
                         timeStamp = "9/21/2023 10:55:26 AM"&#xD;
                         specialChar = "Δ"&#xD;
                         maybeSomething = "true"&#xD;
                         sometimesNothing = Some 1L&#xD;
                         biteSize = "!aBite"&#xD;
                         subFact = None };&#xD;
   { indexId = 1L&#xD;
     id = "27e0b522-4b46-4686-ac03-148d3090c3f9"&#xD;
     name = "Gerry McGuire"&#xD;
     timeStamp = "9/21/2023 10:55:26 AM"&#xD;
     specialChar = "Δ"&#xD;
     maybeSomething = "true"&#xD;
     sometimesNothing = None&#xD;
     biteSize = "!aBite"&#xD;
     subFact = None }; { indexId = 1L&#xD;
                         id = "506d02bc-dd2c-4530-b2cc-bfb24186c759"&#xD;
                         name = "Gerry McGuire"&#xD;
                         timeStamp = "9/21/2023 10:55:26 AM"&#xD;
                         specialChar = "Δ"&#xD;
                         maybeSomething = "true"&#xD;
                         sometimesNothing = Some 1L&#xD;
                         biteSize = "!aBite"&#xD;
                         subFact = None }; ...]</StdOut>
      </Output>
    </UnitTestResult>
    <UnitTestResult executionId="814d62f2-5383-47ce-bf99-54871c190725" testId="36b60724-976a-a427-5457-ca1e1a6f8f06" testName="Update" computerName="THE-BIG-RIG" duration="00:00:00.0148510" startTime="2023-09-21T10:55:27.0514358-04:00" endTime="2023-09-21T10:55:27.0662863-04:00" testType="13cdc9d9-ddb5-4fa4-a97d-d965ccfc6d4b" outcome="Passed" testListId="8c84fa94-04c1-424b-9868-57a2d4851a1d" relativeResultsDirectory="814d62f2-5383-47ce-bf99-54871c190725">
      <Output>
        <StdOut>Updating...&#xD;
columns to update: [|{ Index = 0&#xD;
    IsKey = false&#xD;
    IsIndex = true&#xD;
    JoinOn = Some ("SubFact", "factId")&#xD;
    Source = ""Fact""&#xD;
    QuotedSource = ""Fact""&#xD;
    SqlName = "indexId"&#xD;
    QuotedSqlName = ""indexId""&#xD;
    FSharpName = "indexId"&#xD;
    Type = System.Int64&#xD;
    PropertyInfo = Int64 indexId }; { Index = 2&#xD;
                                      IsKey = false&#xD;
                                      IsIndex = false&#xD;
                                      JoinOn = None&#xD;
                                      Source = ""Fact""&#xD;
                                      QuotedSource = ""Fact""&#xD;
                                      SqlName = "psqlName"&#xD;
                                      QuotedSqlName = ""psqlName""&#xD;
                                      FSharpName = "name"&#xD;
                                      Type = System.String&#xD;
                                      PropertyInfo = System.String name };&#xD;
  { Index = 3&#xD;
    IsKey = false&#xD;
    IsIndex = false&#xD;
    JoinOn = None&#xD;
    Source = ""Fact""&#xD;
    QuotedSource = ""Fact""&#xD;
    SqlName = "timeStamp"&#xD;
    QuotedSqlName = ""timeStamp""&#xD;
    FSharpName = "timeStamp"&#xD;
    Type = System.String&#xD;
    PropertyInfo = System.String timeStamp };&#xD;
  { Index = 4&#xD;
    IsKey = false&#xD;
    IsIndex = false&#xD;
    JoinOn = None&#xD;
    Source = ""Fact""&#xD;
    QuotedSource = ""Fact""&#xD;
    SqlName = "specialChar"&#xD;
    QuotedSqlName = ""specialChar""&#xD;
    FSharpName = "specialChar"&#xD;
    Type = System.String&#xD;
    PropertyInfo = System.String specialChar };&#xD;
  { Index = 5&#xD;
    IsKey = false&#xD;
    IsIndex = false&#xD;
    JoinOn = None&#xD;
    Source = ""Fact""&#xD;
    QuotedSource = ""Fact""&#xD;
    SqlName = "maybeSomething"&#xD;
    QuotedSqlName = ""maybeSomething""&#xD;
    FSharpName = "maybeSomething"&#xD;
    Type = System.String&#xD;
    PropertyInfo = System.String maybeSomething };&#xD;
  { Index = 6&#xD;
    IsKey = false&#xD;
    IsIndex = false&#xD;
    JoinOn = None&#xD;
    Source = ""Fact""&#xD;
    QuotedSource = ""Fact""&#xD;
    SqlName = "sometimesNothing"&#xD;
    QuotedSqlName = ""sometimesNothing""&#xD;
    FSharpName = "sometimesNothing"&#xD;
    Type = Microsoft.FSharp.Core.FSharpOption`1[System.Int64]&#xD;
    PropertyInfo =&#xD;
     Microsoft.FSharp.Core.FSharpOption`1[System.Int64] sometimesNothing };&#xD;
  { Index = 7&#xD;
    IsKey = false&#xD;
    IsIndex = false&#xD;
    JoinOn = None&#xD;
    Source = ""Fact""&#xD;
    QuotedSource = ""Fact""&#xD;
    SqlName = "biteSize"&#xD;
    QuotedSqlName = ""biteSize""&#xD;
    FSharpName = "biteSize"&#xD;
    Type = System.String&#xD;
    PropertyInfo = System.String biteSize }|]&#xD;
Query being generated:&#xD;
&#xD;
update "Fact" set "indexId" = @indexId, "psqlName" = @name, "timeStamp" = @timeStamp, "specialChar" = @specialChar, "maybeSomething" = @maybeSomething, "sometimesNothing" = @sometimesNothing, "biteSize" = @biteSize where "Fact"."id" = @id&#xD;
&#xD;
&#xD;
&#xD;
&#xD;
facts: 1</StdOut>
      </Output>
    </UnitTestResult>
    <UnitTestResult executionId="b4be00c5-51b2-4b98-ba10-d0f4eaccbae7" testId="7c636acb-1dc9-7632-1fa2-ed50423e327b" testName="Connect" computerName="THE-BIG-RIG" duration="00:00:00.0002530" startTime="2023-09-21T10:55:26.8132579-04:00" endTime="2023-09-21T10:55:26.8135111-04:00" testType="13cdc9d9-ddb5-4fa4-a97d-d965ccfc6d4b" outcome="Passed" testListId="8c84fa94-04c1-424b-9868-57a2d4851a1d" relativeResultsDirectory="b4be00c5-51b2-4b98-ba10-d0f4eaccbae7">
      <Output>
        <StdOut>Contest: "Data Source=./test.db;"</StdOut>
      </Output>
    </UnitTestResult>
    <UnitTestResult executionId="127226a7-30cd-41c5-96aa-42fed0ba89f1" testId="c5ecb518-1979-13a9-c293-a04b6295e274" testName="DeleteMany" computerName="THE-BIG-RIG" duration="00:00:00.0069090" startTime="2023-09-21T10:55:06.2076237-04:00" endTime="2023-09-21T10:55:06.2145327-04:00" testType="13cdc9d9-ddb5-4fa4-a97d-d965ccfc6d4b" outcome="Passed" testListId="8c84fa94-04c1-424b-9868-57a2d4851a1d" relativeResultsDirectory="127226a7-30cd-41c5-96aa-42fed0ba89f1">
      <Output>
        <StdOut>Deleting Many...&#xD;
Query being generated:&#xD;
&#xD;
delete from "Fact" where "Fact"."id" = @id&#xD;
&#xD;
&#xD;
&#xD;
&#xD;
2</StdOut>
      </Output>
    </UnitTestResult>
    <UnitTestResult executionId="0f922f21-b6c3-436b-8f57-798fd7ac7a90" testId="6b0006e5-ab81-1704-d774-56777789dc1c" testName="TearDown" computerName="THE-BIG-RIG" duration="00:00:00.0007380" startTime="2023-09-21T10:55:06.2607002-04:00" endTime="2023-09-21T10:55:06.2614381-04:00" testType="13cdc9d9-ddb5-4fa4-a97d-d965ccfc6d4b" outcome="Passed" testListId="8c84fa94-04c1-424b-9868-57a2d4851a1d" relativeResultsDirectory="0f922f21-b6c3-436b-8f57-798fd7ac7a90">
      <Output>
        <StdOut>Transaction: None</StdOut>
      </Output>
    </UnitTestResult>
    <UnitTestResult executionId="14def36e-5049-4400-996c-a1d215303155" testId="545b1bf1-e638-f0da-05f9-2695305561da" testName="QueryBuild" computerName="THE-BIG-RIG" duration="00:00:00.0016450" startTime="2023-09-21T10:55:06.2356445-04:00" endTime="2023-09-21T10:55:06.2372891-04:00" testType="13cdc9d9-ddb5-4fa4-a97d-d965ccfc6d4b" outcome="Passed" testListId="8c84fa94-04c1-424b-9868-57a2d4851a1d" relativeResultsDirectory="14def36e-5049-4400-996c-a1d215303155">
      <Output>
        <StdOut>""Fact"."indexId", "Fact"."id", "Fact"."sqliteName", "Fact"."timeStamp", "Fact"."specialChar", "Fact"."maybeSomething", "Fact"."sometimesNothing", "Fact"."biteSize", "SubFact"."subFact" from "Fact" left join "SubFact" on "SubFact"."factId" = "Fact"."indexId""</StdOut>
      </Output>
    </UnitTestResult>
    <UnitTestResult executionId="035fa8e0-c93f-40dc-bd27-d331afe15e92" testId="79394db7-0c7a-bbb8-795c-4b52a68853a0" testName="Delete" computerName="THE-BIG-RIG" duration="00:00:00.0072440" startTime="2023-09-21T10:55:06.2003671-04:00" endTime="2023-09-21T10:55:06.2076105-04:00" testType="13cdc9d9-ddb5-4fa4-a97d-d965ccfc6d4b" outcome="Passed" testListId="8c84fa94-04c1-424b-9868-57a2d4851a1d" relativeResultsDirectory="035fa8e0-c93f-40dc-bd27-d331afe15e92">
      <Output>
        <StdOut>Deleting...&#xD;
Query being generated:&#xD;
&#xD;
delete from "Fact" where "Fact"."id" = @id&#xD;
&#xD;
&#xD;
&#xD;
&#xD;
facts: 0</StdOut>
      </Output>
    </UnitTestResult>
    <UnitTestResult executionId="906a7eef-a145-40c7-b792-3c8eb213a143" testId="57cae47f-3b44-3854-5d05-8185ecbc5129" testName="Connect" computerName="THE-BIG-RIG" duration="00:00:00.0012760" startTime="2023-09-21T10:55:06.1990792-04:00" endTime="2023-09-21T10:55:06.2003549-04:00" testType="13cdc9d9-ddb5-4fa4-a97d-d965ccfc6d4b" outcome="Passed" testListId="8c84fa94-04c1-424b-9868-57a2d4851a1d" relativeResultsDirectory="906a7eef-a145-40c7-b792-3c8eb213a143">
      <Output>
        <StdOut>Contest: "Data Source=./test.db;"</StdOut>
      </Output>
    </UnitTestResult>
    <UnitTestResult executionId="6a83aaf1-3254-4706-a86e-cd06539424e8" testId="d92ff9a4-1b7e-d93a-d9c7-189372bb5a87" testName="InsertDeleteSelect" computerName="THE-BIG-RIG" duration="00:00:00.0622040" startTime="2023-09-21T10:55:27.2340940-04:00" endTime="2023-09-21T10:55:27.2962986-04:00" testType="13cdc9d9-ddb5-4fa4-a97d-d965ccfc6d4b" outcome="Passed" testListId="8c84fa94-04c1-424b-9868-57a2d4851a1d" relativeResultsDirectory="6a83aaf1-3254-4706-a86e-cd06539424e8">
      <Output>
        <StdOut>Do we have a transaction? Some Npgsql.NpgsqlTransaction&#xD;
Query being generated:&#xD;
&#xD;
insert into "Fact" ( "indexId", "id", "psqlName", "timeStamp", "specialChar", "maybeSomething", "sometimesNothing", "biteSize" ) values ( @indexId, @id, @name, @timeStamp, @specialChar, @maybeSomething, @sometimesNothing, @biteSize )&#xD;
&#xD;
&#xD;
&#xD;
Param count: 8&#xD;
Param 0 - "@indexId": 1L&#xD;
Param 1 - "@id": "54263ba7-bed9-4273-a461-8ede6d49552c"&#xD;
Param 2 - "@name": "Gerry McGuire"&#xD;
Param 3 - "@timeStamp": "9/21/2023 10:55:27 AM"&#xD;
Param 4 - "@specialChar": "Δ"&#xD;
Param 5 - "@maybeSomething": "true"&#xD;
Param 6 - "@sometimesNothing": 1L&#xD;
Param 7 - "@biteSize": "!aBite"&#xD;
Query being generated:&#xD;
&#xD;
delete from "Fact" where "Fact"."id" = @id&#xD;
&#xD;
&#xD;
&#xD;
Query being generated:&#xD;
&#xD;
select "Fact"."indexId", "Fact"."id", "Fact"."psqlName", "Fact"."timeStamp", "Fact"."specialChar", "Fact"."maybeSomething", "Fact"."sometimesNothing", "Fact"."biteSize", "SubFact"."subFact" from "Fact" left join "SubFact" on "SubFact"."factId" = "Fact"."indexId" where id = '54263ba7-bed9-4273-a461-8ede6d49552c'</StdOut>
      </Output>
    </UnitTestResult>
    <UnitTestResult executionId="2efadfc0-e762-456f-8ae3-80f4a57d665e" testId="11ca4904-a1cf-c42f-1896-98cfb1a9d85e" testName="DeleteWhere" computerName="THE-BIG-RIG" duration="00:00:00.0059720" startTime="2023-09-21T10:55:06.2145483-04:00" endTime="2023-09-21T10:55:06.2205203-04:00" testType="13cdc9d9-ddb5-4fa4-a97d-d965ccfc6d4b" outcome="Passed" testListId="8c84fa94-04c1-424b-9868-57a2d4851a1d" relativeResultsDirectory="2efadfc0-e762-456f-8ae3-80f4a57d665e">
      <Output>
        <StdOut>Deleting Where...&#xD;
Query being generated:&#xD;
&#xD;
delete from "Fact" where "indexId" = 1&#xD;
&#xD;
&#xD;
&#xD;
&#xD;
facts: 2</StdOut>
      </Output>
    </UnitTestResult>
    <UnitTestResult executionId="ad825716-d000-48da-997a-3fbd6aaac423" testId="2d284b6c-5c67-896d-d39b-b582fc474284" testName="ReaderWithTransaction" computerName="THE-BIG-RIG" duration="00:00:00.0051800" startTime="2023-09-21T10:55:27.2061900-04:00" endTime="2023-09-21T10:55:27.2113703-04:00" testType="13cdc9d9-ddb5-4fa4-a97d-d965ccfc6d4b" outcome="Passed" testListId="8c84fa94-04c1-424b-9868-57a2d4851a1d" relativeResultsDirectory="ad825716-d000-48da-997a-3fbd6aaac423">
      <Output>
        <StdOut>Reading...&#xD;
Query being generated:&#xD;
&#xD;
select * from "Fact"&#xD;
&#xD;
&#xD;
&#xD;
&#xD;
Error: No connection associated with this command</StdOut>
      </Output>
    </UnitTestResult>
    <UnitTestResult executionId="b090bfc4-2501-4931-aa03-f7e9387f4779" testId="8bc43a71-3dd5-d4b3-9160-b6788c246f20" testName="InsertSelect" computerName="THE-BIG-RIG" duration="00:00:00.0138980" startTime="2023-09-21T10:55:27.1747127-04:00" endTime="2023-09-21T10:55:27.1886099-04:00" testType="13cdc9d9-ddb5-4fa4-a97d-d965ccfc6d4b" outcome="Passed" testListId="8c84fa94-04c1-424b-9868-57a2d4851a1d" relativeResultsDirectory="b090bfc4-2501-4931-aa03-f7e9387f4779">
      <Output>
        <StdOut>Do we have a transaction? Some System.Data.SQLite.SQLiteTransaction&#xD;
Query being generated:&#xD;
&#xD;
insert into "Fact" ( "indexId", "id", "sqliteName", "timeStamp", "specialChar", "maybeSomething", "sometimesNothing", "biteSize" ) values ( @indexId, @id, @name, @timeStamp, @specialChar, @maybeSomething, @sometimesNothing, @biteSize )&#xD;
&#xD;
&#xD;
&#xD;
Param count: 8&#xD;
Param 0 - "@indexId": 1L&#xD;
Param 1 - "@id": "87d4d58f-1575-4d3e-9311-c12bb8c8c568"&#xD;
Param 2 - "@name": "Gerry McGuire"&#xD;
Param 3 - "@timeStamp": "9/21/2023 10:55:27 AM"&#xD;
Param 4 - "@specialChar": "Δ"&#xD;
Param 5 - "@maybeSomething": "true"&#xD;
Param 6 - "@sometimesNothing": 1L&#xD;
Param 7 - "@biteSize": "!aBite"&#xD;
We have inserted&#xD;
We have the facts: Query being generated:&#xD;
&#xD;
select "Fact"."indexId", "Fact"."id", "Fact"."sqliteName", "Fact"."timeStamp", "Fact"."specialChar", "Fact"."maybeSomething", "Fact"."sometimesNothing", "Fact"."biteSize", "SubFact"."subFact" from "Fact" left join "SubFact" on "SubFact"."factId" = "Fact"."indexId" where id = '87d4d58f-1575-4d3e-9311-c12bb8c8c568'&#xD;
&#xD;
&#xD;
&#xD;
Ok (seq [{ indexId = 1L&#xD;
           id = "87d4d58f-1575-4d3e-9311-c12bb8c8c568"&#xD;
           name = "Gerry McGuire"&#xD;
           timeStamp = "9/21/2023 10:55:27 AM"&#xD;
           specialChar = "Δ"&#xD;
           maybeSomething = "true"&#xD;
           sometimesNothing = Some 1L&#xD;
           biteSize = "!aBite"&#xD;
           subFact = None }])&#xD;
Query being generated:&#xD;
&#xD;
select "Fact"."indexId", "Fact"."id", "Fact"."sqliteName", "Fact"."timeStamp", "Fact"."specialChar", "Fact"."maybeSomething", "Fact"."sometimesNothing", "Fact"."biteSize", "SubFact"."subFact" from "Fact" left join "SubFact" on "SubFact"."factId" = "Fact"."indexId" where id = '87d4d58f-1575-4d3e-9311-c12bb8c8c568'&#xD;
&#xD;
&#xD;
&#xD;
Query being generated:&#xD;
&#xD;
select "Fact"."indexId", "Fact"."id", "Fact"."sqliteName", "Fact"."timeStamp", "Fact"."specialChar", "Fact"."maybeSomething", "Fact"."sometimesNothing", "Fact"."biteSize", "SubFact"."subFact" from "Fact" left join "SubFact" on "SubFact"."factId" = "Fact"."indexId" where id = '87d4d58f-1575-4d3e-9311-c12bb8c8c568'</StdOut>
      </Output>
    </UnitTestResult>
    <UnitTestResult executionId="2e3b53bb-e0a2-4b23-901d-24968e5a9585" testId="3cbac31c-9e36-f64a-b1ac-61a9a72493dd" testName="AsyncInsertMany" computerName="THE-BIG-RIG" duration="00:00:10.0902450" startTime="2023-09-21T10:55:06.6820291-04:00" endTime="2023-09-21T10:55:16.7722747-04:00" testType="13cdc9d9-ddb5-4fa4-a97d-d965ccfc6d4b" outcome="Passed" testListId="8c84fa94-04c1-424b-9868-57a2d4851a1d" relativeResultsDirectory="2e3b53bb-e0a2-4b23-901d-24968e5a9585">
      <Output>
        <StdOut>Query being generated:&#xD;
&#xD;
insert into "Fact" ( "indexId", "id", "psqlName", "timeStamp", "specialChar", "maybeSomething", "sometimesNothing", "biteSize" ) values ( @indexId, @id, @name, @timeStamp, @specialChar, @maybeSomething, @sometimesNothing, @biteSize )</StdOut>
      </Output>
    </UnitTestResult>
    <UnitTestResult executionId="85acbd08-8978-480c-911d-27e5663c2a52" testId="14032f00-d57e-064d-43c8-625d0f94033c" testName="UpdateWhere" computerName="THE-BIG-RIG" duration="00:00:00.0063120" startTime="2023-09-21T10:55:06.3022837-04:00" endTime="2023-09-21T10:55:06.3085955-04:00" testType="13cdc9d9-ddb5-4fa4-a97d-d965ccfc6d4b" outcome="Passed" testListId="8c84fa94-04c1-424b-9868-57a2d4851a1d" relativeResultsDirectory="85acbd08-8978-480c-911d-27e5663c2a52">
      <Output>
        <StdOut>Updating...&#xD;
columns to update: [|{ Index = 0&#xD;
    IsKey = false&#xD;
    IsIndex = true&#xD;
    JoinOn = Some ("SubFact", "factId")&#xD;
    Source = ""Fact""&#xD;
    QuotedSource = ""Fact""&#xD;
    SqlName = "indexId"&#xD;
    QuotedSqlName = ""indexId""&#xD;
    FSharpName = "indexId"&#xD;
    Type = System.Int64&#xD;
    PropertyInfo = Int64 indexId }; { Index = 2&#xD;
                                      IsKey = false&#xD;
                                      IsIndex = false&#xD;
                                      JoinOn = None&#xD;
                                      Source = ""Fact""&#xD;
                                      QuotedSource = ""Fact""&#xD;
                                      SqlName = "sqliteName"&#xD;
                                      QuotedSqlName = ""sqliteName""&#xD;
                                      FSharpName = "name"&#xD;
                                      Type = System.String&#xD;
                                      PropertyInfo = System.String name };&#xD;
  { Index = 3&#xD;
    IsKey = false&#xD;
    IsIndex = false&#xD;
    JoinOn = None&#xD;
    Source = ""Fact""&#xD;
    QuotedSource = ""Fact""&#xD;
    SqlName = "timeStamp"&#xD;
    QuotedSqlName = ""timeStamp""&#xD;
    FSharpName = "timeStamp"&#xD;
    Type = System.String&#xD;
    PropertyInfo = System.String timeStamp };&#xD;
  { Index = 4&#xD;
    IsKey = false&#xD;
    IsIndex = false&#xD;
    JoinOn = None&#xD;
    Source = ""Fact""&#xD;
    QuotedSource = ""Fact""&#xD;
    SqlName = "specialChar"&#xD;
    QuotedSqlName = ""specialChar""&#xD;
    FSharpName = "specialChar"&#xD;
    Type = System.String&#xD;
    PropertyInfo = System.String specialChar };&#xD;
  { Index = 5&#xD;
    IsKey = false&#xD;
    IsIndex = false&#xD;
    JoinOn = None&#xD;
    Source = ""Fact""&#xD;
    QuotedSource = ""Fact""&#xD;
    SqlName = "maybeSomething"&#xD;
    QuotedSqlName = ""maybeSomething""&#xD;
    FSharpName = "maybeSomething"&#xD;
    Type = System.String&#xD;
    PropertyInfo = System.String maybeSomething };&#xD;
  { Index = 6&#xD;
    IsKey = false&#xD;
    IsIndex = false&#xD;
    JoinOn = None&#xD;
    Source = ""Fact""&#xD;
    QuotedSource = ""Fact""&#xD;
    SqlName = "sometimesNothing"&#xD;
    QuotedSqlName = ""sometimesNothing""&#xD;
    FSharpName = "sometimesNothing"&#xD;
    Type = Microsoft.FSharp.Core.FSharpOption`1[System.Int64]&#xD;
    PropertyInfo =&#xD;
     Microsoft.FSharp.Core.FSharpOption`1[System.Int64] sometimesNothing };&#xD;
  { Index = 7&#xD;
    IsKey = false&#xD;
    IsIndex = false&#xD;
    JoinOn = None&#xD;
    Source = ""Fact""&#xD;
    QuotedSource = ""Fact""&#xD;
    SqlName = "biteSize"&#xD;
    QuotedSqlName = ""biteSize""&#xD;
    FSharpName = "biteSize"&#xD;
    Type = System.String&#xD;
    PropertyInfo = System.String biteSize }|]&#xD;
Query being generated:&#xD;
&#xD;
update "Fact" set "indexId" = @indexId, "sqliteName" = @name, "timeStamp" = @timeStamp, "specialChar" = @specialChar, "maybeSomething" = @maybeSomething, "sometimesNothing" = @sometimesNothing, "biteSize" = @biteSize where "indexId" = 1&#xD;
&#xD;
&#xD;
&#xD;
&#xD;
facts: 5</StdOut>
      </Output>
    </UnitTestResult>
    <UnitTestResult executionId="856df6f8-b335-486f-9336-74512a9aef6e" testId="8def2ab4-03c9-dd78-923a-b03a9ebf2979" testName="AsyncSelect" computerName="THE-BIG-RIG" duration="00:00:00.0224679" startTime="2023-09-21T10:55:06.1765780-04:00" endTime="2023-09-21T10:55:06.1990461-04:00" testType="13cdc9d9-ddb5-4fa4-a97d-d965ccfc6d4b" outcome="Passed" testListId="8c84fa94-04c1-424b-9868-57a2d4851a1d" relativeResultsDirectory="856df6f8-b335-486f-9336-74512a9aef6e">
      <Output>
        <StdOut>Asynchronously Selecting All...&#xD;
Query being generated:&#xD;
&#xD;
select "Fact"."indexId", "Fact"."id", "Fact"."sqliteName", "Fact"."timeStamp", "Fact"."specialChar", "Fact"."maybeSomething", "Fact"."sometimesNothing", "Fact"."biteSize", "SubFact"."subFact" from "Fact" left join "SubFact" on "SubFact"."factId" = "Fact"."indexId"&#xD;
&#xD;
&#xD;
&#xD;
{ indexId = 1L&#xD;
  id = "18847345-c053-4316-8b98-cd6c61972890"&#xD;
  name = "Gerry McGuire"&#xD;
  timeStamp = "9/21/2023 10:54:56 AM"&#xD;
  specialChar = "Δ"&#xD;
  maybeSomething = "true"&#xD;
  sometimesNothing = Some 1L&#xD;
  biteSize = "!aBite"&#xD;
  subFact = None }&#xD;
{ indexId = 1L&#xD;
  id = "6c5737f4-1ee7-4093-b14e-225aa761e314"&#xD;
  name = "Gerry McGuire"&#xD;
  timeStamp = "9/21/2023 10:54:56 AM"&#xD;
  specialChar = "Δ"&#xD;
  maybeSomething = "true"&#xD;
  sometimesNothing = None&#xD;
  biteSize = "!aBite"&#xD;
  subFact = None }&#xD;
{ indexId = 1L&#xD;
  id = "18121561-ab3a-41e6-911a-d37da10c12ab"&#xD;
  name = "Gerry McGuire"&#xD;
  timeStamp = "9/21/2023 10:54:56 AM"&#xD;
  specialChar = "Δ"&#xD;
  maybeSomething = "true"&#xD;
  sometimesNothing = Some 1L&#xD;
  biteSize = "!aBite"&#xD;
  subFact = None }&#xD;
{ indexId = 1L&#xD;
  id = "76de3096-0a4f-46ab-bc58-e2a735eddce4"&#xD;
  name = "Gerry McGuire"&#xD;
  timeStamp = "9/21/2023 10:54:56 AM"&#xD;
  specialChar = "Δ"&#xD;
  maybeSomething = "true"&#xD;
  sometimesNothing = Some 1L&#xD;
  biteSize = "!aBite"&#xD;
  subFact = None }&#xD;
Query being generated:&#xD;
&#xD;
select "Fact"."indexId", "Fact"."id", "Fact"."sqliteName", "Fact"."timeStamp", "Fact"."specialChar", "Fact"."maybeSomething", "Fact"."sometimesNothing", "Fact"."biteSize", "SubFact"."subFact" from "Fact" left join "SubFact" on "SubFact"."factId" = "Fact"."indexId"&#xD;
&#xD;
&#xD;
&#xD;
&#xD;
facts: seq&#xD;
  [{ indexId = 1L&#xD;
     id = "18847345-c053-4316-8b98-cd6c61972890"&#xD;
     name = "Gerry McGuire"&#xD;
     timeStamp = "9/21/2023 10:54:56 AM"&#xD;
     specialChar = "Δ"&#xD;
     maybeSomething = "true"&#xD;
     sometimesNothing = Some 1L&#xD;
     biteSize = "!aBite"&#xD;
     subFact = None }; { indexId = 1L&#xD;
                         id = "6c5737f4-1ee7-4093-b14e-225aa761e314"&#xD;
                         name = "Gerry McGuire"&#xD;
                         timeStamp = "9/21/2023 10:54:56 AM"&#xD;
                         specialChar = "Δ"&#xD;
                         maybeSomething = "true"&#xD;
                         sometimesNothing = None&#xD;
                         biteSize = "!aBite"&#xD;
                         subFact = None };&#xD;
   { indexId = 1L&#xD;
     id = "18121561-ab3a-41e6-911a-d37da10c12ab"&#xD;
     name = "Gerry McGuire"&#xD;
     timeStamp = "9/21/2023 10:54:56 AM"&#xD;
     specialChar = "Δ"&#xD;
     maybeSomething = "true"&#xD;
     sometimesNothing = Some 1L&#xD;
     biteSize = "!aBite"&#xD;
     subFact = None }; { indexId = 1L&#xD;
                         id = "76de3096-0a4f-46ab-bc58-e2a735eddce4"&#xD;
                         name = "Gerry McGuire"&#xD;
                         timeStamp = "9/21/2023 10:54:56 AM"&#xD;
                         specialChar = "Δ"&#xD;
                         maybeSomething = "true"&#xD;
                         sometimesNothing = Some 1L&#xD;
                         biteSize = "!aBite"&#xD;
                         subFact = None }]</StdOut>
      </Output>
    </UnitTestResult>
    <UnitTestResult executionId="9a52e2b8-75de-4fab-b77a-f18b8c4064b8" testId="86fe2b56-373f-063f-5cdb-a94f011dd4ca" testName="InsertDeleteSelect" computerName="THE-BIG-RIG" duration="00:00:00.0174980" startTime="2023-09-21T10:55:27.1571950-04:00" endTime="2023-09-21T10:55:27.1746930-04:00" testType="13cdc9d9-ddb5-4fa4-a97d-d965ccfc6d4b" outcome="Passed" testListId="8c84fa94-04c1-424b-9868-57a2d4851a1d" relativeResultsDirectory="9a52e2b8-75de-4fab-b77a-f18b8c4064b8">
      <Output>
        <StdOut>Do we have a transaction? Some System.Data.SQLite.SQLiteTransaction&#xD;
Query being generated:&#xD;
&#xD;
insert into "Fact" ( "indexId", "id", "sqliteName", "timeStamp", "specialChar", "maybeSomething", "sometimesNothing", "biteSize" ) values ( @indexId, @id, @name, @timeStamp, @specialChar, @maybeSomething, @sometimesNothing, @biteSize )&#xD;
&#xD;
&#xD;
&#xD;
Param count: 8&#xD;
Param 0 - "@indexId": 1L&#xD;
Param 1 - "@id": "5ffe1c69-097c-45a1-90ca-994ef289fbe6"&#xD;
Param 2 - "@name": "Gerry McGuire"&#xD;
Param 3 - "@timeStamp": "9/21/2023 10:55:27 AM"&#xD;
Param 4 - "@specialChar": "Δ"&#xD;
Param 5 - "@maybeSomething": "true"&#xD;
Param 6 - "@sometimesNothing": 1L&#xD;
Param 7 - "@biteSize": "!aBite"&#xD;
Query being generated:&#xD;
&#xD;
delete from "Fact" where "Fact"."id" = @id&#xD;
&#xD;
&#xD;
&#xD;
Query being generated:&#xD;
&#xD;
select "Fact"."indexId", "Fact"."id", "Fact"."sqliteName", "Fact"."timeStamp", "Fact"."specialChar", "Fact"."maybeSomething", "Fact"."sometimesNothing", "Fact"."biteSize", "SubFact"."subFact" from "Fact" left join "SubFact" on "SubFact"."factId" = "Fact"."indexId" where id = '5ffe1c69-097c-45a1-90ca-994ef289fbe6'</StdOut>
      </Output>
    </UnitTestResult>
    <UnitTestResult executionId="f59cfee8-c376-4957-84e6-c91d6ee24f13" testId="9492c0ce-4418-80f8-dcb0-0fcac251a06f" testName="Select" computerName="THE-BIG-RIG" duration="00:00:00.0065690" startTime="2023-09-21T10:55:06.2434554-04:00" endTime="2023-09-21T10:55:06.2500236-04:00" testType="13cdc9d9-ddb5-4fa4-a97d-d965ccfc6d4b" outcome="Passed" testListId="8c84fa94-04c1-424b-9868-57a2d4851a1d" relativeResultsDirectory="f59cfee8-c376-4957-84e6-c91d6ee24f13">
      <Output>
        <StdOut>Selecting All...&#xD;
Query being generated:&#xD;
&#xD;
select "Fact"."indexId", "Fact"."id", "Fact"."sqliteName", "Fact"."timeStamp", "Fact"."specialChar", "Fact"."maybeSomething", "Fact"."sometimesNothing", "Fact"."biteSize", "SubFact"."subFact" from "Fact" left join "SubFact" on "SubFact"."factId" = "Fact"."indexId"&#xD;
&#xD;
&#xD;
&#xD;
{ indexId = 1L&#xD;
  id = "21032412-e7a0-44b5-bff7-a4fc38c92171"&#xD;
  name = "Gerry McGuire"&#xD;
  timeStamp = "9/21/2023 10:55:06 AM"&#xD;
  specialChar = "Δ"&#xD;
  maybeSomething = "true"&#xD;
  sometimesNothing = Some 1L&#xD;
  biteSize = "!aBite"&#xD;
  subFact = None }&#xD;
{ indexId = 1L&#xD;
  id = "18847345-c053-4316-8b98-cd6c61972890"&#xD;
  name = "Gerry McGuire"&#xD;
  timeStamp = "9/21/2023 10:55:06 AM"&#xD;
  specialChar = "Δ"&#xD;
  maybeSomething = "true"&#xD;
  sometimesNothing = Some 1L&#xD;
  biteSize = "!aBite"&#xD;
  subFact = None }&#xD;
{ indexId = 1L&#xD;
  id = "6c5737f4-1ee7-4093-b14e-225aa761e314"&#xD;
  name = "Gerry McGuire"&#xD;
  timeStamp = "9/21/2023 10:55:06 AM"&#xD;
  specialChar = "Δ"&#xD;
  maybeSomething = "true"&#xD;
  sometimesNothing = None&#xD;
  biteSize = "!aBite"&#xD;
  subFact = None }&#xD;
{ indexId = 1L&#xD;
  id = "18121561-ab3a-41e6-911a-d37da10c12ab"&#xD;
  name = "Gerry McGuire"&#xD;
  timeStamp = "9/21/2023 10:55:06 AM"&#xD;
  specialChar = "Δ"&#xD;
  maybeSomething = "true"&#xD;
  sometimesNothing = Some 1L&#xD;
  biteSize = "!aBite"&#xD;
  subFact = None }&#xD;
{ indexId = 1L&#xD;
  id = "2c177377-0440-4bcf-bb23-8c9e04806f03"&#xD;
  name = "Gerry McGuire"&#xD;
  timeStamp = "9/21/2023 10:55:06 AM"&#xD;
  specialChar = "Δ"&#xD;
  maybeSomething = "true"&#xD;
  sometimesNothing = Some 1L&#xD;
  biteSize = "!aBite"&#xD;
  subFact = None }&#xD;
Query being generated:&#xD;
&#xD;
select "Fact"."indexId", "Fact"."id", "Fact"."sqliteName", "Fact"."timeStamp", "Fact"."specialChar", "Fact"."maybeSomething", "Fact"."sometimesNothing", "Fact"."biteSize", "SubFact"."subFact" from "Fact" left join "SubFact" on "SubFact"."factId" = "Fact"."indexId"&#xD;
&#xD;
&#xD;
&#xD;
&#xD;
facts: seq&#xD;
  [{ indexId = 1L&#xD;
     id = "21032412-e7a0-44b5-bff7-a4fc38c92171"&#xD;
     name = "Gerry McGuire"&#xD;
     timeStamp = "9/21/2023 10:55:06 AM"&#xD;
     specialChar = "Δ"&#xD;
     maybeSomething = "true"&#xD;
     sometimesNothing = Some 1L&#xD;
     biteSize = "!aBite"&#xD;
     subFact = None }; { indexId = 1L&#xD;
                         id = "18847345-c053-4316-8b98-cd6c61972890"&#xD;
                         name = "Gerry McGuire"&#xD;
                         timeStamp = "9/21/2023 10:55:06 AM"&#xD;
                         specialChar = "Δ"&#xD;
                         maybeSomething = "true"&#xD;
                         sometimesNothing = Some 1L&#xD;
                         biteSize = "!aBite"&#xD;
                         subFact = None };&#xD;
   { indexId = 1L&#xD;
     id = "6c5737f4-1ee7-4093-b14e-225aa761e314"&#xD;
     name = "Gerry McGuire"&#xD;
     timeStamp = "9/21/2023 10:55:06 AM"&#xD;
     specialChar = "Δ"&#xD;
     maybeSomething = "true"&#xD;
     sometimesNothing = None&#xD;
     biteSize = "!aBite"&#xD;
     subFact = None }; { indexId = 1L&#xD;
                         id = "18121561-ab3a-41e6-911a-d37da10c12ab"&#xD;
                         name = "Gerry McGuire"&#xD;
                         timeStamp = "9/21/2023 10:55:06 AM"&#xD;
                         specialChar = "Δ"&#xD;
                         maybeSomething = "true"&#xD;
                         sometimesNothing = Some 1L&#xD;
                         biteSize = "!aBite"&#xD;
                         subFact = None }; ...]</StdOut>
      </Output>
    </UnitTestResult>
    <UnitTestResult executionId="d8104817-eaa4-4659-9136-3cfd41631a4a" testId="f184165c-bf14-e692-692c-733347233eef" testName="UpdateWhere" computerName="THE-BIG-RIG" duration="00:00:00.0146660" startTime="2023-09-21T10:55:27.1343788-04:00" endTime="2023-09-21T10:55:27.1490447-04:00" testType="13cdc9d9-ddb5-4fa4-a97d-d965ccfc6d4b" outcome="Passed" testListId="8c84fa94-04c1-424b-9868-57a2d4851a1d" relativeResultsDirectory="d8104817-eaa4-4659-9136-3cfd41631a4a">
      <Output>
        <StdOut>Updating...&#xD;
columns to update: [|{ Index = 0&#xD;
    IsKey = false&#xD;
    IsIndex = true&#xD;
    JoinOn = Some ("SubFact", "factId")&#xD;
    Source = ""Fact""&#xD;
    QuotedSource = ""Fact""&#xD;
    SqlName = "indexId"&#xD;
    QuotedSqlName = ""indexId""&#xD;
    FSharpName = "indexId"&#xD;
    Type = System.Int64&#xD;
    PropertyInfo = Int64 indexId }; { Index = 2&#xD;
                                      IsKey = false&#xD;
                                      IsIndex = false&#xD;
                                      JoinOn = None&#xD;
                                      Source = ""Fact""&#xD;
                                      QuotedSource = ""Fact""&#xD;
                                      SqlName = "psqlName"&#xD;
                                      QuotedSqlName = ""psqlName""&#xD;
                                      FSharpName = "name"&#xD;
                                      Type = System.String&#xD;
                                      PropertyInfo = System.String name };&#xD;
  { Index = 3&#xD;
    IsKey = false&#xD;
    IsIndex = false&#xD;
    JoinOn = None&#xD;
    Source = ""Fact""&#xD;
    QuotedSource = ""Fact""&#xD;
    SqlName = "timeStamp"&#xD;
    QuotedSqlName = ""timeStamp""&#xD;
    FSharpName = "timeStamp"&#xD;
    Type = System.String&#xD;
    PropertyInfo = System.String timeStamp };&#xD;
  { Index = 4&#xD;
    IsKey = false&#xD;
    IsIndex = false&#xD;
    JoinOn = None&#xD;
    Source = ""Fact""&#xD;
    QuotedSource = ""Fact""&#xD;
    SqlName = "specialChar"&#xD;
    QuotedSqlName = ""specialChar""&#xD;
    FSharpName = "specialChar"&#xD;
    Type = System.String&#xD;
    PropertyInfo = System.String specialChar };&#xD;
  { Index = 5&#xD;
    IsKey = false&#xD;
    IsIndex = false&#xD;
    JoinOn = None&#xD;
    Source = ""Fact""&#xD;
    QuotedSource = ""Fact""&#xD;
    SqlName = "maybeSomething"&#xD;
    QuotedSqlName = ""maybeSomething""&#xD;
    FSharpName = "maybeSomething"&#xD;
    Type = System.String&#xD;
    PropertyInfo = System.String maybeSomething };&#xD;
  { Index = 6&#xD;
    IsKey = false&#xD;
    IsIndex = false&#xD;
    JoinOn = None&#xD;
    Source = ""Fact""&#xD;
    QuotedSource = ""Fact""&#xD;
    SqlName = "sometimesNothing"&#xD;
    QuotedSqlName = ""sometimesNothing""&#xD;
    FSharpName = "sometimesNothing"&#xD;
    Type = Microsoft.FSharp.Core.FSharpOption`1[System.Int64]&#xD;
    PropertyInfo =&#xD;
     Microsoft.FSharp.Core.FSharpOption`1[System.Int64] sometimesNothing };&#xD;
  { Index = 7&#xD;
    IsKey = false&#xD;
    IsIndex = false&#xD;
    JoinOn = None&#xD;
    Source = ""Fact""&#xD;
    QuotedSource = ""Fact""&#xD;
    SqlName = "biteSize"&#xD;
    QuotedSqlName = ""biteSize""&#xD;
    FSharpName = "biteSize"&#xD;
    Type = System.String&#xD;
    PropertyInfo = System.String biteSize }|]&#xD;
Query being generated:&#xD;
&#xD;
update "Fact" set "indexId" = @indexId, "psqlName" = @name, "timeStamp" = @timeStamp, "specialChar" = @specialChar, "maybeSomething" = @maybeSomething, "sometimesNothing" = @sometimesNothing, "biteSize" = @biteSize where "indexId" = 1&#xD;
&#xD;
&#xD;
&#xD;
&#xD;
facts: 5</StdOut>
      </Output>
    </UnitTestResult>
    <UnitTestResult executionId="a3951ceb-37f3-46dc-8baa-04d2e98da516" testId="25d7beb0-a560-dbc8-d3bb-9012f9ad3938" testName="Delete" computerName="THE-BIG-RIG" duration="00:00:00.0144500" startTime="2023-09-21T10:55:26.8135202-04:00" endTime="2023-09-21T10:55:26.8279700-04:00" testType="13cdc9d9-ddb5-4fa4-a97d-d965ccfc6d4b" outcome="Passed" testListId="8c84fa94-04c1-424b-9868-57a2d4851a1d" relativeResultsDirectory="a3951ceb-37f3-46dc-8baa-04d2e98da516">
      <Output>
        <StdOut>Deleting...&#xD;
Query being generated:&#xD;
&#xD;
delete from "Fact" where "Fact"."id" = @id&#xD;
&#xD;
&#xD;
&#xD;
&#xD;
facts: 0</StdOut>
      </Output>
    </UnitTestResult>
    <UnitTestResult executionId="ee4fdaa0-aaaf-4d20-8ba3-a8c5d64ab7b5" testId="cac4ec42-fc0d-3f5d-c317-2bb3e527bacb" testName="UpdateMany" computerName="THE-BIG-RIG" duration="00:00:00.0680590" startTime="2023-09-21T10:55:27.0662994-04:00" endTime="2023-09-21T10:55:27.1343585-04:00" testType="13cdc9d9-ddb5-4fa4-a97d-d965ccfc6d4b" outcome="Passed" testListId="8c84fa94-04c1-424b-9868-57a2d4851a1d" relativeResultsDirectory="ee4fdaa0-aaaf-4d20-8ba3-a8c5d64ab7b5">
      <Output>
        <StdOut>Updating many...&#xD;
columns to update: [|{ Index = 0&#xD;
    IsKey = false&#xD;
    IsIndex = true&#xD;
    JoinOn = Some ("SubFact", "factId")&#xD;
    Source = ""Fact""&#xD;
    QuotedSource = ""Fact""&#xD;
    SqlName = "indexId"&#xD;
    QuotedSqlName = ""indexId""&#xD;
    FSharpName = "indexId"&#xD;
    Type = System.Int64&#xD;
    PropertyInfo = Int64 indexId }; { Index = 2&#xD;
                                      IsKey = false&#xD;
                                      IsIndex = false&#xD;
                                      JoinOn = None&#xD;
                                      Source = ""Fact""&#xD;
                                      QuotedSource = ""Fact""&#xD;
                                      SqlName = "psqlName"&#xD;
                                      QuotedSqlName = ""psqlName""&#xD;
                                      FSharpName = "name"&#xD;
                                      Type = System.String&#xD;
                                      PropertyInfo = System.String name };&#xD;
  { Index = 3&#xD;
    IsKey = false&#xD;
    IsIndex = false&#xD;
    JoinOn = None&#xD;
    Source = ""Fact""&#xD;
    QuotedSource = ""Fact""&#xD;
    SqlName = "timeStamp"&#xD;
    QuotedSqlName = ""timeStamp""&#xD;
    FSharpName = "timeStamp"&#xD;
    Type = System.String&#xD;
    PropertyInfo = System.String timeStamp };&#xD;
  { Index = 4&#xD;
    IsKey = false&#xD;
    IsIndex = false&#xD;
    JoinOn = None&#xD;
    Source = ""Fact""&#xD;
    QuotedSource = ""Fact""&#xD;
    SqlName = "specialChar"&#xD;
    QuotedSqlName = ""specialChar""&#xD;
    FSharpName = "specialChar"&#xD;
    Type = System.String&#xD;
    PropertyInfo = System.String specialChar };&#xD;
  { Index = 5&#xD;
    IsKey = false&#xD;
    IsIndex = false&#xD;
    JoinOn = None&#xD;
    Source = ""Fact""&#xD;
    QuotedSource = ""Fact""&#xD;
    SqlName = "maybeSomething"&#xD;
    QuotedSqlName = ""maybeSomething""&#xD;
    FSharpName = "maybeSomething"&#xD;
    Type = System.String&#xD;
    PropertyInfo = System.String maybeSomething };&#xD;
  { Index = 6&#xD;
    IsKey = false&#xD;
    IsIndex = false&#xD;
    JoinOn = None&#xD;
    Source = ""Fact""&#xD;
    QuotedSource = ""Fact""&#xD;
    SqlName = "sometimesNothing"&#xD;
    QuotedSqlName = ""sometimesNothing""&#xD;
    FSharpName = "sometimesNothing"&#xD;
    Type = Microsoft.FSharp.Core.FSharpOption`1[System.Int64]&#xD;
    PropertyInfo =&#xD;
     Microsoft.FSharp.Core.FSharpOption`1[System.Int64] sometimesNothing };&#xD;
  { Index = 7&#xD;
    IsKey = false&#xD;
    IsIndex = false&#xD;
    JoinOn = None&#xD;
    Source = ""Fact""&#xD;
    QuotedSource = ""Fact""&#xD;
    SqlName = "biteSize"&#xD;
    QuotedSqlName = ""biteSize""&#xD;
    FSharpName = "biteSize"&#xD;
    Type = System.String&#xD;
    PropertyInfo = System.String biteSize }|]&#xD;
Query being generated:&#xD;
&#xD;
update "Fact" set "indexId" = @indexId, "psqlName" = @name, "timeStamp" = @timeStamp, "specialChar" = @specialChar, "maybeSomething" = @maybeSomething, "sometimesNothing" = @sometimesNothing, "biteSize" = @biteSize where "Fact"."id" = @id&#xD;
&#xD;
&#xD;
&#xD;
Ok 2Query being generated:&#xD;
&#xD;
select "Fact"."indexId", "Fact"."id", "Fact"."psqlName", "Fact"."timeStamp", "Fact"."specialChar", "Fact"."maybeSomething", "Fact"."sometimesNothing", "Fact"."biteSize", "SubFact"."subFact" from "Fact" left join "SubFact" on "SubFact"."factId" = "Fact"."indexId" where id = '5b0734f0-139f-48aa-9ab4-f892d4446378'&#xD;
&#xD;
&#xD;
&#xD;
Query being generated:&#xD;
&#xD;
select "Fact"."indexId", "Fact"."id", "Fact"."psqlName", "Fact"."timeStamp", "Fact"."specialChar", "Fact"."maybeSomething", "Fact"."sometimesNothing", "Fact"."biteSize", "SubFact"."subFact" from "Fact" left join "SubFact" on "SubFact"."factId" = "Fact"."indexId" where id = '27e0b522-4b46-4686-ac03-148d3090c3f9'</StdOut>
      </Output>
    </UnitTestResult>
    <UnitTestResult executionId="b9984e61-7d21-4bc5-98d5-670ea9df1ceb" testId="5dc535f5-90f1-0cc4-df69-31a15f34d088" testName="InsertSelect" computerName="THE-BIG-RIG" duration="00:00:00.1815060" startTime="2023-09-21T10:55:27.2979436-04:00" endTime="2023-09-21T10:55:27.4794497-04:00" testType="13cdc9d9-ddb5-4fa4-a97d-d965ccfc6d4b" outcome="Passed" testListId="8c84fa94-04c1-424b-9868-57a2d4851a1d" relativeResultsDirectory="b9984e61-7d21-4bc5-98d5-670ea9df1ceb">
      <Output>
        <StdOut>Do we have a transaction? Some Npgsql.NpgsqlTransaction&#xD;
Query being generated:&#xD;
&#xD;
insert into "Fact" ( "indexId", "id", "psqlName", "timeStamp", "specialChar", "maybeSomething", "sometimesNothing", "biteSize" ) values ( @indexId, @id, @name, @timeStamp, @specialChar, @maybeSomething, @sometimesNothing, @biteSize )&#xD;
&#xD;
&#xD;
&#xD;
Param count: 8&#xD;
Param 0 - "@indexId": 1L&#xD;
Param 1 - "@id": "a855415e-3dd0-4e60-9072-09ff16ee7a4a"&#xD;
Param 2 - "@name": "Gerry McGuire"&#xD;
Param 3 - "@timeStamp": "9/21/2023 10:55:27 AM"&#xD;
Param 4 - "@specialChar": "Δ"&#xD;
Param 5 - "@maybeSomething": "true"&#xD;
Param 6 - "@sometimesNothing": 1L&#xD;
Param 7 - "@biteSize": "!aBite"&#xD;
We have inserted&#xD;
We have the facts: Query being generated:&#xD;
&#xD;
select "Fact"."indexId", "Fact"."id", "Fact"."psqlName", "Fact"."timeStamp", "Fact"."specialChar", "Fact"."maybeSomething", "Fact"."sometimesNothing", "Fact"."biteSize", "SubFact"."subFact" from "Fact" left join "SubFact" on "SubFact"."factId" = "Fact"."indexId" where id = 'a855415e-3dd0-4e60-9072-09ff16ee7a4a'&#xD;
&#xD;
&#xD;
&#xD;
Ok (seq [{ indexId = 1L&#xD;
           id = "a855415e-3dd0-4e60-9072-09ff16ee7a4a"&#xD;
           name = "Gerry McGuire"&#xD;
           timeStamp = "9/21/2023 10:55:27 AM"&#xD;
           specialChar = "Δ"&#xD;
           maybeSomething = "true"&#xD;
           sometimesNothing = Some 1L&#xD;
           biteSize = "!aBite"&#xD;
           subFact = None }])&#xD;
Query being generated:&#xD;
&#xD;
select "Fact"."indexId", "Fact"."id", "Fact"."psqlName", "Fact"."timeStamp", "Fact"."specialChar", "Fact"."maybeSomething", "Fact"."sometimesNothing", "Fact"."biteSize", "SubFact"."subFact" from "Fact" left join "SubFact" on "SubFact"."factId" = "Fact"."indexId" where id = 'a855415e-3dd0-4e60-9072-09ff16ee7a4a'&#xD;
&#xD;
&#xD;
&#xD;
Query being generated:&#xD;
&#xD;
select "Fact"."indexId", "Fact"."id", "Fact"."psqlName", "Fact"."timeStamp", "Fact"."specialChar", "Fact"."maybeSomething", "Fact"."sometimesNothing", "Fact"."biteSize", "SubFact"."subFact" from "Fact" left join "SubFact" on "SubFact"."factId" = "Fact"."indexId" where id = 'a855415e-3dd0-4e60-9072-09ff16ee7a4a'</StdOut>
      </Output>
    </UnitTestResult>
    <UnitTestResult executionId="b3414be6-f564-4fc2-9cfb-8f405ef0df13" testId="86867b78-488a-67a3-3464-8ca6d6f90649" testName="SelectWhere" computerName="THE-BIG-RIG" duration="00:00:00.0137250" startTime="2023-09-21T10:55:27.0374261-04:00" endTime="2023-09-21T10:55:27.0511504-04:00" testType="13cdc9d9-ddb5-4fa4-a97d-d965ccfc6d4b" outcome="Passed" testListId="8c84fa94-04c1-424b-9868-57a2d4851a1d" relativeResultsDirectory="b3414be6-f564-4fc2-9cfb-8f405ef0df13">
      <Output>
        <StdOut>Selecting Where...&#xD;
Query being generated:&#xD;
&#xD;
select "Fact"."indexId", "Fact"."id", "Fact"."psqlName", "Fact"."timeStamp", "Fact"."specialChar", "Fact"."maybeSomething", "Fact"."sometimesNothing", "Fact"."biteSize", "SubFact"."subFact" from "Fact" left join "SubFact" on "SubFact"."factId" = "Fact"."indexId" where "maybeSomething" = 'true'&#xD;
&#xD;
&#xD;
&#xD;
&#xD;
facts: seq&#xD;
  [{ indexId = 1L&#xD;
     id = "8e2cc54f-c077-47ac-b8ba-86cff634c1e1"&#xD;
     name = "Gerry McGuire"&#xD;
     timeStamp = "9/21/2023 10:55:26 AM"&#xD;
     specialChar = "Δ"&#xD;
     maybeSomething = "true"&#xD;
     sometimesNothing = Some 1L&#xD;
     biteSize = "!aBite"&#xD;
     subFact = None }; { indexId = 1L&#xD;
                         id = "5b0734f0-139f-48aa-9ab4-f892d4446378"&#xD;
                         name = "Gerry McGuire"&#xD;
                         timeStamp = "9/21/2023 10:55:26 AM"&#xD;
                         specialChar = "Δ"&#xD;
                         maybeSomething = "true"&#xD;
                         sometimesNothing = Some 1L&#xD;
                         biteSize = "!aBite"&#xD;
                         subFact = None };&#xD;
   { indexId = 1L&#xD;
     id = "27e0b522-4b46-4686-ac03-148d3090c3f9"&#xD;
     name = "Gerry McGuire"&#xD;
     timeStamp = "9/21/2023 10:55:26 AM"&#xD;
     specialChar = "Δ"&#xD;
     maybeSomething = "true"&#xD;
     sometimesNothing = None&#xD;
     biteSize = "!aBite"&#xD;
     subFact = None }; { indexId = 1L&#xD;
                         id = "506d02bc-dd2c-4530-b2cc-bfb24186c759"&#xD;
                         name = "Gerry McGuire"&#xD;
                         timeStamp = "9/21/2023 10:55:26 AM"&#xD;
                         specialChar = "Δ"&#xD;
                         maybeSomething = "true"&#xD;
                         sometimesNothing = Some 1L&#xD;
                         biteSize = "!aBite"&#xD;
                         subFact = None }; ...]</StdOut>
      </Output>
    </UnitTestResult>
    <UnitTestResult executionId="56ff0e84-0cc6-4bbf-81b7-346440b11e83" testId="8da27838-cd55-5bd1-50d9-ba71e94942e2" testName="SelectLimit" computerName="THE-BIG-RIG" duration="00:00:00.0270060" startTime="2023-09-21T10:55:27.0103819-04:00" endTime="2023-09-21T10:55:27.0373875-04:00" testType="13cdc9d9-ddb5-4fa4-a97d-d965ccfc6d4b" outcome="Passed" testListId="8c84fa94-04c1-424b-9868-57a2d4851a1d" relativeResultsDirectory="56ff0e84-0cc6-4bbf-81b7-346440b11e83">
      <Output>
        <StdOut>Selecting All...&#xD;
Query being generated:&#xD;
&#xD;
select "Fact"."indexId", "Fact"."id", "Fact"."psqlName", "Fact"."timeStamp", "Fact"."specialChar", "Fact"."maybeSomething", "Fact"."sometimesNothing", "Fact"."biteSize", "SubFact"."subFact" from "Fact" left join "SubFact" on "SubFact"."factId" = "Fact"."indexId" limit 5&#xD;
&#xD;
&#xD;
&#xD;
{ indexId = 1L&#xD;
  id = "fec49fa1-1b67-4386-921d-7479c8393768"&#xD;
  name = "Gerry McGuire"&#xD;
  timeStamp = "9/21/2023 10:55:26 AM"&#xD;
  specialChar = "Δ"&#xD;
  maybeSomething = "true"&#xD;
  sometimesNothing = Some 1L&#xD;
  biteSize = "!aBite"&#xD;
  subFact = None }&#xD;
{ indexId = 1L&#xD;
  id = "506d02bc-dd2c-4530-b2cc-bfb24186c759"&#xD;
  name = "Gerry McGuire"&#xD;
  timeStamp = "9/21/2023 10:55:26 AM"&#xD;
  specialChar = "Δ"&#xD;
  maybeSomething = "true"&#xD;
  sometimesNothing = Some 1L&#xD;
  biteSize = "!aBite"&#xD;
  subFact = None }&#xD;
{ indexId = 1L&#xD;
  id = "27e0b522-4b46-4686-ac03-148d3090c3f9"&#xD;
  name = "Gerry McGuire"&#xD;
  timeStamp = "9/21/2023 10:55:26 AM"&#xD;
  specialChar = "Δ"&#xD;
  maybeSomething = "true"&#xD;
  sometimesNothing = None&#xD;
  biteSize = "!aBite"&#xD;
  subFact = None }&#xD;
{ indexId = 1L&#xD;
  id = "5b0734f0-139f-48aa-9ab4-f892d4446378"&#xD;
  name = "Gerry McGuire"&#xD;
  timeStamp = "9/21/2023 10:55:26 AM"&#xD;
  specialChar = "Δ"&#xD;
  maybeSomething = "true"&#xD;
  sometimesNothing = Some 1L&#xD;
  biteSize = "!aBite"&#xD;
  subFact = None }&#xD;
{ indexId = 1L&#xD;
  id = "8e2cc54f-c077-47ac-b8ba-86cff634c1e1"&#xD;
  name = "Gerry McGuire"&#xD;
  timeStamp = "9/21/2023 10:55:26 AM"&#xD;
  specialChar = "Δ"&#xD;
  maybeSomething = "true"&#xD;
  sometimesNothing = Some 1L&#xD;
  biteSize = "!aBite"&#xD;
  subFact = None }&#xD;
Query being generated:&#xD;
&#xD;
select "Fact"."indexId", "Fact"."id", "Fact"."psqlName", "Fact"."timeStamp", "Fact"."specialChar", "Fact"."maybeSomething", "Fact"."sometimesNothing", "Fact"."biteSize", "SubFact"."subFact" from "Fact" left join "SubFact" on "SubFact"."factId" = "Fact"."indexId" limit 5&#xD;
&#xD;
&#xD;
&#xD;
&#xD;
facts: seq&#xD;
  [{ indexId = 1L&#xD;
     id = "fec49fa1-1b67-4386-921d-7479c8393768"&#xD;
     name = "Gerry McGuire"&#xD;
     timeStamp = "9/21/2023 10:55:26 AM"&#xD;
     specialChar = "Δ"&#xD;
     maybeSomething = "true"&#xD;
     sometimesNothing = Some 1L&#xD;
     biteSize = "!aBite"&#xD;
     subFact = None }; { indexId = 1L&#xD;
                         id = "506d02bc-dd2c-4530-b2cc-bfb24186c759"&#xD;
                         name = "Gerry McGuire"&#xD;
                         timeStamp = "9/21/2023 10:55:26 AM"&#xD;
                         specialChar = "Δ"&#xD;
                         maybeSomething = "true"&#xD;
                         sometimesNothing = Some 1L&#xD;
                         biteSize = "!aBite"&#xD;
                         subFact = None };&#xD;
   { indexId = 1L&#xD;
     id = "27e0b522-4b46-4686-ac03-148d3090c3f9"&#xD;
     name = "Gerry McGuire"&#xD;
     timeStamp = "9/21/2023 10:55:26 AM"&#xD;
     specialChar = "Δ"&#xD;
     maybeSomething = "true"&#xD;
     sometimesNothing = None&#xD;
     biteSize = "!aBite"&#xD;
     subFact = None }; { indexId = 1L&#xD;
                         id = "5b0734f0-139f-48aa-9ab4-f892d4446378"&#xD;
                         name = "Gerry McGuire"&#xD;
                         timeStamp = "9/21/2023 10:55:26 AM"&#xD;
                         specialChar = "Δ"&#xD;
                         maybeSomething = "true"&#xD;
                         sometimesNothing = Some 1L&#xD;
                         biteSize = "!aBite"&#xD;
                         subFact = None }; ...]</StdOut>
      </Output>
    </UnitTestResult>
    <UnitTestResult executionId="e919f888-e887-48b7-a3cb-cce5336132a1" testId="1fa7f75f-f26c-e1fd-caab-d2e8d803c175" testName="Insert" computerName="THE-BIG-RIG" duration="00:00:00.0088060" startTime="2023-09-21T10:55:06.2205341-04:00" endTime="2023-09-21T10:55:06.2293397-04:00" testType="13cdc9d9-ddb5-4fa4-a97d-d965ccfc6d4b" outcome="Passed" testListId="8c84fa94-04c1-424b-9868-57a2d4851a1d" relativeResultsDirectory="e919f888-e887-48b7-a3cb-cce5336132a1">
      <Output>
        <StdOut>Query being generated:&#xD;
&#xD;
insert into "Fact" ( "indexId", "id", "sqliteName", "timeStamp", "specialChar", "maybeSomething", "sometimesNothing", "biteSize" ) values ( @indexId, @id, @name, @timeStamp, @specialChar, @maybeSomething, @sometimesNothing, @biteSize )&#xD;
&#xD;
&#xD;
&#xD;
Param count: 8&#xD;
Param 0 - "@indexId": 1L&#xD;
Param 1 - "@id": "21032412-e7a0-44b5-bff7-a4fc38c92171"&#xD;
Param 2 - "@name": "Gerry McGuire"&#xD;
Param 3 - "@timeStamp": "9/21/2023 10:55:06 AM"&#xD;
Param 4 - "@specialChar": "Δ"&#xD;
Param 5 - "@maybeSomething": "true"&#xD;
Param 6 - "@sometimesNothing": 1L&#xD;
Param 7 - "@biteSize": "!aBite"</StdOut>
      </Output>
    </UnitTestResult>
    <UnitTestResult executionId="d015733d-66fe-4bd4-9d2a-b2448c31a0a7" testId="81d0d541-a556-9943-40c1-c5f6435f396d" testName="InsertUpdateSelect" computerName="THE-BIG-RIG" duration="00:00:00.0175360" startTime="2023-09-21T10:55:27.1886293-04:00" endTime="2023-09-21T10:55:27.2061650-04:00" testType="13cdc9d9-ddb5-4fa4-a97d-d965ccfc6d4b" outcome="Passed" testListId="8c84fa94-04c1-424b-9868-57a2d4851a1d" relativeResultsDirectory="d015733d-66fe-4bd4-9d2a-b2448c31a0a7">
      <Output>
        <StdOut>Do we have a transaction? Some System.Data.SQLite.SQLiteTransaction&#xD;
Query being generated:&#xD;
&#xD;
insert into "Fact" ( "indexId", "id", "sqliteName", "timeStamp", "specialChar", "maybeSomething", "sometimesNothing", "biteSize" ) values ( @indexId, @id, @name, @timeStamp, @specialChar, @maybeSomething, @sometimesNothing, @biteSize )&#xD;
&#xD;
&#xD;
&#xD;
Param count: 8&#xD;
Param 0 - "@indexId": 1L&#xD;
Param 1 - "@id": "5a79ee37-f877-450b-8679-70f42a81da69"&#xD;
Param 2 - "@name": "Gerry McGuire"&#xD;
Param 3 - "@timeStamp": "9/21/2023 10:55:27 AM"&#xD;
Param 4 - "@specialChar": "Δ"&#xD;
Param 5 - "@maybeSomething": "true"&#xD;
Param 6 - "@sometimesNothing": 1L&#xD;
Param 7 - "@biteSize": "!aBite"&#xD;
columns to update: [|{ Index = 0&#xD;
    IsKey = false&#xD;
    IsIndex = true&#xD;
    JoinOn = Some ("SubFact", "factId")&#xD;
    Source = ""Fact""&#xD;
    QuotedSource = ""Fact""&#xD;
    SqlName = "indexId"&#xD;
    QuotedSqlName = ""indexId""&#xD;
    FSharpName = "indexId"&#xD;
    Type = System.Int64&#xD;
    PropertyInfo = Int64 indexId }; { Index = 2&#xD;
                                      IsKey = false&#xD;
                                      IsIndex = false&#xD;
                                      JoinOn = None&#xD;
                                      Source = ""Fact""&#xD;
                                      QuotedSource = ""Fact""&#xD;
                                      SqlName = "sqliteName"&#xD;
                                      QuotedSqlName = ""sqliteName""&#xD;
                                      FSharpName = "name"&#xD;
                                      Type = System.String&#xD;
                                      PropertyInfo = System.String name };&#xD;
  { Index = 3&#xD;
    IsKey = false&#xD;
    IsIndex = false&#xD;
    JoinOn = None&#xD;
    Source = ""Fact""&#xD;
    QuotedSource = ""Fact""&#xD;
    SqlName = "timeStamp"&#xD;
    QuotedSqlName = ""timeStamp""&#xD;
    FSharpName = "timeStamp"&#xD;
    Type = System.String&#xD;
    PropertyInfo = System.String timeStamp };&#xD;
  { Index = 4&#xD;
    IsKey = false&#xD;
    IsIndex = false&#xD;
    JoinOn = None&#xD;
    Source = ""Fact""&#xD;
    QuotedSource = ""Fact""&#xD;
    SqlName = "specialChar"&#xD;
    QuotedSqlName = ""specialChar""&#xD;
    FSharpName = "specialChar"&#xD;
    Type = System.String&#xD;
    PropertyInfo = System.String specialChar };&#xD;
  { Index = 5&#xD;
    IsKey = false&#xD;
    IsIndex = false&#xD;
    JoinOn = None&#xD;
    Source = ""Fact""&#xD;
    QuotedSource = ""Fact""&#xD;
    SqlName = "maybeSomething"&#xD;
    QuotedSqlName = ""maybeSomething""&#xD;
    FSharpName = "maybeSomething"&#xD;
    Type = System.String&#xD;
    PropertyInfo = System.String maybeSomething };&#xD;
  { Index = 6&#xD;
    IsKey = false&#xD;
    IsIndex = false&#xD;
    JoinOn = None&#xD;
    Source = ""Fact""&#xD;
    QuotedSource = ""Fact""&#xD;
    SqlName = "sometimesNothing"&#xD;
    QuotedSqlName = ""sometimesNothing""&#xD;
    FSharpName = "sometimesNothing"&#xD;
    Type = Microsoft.FSharp.Core.FSharpOption`1[System.Int64]&#xD;
    PropertyInfo =&#xD;
     Microsoft.FSharp.Core.FSharpOption`1[System.Int64] sometimesNothing };&#xD;
  { Index = 7&#xD;
    IsKey = false&#xD;
    IsIndex = false&#xD;
    JoinOn = None&#xD;
    Source = ""Fact""&#xD;
    QuotedSource = ""Fact""&#xD;
    SqlName = "biteSize"&#xD;
    QuotedSqlName = ""biteSize""&#xD;
    FSharpName = "biteSize"&#xD;
    Type = System.String&#xD;
    PropertyInfo = System.String biteSize }|]&#xD;
Query being generated:&#xD;
&#xD;
update "Fact" set "indexId" = @indexId, "sqliteName" = @name, "timeStamp" = @timeStamp, "specialChar" = @specialChar, "maybeSomething" = @maybeSomething, "sometimesNothing" = @sometimesNothing, "biteSize" = @biteSize where "Fact"."id" = @id&#xD;
&#xD;
&#xD;
&#xD;
Query being generated:&#xD;
&#xD;
select "Fact"."indexId", "Fact"."id", "Fact"."sqliteName", "Fact"."timeStamp", "Fact"."specialChar", "Fact"."maybeSomething", "Fact"."sometimesNothing", "Fact"."biteSize", "SubFact"."subFact" from "Fact" left join "SubFact" on "SubFact"."factId" = "Fact"."indexId" where id = '5a79ee37-f877-450b-8679-70f42a81da69'&#xD;
&#xD;
&#xD;
&#xD;
Query being generated:&#xD;
&#xD;
select "Fact"."indexId", "Fact"."id", "Fact"."sqliteName", "Fact"."timeStamp", "Fact"."specialChar", "Fact"."maybeSomething", "Fact"."sometimesNothing", "Fact"."biteSize", "SubFact"."subFact" from "Fact" left join "SubFact" on "SubFact"."factId" = "Fact"."indexId" where id = '5a79ee37-f877-450b-8679-70f42a81da69'&#xD;
&#xD;
&#xD;
&#xD;
Query being generated:&#xD;
&#xD;
select "Fact"."indexId", "Fact"."id", "Fact"."sqliteName", "Fact"."timeStamp", "Fact"."specialChar", "Fact"."maybeSomething", "Fact"."sometimesNothing", "Fact"."biteSize", "SubFact"."subFact" from "Fact" left join "SubFact" on "SubFact"."factId" = "Fact"."indexId" where id = '5a79ee37-f877-450b-8679-70f42a81da69'&#xD;
&#xD;
&#xD;
&#xD;
&#xD;
You remembered the facts: { indexId = 1L&#xD;
  id = "5a79ee37-f877-450b-8679-70f42a81da69"&#xD;
  name = "Gerry McGuire"&#xD;
  timeStamp = "9/21/2023 10:55:27 AM"&#xD;
  specialChar = "Δ"&#xD;
  maybeSomething = "true"&#xD;
  sometimesNothing = Some 1L&#xD;
  biteSize = "!aBite"&#xD;
  subFact = Some "sooper dooper secret fact" } - { indexId = 1L&#xD;
  id = "5a79ee37-f877-450b-8679-70f42a81da69"&#xD;
  name = "All Facts, All the Time"&#xD;
  timeStamp = "9/21/2023 10:55:27 AM"&#xD;
  specialChar = "Δ"&#xD;
  maybeSomething = "true"&#xD;
  sometimesNothing = Some 1L&#xD;
  biteSize = "!aBite"&#xD;
  subFact = None } | Error: No connection associated with this command</StdOut>
      </Output>
    </UnitTestResult>
    <UnitTestResult executionId="bcf4f933-f3c2-42dd-8453-6294ee39a5c6" testId="d9edbf80-64a6-8e19-7149-1390014bf8c6" testName="Reader" computerName="THE-BIG-RIG" duration="00:00:00.0152370" startTime="2023-09-21T10:55:26.9649320-04:00" endTime="2023-09-21T10:55:26.9801685-04:00" testType="13cdc9d9-ddb5-4fa4-a97d-d965ccfc6d4b" outcome="Passed" testListId="8c84fa94-04c1-424b-9868-57a2d4851a1d" relativeResultsDirectory="bcf4f933-f3c2-42dd-8453-6294ee39a5c6">
      <Output>
        <StdOut>Reading...&#xD;
Query being generated:&#xD;
&#xD;
select * from "Fact"&#xD;
&#xD;
&#xD;
&#xD;
&#xD;
Error: Index was outside the bounds of the array.</StdOut>
      </Output>
    </UnitTestResult>
    <UnitTestResult executionId="0a57a0d7-c54c-4d62-9e4b-c767b3d750b6" testId="14ed805e-3806-d0a9-d072-7039f5af1f4b" testName="Reader" computerName="THE-BIG-RIG" duration="00:00:00.0061399" startTime="2023-09-21T10:55:06.2373010-04:00" endTime="2023-09-21T10:55:06.2434403-04:00" testType="13cdc9d9-ddb5-4fa4-a97d-d965ccfc6d4b" outcome="Passed" testListId="8c84fa94-04c1-424b-9868-57a2d4851a1d" relativeResultsDirectory="0a57a0d7-c54c-4d62-9e4b-c767b3d750b6">
      <Output>
        <StdOut>Reading...&#xD;
Query being generated:&#xD;
&#xD;
select * from "Fact"&#xD;
&#xD;
&#xD;
&#xD;
&#xD;
Error: Index was outside the bounds of the array.</StdOut>
      </Output>
    </UnitTestResult>
    <UnitTestResult executionId="c5845393-ebbf-4fe0-afa7-39cf24389fa1" testId="a5ba3d7c-9d20-9b92-f0f2-e5aa18e9eee0" testName="QueryBuild" computerName="THE-BIG-RIG" duration="00:00:00.0002480" startTime="2023-09-21T10:55:26.9645440-04:00" endTime="2023-09-21T10:55:26.9647918-04:00" testType="13cdc9d9-ddb5-4fa4-a97d-d965ccfc6d4b" outcome="Passed" testListId="8c84fa94-04c1-424b-9868-57a2d4851a1d" relativeResultsDirectory="c5845393-ebbf-4fe0-afa7-39cf24389fa1">
      <Output>
        <StdOut>""Fact"."indexId", "Fact"."id", "Fact"."psqlName", "Fact"."timeStamp", "Fact"."specialChar", "Fact"."maybeSomething", "Fact"."sometimesNothing", "Fact"."biteSize", "SubFact"."subFact" from "Fact" left join "SubFact" on "SubFact"."factId" = "Fact"."indexId""</StdOut>
      </Output>
    </UnitTestResult>
    <UnitTestResult executionId="7c9cef59-15f5-47e9-a873-2dd08ea6fecd" testId="7e952db4-c747-4a71-3bcd-eea59d28a244" testName="AsyncSelect" computerName="THE-BIG-RIG" duration="00:00:10.0409160" startTime="2023-09-21T10:55:16.7722976-04:00" endTime="2023-09-21T10:55:26.8132135-04:00" testType="13cdc9d9-ddb5-4fa4-a97d-d965ccfc6d4b" outcome="Passed" testListId="8c84fa94-04c1-424b-9868-57a2d4851a1d" relativeResultsDirectory="7c9cef59-15f5-47e9-a873-2dd08ea6fecd">
      <Output>
        <StdOut>Asynchronously Selecting All...&#xD;
Query being generated:&#xD;
&#xD;
select "Fact"."indexId", "Fact"."id", "Fact"."psqlName", "Fact"."timeStamp", "Fact"."specialChar", "Fact"."maybeSomething", "Fact"."sometimesNothing", "Fact"."biteSize", "SubFact"."subFact" from "Fact" left join "SubFact" on "SubFact"."factId" = "Fact"."indexId"&#xD;
&#xD;
&#xD;
&#xD;
{ indexId = 1L&#xD;
  id = "5e6a308a-798c-4442-8a5c-b0fa53a73a9d"&#xD;
  name = "Gerry McGuire"&#xD;
  timeStamp = "9/21/2023 10:55:06 AM"&#xD;
  specialChar = "Δ"&#xD;
  maybeSomething = "true"&#xD;
  sometimesNothing = Some 1L&#xD;
  biteSize = "!aBite"&#xD;
  subFact = None }&#xD;
{ indexId = 1L&#xD;
  id = "5b0734f0-139f-48aa-9ab4-f892d4446378"&#xD;
  name = "Gerry McGuire"&#xD;
  timeStamp = "9/21/2023 10:55:06 AM"&#xD;
  specialChar = "Δ"&#xD;
  maybeSomething = "true"&#xD;
  sometimesNothing = Some 1L&#xD;
  biteSize = "!aBite"&#xD;
  subFact = None }&#xD;
{ indexId = 1L&#xD;
  id = "27e0b522-4b46-4686-ac03-148d3090c3f9"&#xD;
  name = "Gerry McGuire"&#xD;
  timeStamp = "9/21/2023 10:55:06 AM"&#xD;
  specialChar = "Δ"&#xD;
  maybeSomething = "true"&#xD;
  sometimesNothing = None&#xD;
  biteSize = "!aBite"&#xD;
  subFact = None }&#xD;
{ indexId = 1L&#xD;
  id = "506d02bc-dd2c-4530-b2cc-bfb24186c759"&#xD;
  name = "Gerry McGuire"&#xD;
  timeStamp = "9/21/2023 10:55:06 AM"&#xD;
  specialChar = "Δ"&#xD;
  maybeSomething = "true"&#xD;
  sometimesNothing = Some 1L&#xD;
  biteSize = "!aBite"&#xD;
  subFact = None }&#xD;
Query being generated:&#xD;
&#xD;
select "Fact"."indexId", "Fact"."id", "Fact"."psqlName", "Fact"."timeStamp", "Fact"."specialChar", "Fact"."maybeSomething", "Fact"."sometimesNothing", "Fact"."biteSize", "SubFact"."subFact" from "Fact" left join "SubFact" on "SubFact"."factId" = "Fact"."indexId"&#xD;
&#xD;
&#xD;
&#xD;
&#xD;
facts: seq&#xD;
  [{ indexId = 1L&#xD;
     id = "5e6a308a-798c-4442-8a5c-b0fa53a73a9d"&#xD;
     name = "Gerry McGuire"&#xD;
     timeStamp = "9/21/2023 10:55:06 AM"&#xD;
     specialChar = "Δ"&#xD;
     maybeSomething = "true"&#xD;
     sometimesNothing = Some 1L&#xD;
     biteSize = "!aBite"&#xD;
     subFact = None }; { indexId = 1L&#xD;
                         id = "5b0734f0-139f-48aa-9ab4-f892d4446378"&#xD;
                         name = "Gerry McGuire"&#xD;
                         timeStamp = "9/21/2023 10:55:06 AM"&#xD;
                         specialChar = "Δ"&#xD;
                         maybeSomething = "true"&#xD;
                         sometimesNothing = Some 1L&#xD;
                         biteSize = "!aBite"&#xD;
                         subFact = None };&#xD;
   { indexId = 1L&#xD;
     id = "27e0b522-4b46-4686-ac03-148d3090c3f9"&#xD;
     name = "Gerry McGuire"&#xD;
     timeStamp = "9/21/2023 10:55:06 AM"&#xD;
     specialChar = "Δ"&#xD;
     maybeSomething = "true"&#xD;
     sometimesNothing = None&#xD;
     biteSize = "!aBite"&#xD;
     subFact = None }; { indexId = 1L&#xD;
                         id = "506d02bc-dd2c-4530-b2cc-bfb24186c759"&#xD;
                         name = "Gerry McGuire"&#xD;
                         timeStamp = "9/21/2023 10:55:06 AM"&#xD;
                         specialChar = "Δ"&#xD;
                         maybeSomething = "true"&#xD;
                         sometimesNothing = Some 1L&#xD;
                         biteSize = "!aBite"&#xD;
                         subFact = None }]</StdOut>
      </Output>
    </UnitTestResult>
    <UnitTestResult executionId="22532b70-4ca3-47c2-8a4f-00bdb517cfcf" testId="9f990d3e-d56c-7eb6-81a2-ebbf929b48fb" testName="AsyncInsertMany" computerName="THE-BIG-RIG" duration="00:00:10.0990010" startTime="2023-09-21T10:54:56.0765512-04:00" endTime="2023-09-21T10:55:06.1755166-04:00" testType="13cdc9d9-ddb5-4fa4-a97d-d965ccfc6d4b" outcome="Passed" testListId="8c84fa94-04c1-424b-9868-57a2d4851a1d" relativeResultsDirectory="22532b70-4ca3-47c2-8a4f-00bdb517cfcf">
      <Output>
        <StdOut>Query being generated:&#xD;
&#xD;
insert into "Fact" ( "indexId", "id", "sqliteName", "timeStamp", "specialChar", "maybeSomething", "sometimesNothing", "biteSize" ) values ( @indexId, @id, @name, @timeStamp, @specialChar, @maybeSomething, @sometimesNothing, @biteSize )</StdOut>
      </Output>
    </UnitTestResult>
    <UnitTestResult executionId="1491e3ae-f38b-43f8-b26e-24bc1f2195dd" testId="06b1aa90-97eb-58a2-6bb9-e18d9d0ec32f" testName="SelectWhere" computerName="THE-BIG-RIG" duration="00:00:00.0046889" startTime="2023-09-21T10:55:06.2559966-04:00" endTime="2023-09-21T10:55:06.2606855-04:00" testType="13cdc9d9-ddb5-4fa4-a97d-d965ccfc6d4b" outcome="Passed" testListId="8c84fa94-04c1-424b-9868-57a2d4851a1d" relativeResultsDirectory="1491e3ae-f38b-43f8-b26e-24bc1f2195dd">
      <Output>
        <StdOut>Selecting Where...&#xD;
Query being generated:&#xD;
&#xD;
select "Fact"."indexId", "Fact"."id", "Fact"."sqliteName", "Fact"."timeStamp", "Fact"."specialChar", "Fact"."maybeSomething", "Fact"."sometimesNothing", "Fact"."biteSize", "SubFact"."subFact" from "Fact" left join "SubFact" on "SubFact"."factId" = "Fact"."indexId" where "maybeSomething" = 'true'&#xD;
&#xD;
&#xD;
&#xD;
&#xD;
facts: seq&#xD;
  [{ indexId = 1L&#xD;
     id = "21032412-e7a0-44b5-bff7-a4fc38c92171"&#xD;
     name = "Gerry McGuire"&#xD;
     timeStamp = "9/21/2023 10:55:06 AM"&#xD;
     specialChar = "Δ"&#xD;
     maybeSomething = "true"&#xD;
     sometimesNothing = Some 1L&#xD;
     biteSize = "!aBite"&#xD;
     subFact = None }; { indexId = 1L&#xD;
                         id = "18847345-c053-4316-8b98-cd6c61972890"&#xD;
                         name = "Gerry McGuire"&#xD;
                         timeStamp = "9/21/2023 10:55:06 AM"&#xD;
                         specialChar = "Δ"&#xD;
                         maybeSomething = "true"&#xD;
                         sometimesNothing = Some 1L&#xD;
                         biteSize = "!aBite"&#xD;
                         subFact = None };&#xD;
   { indexId = 1L&#xD;
     id = "6c5737f4-1ee7-4093-b14e-225aa761e314"&#xD;
     name = "Gerry McGuire"&#xD;
     timeStamp = "9/21/2023 10:55:06 AM"&#xD;
     specialChar = "Δ"&#xD;
     maybeSomething = "true"&#xD;
     sometimesNothing = None&#xD;
     biteSize = "!aBite"&#xD;
     subFact = None }; { indexId = 1L&#xD;
                         id = "18121561-ab3a-41e6-911a-d37da10c12ab"&#xD;
                         name = "Gerry McGuire"&#xD;
                         timeStamp = "9/21/2023 10:55:06 AM"&#xD;
                         specialChar = "Δ"&#xD;
                         maybeSomething = "true"&#xD;
                         sometimesNothing = Some 1L&#xD;
                         biteSize = "!aBite"&#xD;
                         subFact = None }; ...]</StdOut>
      </Output>
    </UnitTestResult>
    <UnitTestResult executionId="2d957cc8-2d11-4cbf-9d9a-32df5be262dc" testId="4bedf109-5060-9917-8aaf-b66007733e5c" testName="UpdateMany" computerName="THE-BIG-RIG" duration="00:00:00.0280920" startTime="2023-09-21T10:55:06.2741713-04:00" endTime="2023-09-21T10:55:06.3022628-04:00" testType="13cdc9d9-ddb5-4fa4-a97d-d965ccfc6d4b" outcome="Passed" testListId="8c84fa94-04c1-424b-9868-57a2d4851a1d" relativeResultsDirectory="2d957cc8-2d11-4cbf-9d9a-32df5be262dc">
      <Output>
        <StdOut>Updating many...&#xD;
columns to update: [|{ Index = 0&#xD;
    IsKey = false&#xD;
    IsIndex = true&#xD;
    JoinOn = Some ("SubFact", "factId")&#xD;
    Source = ""Fact""&#xD;
    QuotedSource = ""Fact""&#xD;
    SqlName = "indexId"&#xD;
    QuotedSqlName = ""indexId""&#xD;
    FSharpName = "indexId"&#xD;
    Type = System.Int64&#xD;
    PropertyInfo = Int64 indexId }; { Index = 2&#xD;
                                      IsKey = false&#xD;
                                      IsIndex = false&#xD;
                                      JoinOn = None&#xD;
                                      Source = ""Fact""&#xD;
                                      QuotedSource = ""Fact""&#xD;
                                      SqlName = "sqliteName"&#xD;
                                      QuotedSqlName = ""sqliteName""&#xD;
                                      FSharpName = "name"&#xD;
                                      Type = System.String&#xD;
                                      PropertyInfo = System.String name };&#xD;
  { Index = 3&#xD;
    IsKey = false&#xD;
    IsIndex = false&#xD;
    JoinOn = None&#xD;
    Source = ""Fact""&#xD;
    QuotedSource = ""Fact""&#xD;
    SqlName = "timeStamp"&#xD;
    QuotedSqlName = ""timeStamp""&#xD;
    FSharpName = "timeStamp"&#xD;
    Type = System.String&#xD;
    PropertyInfo = System.String timeStamp };&#xD;
  { Index = 4&#xD;
    IsKey = false&#xD;
    IsIndex = false&#xD;
    JoinOn = None&#xD;
    Source = ""Fact""&#xD;
    QuotedSource = ""Fact""&#xD;
    SqlName = "specialChar"&#xD;
    QuotedSqlName = ""specialChar""&#xD;
    FSharpName = "specialChar"&#xD;
    Type = System.String&#xD;
    PropertyInfo = System.String specialChar };&#xD;
  { Index = 5&#xD;
    IsKey = false&#xD;
    IsIndex = false&#xD;
    JoinOn = None&#xD;
    Source = ""Fact""&#xD;
    QuotedSource = ""Fact""&#xD;
    SqlName = "maybeSomething"&#xD;
    QuotedSqlName = ""maybeSomething""&#xD;
    FSharpName = "maybeSomething"&#xD;
    Type = System.String&#xD;
    PropertyInfo = System.String maybeSomething };&#xD;
  { Index = 6&#xD;
    IsKey = false&#xD;
    IsIndex = false&#xD;
    JoinOn = None&#xD;
    Source = ""Fact""&#xD;
    QuotedSource = ""Fact""&#xD;
    SqlName = "sometimesNothing"&#xD;
    QuotedSqlName = ""sometimesNothing""&#xD;
    FSharpName = "sometimesNothing"&#xD;
    Type = Microsoft.FSharp.Core.FSharpOption`1[System.Int64]&#xD;
    PropertyInfo =&#xD;
     Microsoft.FSharp.Core.FSharpOption`1[System.Int64] sometimesNothing };&#xD;
  { Index = 7&#xD;
    IsKey = false&#xD;
    IsIndex = false&#xD;
    JoinOn = None&#xD;
    Source = ""Fact""&#xD;
    QuotedSource = ""Fact""&#xD;
    SqlName = "biteSize"&#xD;
    QuotedSqlName = ""biteSize""&#xD;
    FSharpName = "biteSize"&#xD;
    Type = System.String&#xD;
    PropertyInfo = System.String biteSize }|]&#xD;
Query being generated:&#xD;
&#xD;
update "Fact" set "indexId" = @indexId, "sqliteName" = @name, "timeStamp" = @timeStamp, "specialChar" = @specialChar, "maybeSomething" = @maybeSomething, "sometimesNothing" = @sometimesNothing, "biteSize" = @biteSize where "Fact"."id" = @id&#xD;
&#xD;
&#xD;
&#xD;
Ok 2Query being generated:&#xD;
&#xD;
select "Fact"."indexId", "Fact"."id", "Fact"."sqliteName", "Fact"."timeStamp", "Fact"."specialChar", "Fact"."maybeSomething", "Fact"."sometimesNothing", "Fact"."biteSize", "SubFact"."subFact" from "Fact" left join "SubFact" on "SubFact"."factId" = "Fact"."indexId" where id = '18121561-ab3a-41e6-911a-d37da10c12ab'&#xD;
&#xD;
&#xD;
&#xD;
Query being generated:&#xD;
&#xD;
select "Fact"."indexId", "Fact"."id", "Fact"."sqliteName", "Fact"."timeStamp", "Fact"."specialChar", "Fact"."maybeSomething", "Fact"."sometimesNothing", "Fact"."biteSize", "SubFact"."subFact" from "Fact" left join "SubFact" on "SubFact"."factId" = "Fact"."indexId" where id = '6c5737f4-1ee7-4093-b14e-225aa761e314'</StdOut>
      </Output>
    </UnitTestResult>
    <UnitTestResult executionId="bf13e101-8c5c-4e7c-9c38-9b4016fc2d12" testId="460d9b24-a569-0a63-e9e7-c4bb9059f3b9" testName="InsertMany" computerName="THE-BIG-RIG" duration="00:00:00.0695979" startTime="2023-09-21T10:55:26.8949251-04:00" endTime="2023-09-21T10:55:26.9645231-04:00" testType="13cdc9d9-ddb5-4fa4-a97d-d965ccfc6d4b" outcome="Passed" testListId="8c84fa94-04c1-424b-9868-57a2d4851a1d" relativeResultsDirectory="bf13e101-8c5c-4e7c-9c38-9b4016fc2d12">
      <Output>
        <StdOut>Query being generated:&#xD;
&#xD;
insert into "Fact" ( "indexId", "id", "psqlName", "timeStamp", "specialChar", "maybeSomething", "sometimesNothing", "biteSize" ) values ( @indexId, @id, @name, @timeStamp, @specialChar, @maybeSomething, @sometimesNothing, @biteSize )</StdOut>
      </Output>
    </UnitTestResult>
    <UnitTestResult executionId="8245dafa-61f5-403d-94ce-72ece721d85e" testId="42e6598b-9cd5-653b-3da2-3c525142a803" testName="DeleteMany" computerName="THE-BIG-RIG" duration="00:00:00.0395470" startTime="2023-09-21T10:55:26.8279834-04:00" endTime="2023-09-21T10:55:26.8675298-04:00" testType="13cdc9d9-ddb5-4fa4-a97d-d965ccfc6d4b" outcome="Passed" testListId="8c84fa94-04c1-424b-9868-57a2d4851a1d" relativeResultsDirectory="8245dafa-61f5-403d-94ce-72ece721d85e">
      <Output>
        <StdOut>Deleting Many...&#xD;
Query being generated:&#xD;
&#xD;
delete from "Fact" where "Fact"."id" = @id&#xD;
&#xD;
&#xD;
&#xD;
&#xD;
2</StdOut>
      </Output>
    </UnitTestResult>
    <UnitTestResult executionId="a21bb2c7-6481-4e61-8042-3d9c04df877b" testId="77e42ae1-e871-0f51-987a-6e55093f5e72" testName="Insert" computerName="THE-BIG-RIG" duration="00:00:00.0134240" startTime="2023-09-21T10:55:26.8814879-04:00" endTime="2023-09-21T10:55:26.8949113-04:00" testType="13cdc9d9-ddb5-4fa4-a97d-d965ccfc6d4b" outcome="Passed" testListId="8c84fa94-04c1-424b-9868-57a2d4851a1d" relativeResultsDirectory="a21bb2c7-6481-4e61-8042-3d9c04df877b">
      <Output>
        <StdOut>Query being generated:&#xD;
&#xD;
insert into "Fact" ( "indexId", "id", "psqlName", "timeStamp", "specialChar", "maybeSomething", "sometimesNothing", "biteSize" ) values ( @indexId, @id, @name, @timeStamp, @specialChar, @maybeSomething, @sometimesNothing, @biteSize )&#xD;
&#xD;
&#xD;
&#xD;
Param count: 8&#xD;
Param 0 - "@indexId": 1L&#xD;
Param 1 - "@id": "fec49fa1-1b67-4386-921d-7479c8393768"&#xD;
Param 2 - "@name": "Gerry McGuire"&#xD;
Param 3 - "@timeStamp": "9/21/2023 10:55:26 AM"&#xD;
Param 4 - "@specialChar": "Δ"&#xD;
Param 5 - "@maybeSomething": "true"&#xD;
Param 6 - "@sometimesNothing": 1L&#xD;
Param 7 - "@biteSize": "!aBite"</StdOut>
      </Output>
    </UnitTestResult>
    <UnitTestResult executionId="2434ad59-24d3-40c4-9952-939201d0891d" testId="5bd50614-75ce-57e0-c716-32f01ed14916" testName="ReaderWithTransaction" computerName="THE-BIG-RIG" duration="00:00:00.1326560" startTime="2023-09-21T10:55:27.6835121-04:00" endTime="2023-09-21T10:55:27.8161676-04:00" testType="13cdc9d9-ddb5-4fa4-a97d-d965ccfc6d4b" outcome="Passed" testListId="8c84fa94-04c1-424b-9868-57a2d4851a1d" relativeResultsDirectory="2434ad59-24d3-40c4-9952-939201d0891d">
      <Output>
        <StdOut>Reading...&#xD;
Query being generated:&#xD;
&#xD;
select * from "Fact"&#xD;
&#xD;
&#xD;
&#xD;
&#xD;
Error: Index was outside the bounds of the array.</StdOut>
      </Output>
    </UnitTestResult>
    <UnitTestResult executionId="99bd58bf-d9a8-4e37-ba00-553c7fc71291" testId="88acee2d-0361-65c8-86f8-7fd9f73b3ea7" testName="InsertMany" computerName="THE-BIG-RIG" duration="00:00:00.0062710" startTime="2023-09-21T10:55:06.2293582-04:00" endTime="2023-09-21T10:55:06.2356286-04:00" testType="13cdc9d9-ddb5-4fa4-a97d-d965ccfc6d4b" outcome="Passed" testListId="8c84fa94-04c1-424b-9868-57a2d4851a1d" relativeResultsDirectory="99bd58bf-d9a8-4e37-ba00-553c7fc71291">
      <Output>
        <StdOut>Query being generated:&#xD;
&#xD;
insert into "Fact" ( "indexId", "id", "sqliteName", "timeStamp", "specialChar", "maybeSomething", "sometimesNothing", "biteSize" ) values ( @indexId, @id, @name, @timeStamp, @specialChar, @maybeSomething, @sometimesNothing, @biteSize )</StdOut>
      </Output>
    </UnitTestResult>
    <UnitTestResult executionId="e0015df4-6802-4f92-ac7b-852ec0758867" testId="acc5ce31-366d-7240-1d5c-c1da4fc88dca" testName="InsertUpdateSelect" computerName="THE-BIG-RIG" duration="00:00:00.2030890" startTime="2023-09-21T10:55:27.4798816-04:00" endTime="2023-09-21T10:55:27.6829704-04:00" testType="13cdc9d9-ddb5-4fa4-a97d-d965ccfc6d4b" outcome="Passed" testListId="8c84fa94-04c1-424b-9868-57a2d4851a1d" relativeResultsDirectory="e0015df4-6802-4f92-ac7b-852ec0758867">
      <Output>
        <StdOut>Do we have a transaction? Some Npgsql.NpgsqlTransaction&#xD;
Query being generated:&#xD;
&#xD;
insert into "Fact" ( "indexId", "id", "psqlName", "timeStamp", "specialChar", "maybeSomething", "sometimesNothing", "biteSize" ) values ( @indexId, @id, @name, @timeStamp, @specialChar, @maybeSomething, @sometimesNothing, @biteSize )&#xD;
&#xD;
&#xD;
&#xD;
Param count: 8&#xD;
Param 0 - "@indexId": 1L&#xD;
Param 1 - "@id": "2a22c308-7281-4b4e-8622-aef6edb446e1"&#xD;
Param 2 - "@name": "Gerry McGuire"&#xD;
Param 3 - "@timeStamp": "9/21/2023 10:55:27 AM"&#xD;
Param 4 - "@specialChar": "Δ"&#xD;
Param 5 - "@maybeSomething": "true"&#xD;
Param 6 - "@sometimesNothing": 1L&#xD;
Param 7 - "@biteSize": "!aBite"&#xD;
columns to update: [|{ Index = 0&#xD;
    IsKey = false&#xD;
    IsIndex = true&#xD;
    JoinOn = Some ("SubFact", "factId")&#xD;
    Source = ""Fact""&#xD;
    QuotedSource = ""Fact""&#xD;
    SqlName = "indexId"&#xD;
    QuotedSqlName = ""indexId""&#xD;
    FSharpName = "indexId"&#xD;
    Type = System.Int64&#xD;
    PropertyInfo = Int64 indexId }; { Index = 2&#xD;
                                      IsKey = false&#xD;
                                      IsIndex = false&#xD;
                                      JoinOn = None&#xD;
                                      Source = ""Fact""&#xD;
                                      QuotedSource = ""Fact""&#xD;
                                      SqlName = "psqlName"&#xD;
                                      QuotedSqlName = ""psqlName""&#xD;
                                      FSharpName = "name"&#xD;
                                      Type = System.String&#xD;
                                      PropertyInfo = System.String name };&#xD;
  { Index = 3&#xD;
    IsKey = false&#xD;
    IsIndex = false&#xD;
    JoinOn = None&#xD;
    Source = ""Fact""&#xD;
    QuotedSource = ""Fact""&#xD;
    SqlName = "timeStamp"&#xD;
    QuotedSqlName = ""timeStamp""&#xD;
    FSharpName = "timeStamp"&#xD;
    Type = System.String&#xD;
    PropertyInfo = System.String timeStamp };&#xD;
  { Index = 4&#xD;
    IsKey = false&#xD;
    IsIndex = false&#xD;
    JoinOn = None&#xD;
    Source = ""Fact""&#xD;
    QuotedSource = ""Fact""&#xD;
    SqlName = "specialChar"&#xD;
    QuotedSqlName = ""specialChar""&#xD;
    FSharpName = "specialChar"&#xD;
    Type = System.String&#xD;
    PropertyInfo = System.String specialChar };&#xD;
  { Index = 5&#xD;
    IsKey = false&#xD;
    IsIndex = false&#xD;
    JoinOn = None&#xD;
    Source = ""Fact""&#xD;
    QuotedSource = ""Fact""&#xD;
    SqlName = "maybeSomething"&#xD;
    QuotedSqlName = ""maybeSomething""&#xD;
    FSharpName = "maybeSomething"&#xD;
    Type = System.String&#xD;
    PropertyInfo = System.String maybeSomething };&#xD;
  { Index = 6&#xD;
    IsKey = false&#xD;
    IsIndex = false&#xD;
    JoinOn = None&#xD;
    Source = ""Fact""&#xD;
    QuotedSource = ""Fact""&#xD;
    SqlName = "sometimesNothing"&#xD;
    QuotedSqlName = ""sometimesNothing""&#xD;
    FSharpName = "sometimesNothing"&#xD;
    Type = Microsoft.FSharp.Core.FSharpOption`1[System.Int64]&#xD;
    PropertyInfo =&#xD;
     Microsoft.FSharp.Core.FSharpOption`1[System.Int64] sometimesNothing };&#xD;
  { Index = 7&#xD;
    IsKey = false&#xD;
    IsIndex = false&#xD;
    JoinOn = None&#xD;
    Source = ""Fact""&#xD;
    QuotedSource = ""Fact""&#xD;
    SqlName = "biteSize"&#xD;
    QuotedSqlName = ""biteSize""&#xD;
    FSharpName = "biteSize"&#xD;
    Type = System.String&#xD;
    PropertyInfo = System.String biteSize }|]&#xD;
Query being generated:&#xD;
&#xD;
update "Fact" set "indexId" = @indexId, "psqlName" = @name, "timeStamp" = @timeStamp, "specialChar" = @specialChar, "maybeSomething" = @maybeSomething, "sometimesNothing" = @sometimesNothing, "biteSize" = @biteSize where "Fact"."id" = @id&#xD;
&#xD;
&#xD;
&#xD;
Query being generated:&#xD;
&#xD;
select "Fact"."indexId", "Fact"."id", "Fact"."psqlName", "Fact"."timeStamp", "Fact"."specialChar", "Fact"."maybeSomething", "Fact"."sometimesNothing", "Fact"."biteSize", "SubFact"."subFact" from "Fact" left join "SubFact" on "SubFact"."factId" = "Fact"."indexId" where id = '2a22c308-7281-4b4e-8622-aef6edb446e1'&#xD;
&#xD;
&#xD;
&#xD;
Query being generated:&#xD;
&#xD;
select "Fact"."indexId", "Fact"."id", "Fact"."psqlName", "Fact"."timeStamp", "Fact"."specialChar", "Fact"."maybeSomething", "Fact"."sometimesNothing", "Fact"."biteSize", "SubFact"."subFact" from "Fact" left join "SubFact" on "SubFact"."factId" = "Fact"."indexId" where id = '2a22c308-7281-4b4e-8622-aef6edb446e1'&#xD;
&#xD;
&#xD;
&#xD;
Query being generated:&#xD;
&#xD;
select "Fact"."indexId", "Fact"."id", "Fact"."psqlName", "Fact"."timeStamp", "Fact"."specialChar", "Fact"."maybeSomething", "Fact"."sometimesNothing", "Fact"."biteSize", "SubFact"."subFact" from "Fact" left join "SubFact" on "SubFact"."factId" = "Fact"."indexId" where id = '2a22c308-7281-4b4e-8622-aef6edb446e1'&#xD;
&#xD;
&#xD;
&#xD;
&#xD;
You remembered the facts: { indexId = 1L&#xD;
  id = "2a22c308-7281-4b4e-8622-aef6edb446e1"&#xD;
  name = "Gerry McGuire"&#xD;
  timeStamp = "9/21/2023 10:55:27 AM"&#xD;
  specialChar = "Δ"&#xD;
  maybeSomething = "true"&#xD;
  sometimesNothing = Some 1L&#xD;
  biteSize = "!aBite"&#xD;
  subFact = Some "sooper dooper secret fact" } - { indexId = 1L&#xD;
  id = "2a22c308-7281-4b4e-8622-aef6edb446e1"&#xD;
  name = "All Facts, All the Time"&#xD;
  timeStamp = "9/21/2023 10:55:27 AM"&#xD;
  specialChar = "Δ"&#xD;
  maybeSomething = "true"&#xD;
  sometimesNothing = Some 1L&#xD;
  biteSize = "!aBite"&#xD;
  subFact = None } | seq [{ indexId = 1L&#xD;
       id = "2a22c308-7281-4b4e-8622-aef6edb446e1"&#xD;
       name = "All Facts, All the Time"&#xD;
       timeStamp = "9/21/2023 10:55:27 AM"&#xD;
       specialChar = "Δ"&#xD;
       maybeSomething = "true"&#xD;
       sometimesNothing = Some 1L&#xD;
       biteSize = "!aBite"&#xD;
       subFact = None }]</StdOut>
      </Output>
    </UnitTestResult>
    <UnitTestResult executionId="d04bf7b8-7533-43aa-95fc-a35d9a92a674" testId="c54fc33d-0d41-c3fa-b20e-9175abd15c87" testName="TearDown" computerName="THE-BIG-RIG" duration="00:00:00.0002560" startTime="2023-09-21T10:55:27.0511730-04:00" endTime="2023-09-21T10:55:27.0514288-04:00" testType="13cdc9d9-ddb5-4fa4-a97d-d965ccfc6d4b" outcome="Passed" testListId="8c84fa94-04c1-424b-9868-57a2d4851a1d" relativeResultsDirectory="d04bf7b8-7533-43aa-95fc-a35d9a92a674">
      <Output>
        <StdOut>Transaction: None</StdOut>
      </Output>
    </UnitTestResult>
  </Results>
  <TestDefinitions>
    <UnitTest name="AsyncInsertMany" storage="c:\hcrd\form\test\bin\debug\net7.0\test.dll" id="3cbac31c-9e36-f64a-b1ac-61a9a72493dd">
      <Execution id="2e3b53bb-e0a2-4b23-901d-24968e5a9585" />
      <TestMethod codeBase="C:\hcrd\FORM\Test\bin\Debug\net7.0\Test.dll" adapterTypeName="executor://nunit3testexecutor/" className="Test.Orm+Orm(Test.Orm+get_Source@12-2)" name="AsyncInsertMany" />
    </UnitTest>
    <UnitTest name="DeleteWhere" storage="c:\hcrd\form\test\bin\debug\net7.0\test.dll" id="8b9d4215-bacd-9f5c-0cb3-cebe0cc23a2a">
      <Execution id="36114b4e-02a0-4df9-890b-9902fc53b49b" />
      <TestMethod codeBase="C:\hcrd\FORM\Test\bin\Debug\net7.0\Test.dll" adapterTypeName="executor://nunit3testexecutor/" className="Test.Orm+Orm(Test.Orm+get_Source@12-2)" name="DeleteWhere" />
    </UnitTest>
    <UnitTest name="Connect" storage="c:\hcrd\form\test\bin\debug\net7.0\test.dll" id="57cae47f-3b44-3854-5d05-8185ecbc5129">
      <Execution id="906a7eef-a145-40c7-b792-3c8eb213a143" />
      <TestMethod codeBase="C:\hcrd\FORM\Test\bin\Debug\net7.0\Test.dll" adapterTypeName="executor://nunit3testexecutor/" className="Test.Orm+Orm(Test.Orm+get_Source@11-1)" name="Connect" />
    </UnitTest>
    <UnitTest name="Delete" storage="c:\hcrd\form\test\bin\debug\net7.0\test.dll" id="79394db7-0c7a-bbb8-795c-4b52a68853a0">
      <Execution id="035fa8e0-c93f-40dc-bd27-d331afe15e92" />
      <TestMethod codeBase="C:\hcrd\FORM\Test\bin\Debug\net7.0\Test.dll" adapterTypeName="executor://nunit3testexecutor/" className="Test.Orm+Orm(Test.Orm+get_Source@11-1)" name="Delete" />
    </UnitTest>
    <UnitTest name="InsertSelect" storage="c:\hcrd\form\test\bin\debug\net7.0\test.dll" id="8bc43a71-3dd5-d4b3-9160-b6788c246f20">
      <Execution id="b090bfc4-2501-4931-aa03-f7e9387f4779" />
      <TestMethod codeBase="C:\hcrd\FORM\Test\bin\Debug\net7.0\Test.dll" adapterTypeName="executor://nunit3testexecutor/" className="Test.Orm+OrmTransaction(Test.Orm+get_Source@11-1)" name="InsertSelect" />
    </UnitTest>
    <UnitTest name="AsyncInsertMany" storage="c:\hcrd\form\test\bin\debug\net7.0\test.dll" id="9f990d3e-d56c-7eb6-81a2-ebbf929b48fb">
      <Execution id="22532b70-4ca3-47c2-8a4f-00bdb517cfcf" />
      <TestMethod codeBase="C:\hcrd\FORM\Test\bin\Debug\net7.0\Test.dll" adapterTypeName="executor://nunit3testexecutor/" className="Test.Orm+Orm(Test.Orm+get_Source@11-1)" name="AsyncInsertMany" />
    </UnitTest>
    <UnitTest name="SelectLimit" storage="c:\hcrd\form\test\bin\debug\net7.0\test.dll" id="8da27838-cd55-5bd1-50d9-ba71e94942e2">
      <Execution id="56ff0e84-0cc6-4bbf-81b7-346440b11e83" />
      <TestMethod codeBase="C:\hcrd\FORM\Test\bin\Debug\net7.0\Test.dll" adapterTypeName="executor://nunit3testexecutor/" className="Test.Orm+Orm(Test.Orm+get_Source@12-2)" name="SelectLimit" />
    </UnitTest>
    <UnitTest name="SelectWhere" storage="c:\hcrd\form\test\bin\debug\net7.0\test.dll" id="86867b78-488a-67a3-3464-8ca6d6f90649">
      <Execution id="b3414be6-f564-4fc2-9cfb-8f405ef0df13" />
      <TestMethod codeBase="C:\hcrd\FORM\Test\bin\Debug\net7.0\Test.dll" adapterTypeName="executor://nunit3testexecutor/" className="Test.Orm+Orm(Test.Orm+get_Source@12-2)" name="SelectWhere" />
    </UnitTest>
    <UnitTest name="UpdateMany" storage="c:\hcrd\form\test\bin\debug\net7.0\test.dll" id="cac4ec42-fc0d-3f5d-c317-2bb3e527bacb">
      <Execution id="ee4fdaa0-aaaf-4d20-8ba3-a8c5d64ab7b5" />
      <TestMethod codeBase="C:\hcrd\FORM\Test\bin\Debug\net7.0\Test.dll" adapterTypeName="executor://nunit3testexecutor/" className="Test.Orm+Orm(Test.Orm+get_Source@12-2)" name="UpdateMany" />
    </UnitTest>
    <UnitTest name="InsertMany" storage="c:\hcrd\form\test\bin\debug\net7.0\test.dll" id="88acee2d-0361-65c8-86f8-7fd9f73b3ea7">
      <Execution id="99bd58bf-d9a8-4e37-ba00-553c7fc71291" />
      <TestMethod codeBase="C:\hcrd\FORM\Test\bin\Debug\net7.0\Test.dll" adapterTypeName="executor://nunit3testexecutor/" className="Test.Orm+Orm(Test.Orm+get_Source@11-1)" name="InsertMany" />
    </UnitTest>
    <UnitTest name="UpdateWhere" storage="c:\hcrd\form\test\bin\debug\net7.0\test.dll" id="14032f00-d57e-064d-43c8-625d0f94033c">
      <Execution id="85acbd08-8978-480c-911d-27e5663c2a52" />
      <TestMethod codeBase="C:\hcrd\FORM\Test\bin\Debug\net7.0\Test.dll" adapterTypeName="executor://nunit3testexecutor/" className="Test.Orm+Orm(Test.Orm+get_Source@11-1)" name="UpdateWhere" />
    </UnitTest>
    <UnitTest name="SelectWhere" storage="c:\hcrd\form\test\bin\debug\net7.0\test.dll" id="06b1aa90-97eb-58a2-6bb9-e18d9d0ec32f">
      <Execution id="1491e3ae-f38b-43f8-b26e-24bc1f2195dd" />
      <TestMethod codeBase="C:\hcrd\FORM\Test\bin\Debug\net7.0\Test.dll" adapterTypeName="executor://nunit3testexecutor/" className="Test.Orm+Orm(Test.Orm+get_Source@11-1)" name="SelectWhere" />
    </UnitTest>
    <UnitTest name="Select" storage="c:\hcrd\form\test\bin\debug\net7.0\test.dll" id="9492c0ce-4418-80f8-dcb0-0fcac251a06f">
      <Execution id="f59cfee8-c376-4957-84e6-c91d6ee24f13" />
      <TestMethod codeBase="C:\hcrd\FORM\Test\bin\Debug\net7.0\Test.dll" adapterTypeName="executor://nunit3testexecutor/" className="Test.Orm+Orm(Test.Orm+get_Source@11-1)" name="Select" />
    </UnitTest>
    <UnitTest name="ReaderWithTransaction" storage="c:\hcrd\form\test\bin\debug\net7.0\test.dll" id="2d284b6c-5c67-896d-d39b-b582fc474284">
      <Execution id="ad825716-d000-48da-997a-3fbd6aaac423" />
      <TestMethod codeBase="C:\hcrd\FORM\Test\bin\Debug\net7.0\Test.dll" adapterTypeName="executor://nunit3testexecutor/" className="Test.Orm+OrmTransaction(Test.Orm+get_Source@11-1)" name="ReaderWithTransaction" />
    </UnitTest>
    <UnitTest name="UpdateMany" storage="c:\hcrd\form\test\bin\debug\net7.0\test.dll" id="4bedf109-5060-9917-8aaf-b66007733e5c">
      <Execution id="2d957cc8-2d11-4cbf-9d9a-32df5be262dc" />
      <TestMethod codeBase="C:\hcrd\FORM\Test\bin\Debug\net7.0\Test.dll" adapterTypeName="executor://nunit3testexecutor/" className="Test.Orm+Orm(Test.Orm+get_Source@11-1)" name="UpdateMany" />
    </UnitTest>
    <UnitTest name="TearDown" storage="c:\hcrd\form\test\bin\debug\net7.0\test.dll" id="c54fc33d-0d41-c3fa-b20e-9175abd15c87">
      <Execution id="d04bf7b8-7533-43aa-95fc-a35d9a92a674" />
      <TestMethod codeBase="C:\hcrd\FORM\Test\bin\Debug\net7.0\Test.dll" adapterTypeName="executor://nunit3testexecutor/" className="Test.Orm+Orm(Test.Orm+get_Source@12-2)" name="TearDown" />
    </UnitTest>
    <UnitTest name="InsertDeleteSelect" storage="c:\hcrd\form\test\bin\debug\net7.0\test.dll" id="d92ff9a4-1b7e-d93a-d9c7-189372bb5a87">
      <Execution id="6a83aaf1-3254-4706-a86e-cd06539424e8" />
      <TestMethod codeBase="C:\hcrd\FORM\Test\bin\Debug\net7.0\Test.dll" adapterTypeName="executor://nunit3testexecutor/" className="Test.Orm+OrmTransaction(Test.Orm+get_Source@12-2)" name="InsertDeleteSelect" />
    </UnitTest>
    <UnitTest name="QueryBuild" storage="c:\hcrd\form\test\bin\debug\net7.0\test.dll" id="a5ba3d7c-9d20-9b92-f0f2-e5aa18e9eee0">
      <Execution id="c5845393-ebbf-4fe0-afa7-39cf24389fa1" />
      <TestMethod codeBase="C:\hcrd\FORM\Test\bin\Debug\net7.0\Test.dll" adapterTypeName="executor://nunit3testexecutor/" className="Test.Orm+Orm(Test.Orm+get_Source@12-2)" name="QueryBuild" />
    </UnitTest>
    <UnitTest name="InsertDeleteSelect" storage="c:\hcrd\form\test\bin\debug\net7.0\test.dll" id="86fe2b56-373f-063f-5cdb-a94f011dd4ca">
      <Execution id="9a52e2b8-75de-4fab-b77a-f18b8c4064b8" />
      <TestMethod codeBase="C:\hcrd\FORM\Test\bin\Debug\net7.0\Test.dll" adapterTypeName="executor://nunit3testexecutor/" className="Test.Orm+OrmTransaction(Test.Orm+get_Source@11-1)" name="InsertDeleteSelect" />
    </UnitTest>
    <UnitTest name="AsyncSelect" storage="c:\hcrd\form\test\bin\debug\net7.0\test.dll" id="8def2ab4-03c9-dd78-923a-b03a9ebf2979">
      <Execution id="856df6f8-b335-486f-9336-74512a9aef6e" />
      <TestMethod codeBase="C:\hcrd\FORM\Test\bin\Debug\net7.0\Test.dll" adapterTypeName="executor://nunit3testexecutor/" className="Test.Orm+Orm(Test.Orm+get_Source@11-1)" name="AsyncSelect" />
    </UnitTest>
    <UnitTest name="UpdateWhere" storage="c:\hcrd\form\test\bin\debug\net7.0\test.dll" id="f184165c-bf14-e692-692c-733347233eef">
      <Execution id="d8104817-eaa4-4659-9136-3cfd41631a4a" />
      <TestMethod codeBase="C:\hcrd\FORM\Test\bin\Debug\net7.0\Test.dll" adapterTypeName="executor://nunit3testexecutor/" className="Test.Orm+Orm(Test.Orm+get_Source@12-2)" name="UpdateWhere" />
    </UnitTest>
    <UnitTest name="ReaderWithTransaction" storage="c:\hcrd\form\test\bin\debug\net7.0\test.dll" id="5bd50614-75ce-57e0-c716-32f01ed14916">
      <Execution id="2434ad59-24d3-40c4-9952-939201d0891d" />
      <TestMethod codeBase="C:\hcrd\FORM\Test\bin\Debug\net7.0\Test.dll" adapterTypeName="executor://nunit3testexecutor/" className="Test.Orm+OrmTransaction(Test.Orm+get_Source@12-2)" name="ReaderWithTransaction" />
    </UnitTest>
    <UnitTest name="InsertMany" storage="c:\hcrd\form\test\bin\debug\net7.0\test.dll" id="460d9b24-a569-0a63-e9e7-c4bb9059f3b9">
      <Execution id="bf13e101-8c5c-4e7c-9c38-9b4016fc2d12" />
      <TestMethod codeBase="C:\hcrd\FORM\Test\bin\Debug\net7.0\Test.dll" adapterTypeName="executor://nunit3testexecutor/" className="Test.Orm+Orm(Test.Orm+get_Source@12-2)" name="InsertMany" />
    </UnitTest>
    <UnitTest name="TearDown" storage="c:\hcrd\form\test\bin\debug\net7.0\test.dll" id="6b0006e5-ab81-1704-d774-56777789dc1c">
      <Execution id="0f922f21-b6c3-436b-8f57-798fd7ac7a90" />
      <TestMethod codeBase="C:\hcrd\FORM\Test\bin\Debug\net7.0\Test.dll" adapterTypeName="executor://nunit3testexecutor/" className="Test.Orm+Orm(Test.Orm+get_Source@11-1)" name="TearDown" />
    </UnitTest>
    <UnitTest name="QueryBuild" storage="c:\hcrd\form\test\bin\debug\net7.0\test.dll" id="545b1bf1-e638-f0da-05f9-2695305561da">
      <Execution id="14def36e-5049-4400-996c-a1d215303155" />
      <TestMethod codeBase="C:\hcrd\FORM\Test\bin\Debug\net7.0\Test.dll" adapterTypeName="executor://nunit3testexecutor/" className="Test.Orm+Orm(Test.Orm+get_Source@11-1)" name="QueryBuild" />
    </UnitTest>
    <UnitTest name="Update" storage="c:\hcrd\form\test\bin\debug\net7.0\test.dll" id="2ca81fe3-1888-0a66-75b0-9470085ed4cc">
      <Execution id="98236e73-8873-4e29-8d87-e57bfd582606" />
      <TestMethod codeBase="C:\hcrd\FORM\Test\bin\Debug\net7.0\Test.dll" adapterTypeName="executor://nunit3testexecutor/" className="Test.Orm+Orm(Test.Orm+get_Source@11-1)" name="Update" />
    </UnitTest>
    <UnitTest name="AsyncSelect" storage="c:\hcrd\form\test\bin\debug\net7.0\test.dll" id="7e952db4-c747-4a71-3bcd-eea59d28a244">
      <Execution id="7c9cef59-15f5-47e9-a873-2dd08ea6fecd" />
      <TestMethod codeBase="C:\hcrd\FORM\Test\bin\Debug\net7.0\Test.dll" adapterTypeName="executor://nunit3testexecutor/" className="Test.Orm+Orm(Test.Orm+get_Source@12-2)" name="AsyncSelect" />
    </UnitTest>
    <UnitTest name="SelectLimit" storage="c:\hcrd\form\test\bin\debug\net7.0\test.dll" id="f189dfb4-c52c-9727-119d-7c606e4a4427">
      <Execution id="fd958743-2fe4-413c-8c89-fb3403442712" />
      <TestMethod codeBase="C:\hcrd\FORM\Test\bin\Debug\net7.0\Test.dll" adapterTypeName="executor://nunit3testexecutor/" className="Test.Orm+Orm(Test.Orm+get_Source@11-1)" name="SelectLimit" />
    </UnitTest>
    <UnitTest name="Reader" storage="c:\hcrd\form\test\bin\debug\net7.0\test.dll" id="14ed805e-3806-d0a9-d072-7039f5af1f4b">
      <Execution id="0a57a0d7-c54c-4d62-9e4b-c767b3d750b6" />
      <TestMethod codeBase="C:\hcrd\FORM\Test\bin\Debug\net7.0\Test.dll" adapterTypeName="executor://nunit3testexecutor/" className="Test.Orm+Orm(Test.Orm+get_Source@11-1)" name="Reader" />
    </UnitTest>
    <UnitTest name="Insert" storage="c:\hcrd\form\test\bin\debug\net7.0\test.dll" id="77e42ae1-e871-0f51-987a-6e55093f5e72">
      <Execution id="a21bb2c7-6481-4e61-8042-3d9c04df877b" />
      <TestMethod codeBase="C:\hcrd\FORM\Test\bin\Debug\net7.0\Test.dll" adapterTypeName="executor://nunit3testexecutor/" className="Test.Orm+Orm(Test.Orm+get_Source@12-2)" name="Insert" />
    </UnitTest>
    <UnitTest name="Update" storage="c:\hcrd\form\test\bin\debug\net7.0\test.dll" id="36b60724-976a-a427-5457-ca1e1a6f8f06">
      <Execution id="814d62f2-5383-47ce-bf99-54871c190725" />
      <TestMethod codeBase="C:\hcrd\FORM\Test\bin\Debug\net7.0\Test.dll" adapterTypeName="executor://nunit3testexecutor/" className="Test.Orm+Orm(Test.Orm+get_Source@12-2)" name="Update" />
    </UnitTest>
    <UnitTest name="Insert" storage="c:\hcrd\form\test\bin\debug\net7.0\test.dll" id="1fa7f75f-f26c-e1fd-caab-d2e8d803c175">
      <Execution id="e919f888-e887-48b7-a3cb-cce5336132a1" />
      <TestMethod codeBase="C:\hcrd\FORM\Test\bin\Debug\net7.0\Test.dll" adapterTypeName="executor://nunit3testexecutor/" className="Test.Orm+Orm(Test.Orm+get_Source@11-1)" name="Insert" />
    </UnitTest>
    <UnitTest name="InsertUpdateSelect" storage="c:\hcrd\form\test\bin\debug\net7.0\test.dll" id="81d0d541-a556-9943-40c1-c5f6435f396d">
      <Execution id="d015733d-66fe-4bd4-9d2a-b2448c31a0a7" />
      <TestMethod codeBase="C:\hcrd\FORM\Test\bin\Debug\net7.0\Test.dll" adapterTypeName="executor://nunit3testexecutor/" className="Test.Orm+OrmTransaction(Test.Orm+get_Source@11-1)" name="InsertUpdateSelect" />
    </UnitTest>
    <UnitTest name="InsertSelect" storage="c:\hcrd\form\test\bin\debug\net7.0\test.dll" id="5dc535f5-90f1-0cc4-df69-31a15f34d088">
      <Execution id="b9984e61-7d21-4bc5-98d5-670ea9df1ceb" />
      <TestMethod codeBase="C:\hcrd\FORM\Test\bin\Debug\net7.0\Test.dll" adapterTypeName="executor://nunit3testexecutor/" className="Test.Orm+OrmTransaction(Test.Orm+get_Source@12-2)" name="InsertSelect" />
    </UnitTest>
    <UnitTest name="Delete" storage="c:\hcrd\form\test\bin\debug\net7.0\test.dll" id="25d7beb0-a560-dbc8-d3bb-9012f9ad3938">
      <Execution id="a3951ceb-37f3-46dc-8baa-04d2e98da516" />
      <TestMethod codeBase="C:\hcrd\FORM\Test\bin\Debug\net7.0\Test.dll" adapterTypeName="executor://nunit3testexecutor/" className="Test.Orm+Orm(Test.Orm+get_Source@12-2)" name="Delete" />
    </UnitTest>
    <UnitTest name="Connect" storage="c:\hcrd\form\test\bin\debug\net7.0\test.dll" id="7c636acb-1dc9-7632-1fa2-ed50423e327b">
      <Execution id="b4be00c5-51b2-4b98-ba10-d0f4eaccbae7" />
      <TestMethod codeBase="C:\hcrd\FORM\Test\bin\Debug\net7.0\Test.dll" adapterTypeName="executor://nunit3testexecutor/" className="Test.Orm+Orm(Test.Orm+get_Source@12-2)" name="Connect" />
    </UnitTest>
    <UnitTest name="Reader" storage="c:\hcrd\form\test\bin\debug\net7.0\test.dll" id="d9edbf80-64a6-8e19-7149-1390014bf8c6">
      <Execution id="bcf4f933-f3c2-42dd-8453-6294ee39a5c6" />
      <TestMethod codeBase="C:\hcrd\FORM\Test\bin\Debug\net7.0\Test.dll" adapterTypeName="executor://nunit3testexecutor/" className="Test.Orm+Orm(Test.Orm+get_Source@12-2)" name="Reader" />
    </UnitTest>
    <UnitTest name="Select" storage="c:\hcrd\form\test\bin\debug\net7.0\test.dll" id="07956d24-5a70-780e-abca-650f22e95adc">
      <Execution id="a2c6ae97-0322-4fd1-b79a-ee5516e8615f" />
      <TestMethod codeBase="C:\hcrd\FORM\Test\bin\Debug\net7.0\Test.dll" adapterTypeName="executor://nunit3testexecutor/" className="Test.Orm+Orm(Test.Orm+get_Source@12-2)" name="Select" />
    </UnitTest>
    <UnitTest name="DeleteMany" storage="c:\hcrd\form\test\bin\debug\net7.0\test.dll" id="42e6598b-9cd5-653b-3da2-3c525142a803">
      <Execution id="8245dafa-61f5-403d-94ce-72ece721d85e" />
      <TestMethod codeBase="C:\hcrd\FORM\Test\bin\Debug\net7.0\Test.dll" adapterTypeName="executor://nunit3testexecutor/" className="Test.Orm+Orm(Test.Orm+get_Source@12-2)" name="DeleteMany" />
    </UnitTest>
    <UnitTest name="DeleteWhere" storage="c:\hcrd\form\test\bin\debug\net7.0\test.dll" id="11ca4904-a1cf-c42f-1896-98cfb1a9d85e">
      <Execution id="2efadfc0-e762-456f-8ae3-80f4a57d665e" />
      <TestMethod codeBase="C:\hcrd\FORM\Test\bin\Debug\net7.0\Test.dll" adapterTypeName="executor://nunit3testexecutor/" className="Test.Orm+Orm(Test.Orm+get_Source@11-1)" name="DeleteWhere" />
    </UnitTest>
    <UnitTest name="DeleteMany" storage="c:\hcrd\form\test\bin\debug\net7.0\test.dll" id="c5ecb518-1979-13a9-c293-a04b6295e274">
      <Execution id="127226a7-30cd-41c5-96aa-42fed0ba89f1" />
      <TestMethod codeBase="C:\hcrd\FORM\Test\bin\Debug\net7.0\Test.dll" adapterTypeName="executor://nunit3testexecutor/" className="Test.Orm+Orm(Test.Orm+get_Source@11-1)" name="DeleteMany" />
    </UnitTest>
    <UnitTest name="InsertUpdateSelect" storage="c:\hcrd\form\test\bin\debug\net7.0\test.dll" id="acc5ce31-366d-7240-1d5c-c1da4fc88dca">
      <Execution id="e0015df4-6802-4f92-ac7b-852ec0758867" />
      <TestMethod codeBase="C:\hcrd\FORM\Test\bin\Debug\net7.0\Test.dll" adapterTypeName="executor://nunit3testexecutor/" className="Test.Orm+OrmTransaction(Test.Orm+get_Source@12-2)" name="InsertUpdateSelect" />
    </UnitTest>
  </TestDefinitions>
  <TestEntries>
    <TestEntry testId="8b9d4215-bacd-9f5c-0cb3-cebe0cc23a2a" executionId="36114b4e-02a0-4df9-890b-9902fc53b49b" testListId="8c84fa94-04c1-424b-9868-57a2d4851a1d" />
    <TestEntry testId="2ca81fe3-1888-0a66-75b0-9470085ed4cc" executionId="98236e73-8873-4e29-8d87-e57bfd582606" testListId="8c84fa94-04c1-424b-9868-57a2d4851a1d" />
    <TestEntry testId="f189dfb4-c52c-9727-119d-7c606e4a4427" executionId="fd958743-2fe4-413c-8c89-fb3403442712" testListId="8c84fa94-04c1-424b-9868-57a2d4851a1d" />
    <TestEntry testId="07956d24-5a70-780e-abca-650f22e95adc" executionId="a2c6ae97-0322-4fd1-b79a-ee5516e8615f" testListId="8c84fa94-04c1-424b-9868-57a2d4851a1d" />
    <TestEntry testId="36b60724-976a-a427-5457-ca1e1a6f8f06" executionId="814d62f2-5383-47ce-bf99-54871c190725" testListId="8c84fa94-04c1-424b-9868-57a2d4851a1d" />
    <TestEntry testId="7c636acb-1dc9-7632-1fa2-ed50423e327b" executionId="b4be00c5-51b2-4b98-ba10-d0f4eaccbae7" testListId="8c84fa94-04c1-424b-9868-57a2d4851a1d" />
    <TestEntry testId="c5ecb518-1979-13a9-c293-a04b6295e274" executionId="127226a7-30cd-41c5-96aa-42fed0ba89f1" testListId="8c84fa94-04c1-424b-9868-57a2d4851a1d" />
    <TestEntry testId="6b0006e5-ab81-1704-d774-56777789dc1c" executionId="0f922f21-b6c3-436b-8f57-798fd7ac7a90" testListId="8c84fa94-04c1-424b-9868-57a2d4851a1d" />
    <TestEntry testId="545b1bf1-e638-f0da-05f9-2695305561da" executionId="14def36e-5049-4400-996c-a1d215303155" testListId="8c84fa94-04c1-424b-9868-57a2d4851a1d" />
    <TestEntry testId="79394db7-0c7a-bbb8-795c-4b52a68853a0" executionId="035fa8e0-c93f-40dc-bd27-d331afe15e92" testListId="8c84fa94-04c1-424b-9868-57a2d4851a1d" />
    <TestEntry testId="57cae47f-3b44-3854-5d05-8185ecbc5129" executionId="906a7eef-a145-40c7-b792-3c8eb213a143" testListId="8c84fa94-04c1-424b-9868-57a2d4851a1d" />
    <TestEntry testId="d92ff9a4-1b7e-d93a-d9c7-189372bb5a87" executionId="6a83aaf1-3254-4706-a86e-cd06539424e8" testListId="8c84fa94-04c1-424b-9868-57a2d4851a1d" />
    <TestEntry testId="11ca4904-a1cf-c42f-1896-98cfb1a9d85e" executionId="2efadfc0-e762-456f-8ae3-80f4a57d665e" testListId="8c84fa94-04c1-424b-9868-57a2d4851a1d" />
    <TestEntry testId="2d284b6c-5c67-896d-d39b-b582fc474284" executionId="ad825716-d000-48da-997a-3fbd6aaac423" testListId="8c84fa94-04c1-424b-9868-57a2d4851a1d" />
    <TestEntry testId="8bc43a71-3dd5-d4b3-9160-b6788c246f20" executionId="b090bfc4-2501-4931-aa03-f7e9387f4779" testListId="8c84fa94-04c1-424b-9868-57a2d4851a1d" />
    <TestEntry testId="3cbac31c-9e36-f64a-b1ac-61a9a72493dd" executionId="2e3b53bb-e0a2-4b23-901d-24968e5a9585" testListId="8c84fa94-04c1-424b-9868-57a2d4851a1d" />
    <TestEntry testId="14032f00-d57e-064d-43c8-625d0f94033c" executionId="85acbd08-8978-480c-911d-27e5663c2a52" testListId="8c84fa94-04c1-424b-9868-57a2d4851a1d" />
    <TestEntry testId="8def2ab4-03c9-dd78-923a-b03a9ebf2979" executionId="856df6f8-b335-486f-9336-74512a9aef6e" testListId="8c84fa94-04c1-424b-9868-57a2d4851a1d" />
    <TestEntry testId="86fe2b56-373f-063f-5cdb-a94f011dd4ca" executionId="9a52e2b8-75de-4fab-b77a-f18b8c4064b8" testListId="8c84fa94-04c1-424b-9868-57a2d4851a1d" />
    <TestEntry testId="9492c0ce-4418-80f8-dcb0-0fcac251a06f" executionId="f59cfee8-c376-4957-84e6-c91d6ee24f13" testListId="8c84fa94-04c1-424b-9868-57a2d4851a1d" />
    <TestEntry testId="f184165c-bf14-e692-692c-733347233eef" executionId="d8104817-eaa4-4659-9136-3cfd41631a4a" testListId="8c84fa94-04c1-424b-9868-57a2d4851a1d" />
    <TestEntry testId="25d7beb0-a560-dbc8-d3bb-9012f9ad3938" executionId="a3951ceb-37f3-46dc-8baa-04d2e98da516" testListId="8c84fa94-04c1-424b-9868-57a2d4851a1d" />
    <TestEntry testId="cac4ec42-fc0d-3f5d-c317-2bb3e527bacb" executionId="ee4fdaa0-aaaf-4d20-8ba3-a8c5d64ab7b5" testListId="8c84fa94-04c1-424b-9868-57a2d4851a1d" />
    <TestEntry testId="5dc535f5-90f1-0cc4-df69-31a15f34d088" executionId="b9984e61-7d21-4bc5-98d5-670ea9df1ceb" testListId="8c84fa94-04c1-424b-9868-57a2d4851a1d" />
    <TestEntry testId="86867b78-488a-67a3-3464-8ca6d6f90649" executionId="b3414be6-f564-4fc2-9cfb-8f405ef0df13" testListId="8c84fa94-04c1-424b-9868-57a2d4851a1d" />
    <TestEntry testId="8da27838-cd55-5bd1-50d9-ba71e94942e2" executionId="56ff0e84-0cc6-4bbf-81b7-346440b11e83" testListId="8c84fa94-04c1-424b-9868-57a2d4851a1d" />
    <TestEntry testId="1fa7f75f-f26c-e1fd-caab-d2e8d803c175" executionId="e919f888-e887-48b7-a3cb-cce5336132a1" testListId="8c84fa94-04c1-424b-9868-57a2d4851a1d" />
    <TestEntry testId="81d0d541-a556-9943-40c1-c5f6435f396d" executionId="d015733d-66fe-4bd4-9d2a-b2448c31a0a7" testListId="8c84fa94-04c1-424b-9868-57a2d4851a1d" />
    <TestEntry testId="d9edbf80-64a6-8e19-7149-1390014bf8c6" executionId="bcf4f933-f3c2-42dd-8453-6294ee39a5c6" testListId="8c84fa94-04c1-424b-9868-57a2d4851a1d" />
    <TestEntry testId="14ed805e-3806-d0a9-d072-7039f5af1f4b" executionId="0a57a0d7-c54c-4d62-9e4b-c767b3d750b6" testListId="8c84fa94-04c1-424b-9868-57a2d4851a1d" />
    <TestEntry testId="a5ba3d7c-9d20-9b92-f0f2-e5aa18e9eee0" executionId="c5845393-ebbf-4fe0-afa7-39cf24389fa1" testListId="8c84fa94-04c1-424b-9868-57a2d4851a1d" />
    <TestEntry testId="7e952db4-c747-4a71-3bcd-eea59d28a244" executionId="7c9cef59-15f5-47e9-a873-2dd08ea6fecd" testListId="8c84fa94-04c1-424b-9868-57a2d4851a1d" />
    <TestEntry testId="9f990d3e-d56c-7eb6-81a2-ebbf929b48fb" executionId="22532b70-4ca3-47c2-8a4f-00bdb517cfcf" testListId="8c84fa94-04c1-424b-9868-57a2d4851a1d" />
    <TestEntry testId="06b1aa90-97eb-58a2-6bb9-e18d9d0ec32f" executionId="1491e3ae-f38b-43f8-b26e-24bc1f2195dd" testListId="8c84fa94-04c1-424b-9868-57a2d4851a1d" />
    <TestEntry testId="4bedf109-5060-9917-8aaf-b66007733e5c" executionId="2d957cc8-2d11-4cbf-9d9a-32df5be262dc" testListId="8c84fa94-04c1-424b-9868-57a2d4851a1d" />
    <TestEntry testId="460d9b24-a569-0a63-e9e7-c4bb9059f3b9" executionId="bf13e101-8c5c-4e7c-9c38-9b4016fc2d12" testListId="8c84fa94-04c1-424b-9868-57a2d4851a1d" />
    <TestEntry testId="42e6598b-9cd5-653b-3da2-3c525142a803" executionId="8245dafa-61f5-403d-94ce-72ece721d85e" testListId="8c84fa94-04c1-424b-9868-57a2d4851a1d" />
    <TestEntry testId="77e42ae1-e871-0f51-987a-6e55093f5e72" executionId="a21bb2c7-6481-4e61-8042-3d9c04df877b" testListId="8c84fa94-04c1-424b-9868-57a2d4851a1d" />
    <TestEntry testId="5bd50614-75ce-57e0-c716-32f01ed14916" executionId="2434ad59-24d3-40c4-9952-939201d0891d" testListId="8c84fa94-04c1-424b-9868-57a2d4851a1d" />
    <TestEntry testId="88acee2d-0361-65c8-86f8-7fd9f73b3ea7" executionId="99bd58bf-d9a8-4e37-ba00-553c7fc71291" testListId="8c84fa94-04c1-424b-9868-57a2d4851a1d" />
    <TestEntry testId="acc5ce31-366d-7240-1d5c-c1da4fc88dca" executionId="e0015df4-6802-4f92-ac7b-852ec0758867" testListId="8c84fa94-04c1-424b-9868-57a2d4851a1d" />
    <TestEntry testId="c54fc33d-0d41-c3fa-b20e-9175abd15c87" executionId="d04bf7b8-7533-43aa-95fc-a35d9a92a674" testListId="8c84fa94-04c1-424b-9868-57a2d4851a1d" />
  </TestEntries>
  <TestLists>
    <TestList name="Results Not in a List" id="8c84fa94-04c1-424b-9868-57a2d4851a1d" />
    <TestList name="All Loaded Results" id="19431567-8539-422a-85d7-44ee4e166bda" />
  </TestLists>
  <ResultSummary outcome="Completed">
    <Counters total="42" executed="42" passed="42" failed="0" error="0" timeout="0" aborted="0" inconclusive="0" passedButRunAborted="0" notRunnable="0" notExecuted="0" disconnected="0" warning="0" completed="0" inProgress="0" pending="0" />
    <Output>
      <StdOut>NUnit Adapter 4.4.0.0: Test execution started&#xD;
Running all tests in C:\hcrd\FORM\Test\bin\Debug\net7.0\Test.dll&#xD;
   NUnit3TestExecutor discovered 42 of 42 NUnit test cases using Current Discovery mode, Non-Explicit run&#xD;
AsyncSelect: facts: seq&#xD;
  [{ indexId = 1L&#xD;
     id = "18847345-c053-4316-8b98-cd6c61972890"&#xD;
     name = "Gerry McGuire"&#xD;
     timeStamp = "9/21/2023 10:54:56 AM"&#xD;
     specialChar = "Δ"&#xD;
     maybeSomething = "true"&#xD;
     sometimesNothing = Some 1L&#xD;
     biteSize = "!aBite"&#xD;
     subFact = None }; { indexId = 1L&#xD;
                         id = "6c5737f4-1ee7-4093-b14e-225aa761e314"&#xD;
                         name = "Gerry McGuire"&#xD;
                         timeStamp = "9/21/2023 10:54:56 AM"&#xD;
                         specialChar = "Δ"&#xD;
                         maybeSomething = "true"&#xD;
                         sometimesNothing = None&#xD;
                         biteSize = "!aBite"&#xD;
                         subFact = None };&#xD;
   { indexId = 1L&#xD;
     id = "18121561-ab3a-41e6-911a-d37da10c12ab"&#xD;
     name = "Gerry McGuire"&#xD;
     timeStamp = "9/21/2023 10:54:56 AM"&#xD;
     specialChar = "Δ"&#xD;
     maybeSomething = "true"&#xD;
     sometimesNothing = Some 1L&#xD;
     biteSize = "!aBite"&#xD;
     subFact = None }; { indexId = 1L&#xD;
                         id = "76de3096-0a4f-46ab-bc58-e2a735eddce4"&#xD;
                         name = "Gerry McGuire"&#xD;
                         timeStamp = "9/21/2023 10:54:56 AM"&#xD;
                         specialChar = "Δ"&#xD;
                         maybeSomething = "true"&#xD;
                         sometimesNothing = Some 1L&#xD;
                         biteSize = "!aBite"&#xD;
                         subFact = None }]&#xD;
Delete: facts: 0&#xD;
DeleteMany: 2&#xD;
DeleteWhere: facts: 2&#xD;
Reader: Error: Index was outside the bounds of the array.&#xD;
Select: facts: seq&#xD;
  [{ indexId = 1L&#xD;
     id = "21032412-e7a0-44b5-bff7-a4fc38c92171"&#xD;
     name = "Gerry McGuire"&#xD;
     timeStamp = "9/21/2023 10:55:06 AM"&#xD;
     specialChar = "Δ"&#xD;
     maybeSomething = "true"&#xD;
     sometimesNothing = Some 1L&#xD;
     biteSize = "!aBite"&#xD;
     subFact = None }; { indexId = 1L&#xD;
                         id = "18847345-c053-4316-8b98-cd6c61972890"&#xD;
                         name = "Gerry McGuire"&#xD;
                         timeStamp = "9/21/2023 10:55:06 AM"&#xD;
                         specialChar = "Δ"&#xD;
                         maybeSomething = "true"&#xD;
                         sometimesNothing = Some 1L&#xD;
                         biteSize = "!aBite"&#xD;
                         subFact = None };&#xD;
   { indexId = 1L&#xD;
     id = "6c5737f4-1ee7-4093-b14e-225aa761e314"&#xD;
     name = "Gerry McGuire"&#xD;
     timeStamp = "9/21/2023 10:55:06 AM"&#xD;
     specialChar = "Δ"&#xD;
     maybeSomething = "true"&#xD;
     sometimesNothing = None&#xD;
     biteSize = "!aBite"&#xD;
     subFact = None }; { indexId = 1L&#xD;
                         id = "18121561-ab3a-41e6-911a-d37da10c12ab"&#xD;
                         name = "Gerry McGuire"&#xD;
                         timeStamp = "9/21/2023 10:55:06 AM"&#xD;
                         specialChar = "Δ"&#xD;
                         maybeSomething = "true"&#xD;
                         sometimesNothing = Some 1L&#xD;
                         biteSize = "!aBite"&#xD;
                         subFact = None }; ...]&#xD;
SelectLimit: facts: seq&#xD;
  [{ indexId = 1L&#xD;
     id = "21032412-e7a0-44b5-bff7-a4fc38c92171"&#xD;
     name = "Gerry McGuire"&#xD;
     timeStamp = "9/21/2023 10:55:06 AM"&#xD;
     specialChar = "Δ"&#xD;
     maybeSomething = "true"&#xD;
     sometimesNothing = Some 1L&#xD;
     biteSize = "!aBite"&#xD;
     subFact = None }; { indexId = 1L&#xD;
                         id = "18847345-c053-4316-8b98-cd6c61972890"&#xD;
                         name = "Gerry McGuire"&#xD;
                         timeStamp = "9/21/2023 10:55:06 AM"&#xD;
                         specialChar = "Δ"&#xD;
                         maybeSomething = "true"&#xD;
                         sometimesNothing = Some 1L&#xD;
                         biteSize = "!aBite"&#xD;
                         subFact = None };&#xD;
   { indexId = 1L&#xD;
     id = "6c5737f4-1ee7-4093-b14e-225aa761e314"&#xD;
     name = "Gerry McGuire"&#xD;
     timeStamp = "9/21/2023 10:55:06 AM"&#xD;
     specialChar = "Δ"&#xD;
     maybeSomething = "true"&#xD;
     sometimesNothing = None&#xD;
     biteSize = "!aBite"&#xD;
     subFact = None }; { indexId = 1L&#xD;
                         id = "18121561-ab3a-41e6-911a-d37da10c12ab"&#xD;
                         name = "Gerry McGuire"&#xD;
                         timeStamp = "9/21/2023 10:55:06 AM"&#xD;
                         specialChar = "Δ"&#xD;
                         maybeSomething = "true"&#xD;
                         sometimesNothing = Some 1L&#xD;
                         biteSize = "!aBite"&#xD;
                         subFact = None }; ...]&#xD;
SelectWhere: facts: seq&#xD;
  [{ indexId = 1L&#xD;
     id = "21032412-e7a0-44b5-bff7-a4fc38c92171"&#xD;
     name = "Gerry McGuire"&#xD;
     timeStamp = "9/21/2023 10:55:06 AM"&#xD;
     specialChar = "Δ"&#xD;
     maybeSomething = "true"&#xD;
     sometimesNothing = Some 1L&#xD;
     biteSize = "!aBite"&#xD;
     subFact = None }; { indexId = 1L&#xD;
                         id = "18847345-c053-4316-8b98-cd6c61972890"&#xD;
                         name = "Gerry McGuire"&#xD;
                         timeStamp = "9/21/2023 10:55:06 AM"&#xD;
                         specialChar = "Δ"&#xD;
                         maybeSomething = "true"&#xD;
                         sometimesNothing = Some 1L&#xD;
                         biteSize = "!aBite"&#xD;
                         subFact = None };&#xD;
   { indexId = 1L&#xD;
     id = "6c5737f4-1ee7-4093-b14e-225aa761e314"&#xD;
     name = "Gerry McGuire"&#xD;
     timeStamp = "9/21/2023 10:55:06 AM"&#xD;
     specialChar = "Δ"&#xD;
     maybeSomething = "true"&#xD;
     sometimesNothing = None&#xD;
     biteSize = "!aBite"&#xD;
     subFact = None }; { indexId = 1L&#xD;
                         id = "18121561-ab3a-41e6-911a-d37da10c12ab"&#xD;
                         name = "Gerry McGuire"&#xD;
                         timeStamp = "9/21/2023 10:55:06 AM"&#xD;
                         specialChar = "Δ"&#xD;
                         maybeSomething = "true"&#xD;
                         sometimesNothing = Some 1L&#xD;
                         biteSize = "!aBite"&#xD;
                         subFact = None }; ...]&#xD;
TearDown: Transaction: None&#xD;
Update: facts: 1&#xD;
UpdateWhere: facts: 5&#xD;
AsyncSelect: facts: seq&#xD;
  [{ indexId = 1L&#xD;
     id = "5e6a308a-798c-4442-8a5c-b0fa53a73a9d"&#xD;
     name = "Gerry McGuire"&#xD;
     timeStamp = "9/21/2023 10:55:06 AM"&#xD;
     specialChar = "Δ"&#xD;
     maybeSomething = "true"&#xD;
     sometimesNothing = Some 1L&#xD;
     biteSize = "!aBite"&#xD;
     subFact = None }; { indexId = 1L&#xD;
                         id = "5b0734f0-139f-48aa-9ab4-f892d4446378"&#xD;
                         name = "Gerry McGuire"&#xD;
                         timeStamp = "9/21/2023 10:55:06 AM"&#xD;
                         specialChar = "Δ"&#xD;
                         maybeSomething = "true"&#xD;
                         sometimesNothing = Some 1L&#xD;
                         biteSize = "!aBite"&#xD;
                         subFact = None };&#xD;
   { indexId = 1L&#xD;
     id = "27e0b522-4b46-4686-ac03-148d3090c3f9"&#xD;
     name = "Gerry McGuire"&#xD;
     timeStamp = "9/21/2023 10:55:06 AM"&#xD;
     specialChar = "Δ"&#xD;
     maybeSomething = "true"&#xD;
     sometimesNothing = None&#xD;
     biteSize = "!aBite"&#xD;
     subFact = None }; { indexId = 1L&#xD;
                         id = "506d02bc-dd2c-4530-b2cc-bfb24186c759"&#xD;
                         name = "Gerry McGuire"&#xD;
                         timeStamp = "9/21/2023 10:55:06 AM"&#xD;
                         specialChar = "Δ"&#xD;
                         maybeSomething = "true"&#xD;
                         sometimesNothing = Some 1L&#xD;
                         biteSize = "!aBite"&#xD;
                         subFact = None }]&#xD;
Delete: facts: 0&#xD;
DeleteMany: 2&#xD;
DeleteWhere: facts: 2&#xD;
Reader: Error: Index was outside the bounds of the array.&#xD;
Select: facts: seq&#xD;
  [{ indexId = 1L&#xD;
     id = "8e2cc54f-c077-47ac-b8ba-86cff634c1e1"&#xD;
     name = "Gerry McGuire"&#xD;
     timeStamp = "9/21/2023 10:55:26 AM"&#xD;
     specialChar = "Δ"&#xD;
     maybeSomething = "true"&#xD;
     sometimesNothing = Some 1L&#xD;
     biteSize = "!aBite"&#xD;
     subFact = None }; { indexId = 1L&#xD;
                         id = "5b0734f0-139f-48aa-9ab4-f892d4446378"&#xD;
                         name = "Gerry McGuire"&#xD;
                         timeStamp = "9/21/2023 10:55:26 AM"&#xD;
                         specialChar = "Δ"&#xD;
                         maybeSomething = "true"&#xD;
                         sometimesNothing = Some 1L&#xD;
                         biteSize = "!aBite"&#xD;
                         subFact = None };&#xD;
   { indexId = 1L&#xD;
     id = "27e0b522-4b46-4686-ac03-148d3090c3f9"&#xD;
     name = "Gerry McGuire"&#xD;
     timeStamp = "9/21/2023 10:55:26 AM"&#xD;
     specialChar = "Δ"&#xD;
     maybeSomething = "true"&#xD;
     sometimesNothing = None&#xD;
     biteSize = "!aBite"&#xD;
     subFact = None }; { indexId = 1L&#xD;
                         id = "506d02bc-dd2c-4530-b2cc-bfb24186c759"&#xD;
                         name = "Gerry McGuire"&#xD;
                         timeStamp = "9/21/2023 10:55:26 AM"&#xD;
                         specialChar = "Δ"&#xD;
                         maybeSomething = "true"&#xD;
                         sometimesNothing = Some 1L&#xD;
                         biteSize = "!aBite"&#xD;
                         subFact = None }; ...]&#xD;
SelectLimit: facts: seq&#xD;
  [{ indexId = 1L&#xD;
     id = "fec49fa1-1b67-4386-921d-7479c8393768"&#xD;
     name = "Gerry McGuire"&#xD;
     timeStamp = "9/21/2023 10:55:26 AM"&#xD;
     specialChar = "Δ"&#xD;
     maybeSomething = "true"&#xD;
     sometimesNothing = Some 1L&#xD;
     biteSize = "!aBite"&#xD;
     subFact = None }; { indexId = 1L&#xD;
                         id = "506d02bc-dd2c-4530-b2cc-bfb24186c759"&#xD;
                         name = "Gerry McGuire"&#xD;
                         timeStamp = "9/21/2023 10:55:26 AM"&#xD;
                         specialChar = "Δ"&#xD;
                         maybeSomething = "true"&#xD;
                         sometimesNothing = Some 1L&#xD;
                         biteSize = "!aBite"&#xD;
                         subFact = None };&#xD;
   { indexId = 1L&#xD;
     id = "27e0b522-4b46-4686-ac03-148d3090c3f9"&#xD;
     name = "Gerry McGuire"&#xD;
     timeStamp = "9/21/2023 10:55:26 AM"&#xD;
     specialChar = "Δ"&#xD;
     maybeSomething = "true"&#xD;
     sometimesNothing = None&#xD;
     biteSize = "!aBite"&#xD;
     subFact = None }; { indexId = 1L&#xD;
                         id = "5b0734f0-139f-48aa-9ab4-f892d4446378"&#xD;
                         name = "Gerry McGuire"&#xD;
                         timeStamp = "9/21/2023 10:55:26 AM"&#xD;
                         specialChar = "Δ"&#xD;
                         maybeSomething = "true"&#xD;
                         sometimesNothing = Some 1L&#xD;
                         biteSize = "!aBite"&#xD;
                         subFact = None }; ...]&#xD;
SelectWhere: facts: seq&#xD;
  [{ indexId = 1L&#xD;
     id = "8e2cc54f-c077-47ac-b8ba-86cff634c1e1"&#xD;
     name = "Gerry McGuire"&#xD;
     timeStamp = "9/21/2023 10:55:26 AM"&#xD;
     specialChar = "Δ"&#xD;
     maybeSomething = "true"&#xD;
     sometimesNothing = Some 1L&#xD;
     biteSize = "!aBite"&#xD;
     subFact = None }; { indexId = 1L&#xD;
                         id = "5b0734f0-139f-48aa-9ab4-f892d4446378"&#xD;
                         name = "Gerry McGuire"&#xD;
                         timeStamp = "9/21/2023 10:55:26 AM"&#xD;
                         specialChar = "Δ"&#xD;
                         maybeSomething = "true"&#xD;
                         sometimesNothing = Some 1L&#xD;
                         biteSize = "!aBite"&#xD;
                         subFact = None };&#xD;
   { indexId = 1L&#xD;
     id = "27e0b522-4b46-4686-ac03-148d3090c3f9"&#xD;
     name = "Gerry McGuire"&#xD;
     timeStamp = "9/21/2023 10:55:26 AM"&#xD;
     specialChar = "Δ"&#xD;
     maybeSomething = "true"&#xD;
     sometimesNothing = None&#xD;
     biteSize = "!aBite"&#xD;
     subFact = None }; { indexId = 1L&#xD;
                         id = "506d02bc-dd2c-4530-b2cc-bfb24186c759"&#xD;
                         name = "Gerry McGuire"&#xD;
                         timeStamp = "9/21/2023 10:55:26 AM"&#xD;
                         specialChar = "Δ"&#xD;
                         maybeSomething = "true"&#xD;
                         sometimesNothing = Some 1L&#xD;
                         biteSize = "!aBite"&#xD;
                         subFact = None }; ...]&#xD;
TearDown: Transaction: None&#xD;
Update: facts: 1&#xD;
UpdateWhere: facts: 5&#xD;
InsertUpdateSelect: You remembered the facts: { indexId = 1L&#xD;
  id = "5a79ee37-f877-450b-8679-70f42a81da69"&#xD;
  name = "Gerry McGuire"&#xD;
  timeStamp = "9/21/2023 10:55:27 AM"&#xD;
  specialChar = "Δ"&#xD;
  maybeSomething = "true"&#xD;
  sometimesNothing = Some 1L&#xD;
  biteSize = "!aBite"&#xD;
  subFact = Some "sooper dooper secret fact" } - { indexId = 1L&#xD;
  id = "5a79ee37-f877-450b-8679-70f42a81da69"&#xD;
  name = "All Facts, All the Time"&#xD;
  timeStamp = "9/21/2023 10:55:27 AM"&#xD;
  specialChar = "Δ"&#xD;
  maybeSomething = "true"&#xD;
  sometimesNothing = Some 1L&#xD;
  biteSize = "!aBite"&#xD;
  subFact = None } | Error: No connection associated with this command&#xD;
ReaderWithTransaction: Error: No connection associated with this command&#xD;
InsertUpdateSelect: You remembered the facts: { indexId = 1L&#xD;
  id = "2a22c308-7281-4b4e-8622-aef6edb446e1"&#xD;
  name = "Gerry McGuire"&#xD;
  timeStamp = "9/21/2023 10:55:27 AM"&#xD;
  specialChar = "Δ"&#xD;
  maybeSomething = "true"&#xD;
  sometimesNothing = Some 1L&#xD;
  biteSize = "!aBite"&#xD;
  subFact = Some "sooper dooper secret fact" } - { indexId = 1L&#xD;
  id = "2a22c308-7281-4b4e-8622-aef6edb446e1"&#xD;
  name = "All Facts, All the Time"&#xD;
  timeStamp = "9/21/2023 10:55:27 AM"&#xD;
  specialChar = "Δ"&#xD;
  maybeSomething = "true"&#xD;
  sometimesNothing = Some 1L&#xD;
  biteSize = "!aBite"&#xD;
  subFact = None } | seq [{ indexId = 1L&#xD;
       id = "2a22c308-7281-4b4e-8622-aef6edb446e1"&#xD;
       name = "All Facts, All the Time"&#xD;
       timeStamp = "9/21/2023 10:55:27 AM"&#xD;
       specialChar = "Δ"&#xD;
       maybeSomething = "true"&#xD;
       sometimesNothing = Some 1L&#xD;
       biteSize = "!aBite"&#xD;
       subFact = None }]&#xD;
ReaderWithTransaction: Error: Index was outside the bounds of the array.&#xD;
NUnit Adapter 4.4.0.0: Test execution complete&#xD;
</StdOut>
    </Output>
    <RunInfos>
      <RunInfo computerName="THE-BIG-RIG" outcome="Warning" timestamp="2023-09-21T10:55:06.1865961-04:00">
        <Text>Query being generated:&#xD;
&#xD;
insert into "Fact" ( "indexId", "id", "sqliteName", "timeStamp", "specialChar", "maybeSomething", "sometimesNothing", "biteSize" ) values ( @indexId, @id, @name, @timeStamp, @specialChar, @maybeSomething, @sometimesNothing, @biteSize )&#xD;
&#xD;
&#xD;
&#xD;
</Text>
      </RunInfo>
      <RunInfo computerName="THE-BIG-RIG" outcome="Warning" timestamp="2023-09-21T10:55:06.2032887-04:00">
        <Text>Asynchronously Selecting All...&#xD;
Query being generated:&#xD;
&#xD;
select "Fact"."indexId", "Fact"."id", "Fact"."sqliteName", "Fact"."timeStamp", "Fact"."specialChar", "Fact"."maybeSomething", "Fact"."sometimesNothing", "Fact"."biteSize", "SubFact"."subFact" from "Fact" left join "SubFact" on "SubFact"."factId" = "Fact"."indexId"&#xD;
&#xD;
&#xD;
&#xD;
{ indexId = 1L&#xD;
  id = "18847345-c053-4316-8b98-cd6c61972890"&#xD;
  name = "Gerry McGuire"&#xD;
  timeStamp = "9/21/2023 10:54:56 AM"&#xD;
  specialChar = "Δ"&#xD;
  maybeSomething = "true"&#xD;
  sometimesNothing = Some 1L&#xD;
  biteSize = "!aBite"&#xD;
  subFact = None }&#xD;
{ indexId = 1L&#xD;
  id = "6c5737f4-1ee7-4093-b14e-225aa761e314"&#xD;
  name = "Gerry McGuire"&#xD;
  timeStamp = "9/21/2023 10:54:56 AM"&#xD;
  specialChar = "Δ"&#xD;
  maybeSomething = "true"&#xD;
  sometimesNothing = None&#xD;
  biteSize = "!aBite"&#xD;
  subFact = None }&#xD;
{ indexId = 1L&#xD;
  id = "18121561-ab3a-41e6-911a-d37da10c12ab"&#xD;
  name = "Gerry McGuire"&#xD;
  timeStamp = "9/21/2023 10:54:56 AM"&#xD;
  specialChar = "Δ"&#xD;
  maybeSomething = "true"&#xD;
  sometimesNothing = Some 1L&#xD;
  biteSize = "!aBite"&#xD;
  subFact = None }&#xD;
{ indexId = 1L&#xD;
  id = "76de3096-0a4f-46ab-bc58-e2a735eddce4"&#xD;
  name = "Gerry McGuire"&#xD;
  timeStamp = "9/21/2023 10:54:56 AM"&#xD;
  specialChar = "Δ"&#xD;
  maybeSomething = "true"&#xD;
  sometimesNothing = Some 1L&#xD;
  biteSize = "!aBite"&#xD;
  subFact = None }&#xD;
Query being generated:&#xD;
&#xD;
select "Fact"."indexId", "Fact"."id", "Fact"."sqliteName", "Fact"."timeStamp", "Fact"."specialChar", "Fact"."maybeSomething", "Fact"."sometimesNothing", "Fact"."biteSize", "SubFact"."subFact" from "Fact" left join "SubFact" on "SubFact"."factId" = "Fact"."indexId"&#xD;
&#xD;
&#xD;
&#xD;
</Text>
      </RunInfo>
      <RunInfo computerName="THE-BIG-RIG" outcome="Warning" timestamp="2023-09-21T10:55:06.2053751-04:00">
        <Text>Contest: "Data Source=./test.db;"&#xD;
&#xD;
&#xD;
&#xD;
&#xD;
&#xD;
</Text>
      </RunInfo>
      <RunInfo computerName="THE-BIG-RIG" outcome="Warning" timestamp="2023-09-21T10:55:06.2078661-04:00">
        <Text>Deleting...&#xD;
Query being generated:&#xD;
&#xD;
delete from "Fact" where "Fact"."id" = @id&#xD;
&#xD;
&#xD;
&#xD;
</Text>
      </RunInfo>
      <RunInfo computerName="THE-BIG-RIG" outcome="Warning" timestamp="2023-09-21T10:55:06.2148976-04:00">
        <Text>Deleting Many...&#xD;
Query being generated:&#xD;
&#xD;
delete from "Fact" where "Fact"."id" = @id&#xD;
&#xD;
&#xD;
&#xD;
</Text>
      </RunInfo>
      <RunInfo computerName="THE-BIG-RIG" outcome="Warning" timestamp="2023-09-21T10:55:06.2208333-04:00">
        <Text>Deleting Where...&#xD;
Query being generated:&#xD;
&#xD;
delete from "Fact" where "indexId" = 1&#xD;
&#xD;
&#xD;
&#xD;
</Text>
      </RunInfo>
      <RunInfo computerName="THE-BIG-RIG" outcome="Warning" timestamp="2023-09-21T10:55:06.2297871-04:00">
        <Text>Query being generated:&#xD;
&#xD;
insert into "Fact" ( "indexId", "id", "sqliteName", "timeStamp", "specialChar", "maybeSomething", "sometimesNothing", "biteSize" ) values ( @indexId, @id, @name, @timeStamp, @specialChar, @maybeSomething, @sometimesNothing, @biteSize )&#xD;
&#xD;
&#xD;
&#xD;
Param count: 8&#xD;
Param 0 - "@indexId": 1L&#xD;
Param 1 - "@id": "21032412-e7a0-44b5-bff7-a4fc38c92171"&#xD;
Param 2 - "@name": "Gerry McGuire"&#xD;
Param 3 - "@timeStamp": "9/21/2023 10:55:06 AM"&#xD;
Param 4 - "@specialChar": "Δ"&#xD;
Param 5 - "@maybeSomething": "true"&#xD;
Param 6 - "@sometimesNothing": 1L&#xD;
Param 7 - "@biteSize": "!aBite"&#xD;
</Text>
      </RunInfo>
      <RunInfo computerName="THE-BIG-RIG" outcome="Warning" timestamp="2023-09-21T10:55:06.2360234-04:00">
        <Text>Query being generated:&#xD;
&#xD;
insert into "Fact" ( "indexId", "id", "sqliteName", "timeStamp", "specialChar", "maybeSomething", "sometimesNothing", "biteSize" ) values ( @indexId, @id, @name, @timeStamp, @specialChar, @maybeSomething, @sometimesNothing, @biteSize )&#xD;
&#xD;
&#xD;
&#xD;
</Text>
      </RunInfo>
      <RunInfo computerName="THE-BIG-RIG" outcome="Warning" timestamp="2023-09-21T10:55:06.2375582-04:00">
        <Text>""Fact"."indexId", "Fact"."id", "Fact"."sqliteName", "Fact"."timeStamp", "Fact"."specialChar", "Fact"."maybeSomething", "Fact"."sometimesNothing", "Fact"."biteSize", "SubFact"."subFact" from "Fact" left join "SubFact" on "SubFact"."factId" = "Fact"."indexId""&#xD;
</Text>
      </RunInfo>
      <RunInfo computerName="THE-BIG-RIG" outcome="Warning" timestamp="2023-09-21T10:55:06.2437788-04:00">
        <Text>Reading...&#xD;
Query being generated:&#xD;
&#xD;
select * from "Fact"&#xD;
&#xD;
&#xD;
&#xD;
</Text>
      </RunInfo>
      <RunInfo computerName="THE-BIG-RIG" outcome="Warning" timestamp="2023-09-21T10:55:06.2505033-04:00">
        <Text>Selecting All...&#xD;
Query being generated:&#xD;
&#xD;
select "Fact"."indexId", "Fact"."id", "Fact"."sqliteName", "Fact"."timeStamp", "Fact"."specialChar", "Fact"."maybeSomething", "Fact"."sometimesNothing", "Fact"."biteSize", "SubFact"."subFact" from "Fact" left join "SubFact" on "SubFact"."factId" = "Fact"."indexId"&#xD;
&#xD;
&#xD;
&#xD;
{ indexId = 1L&#xD;
  id = "21032412-e7a0-44b5-bff7-a4fc38c92171"&#xD;
  name = "Gerry McGuire"&#xD;
  timeStamp = "9/21/2023 10:55:06 AM"&#xD;
  specialChar = "Δ"&#xD;
  maybeSomething = "true"&#xD;
  sometimesNothing = Some 1L&#xD;
  biteSize = "!aBite"&#xD;
  subFact = None }&#xD;
{ indexId = 1L&#xD;
  id = "18847345-c053-4316-8b98-cd6c61972890"&#xD;
  name = "Gerry McGuire"&#xD;
  timeStamp = "9/21/2023 10:55:06 AM"&#xD;
  specialChar = "Δ"&#xD;
  maybeSomething = "true"&#xD;
  sometimesNothing = Some 1L&#xD;
  biteSize = "!aBite"&#xD;
  subFact = None }&#xD;
{ indexId = 1L&#xD;
  id = "6c5737f4-1ee7-4093-b14e-225aa761e314"&#xD;
  name = "Gerry McGuire"&#xD;
  timeStamp = "9/21/2023 10:55:06 AM"&#xD;
  specialChar = "Δ"&#xD;
  maybeSomething = "true"&#xD;
  sometimesNothing = None&#xD;
  biteSize = "!aBite"&#xD;
  subFact = None }&#xD;
{ indexId = 1L&#xD;
  id = "18121561-ab3a-41e6-911a-d37da10c12ab"&#xD;
  name = "Gerry McGuire"&#xD;
  timeStamp = "9/21/2023 10:55:06 AM"&#xD;
  specialChar = "Δ"&#xD;
  maybeSomething = "true"&#xD;
  sometimesNothing = Some 1L&#xD;
  biteSize = "!aBite"&#xD;
  subFact = None }&#xD;
{ indexId = 1L&#xD;
  id = "2c177377-0440-4bcf-bb23-8c9e04806f03"&#xD;
  name = "Gerry McGuire"&#xD;
  timeStamp = "9/21/2023 10:55:06 AM"&#xD;
  specialChar = "Δ"&#xD;
  maybeSomething = "true"&#xD;
  sometimesNothing = Some 1L&#xD;
  biteSize = "!aBite"&#xD;
  subFact = None }&#xD;
Query being generated:&#xD;
&#xD;
select "Fact"."indexId", "Fact"."id", "Fact"."sqliteName", "Fact"."timeStamp", "Fact"."specialChar", "Fact"."maybeSomething", "Fact"."sometimesNothing", "Fact"."biteSize", "SubFact"."subFact" from "Fact" left join "SubFact" on "SubFact"."factId" = "Fact"."indexId"&#xD;
&#xD;
&#xD;
&#xD;
</Text>
      </RunInfo>
      <RunInfo computerName="THE-BIG-RIG" outcome="Warning" timestamp="2023-09-21T10:55:06.2564453-04:00">
        <Text>Selecting All...&#xD;
Query being generated:&#xD;
&#xD;
select "Fact"."indexId", "Fact"."id", "Fact"."sqliteName", "Fact"."timeStamp", "Fact"."specialChar", "Fact"."maybeSomething", "Fact"."sometimesNothing", "Fact"."biteSize", "SubFact"."subFact" from "Fact" left join "SubFact" on "SubFact"."factId" = "Fact"."indexId" limit 5&#xD;
&#xD;
&#xD;
&#xD;
{ indexId = 1L&#xD;
  id = "21032412-e7a0-44b5-bff7-a4fc38c92171"&#xD;
  name = "Gerry McGuire"&#xD;
  timeStamp = "9/21/2023 10:55:06 AM"&#xD;
  specialChar = "Δ"&#xD;
  maybeSomething = "true"&#xD;
  sometimesNothing = Some 1L&#xD;
  biteSize = "!aBite"&#xD;
  subFact = None }&#xD;
{ indexId = 1L&#xD;
  id = "18847345-c053-4316-8b98-cd6c61972890"&#xD;
  name = "Gerry McGuire"&#xD;
  timeStamp = "9/21/2023 10:55:06 AM"&#xD;
  specialChar = "Δ"&#xD;
  maybeSomething = "true"&#xD;
  sometimesNothing = Some 1L&#xD;
  biteSize = "!aBite"&#xD;
  subFact = None }&#xD;
{ indexId = 1L&#xD;
  id = "6c5737f4-1ee7-4093-b14e-225aa761e314"&#xD;
  name = "Gerry McGuire"&#xD;
  timeStamp = "9/21/2023 10:55:06 AM"&#xD;
  specialChar = "Δ"&#xD;
  maybeSomething = "true"&#xD;
  sometimesNothing = None&#xD;
  biteSize = "!aBite"&#xD;
  subFact = None }&#xD;
{ indexId = 1L&#xD;
  id = "18121561-ab3a-41e6-911a-d37da10c12ab"&#xD;
  name = "Gerry McGuire"&#xD;
  timeStamp = "9/21/2023 10:55:06 AM"&#xD;
  specialChar = "Δ"&#xD;
  maybeSomething = "true"&#xD;
  sometimesNothing = Some 1L&#xD;
  biteSize = "!aBite"&#xD;
  subFact = None }&#xD;
{ indexId = 1L&#xD;
  id = "2c177377-0440-4bcf-bb23-8c9e04806f03"&#xD;
  name = "Gerry McGuire"&#xD;
  timeStamp = "9/21/2023 10:55:06 AM"&#xD;
  specialChar = "Δ"&#xD;
  maybeSomething = "true"&#xD;
  sometimesNothing = Some 1L&#xD;
  biteSize = "!aBite"&#xD;
  subFact = None }&#xD;
Query being generated:&#xD;
&#xD;
select "Fact"."indexId", "Fact"."id", "Fact"."sqliteName", "Fact"."timeStamp", "Fact"."specialChar", "Fact"."maybeSomething", "Fact"."sometimesNothing", "Fact"."biteSize", "SubFact"."subFact" from "Fact" left join "SubFact" on "SubFact"."factId" = "Fact"."indexId" limit 5&#xD;
&#xD;
&#xD;
&#xD;
</Text>
      </RunInfo>
      <RunInfo computerName="THE-BIG-RIG" outcome="Warning" timestamp="2023-09-21T10:55:06.2610784-04:00">
        <Text>Selecting Where...&#xD;
Query being generated:&#xD;
&#xD;
select "Fact"."indexId", "Fact"."id", "Fact"."sqliteName", "Fact"."timeStamp", "Fact"."specialChar", "Fact"."maybeSomething", "Fact"."sometimesNothing", "Fact"."biteSize", "SubFact"."subFact" from "Fact" left join "SubFact" on "SubFact"."factId" = "Fact"."indexId" where "maybeSomething" = 'true'&#xD;
&#xD;
&#xD;
&#xD;
</Text>
      </RunInfo>
      <RunInfo computerName="THE-BIG-RIG" outcome="Warning" timestamp="2023-09-21T10:55:06.2796360-04:00">
        <Text>Updating...&#xD;
columns to update: [|{ Index = 0&#xD;
    IsKey = false&#xD;
    IsIndex = true&#xD;
    JoinOn = Some ("SubFact", "factId")&#xD;
    Source = ""Fact""&#xD;
    QuotedSource = ""Fact""&#xD;
    SqlName = "indexId"&#xD;
    QuotedSqlName = ""indexId""&#xD;
    FSharpName = "indexId"&#xD;
    Type = System.Int64&#xD;
    PropertyInfo = Int64 indexId }; { Index = 2&#xD;
                                      IsKey = false&#xD;
                                      IsIndex = false&#xD;
                                      JoinOn = None&#xD;
                                      Source = ""Fact""&#xD;
                                      QuotedSource = ""Fact""&#xD;
                                      SqlName = "sqliteName"&#xD;
                                      QuotedSqlName = ""sqliteName""&#xD;
                                      FSharpName = "name"&#xD;
                                      Type = System.String&#xD;
                                      PropertyInfo = System.String name };&#xD;
  { Index = 3&#xD;
    IsKey = false&#xD;
    IsIndex = false&#xD;
    JoinOn = None&#xD;
    Source = ""Fact""&#xD;
    QuotedSource = ""Fact""&#xD;
    SqlName = "timeStamp"&#xD;
    QuotedSqlName = ""timeStamp""&#xD;
    FSharpName = "timeStamp"&#xD;
    Type = System.String&#xD;
    PropertyInfo = System.String timeStamp };&#xD;
  { Index = 4&#xD;
    IsKey = false&#xD;
    IsIndex = false&#xD;
    JoinOn = None&#xD;
    Source = ""Fact""&#xD;
    QuotedSource = ""Fact""&#xD;
    SqlName = "specialChar"&#xD;
    QuotedSqlName = ""specialChar""&#xD;
    FSharpName = "specialChar"&#xD;
    Type = System.String&#xD;
    PropertyInfo = System.String specialChar };&#xD;
  { Index = 5&#xD;
    IsKey = false&#xD;
    IsIndex = false&#xD;
    JoinOn = None&#xD;
    Source = ""Fact""&#xD;
    QuotedSource = ""Fact""&#xD;
    SqlName = "maybeSomething"&#xD;
    QuotedSqlName = ""maybeSomething""&#xD;
    FSharpName = "maybeSomething"&#xD;
    Type = System.String&#xD;
    PropertyInfo = System.String maybeSomething };&#xD;
  { Index = 6&#xD;
    IsKey = false&#xD;
    IsIndex = false&#xD;
    JoinOn = None&#xD;
    Source = ""Fact""&#xD;
    QuotedSource = ""Fact""&#xD;
    SqlName = "sometimesNothing"&#xD;
    QuotedSqlName = ""sometimesNothing""&#xD;
    FSharpName = "sometimesNothing"&#xD;
    Type = Microsoft.FSharp.Core.FSharpOption`1[System.Int64]&#xD;
    PropertyInfo =&#xD;
     Microsoft.FSharp.Core.FSharpOption`1[System.Int64] sometimesNothing };&#xD;
  { Index = 7&#xD;
    IsKey = false&#xD;
    IsIndex = false&#xD;
    JoinOn = None&#xD;
    Source = ""Fact""&#xD;
    QuotedSource = ""Fact""&#xD;
    SqlName = "biteSize"&#xD;
    QuotedSqlName = ""biteSize""&#xD;
    FSharpName = "biteSize"&#xD;
    Type = System.String&#xD;
    PropertyInfo = System.String biteSize }|]&#xD;
Query being generated:&#xD;
&#xD;
update "Fact" set "indexId" = @indexId, "sqliteName" = @name, "timeStamp" = @timeStamp, "specialChar" = @specialChar, "maybeSomething" = @maybeSomething, "sometimesNothing" = @sometimesNothing, "biteSize" = @biteSize where "Fact"."id" = @id&#xD;
&#xD;
&#xD;
&#xD;
</Text>
      </RunInfo>
      <RunInfo computerName="THE-BIG-RIG" outcome="Warning" timestamp="2023-09-21T10:55:06.3028993-04:00">
        <Text>Updating many...&#xD;
columns to update: [|{ Index = 0&#xD;
    IsKey = false&#xD;
    IsIndex = true&#xD;
    JoinOn = Some ("SubFact", "factId")&#xD;
    Source = ""Fact""&#xD;
    QuotedSource = ""Fact""&#xD;
    SqlName = "indexId"&#xD;
    QuotedSqlName = ""indexId""&#xD;
    FSharpName = "indexId"&#xD;
    Type = System.Int64&#xD;
    PropertyInfo = Int64 indexId }; { Index = 2&#xD;
                                      IsKey = false&#xD;
                                      IsIndex = false&#xD;
                                      JoinOn = None&#xD;
                                      Source = ""Fact""&#xD;
                                      QuotedSource = ""Fact""&#xD;
                                      SqlName = "sqliteName"&#xD;
                                      QuotedSqlName = ""sqliteName""&#xD;
                                      FSharpName = "name"&#xD;
                                      Type = System.String&#xD;
                                      PropertyInfo = System.String name };&#xD;
  { Index = 3&#xD;
    IsKey = false&#xD;
    IsIndex = false&#xD;
    JoinOn = None&#xD;
    Source = ""Fact""&#xD;
    QuotedSource = ""Fact""&#xD;
    SqlName = "timeStamp"&#xD;
    QuotedSqlName = ""timeStamp""&#xD;
    FSharpName = "timeStamp"&#xD;
    Type = System.String&#xD;
    PropertyInfo = System.String timeStamp };&#xD;
  { Index = 4&#xD;
    IsKey = false&#xD;
    IsIndex = false&#xD;
    JoinOn = None&#xD;
    Source = ""Fact""&#xD;
    QuotedSource = ""Fact""&#xD;
    SqlName = "specialChar"&#xD;
    QuotedSqlName = ""specialChar""&#xD;
    FSharpName = "specialChar"&#xD;
    Type = System.String&#xD;
    PropertyInfo = System.String specialChar };&#xD;
  { Index = 5&#xD;
    IsKey = false&#xD;
    IsIndex = false&#xD;
    JoinOn = None&#xD;
    Source = ""Fact""&#xD;
    QuotedSource = ""Fact""&#xD;
    SqlName = "maybeSomething"&#xD;
    QuotedSqlName = ""maybeSomething""&#xD;
    FSharpName = "maybeSomething"&#xD;
    Type = System.String&#xD;
    PropertyInfo = System.String maybeSomething };&#xD;
  { Index = 6&#xD;
    IsKey = false&#xD;
    IsIndex = false&#xD;
    JoinOn = None&#xD;
    Source = ""Fact""&#xD;
    QuotedSource = ""Fact""&#xD;
    SqlName = "sometimesNothing"&#xD;
    QuotedSqlName = ""sometimesNothing""&#xD;
    FSharpName = "sometimesNothing"&#xD;
    Type = Microsoft.FSharp.Core.FSharpOption`1[System.Int64]&#xD;
    PropertyInfo =&#xD;
     Microsoft.FSharp.Core.FSharpOption`1[System.Int64] sometimesNothing };&#xD;
  { Index = 7&#xD;
    IsKey = false&#xD;
    IsIndex = false&#xD;
    JoinOn = None&#xD;
    Source = ""Fact""&#xD;
    QuotedSource = ""Fact""&#xD;
    SqlName = "biteSize"&#xD;
    QuotedSqlName = ""biteSize""&#xD;
    FSharpName = "biteSize"&#xD;
    Type = System.String&#xD;
    PropertyInfo = System.String biteSize }|]&#xD;
Query being generated:&#xD;
&#xD;
update "Fact" set "indexId" = @indexId, "sqliteName" = @name, "timeStamp" = @timeStamp, "specialChar" = @specialChar, "maybeSomething" = @maybeSomething, "sometimesNothing" = @sometimesNothing, "biteSize" = @biteSize where "Fact"."id" = @id&#xD;
&#xD;
&#xD;
&#xD;
Ok 2Query being generated:&#xD;
&#xD;
select "Fact"."indexId", "Fact"."id", "Fact"."sqliteName", "Fact"."timeStamp", "Fact"."specialChar", "Fact"."maybeSomething", "Fact"."sometimesNothing", "Fact"."biteSize", "SubFact"."subFact" from "Fact" left join "SubFact" on "SubFact"."factId" = "Fact"."indexId" where id = '18121561-ab3a-41e6-911a-d37da10c12ab'&#xD;
&#xD;
&#xD;
&#xD;
Query being generated:&#xD;
&#xD;
select "Fact"."indexId", "Fact"."id", "Fact"."sqliteName", "Fact"."timeStamp", "Fact"."specialChar", "Fact"."maybeSomething", "Fact"."sometimesNothing", "Fact"."biteSize", "SubFact"."subFact" from "Fact" left join "SubFact" on "SubFact"."factId" = "Fact"."indexId" where id = '6c5737f4-1ee7-4093-b14e-225aa761e314'&#xD;
&#xD;
&#xD;
&#xD;
</Text>
      </RunInfo>
      <RunInfo computerName="THE-BIG-RIG" outcome="Warning" timestamp="2023-09-21T10:55:06.3090990-04:00">
        <Text>Updating...&#xD;
columns to update: [|{ Index = 0&#xD;
    IsKey = false&#xD;
    IsIndex = true&#xD;
    JoinOn = Some ("SubFact", "factId")&#xD;
    Source = ""Fact""&#xD;
    QuotedSource = ""Fact""&#xD;
    SqlName = "indexId"&#xD;
    QuotedSqlName = ""indexId""&#xD;
    FSharpName = "indexId"&#xD;
    Type = System.Int64&#xD;
    PropertyInfo = Int64 indexId }; { Index = 2&#xD;
                                      IsKey = false&#xD;
                                      IsIndex = false&#xD;
                                      JoinOn = None&#xD;
                                      Source = ""Fact""&#xD;
                                      QuotedSource = ""Fact""&#xD;
                                      SqlName = "sqliteName"&#xD;
                                      QuotedSqlName = ""sqliteName""&#xD;
                                      FSharpName = "name"&#xD;
                                      Type = System.String&#xD;
                                      PropertyInfo = System.String name };&#xD;
  { Index = 3&#xD;
    IsKey = false&#xD;
    IsIndex = false&#xD;
    JoinOn = None&#xD;
    Source = ""Fact""&#xD;
    QuotedSource = ""Fact""&#xD;
    SqlName = "timeStamp"&#xD;
    QuotedSqlName = ""timeStamp""&#xD;
    FSharpName = "timeStamp"&#xD;
    Type = System.String&#xD;
    PropertyInfo = System.String timeStamp };&#xD;
  { Index = 4&#xD;
    IsKey = false&#xD;
    IsIndex = false&#xD;
    JoinOn = None&#xD;
    Source = ""Fact""&#xD;
    QuotedSource = ""Fact""&#xD;
    SqlName = "specialChar"&#xD;
    QuotedSqlName = ""specialChar""&#xD;
    FSharpName = "specialChar"&#xD;
    Type = System.String&#xD;
    PropertyInfo = System.String specialChar };&#xD;
  { Index = 5&#xD;
    IsKey = false&#xD;
    IsIndex = false&#xD;
    JoinOn = None&#xD;
    Source = ""Fact""&#xD;
    QuotedSource = ""Fact""&#xD;
    SqlName = "maybeSomething"&#xD;
    QuotedSqlName = ""maybeSomething""&#xD;
    FSharpName = "maybeSomething"&#xD;
    Type = System.String&#xD;
    PropertyInfo = System.String maybeSomething };&#xD;
  { Index = 6&#xD;
    IsKey = false&#xD;
    IsIndex = false&#xD;
    JoinOn = None&#xD;
    Source = ""Fact""&#xD;
    QuotedSource = ""Fact""&#xD;
    SqlName = "sometimesNothing"&#xD;
    QuotedSqlName = ""sometimesNothing""&#xD;
    FSharpName = "sometimesNothing"&#xD;
    Type = Microsoft.FSharp.Core.FSharpOption`1[System.Int64]&#xD;
    PropertyInfo =&#xD;
     Microsoft.FSharp.Core.FSharpOption`1[System.Int64] sometimesNothing };&#xD;
  { Index = 7&#xD;
    IsKey = false&#xD;
    IsIndex = false&#xD;
    JoinOn = None&#xD;
    Source = ""Fact""&#xD;
    QuotedSource = ""Fact""&#xD;
    SqlName = "biteSize"&#xD;
    QuotedSqlName = ""biteSize""&#xD;
    FSharpName = "biteSize"&#xD;
    Type = System.String&#xD;
    PropertyInfo = System.String biteSize }|]&#xD;
Query being generated:&#xD;
&#xD;
update "Fact" set "indexId" = @indexId, "sqliteName" = @name, "timeStamp" = @timeStamp, "specialChar" = @specialChar, "maybeSomething" = @maybeSomething, "sometimesNothing" = @sometimesNothing, "biteSize" = @biteSize where "indexId" = 1&#xD;
&#xD;
&#xD;
&#xD;
</Text>
      </RunInfo>
      <RunInfo computerName="THE-BIG-RIG" outcome="Warning" timestamp="2023-09-21T10:55:16.7726176-04:00">
        <Text>Query being generated:&#xD;
&#xD;
insert into "Fact" ( "indexId", "id", "psqlName", "timeStamp", "specialChar", "maybeSomething", "sometimesNothing", "biteSize" ) values ( @indexId, @id, @name, @timeStamp, @specialChar, @maybeSomething, @sometimesNothing, @biteSize )&#xD;
&#xD;
&#xD;
&#xD;
</Text>
      </RunInfo>
      <RunInfo computerName="THE-BIG-RIG" outcome="Warning" timestamp="2023-09-21T10:55:26.8139341-04:00">
        <Text>Asynchronously Selecting All...&#xD;
Query being generated:&#xD;
&#xD;
select "Fact"."indexId", "Fact"."id", "Fact"."psqlName", "Fact"."timeStamp", "Fact"."specialChar", "Fact"."maybeSomething", "Fact"."sometimesNothing", "Fact"."biteSize", "SubFact"."subFact" from "Fact" left join "SubFact" on "SubFact"."factId" = "Fact"."indexId"&#xD;
&#xD;
&#xD;
&#xD;
{ indexId = 1L&#xD;
  id = "5e6a308a-798c-4442-8a5c-b0fa53a73a9d"&#xD;
  name = "Gerry McGuire"&#xD;
  timeStamp = "9/21/2023 10:55:06 AM"&#xD;
  specialChar = "Δ"&#xD;
  maybeSomething = "true"&#xD;
  sometimesNothing = Some 1L&#xD;
  biteSize = "!aBite"&#xD;
  subFact = None }&#xD;
{ indexId = 1L&#xD;
  id = "5b0734f0-139f-48aa-9ab4-f892d4446378"&#xD;
  name = "Gerry McGuire"&#xD;
  timeStamp = "9/21/2023 10:55:06 AM"&#xD;
  specialChar = "Δ"&#xD;
  maybeSomething = "true"&#xD;
  sometimesNothing = Some 1L&#xD;
  biteSize = "!aBite"&#xD;
  subFact = None }&#xD;
{ indexId = 1L&#xD;
  id = "27e0b522-4b46-4686-ac03-148d3090c3f9"&#xD;
  name = "Gerry McGuire"&#xD;
  timeStamp = "9/21/2023 10:55:06 AM"&#xD;
  specialChar = "Δ"&#xD;
  maybeSomething = "true"&#xD;
  sometimesNothing = None&#xD;
  biteSize = "!aBite"&#xD;
  subFact = None }&#xD;
{ indexId = 1L&#xD;
  id = "506d02bc-dd2c-4530-b2cc-bfb24186c759"&#xD;
  name = "Gerry McGuire"&#xD;
  timeStamp = "9/21/2023 10:55:06 AM"&#xD;
  specialChar = "Δ"&#xD;
  maybeSomething = "true"&#xD;
  sometimesNothing = Some 1L&#xD;
  biteSize = "!aBite"&#xD;
  subFact = None }&#xD;
Query being generated:&#xD;
&#xD;
select "Fact"."indexId", "Fact"."id", "Fact"."psqlName", "Fact"."timeStamp", "Fact"."specialChar", "Fact"."maybeSomething", "Fact"."sometimesNothing", "Fact"."biteSize", "SubFact"."subFact" from "Fact" left join "SubFact" on "SubFact"."factId" = "Fact"."indexId"&#xD;
&#xD;
&#xD;
&#xD;
</Text>
      </RunInfo>
      <RunInfo computerName="THE-BIG-RIG" outcome="Warning" timestamp="2023-09-21T10:55:26.8162457-04:00">
        <Text>Contest: "Data Source=./test.db;"&#xD;
&#xD;
&#xD;
&#xD;
&#xD;
&#xD;
</Text>
      </RunInfo>
      <RunInfo computerName="THE-BIG-RIG" outcome="Warning" timestamp="2023-09-21T10:55:26.8282102-04:00">
        <Text>Deleting...&#xD;
Query being generated:&#xD;
&#xD;
delete from "Fact" where "Fact"."id" = @id&#xD;
&#xD;
&#xD;
&#xD;
</Text>
      </RunInfo>
      <RunInfo computerName="THE-BIG-RIG" outcome="Warning" timestamp="2023-09-21T10:55:26.8678113-04:00">
        <Text>Deleting Many...&#xD;
Query being generated:&#xD;
&#xD;
delete from "Fact" where "Fact"."id" = @id&#xD;
&#xD;
&#xD;
&#xD;
</Text>
      </RunInfo>
      <RunInfo computerName="THE-BIG-RIG" outcome="Warning" timestamp="2023-09-21T10:55:26.8817569-04:00">
        <Text>Deleting Where...&#xD;
Query being generated:&#xD;
&#xD;
delete from "Fact" where "indexId" = 1&#xD;
&#xD;
&#xD;
&#xD;
</Text>
      </RunInfo>
      <RunInfo computerName="THE-BIG-RIG" outcome="Warning" timestamp="2023-09-21T10:55:26.8951792-04:00">
        <Text>Query being generated:&#xD;
&#xD;
insert into "Fact" ( "indexId", "id", "psqlName", "timeStamp", "specialChar", "maybeSomething", "sometimesNothing", "biteSize" ) values ( @indexId, @id, @name, @timeStamp, @specialChar, @maybeSomething, @sometimesNothing, @biteSize )&#xD;
&#xD;
&#xD;
&#xD;
Param count: 8&#xD;
Param 0 - "@indexId": 1L&#xD;
Param 1 - "@id": "fec49fa1-1b67-4386-921d-7479c8393768"&#xD;
Param 2 - "@name": "Gerry McGuire"&#xD;
Param 3 - "@timeStamp": "9/21/2023 10:55:26 AM"&#xD;
Param 4 - "@specialChar": "Δ"&#xD;
Param 5 - "@maybeSomething": "true"&#xD;
Param 6 - "@sometimesNothing": 1L&#xD;
Param 7 - "@biteSize": "!aBite"&#xD;
</Text>
      </RunInfo>
      <RunInfo computerName="THE-BIG-RIG" outcome="Warning" timestamp="2023-09-21T10:55:26.9648645-04:00">
        <Text>Query being generated:&#xD;
&#xD;
insert into "Fact" ( "indexId", "id", "psqlName", "timeStamp", "specialChar", "maybeSomething", "sometimesNothing", "biteSize" ) values ( @indexId, @id, @name, @timeStamp, @specialChar, @maybeSomething, @sometimesNothing, @biteSize )&#xD;
&#xD;
&#xD;
&#xD;
</Text>
      </RunInfo>
      <RunInfo computerName="THE-BIG-RIG" outcome="Warning" timestamp="2023-09-21T10:55:26.9652709-04:00">
        <Text>""Fact"."indexId", "Fact"."id", "Fact"."psqlName", "Fact"."timeStamp", "Fact"."specialChar", "Fact"."maybeSomething", "Fact"."sometimesNothing", "Fact"."biteSize", "SubFact"."subFact" from "Fact" left join "SubFact" on "SubFact"."factId" = "Fact"."indexId""&#xD;
</Text>
      </RunInfo>
      <RunInfo computerName="THE-BIG-RIG" outcome="Warning" timestamp="2023-09-21T10:55:26.9804090-04:00">
        <Text>Reading...&#xD;
Query being generated:&#xD;
&#xD;
select * from "Fact"&#xD;
&#xD;
&#xD;
&#xD;
</Text>
      </RunInfo>
      <RunInfo computerName="THE-BIG-RIG" outcome="Warning" timestamp="2023-09-21T10:55:27.0107520-04:00">
        <Text>Selecting All...&#xD;
Query being generated:&#xD;
&#xD;
select "Fact"."indexId", "Fact"."id", "Fact"."psqlName", "Fact"."timeStamp", "Fact"."specialChar", "Fact"."maybeSomething", "Fact"."sometimesNothing", "Fact"."biteSize", "SubFact"."subFact" from "Fact" left join "SubFact" on "SubFact"."factId" = "Fact"."indexId"&#xD;
&#xD;
&#xD;
&#xD;
{ indexId = 1L&#xD;
  id = "8e2cc54f-c077-47ac-b8ba-86cff634c1e1"&#xD;
  name = "Gerry McGuire"&#xD;
  timeStamp = "9/21/2023 10:55:26 AM"&#xD;
  specialChar = "Δ"&#xD;
  maybeSomething = "true"&#xD;
  sometimesNothing = Some 1L&#xD;
  biteSize = "!aBite"&#xD;
  subFact = None }&#xD;
{ indexId = 1L&#xD;
  id = "5b0734f0-139f-48aa-9ab4-f892d4446378"&#xD;
  name = "Gerry McGuire"&#xD;
  timeStamp = "9/21/2023 10:55:26 AM"&#xD;
  specialChar = "Δ"&#xD;
  maybeSomething = "true"&#xD;
  sometimesNothing = Some 1L&#xD;
  biteSize = "!aBite"&#xD;
  subFact = None }&#xD;
{ indexId = 1L&#xD;
  id = "27e0b522-4b46-4686-ac03-148d3090c3f9"&#xD;
  name = "Gerry McGuire"&#xD;
  timeStamp = "9/21/2023 10:55:26 AM"&#xD;
  specialChar = "Δ"&#xD;
  maybeSomething = "true"&#xD;
  sometimesNothing = None&#xD;
  biteSize = "!aBite"&#xD;
  subFact = None }&#xD;
{ indexId = 1L&#xD;
  id = "506d02bc-dd2c-4530-b2cc-bfb24186c759"&#xD;
  name = "Gerry McGuire"&#xD;
  timeStamp = "9/21/2023 10:55:26 AM"&#xD;
  specialChar = "Δ"&#xD;
  maybeSomething = "true"&#xD;
  sometimesNothing = Some 1L&#xD;
  biteSize = "!aBite"&#xD;
  subFact = None }&#xD;
{ indexId = 1L&#xD;
  id = "fec49fa1-1b67-4386-921d-7479c8393768"&#xD;
  name = "Gerry McGuire"&#xD;
  timeStamp = "9/21/2023 10:55:26 AM"&#xD;
  specialChar = "Δ"&#xD;
  maybeSomething = "true"&#xD;
  sometimesNothing = Some 1L&#xD;
  biteSize = "!aBite"&#xD;
  subFact = None }&#xD;
Query being generated:&#xD;
&#xD;
select "Fact"."indexId", "Fact"."id", "Fact"."psqlName", "Fact"."timeStamp", "Fact"."specialChar", "Fact"."maybeSomething", "Fact"."sometimesNothing", "Fact"."biteSize", "SubFact"."subFact" from "Fact" left join "SubFact" on "SubFact"."factId" = "Fact"."indexId"&#xD;
&#xD;
&#xD;
&#xD;
</Text>
      </RunInfo>
      <RunInfo computerName="THE-BIG-RIG" outcome="Warning" timestamp="2023-09-21T10:55:27.0377752-04:00">
        <Text>Selecting All...&#xD;
Query being generated:&#xD;
&#xD;
select "Fact"."indexId", "Fact"."id", "Fact"."psqlName", "Fact"."timeStamp", "Fact"."specialChar", "Fact"."maybeSomething", "Fact"."sometimesNothing", "Fact"."biteSize", "SubFact"."subFact" from "Fact" left join "SubFact" on "SubFact"."factId" = "Fact"."indexId" limit 5&#xD;
&#xD;
&#xD;
&#xD;
{ indexId = 1L&#xD;
  id = "fec49fa1-1b67-4386-921d-7479c8393768"&#xD;
  name = "Gerry McGuire"&#xD;
  timeStamp = "9/21/2023 10:55:26 AM"&#xD;
  specialChar = "Δ"&#xD;
  maybeSomething = "true"&#xD;
  sometimesNothing = Some 1L&#xD;
  biteSize = "!aBite"&#xD;
  subFact = None }&#xD;
{ indexId = 1L&#xD;
  id = "506d02bc-dd2c-4530-b2cc-bfb24186c759"&#xD;
  name = "Gerry McGuire"&#xD;
  timeStamp = "9/21/2023 10:55:26 AM"&#xD;
  specialChar = "Δ"&#xD;
  maybeSomething = "true"&#xD;
  sometimesNothing = Some 1L&#xD;
  biteSize = "!aBite"&#xD;
  subFact = None }&#xD;
{ indexId = 1L&#xD;
  id = "27e0b522-4b46-4686-ac03-148d3090c3f9"&#xD;
  name = "Gerry McGuire"&#xD;
  timeStamp = "9/21/2023 10:55:26 AM"&#xD;
  specialChar = "Δ"&#xD;
  maybeSomething = "true"&#xD;
  sometimesNothing = None&#xD;
  biteSize = "!aBite"&#xD;
  subFact = None }&#xD;
{ indexId = 1L&#xD;
  id = "5b0734f0-139f-48aa-9ab4-f892d4446378"&#xD;
  name = "Gerry McGuire"&#xD;
  timeStamp = "9/21/2023 10:55:26 AM"&#xD;
  specialChar = "Δ"&#xD;
  maybeSomething = "true"&#xD;
  sometimesNothing = Some 1L&#xD;
  biteSize = "!aBite"&#xD;
  subFact = None }&#xD;
{ indexId = 1L&#xD;
  id = "8e2cc54f-c077-47ac-b8ba-86cff634c1e1"&#xD;
  name = "Gerry McGuire"&#xD;
  timeStamp = "9/21/2023 10:55:26 AM"&#xD;
  specialChar = "Δ"&#xD;
  maybeSomething = "true"&#xD;
  sometimesNothing = Some 1L&#xD;
  biteSize = "!aBite"&#xD;
  subFact = None }&#xD;
Query being generated:&#xD;
&#xD;
select "Fact"."indexId", "Fact"."id", "Fact"."psqlName", "Fact"."timeStamp", "Fact"."specialChar", "Fact"."maybeSomething", "Fact"."sometimesNothing", "Fact"."biteSize", "SubFact"."subFact" from "Fact" left join "SubFact" on "SubFact"."factId" = "Fact"."indexId" limit 5&#xD;
&#xD;
&#xD;
&#xD;
</Text>
      </RunInfo>
      <RunInfo computerName="THE-BIG-RIG" outcome="Warning" timestamp="2023-09-21T10:55:27.0514747-04:00">
        <Text>Selecting Where...&#xD;
Query being generated:&#xD;
&#xD;
select "Fact"."indexId", "Fact"."id", "Fact"."psqlName", "Fact"."timeStamp", "Fact"."specialChar", "Fact"."maybeSomething", "Fact"."sometimesNothing", "Fact"."biteSize", "SubFact"."subFact" from "Fact" left join "SubFact" on "SubFact"."factId" = "Fact"."indexId" where "maybeSomething" = 'true'&#xD;
&#xD;
&#xD;
&#xD;
</Text>
      </RunInfo>
      <RunInfo computerName="THE-BIG-RIG" outcome="Warning" timestamp="2023-09-21T10:55:27.0666299-04:00">
        <Text>Updating...&#xD;
columns to update: [|{ Index = 0&#xD;
    IsKey = false&#xD;
    IsIndex = true&#xD;
    JoinOn = Some ("SubFact", "factId")&#xD;
    Source = ""Fact""&#xD;
    QuotedSource = ""Fact""&#xD;
    SqlName = "indexId"&#xD;
    QuotedSqlName = ""indexId""&#xD;
    FSharpName = "indexId"&#xD;
    Type = System.Int64&#xD;
    PropertyInfo = Int64 indexId }; { Index = 2&#xD;
                                      IsKey = false&#xD;
                                      IsIndex = false&#xD;
                                      JoinOn = None&#xD;
                                      Source = ""Fact""&#xD;
                                      QuotedSource = ""Fact""&#xD;
                                      SqlName = "psqlName"&#xD;
                                      QuotedSqlName = ""psqlName""&#xD;
                                      FSharpName = "name"&#xD;
                                      Type = System.String&#xD;
                                      PropertyInfo = System.String name };&#xD;
  { Index = 3&#xD;
    IsKey = false&#xD;
    IsIndex = false&#xD;
    JoinOn = None&#xD;
    Source = ""Fact""&#xD;
    QuotedSource = ""Fact""&#xD;
    SqlName = "timeStamp"&#xD;
    QuotedSqlName = ""timeStamp""&#xD;
    FSharpName = "timeStamp"&#xD;
    Type = System.String&#xD;
    PropertyInfo = System.String timeStamp };&#xD;
  { Index = 4&#xD;
    IsKey = false&#xD;
    IsIndex = false&#xD;
    JoinOn = None&#xD;
    Source = ""Fact""&#xD;
    QuotedSource = ""Fact""&#xD;
    SqlName = "specialChar"&#xD;
    QuotedSqlName = ""specialChar""&#xD;
    FSharpName = "specialChar"&#xD;
    Type = System.String&#xD;
    PropertyInfo = System.String specialChar };&#xD;
  { Index = 5&#xD;
    IsKey = false&#xD;
    IsIndex = false&#xD;
    JoinOn = None&#xD;
    Source = ""Fact""&#xD;
    QuotedSource = ""Fact""&#xD;
    SqlName = "maybeSomething"&#xD;
    QuotedSqlName = ""maybeSomething""&#xD;
    FSharpName = "maybeSomething"&#xD;
    Type = System.String&#xD;
    PropertyInfo = System.String maybeSomething };&#xD;
  { Index = 6&#xD;
    IsKey = false&#xD;
    IsIndex = false&#xD;
    JoinOn = None&#xD;
    Source = ""Fact""&#xD;
    QuotedSource = ""Fact""&#xD;
    SqlName = "sometimesNothing"&#xD;
    QuotedSqlName = ""sometimesNothing""&#xD;
    FSharpName = "sometimesNothing"&#xD;
    Type = Microsoft.FSharp.Core.FSharpOption`1[System.Int64]&#xD;
    PropertyInfo =&#xD;
     Microsoft.FSharp.Core.FSharpOption`1[System.Int64] sometimesNothing };&#xD;
  { Index = 7&#xD;
    IsKey = false&#xD;
    IsIndex = false&#xD;
    JoinOn = None&#xD;
    Source = ""Fact""&#xD;
    QuotedSource = ""Fact""&#xD;
    SqlName = "biteSize"&#xD;
    QuotedSqlName = ""biteSize""&#xD;
    FSharpName = "biteSize"&#xD;
    Type = System.String&#xD;
    PropertyInfo = System.String biteSize }|]&#xD;
Query being generated:&#xD;
&#xD;
update "Fact" set "indexId" = @indexId, "psqlName" = @name, "timeStamp" = @timeStamp, "specialChar" = @specialChar, "maybeSomething" = @maybeSomething, "sometimesNothing" = @sometimesNothing, "biteSize" = @biteSize where "Fact"."id" = @id&#xD;
&#xD;
&#xD;
&#xD;
</Text>
      </RunInfo>
      <RunInfo computerName="THE-BIG-RIG" outcome="Warning" timestamp="2023-09-21T10:55:27.1347987-04:00">
        <Text>Updating many...&#xD;
columns to update: [|{ Index = 0&#xD;
    IsKey = false&#xD;
    IsIndex = true&#xD;
    JoinOn = Some ("SubFact", "factId")&#xD;
    Source = ""Fact""&#xD;
    QuotedSource = ""Fact""&#xD;
    SqlName = "indexId"&#xD;
    QuotedSqlName = ""indexId""&#xD;
    FSharpName = "indexId"&#xD;
    Type = System.Int64&#xD;
    PropertyInfo = Int64 indexId }; { Index = 2&#xD;
                                      IsKey = false&#xD;
                                      IsIndex = false&#xD;
                                      JoinOn = None&#xD;
                                      Source = ""Fact""&#xD;
                                      QuotedSource = ""Fact""&#xD;
                                      SqlName = "psqlName"&#xD;
                                      QuotedSqlName = ""psqlName""&#xD;
                                      FSharpName = "name"&#xD;
                                      Type = System.String&#xD;
                                      PropertyInfo = System.String name };&#xD;
  { Index = 3&#xD;
    IsKey = false&#xD;
    IsIndex = false&#xD;
    JoinOn = None&#xD;
    Source = ""Fact""&#xD;
    QuotedSource = ""Fact""&#xD;
    SqlName = "timeStamp"&#xD;
    QuotedSqlName = ""timeStamp""&#xD;
    FSharpName = "timeStamp"&#xD;
    Type = System.String&#xD;
    PropertyInfo = System.String timeStamp };&#xD;
  { Index = 4&#xD;
    IsKey = false&#xD;
    IsIndex = false&#xD;
    JoinOn = None&#xD;
    Source = ""Fact""&#xD;
    QuotedSource = ""Fact""&#xD;
    SqlName = "specialChar"&#xD;
    QuotedSqlName = ""specialChar""&#xD;
    FSharpName = "specialChar"&#xD;
    Type = System.String&#xD;
    PropertyInfo = System.String specialChar };&#xD;
  { Index = 5&#xD;
    IsKey = false&#xD;
    IsIndex = false&#xD;
    JoinOn = None&#xD;
    Source = ""Fact""&#xD;
    QuotedSource = ""Fact""&#xD;
    SqlName = "maybeSomething"&#xD;
    QuotedSqlName = ""maybeSomething""&#xD;
    FSharpName = "maybeSomething"&#xD;
    Type = System.String&#xD;
    PropertyInfo = System.String maybeSomething };&#xD;
  { Index = 6&#xD;
    IsKey = false&#xD;
    IsIndex = false&#xD;
    JoinOn = None&#xD;
    Source = ""Fact""&#xD;
    QuotedSource = ""Fact""&#xD;
    SqlName = "sometimesNothing"&#xD;
    QuotedSqlName = ""sometimesNothing""&#xD;
    FSharpName = "sometimesNothing"&#xD;
    Type = Microsoft.FSharp.Core.FSharpOption`1[System.Int64]&#xD;
    PropertyInfo =&#xD;
     Microsoft.FSharp.Core.FSharpOption`1[System.Int64] sometimesNothing };&#xD;
  { Index = 7&#xD;
    IsKey = false&#xD;
    IsIndex = false&#xD;
    JoinOn = None&#xD;
    Source = ""Fact""&#xD;
    QuotedSource = ""Fact""&#xD;
    SqlName = "biteSize"&#xD;
    QuotedSqlName = ""biteSize""&#xD;
    FSharpName = "biteSize"&#xD;
    Type = System.String&#xD;
    PropertyInfo = System.String biteSize }|]&#xD;
Query being generated:&#xD;
&#xD;
update "Fact" set "indexId" = @indexId, "psqlName" = @name, "timeStamp" = @timeStamp, "specialChar" = @specialChar, "maybeSomething" = @maybeSomething, "sometimesNothing" = @sometimesNothing, "biteSize" = @biteSize where "Fact"."id" = @id&#xD;
&#xD;
&#xD;
&#xD;
Ok 2Query being generated:&#xD;
&#xD;
select "Fact"."indexId", "Fact"."id", "Fact"."psqlName", "Fact"."timeStamp", "Fact"."specialChar", "Fact"."maybeSomething", "Fact"."sometimesNothing", "Fact"."biteSize", "SubFact"."subFact" from "Fact" left join "SubFact" on "SubFact"."factId" = "Fact"."indexId" where id = '5b0734f0-139f-48aa-9ab4-f892d4446378'&#xD;
&#xD;
&#xD;
&#xD;
Query being generated:&#xD;
&#xD;
select "Fact"."indexId", "Fact"."id", "Fact"."psqlName", "Fact"."timeStamp", "Fact"."specialChar", "Fact"."maybeSomething", "Fact"."sometimesNothing", "Fact"."biteSize", "SubFact"."subFact" from "Fact" left join "SubFact" on "SubFact"."factId" = "Fact"."indexId" where id = '27e0b522-4b46-4686-ac03-148d3090c3f9'&#xD;
&#xD;
&#xD;
&#xD;
</Text>
      </RunInfo>
      <RunInfo computerName="THE-BIG-RIG" outcome="Warning" timestamp="2023-09-21T10:55:27.1494677-04:00">
        <Text>Updating...&#xD;
columns to update: [|{ Index = 0&#xD;
    IsKey = false&#xD;
    IsIndex = true&#xD;
    JoinOn = Some ("SubFact", "factId")&#xD;
    Source = ""Fact""&#xD;
    QuotedSource = ""Fact""&#xD;
    SqlName = "indexId"&#xD;
    QuotedSqlName = ""indexId""&#xD;
    FSharpName = "indexId"&#xD;
    Type = System.Int64&#xD;
    PropertyInfo = Int64 indexId }; { Index = 2&#xD;
                                      IsKey = false&#xD;
                                      IsIndex = false&#xD;
                                      JoinOn = None&#xD;
                                      Source = ""Fact""&#xD;
                                      QuotedSource = ""Fact""&#xD;
                                      SqlName = "psqlName"&#xD;
                                      QuotedSqlName = ""psqlName""&#xD;
                                      FSharpName = "name"&#xD;
                                      Type = System.String&#xD;
                                      PropertyInfo = System.String name };&#xD;
  { Index = 3&#xD;
    IsKey = false&#xD;
    IsIndex = false&#xD;
    JoinOn = None&#xD;
    Source = ""Fact""&#xD;
    QuotedSource = ""Fact""&#xD;
    SqlName = "timeStamp"&#xD;
    QuotedSqlName = ""timeStamp""&#xD;
    FSharpName = "timeStamp"&#xD;
    Type = System.String&#xD;
    PropertyInfo = System.String timeStamp };&#xD;
  { Index = 4&#xD;
    IsKey = false&#xD;
    IsIndex = false&#xD;
    JoinOn = None&#xD;
    Source = ""Fact""&#xD;
    QuotedSource = ""Fact""&#xD;
    SqlName = "specialChar"&#xD;
    QuotedSqlName = ""specialChar""&#xD;
    FSharpName = "specialChar"&#xD;
    Type = System.String&#xD;
    PropertyInfo = System.String specialChar };&#xD;
  { Index = 5&#xD;
    IsKey = false&#xD;
    IsIndex = false&#xD;
    JoinOn = None&#xD;
    Source = ""Fact""&#xD;
    QuotedSource = ""Fact""&#xD;
    SqlName = "maybeSomething"&#xD;
    QuotedSqlName = ""maybeSomething""&#xD;
    FSharpName = "maybeSomething"&#xD;
    Type = System.String&#xD;
    PropertyInfo = System.String maybeSomething };&#xD;
  { Index = 6&#xD;
    IsKey = false&#xD;
    IsIndex = false&#xD;
    JoinOn = None&#xD;
    Source = ""Fact""&#xD;
    QuotedSource = ""Fact""&#xD;
    SqlName = "sometimesNothing"&#xD;
    QuotedSqlName = ""sometimesNothing""&#xD;
    FSharpName = "sometimesNothing"&#xD;
    Type = Microsoft.FSharp.Core.FSharpOption`1[System.Int64]&#xD;
    PropertyInfo =&#xD;
     Microsoft.FSharp.Core.FSharpOption`1[System.Int64] sometimesNothing };&#xD;
  { Index = 7&#xD;
    IsKey = false&#xD;
    IsIndex = false&#xD;
    JoinOn = None&#xD;
    Source = ""Fact""&#xD;
    QuotedSource = ""Fact""&#xD;
    SqlName = "biteSize"&#xD;
    QuotedSqlName = ""biteSize""&#xD;
    FSharpName = "biteSize"&#xD;
    Type = System.String&#xD;
    PropertyInfo = System.String biteSize }|]&#xD;
Query being generated:&#xD;
&#xD;
update "Fact" set "indexId" = @indexId, "psqlName" = @name, "timeStamp" = @timeStamp, "specialChar" = @specialChar, "maybeSomething" = @maybeSomething, "sometimesNothing" = @sometimesNothing, "biteSize" = @biteSize where "indexId" = 1&#xD;
&#xD;
&#xD;
&#xD;
</Text>
      </RunInfo>
      <RunInfo computerName="THE-BIG-RIG" outcome="Warning" timestamp="2023-09-21T10:55:27.1750841-04:00">
        <Text>Do we have a transaction? Some System.Data.SQLite.SQLiteTransaction&#xD;
Query being generated:&#xD;
&#xD;
insert into "Fact" ( "indexId", "id", "sqliteName", "timeStamp", "specialChar", "maybeSomething", "sometimesNothing", "biteSize" ) values ( @indexId, @id, @name, @timeStamp, @specialChar, @maybeSomething, @sometimesNothing, @biteSize )&#xD;
&#xD;
&#xD;
&#xD;
Param count: 8&#xD;
Param 0 - "@indexId": 1L&#xD;
Param 1 - "@id": "5ffe1c69-097c-45a1-90ca-994ef289fbe6"&#xD;
Param 2 - "@name": "Gerry McGuire"&#xD;
Param 3 - "@timeStamp": "9/21/2023 10:55:27 AM"&#xD;
Param 4 - "@specialChar": "Δ"&#xD;
Param 5 - "@maybeSomething": "true"&#xD;
Param 6 - "@sometimesNothing": 1L&#xD;
Param 7 - "@biteSize": "!aBite"&#xD;
Query being generated:&#xD;
&#xD;
delete from "Fact" where "Fact"."id" = @id&#xD;
&#xD;
&#xD;
&#xD;
Query being generated:&#xD;
&#xD;
select "Fact"."indexId", "Fact"."id", "Fact"."sqliteName", "Fact"."timeStamp", "Fact"."specialChar", "Fact"."maybeSomething", "Fact"."sometimesNothing", "Fact"."biteSize", "SubFact"."subFact" from "Fact" left join "SubFact" on "SubFact"."factId" = "Fact"."indexId" where id = '5ffe1c69-097c-45a1-90ca-994ef289fbe6'&#xD;
&#xD;
&#xD;
&#xD;
</Text>
      </RunInfo>
      <RunInfo computerName="THE-BIG-RIG" outcome="Warning" timestamp="2023-09-21T10:55:27.1889903-04:00">
        <Text>Do we have a transaction? Some System.Data.SQLite.SQLiteTransaction&#xD;
Query being generated:&#xD;
&#xD;
insert into "Fact" ( "indexId", "id", "sqliteName", "timeStamp", "specialChar", "maybeSomething", "sometimesNothing", "biteSize" ) values ( @indexId, @id, @name, @timeStamp, @specialChar, @maybeSomething, @sometimesNothing, @biteSize )&#xD;
&#xD;
&#xD;
&#xD;
Param count: 8&#xD;
Param 0 - "@indexId": 1L&#xD;
Param 1 - "@id": "87d4d58f-1575-4d3e-9311-c12bb8c8c568"&#xD;
Param 2 - "@name": "Gerry McGuire"&#xD;
Param 3 - "@timeStamp": "9/21/2023 10:55:27 AM"&#xD;
Param 4 - "@specialChar": "Δ"&#xD;
Param 5 - "@maybeSomething": "true"&#xD;
Param 6 - "@sometimesNothing": 1L&#xD;
Param 7 - "@biteSize": "!aBite"&#xD;
We have inserted&#xD;
We have the facts: Query being generated:&#xD;
&#xD;
select "Fact"."indexId", "Fact"."id", "Fact"."sqliteName", "Fact"."timeStamp", "Fact"."specialChar", "Fact"."maybeSomething", "Fact"."sometimesNothing", "Fact"."biteSize", "SubFact"."subFact" from "Fact" left join "SubFact" on "SubFact"."factId" = "Fact"."indexId" where id = '87d4d58f-1575-4d3e-9311-c12bb8c8c568'&#xD;
&#xD;
&#xD;
&#xD;
Ok (seq [{ indexId = 1L&#xD;
           id = "87d4d58f-1575-4d3e-9311-c12bb8c8c568"&#xD;
           name = "Gerry McGuire"&#xD;
           timeStamp = "9/21/2023 10:55:27 AM"&#xD;
           specialChar = "Δ"&#xD;
           maybeSomething = "true"&#xD;
           sometimesNothing = Some 1L&#xD;
           biteSize = "!aBite"&#xD;
           subFact = None }])&#xD;
Query being generated:&#xD;
&#xD;
select "Fact"."indexId", "Fact"."id", "Fact"."sqliteName", "Fact"."timeStamp", "Fact"."specialChar", "Fact"."maybeSomething", "Fact"."sometimesNothing", "Fact"."biteSize", "SubFact"."subFact" from "Fact" left join "SubFact" on "SubFact"."factId" = "Fact"."indexId" where id = '87d4d58f-1575-4d3e-9311-c12bb8c8c568'&#xD;
&#xD;
&#xD;
&#xD;
Query being generated:&#xD;
&#xD;
select "Fact"."indexId", "Fact"."id", "Fact"."sqliteName", "Fact"."timeStamp", "Fact"."specialChar", "Fact"."maybeSomething", "Fact"."sometimesNothing", "Fact"."biteSize", "SubFact"."subFact" from "Fact" left join "SubFact" on "SubFact"."factId" = "Fact"."indexId" where id = '87d4d58f-1575-4d3e-9311-c12bb8c8c568'&#xD;
&#xD;
&#xD;
&#xD;
</Text>
      </RunInfo>
      <RunInfo computerName="THE-BIG-RIG" outcome="Warning" timestamp="2023-09-21T10:55:27.2066963-04:00">
        <Text>Do we have a transaction? Some System.Data.SQLite.SQLiteTransaction&#xD;
Query being generated:&#xD;
&#xD;
insert into "Fact" ( "indexId", "id", "sqliteName", "timeStamp", "specialChar", "maybeSomething", "sometimesNothing", "biteSize" ) values ( @indexId, @id, @name, @timeStamp, @specialChar, @maybeSomething, @sometimesNothing, @biteSize )&#xD;
&#xD;
&#xD;
&#xD;
Param count: 8&#xD;
Param 0 - "@indexId": 1L&#xD;
Param 1 - "@id": "5a79ee37-f877-450b-8679-70f42a81da69"&#xD;
Param 2 - "@name": "Gerry McGuire"&#xD;
Param 3 - "@timeStamp": "9/21/2023 10:55:27 AM"&#xD;
Param 4 - "@specialChar": "Δ"&#xD;
Param 5 - "@maybeSomething": "true"&#xD;
Param 6 - "@sometimesNothing": 1L&#xD;
Param 7 - "@biteSize": "!aBite"&#xD;
columns to update: [|{ Index = 0&#xD;
    IsKey = false&#xD;
    IsIndex = true&#xD;
    JoinOn = Some ("SubFact", "factId")&#xD;
    Source = ""Fact""&#xD;
    QuotedSource = ""Fact""&#xD;
    SqlName = "indexId"&#xD;
    QuotedSqlName = ""indexId""&#xD;
    FSharpName = "indexId"&#xD;
    Type = System.Int64&#xD;
    PropertyInfo = Int64 indexId }; { Index = 2&#xD;
                                      IsKey = false&#xD;
                                      IsIndex = false&#xD;
                                      JoinOn = None&#xD;
                                      Source = ""Fact""&#xD;
                                      QuotedSource = ""Fact""&#xD;
                                      SqlName = "sqliteName"&#xD;
                                      QuotedSqlName = ""sqliteName""&#xD;
                                      FSharpName = "name"&#xD;
                                      Type = System.String&#xD;
                                      PropertyInfo = System.String name };&#xD;
  { Index = 3&#xD;
    IsKey = false&#xD;
    IsIndex = false&#xD;
    JoinOn = None&#xD;
    Source = ""Fact""&#xD;
    QuotedSource = ""Fact""&#xD;
    SqlName = "timeStamp"&#xD;
    QuotedSqlName = ""timeStamp""&#xD;
    FSharpName = "timeStamp"&#xD;
    Type = System.String&#xD;
    PropertyInfo = System.String timeStamp };&#xD;
  { Index = 4&#xD;
    IsKey = false&#xD;
    IsIndex = false&#xD;
    JoinOn = None&#xD;
    Source = ""Fact""&#xD;
    QuotedSource = ""Fact""&#xD;
    SqlName = "specialChar"&#xD;
    QuotedSqlName = ""specialChar""&#xD;
    FSharpName = "specialChar"&#xD;
    Type = System.String&#xD;
    PropertyInfo = System.String specialChar };&#xD;
  { Index = 5&#xD;
    IsKey = false&#xD;
    IsIndex = false&#xD;
    JoinOn = None&#xD;
    Source = ""Fact""&#xD;
    QuotedSource = ""Fact""&#xD;
    SqlName = "maybeSomething"&#xD;
    QuotedSqlName = ""maybeSomething""&#xD;
    FSharpName = "maybeSomething"&#xD;
    Type = System.String&#xD;
    PropertyInfo = System.String maybeSomething };&#xD;
  { Index = 6&#xD;
    IsKey = false&#xD;
    IsIndex = false&#xD;
    JoinOn = None&#xD;
    Source = ""Fact""&#xD;
    QuotedSource = ""Fact""&#xD;
    SqlName = "sometimesNothing"&#xD;
    QuotedSqlName = ""sometimesNothing""&#xD;
    FSharpName = "sometimesNothing"&#xD;
    Type = Microsoft.FSharp.Core.FSharpOption`1[System.Int64]&#xD;
    PropertyInfo =&#xD;
     Microsoft.FSharp.Core.FSharpOption`1[System.Int64] sometimesNothing };&#xD;
  { Index = 7&#xD;
    IsKey = false&#xD;
    IsIndex = false&#xD;
    JoinOn = None&#xD;
    Source = ""Fact""&#xD;
    QuotedSource = ""Fact""&#xD;
    SqlName = "biteSize"&#xD;
    QuotedSqlName = ""biteSize""&#xD;
    FSharpName = "biteSize"&#xD;
    Type = System.String&#xD;
    PropertyInfo = System.String biteSize }|]&#xD;
Query being generated:&#xD;
&#xD;
update "Fact" set "indexId" = @indexId, "sqliteName" = @name, "timeStamp" = @timeStamp, "specialChar" = @specialChar, "maybeSomething" = @maybeSomething, "sometimesNothing" = @sometimesNothing, "biteSize" = @biteSize where "Fact"."id" = @id&#xD;
&#xD;
&#xD;
&#xD;
Query being generated:&#xD;
&#xD;
select "Fact"."indexId", "Fact"."id", "Fact"."sqliteName", "Fact"."timeStamp", "Fact"."specialChar", "Fact"."maybeSomething", "Fact"."sometimesNothing", "Fact"."biteSize", "SubFact"."subFact" from "Fact" left join "SubFact" on "SubFact"."factId" = "Fact"."indexId" where id = '5a79ee37-f877-450b-8679-70f42a81da69'&#xD;
&#xD;
&#xD;
&#xD;
Query being generated:&#xD;
&#xD;
select "Fact"."indexId", "Fact"."id", "Fact"."sqliteName", "Fact"."timeStamp", "Fact"."specialChar", "Fact"."maybeSomething", "Fact"."sometimesNothing", "Fact"."biteSize", "SubFact"."subFact" from "Fact" left join "SubFact" on "SubFact"."factId" = "Fact"."indexId" where id = '5a79ee37-f877-450b-8679-70f42a81da69'&#xD;
&#xD;
&#xD;
&#xD;
Query being generated:&#xD;
&#xD;
select "Fact"."indexId", "Fact"."id", "Fact"."sqliteName", "Fact"."timeStamp", "Fact"."specialChar", "Fact"."maybeSomething", "Fact"."sometimesNothing", "Fact"."biteSize", "SubFact"."subFact" from "Fact" left join "SubFact" on "SubFact"."factId" = "Fact"."indexId" where id = '5a79ee37-f877-450b-8679-70f42a81da69'&#xD;
&#xD;
&#xD;
&#xD;
</Text>
      </RunInfo>
      <RunInfo computerName="THE-BIG-RIG" outcome="Warning" timestamp="2023-09-21T10:55:27.2116062-04:00">
        <Text>Reading...&#xD;
Query being generated:&#xD;
&#xD;
select * from "Fact"&#xD;
&#xD;
&#xD;
&#xD;
</Text>
      </RunInfo>
      <RunInfo computerName="THE-BIG-RIG" outcome="Warning" timestamp="2023-09-21T10:55:27.2966813-04:00">
        <Text>Do we have a transaction? Some Npgsql.NpgsqlTransaction&#xD;
Query being generated:&#xD;
&#xD;
insert into "Fact" ( "indexId", "id", "psqlName", "timeStamp", "specialChar", "maybeSomething", "sometimesNothing", "biteSize" ) values ( @indexId, @id, @name, @timeStamp, @specialChar, @maybeSomething, @sometimesNothing, @biteSize )&#xD;
&#xD;
&#xD;
&#xD;
Param count: 8&#xD;
Param 0 - "@indexId": 1L&#xD;
Param 1 - "@id": "54263ba7-bed9-4273-a461-8ede6d49552c"&#xD;
Param 2 - "@name": "Gerry McGuire"&#xD;
Param 3 - "@timeStamp": "9/21/2023 10:55:27 AM"&#xD;
Param 4 - "@specialChar": "Δ"&#xD;
Param 5 - "@maybeSomething": "true"&#xD;
Param 6 - "@sometimesNothing": 1L&#xD;
Param 7 - "@biteSize": "!aBite"&#xD;
Query being generated:&#xD;
&#xD;
delete from "Fact" where "Fact"."id" = @id&#xD;
&#xD;
&#xD;
&#xD;
Query being generated:&#xD;
&#xD;
select "Fact"."indexId", "Fact"."id", "Fact"."psqlName", "Fact"."timeStamp", "Fact"."specialChar", "Fact"."maybeSomething", "Fact"."sometimesNothing", "Fact"."biteSize", "SubFact"."subFact" from "Fact" left join "SubFact" on "SubFact"."factId" = "Fact"."indexId" where id = '54263ba7-bed9-4273-a461-8ede6d49552c'&#xD;
&#xD;
&#xD;
&#xD;
</Text>
      </RunInfo>
      <RunInfo computerName="THE-BIG-RIG" outcome="Warning" timestamp="2023-09-21T10:55:27.4798669-04:00">
        <Text>Do we have a transaction? Some Npgsql.NpgsqlTransaction&#xD;
Query being generated:&#xD;
&#xD;
insert into "Fact" ( "indexId", "id", "psqlName", "timeStamp", "specialChar", "maybeSomething", "sometimesNothing", "biteSize" ) values ( @indexId, @id, @name, @timeStamp, @specialChar, @maybeSomething, @sometimesNothing, @biteSize )&#xD;
&#xD;
&#xD;
&#xD;
Param count: 8&#xD;
Param 0 - "@indexId": 1L&#xD;
Param 1 - "@id": "a855415e-3dd0-4e60-9072-09ff16ee7a4a"&#xD;
Param 2 - "@name": "Gerry McGuire"&#xD;
Param 3 - "@timeStamp": "9/21/2023 10:55:27 AM"&#xD;
Param 4 - "@specialChar": "Δ"&#xD;
Param 5 - "@maybeSomething": "true"&#xD;
Param 6 - "@sometimesNothing": 1L&#xD;
Param 7 - "@biteSize": "!aBite"&#xD;
We have inserted&#xD;
We have the facts: Query being generated:&#xD;
&#xD;
select "Fact"."indexId", "Fact"."id", "Fact"."psqlName", "Fact"."timeStamp", "Fact"."specialChar", "Fact"."maybeSomething", "Fact"."sometimesNothing", "Fact"."biteSize", "SubFact"."subFact" from "Fact" left join "SubFact" on "SubFact"."factId" = "Fact"."indexId" where id = 'a855415e-3dd0-4e60-9072-09ff16ee7a4a'&#xD;
&#xD;
&#xD;
&#xD;
Ok (seq [{ indexId = 1L&#xD;
           id = "a855415e-3dd0-4e60-9072-09ff16ee7a4a"&#xD;
           name = "Gerry McGuire"&#xD;
           timeStamp = "9/21/2023 10:55:27 AM"&#xD;
           specialChar = "Δ"&#xD;
           maybeSomething = "true"&#xD;
           sometimesNothing = Some 1L&#xD;
           biteSize = "!aBite"&#xD;
           subFact = None }])&#xD;
Query being generated:&#xD;
&#xD;
select "Fact"."indexId", "Fact"."id", "Fact"."psqlName", "Fact"."timeStamp", "Fact"."specialChar", "Fact"."maybeSomething", "Fact"."sometimesNothing", "Fact"."biteSize", "SubFact"."subFact" from "Fact" left join "SubFact" on "SubFact"."factId" = "Fact"."indexId" where id = 'a855415e-3dd0-4e60-9072-09ff16ee7a4a'&#xD;
&#xD;
&#xD;
&#xD;
Query being generated:&#xD;
&#xD;
select "Fact"."indexId", "Fact"."id", "Fact"."psqlName", "Fact"."timeStamp", "Fact"."specialChar", "Fact"."maybeSomething", "Fact"."sometimesNothing", "Fact"."biteSize", "SubFact"."subFact" from "Fact" left join "SubFact" on "SubFact"."factId" = "Fact"."indexId" where id = 'a855415e-3dd0-4e60-9072-09ff16ee7a4a'&#xD;
&#xD;
&#xD;
&#xD;
</Text>
      </RunInfo>
      <RunInfo computerName="THE-BIG-RIG" outcome="Warning" timestamp="2023-09-21T10:55:27.6834973-04:00">
        <Text>Do we have a transaction? Some Npgsql.NpgsqlTransaction&#xD;
Query being generated:&#xD;
&#xD;
insert into "Fact" ( "indexId", "id", "psqlName", "timeStamp", "specialChar", "maybeSomething", "sometimesNothing", "biteSize" ) values ( @indexId, @id, @name, @timeStamp, @specialChar, @maybeSomething, @sometimesNothing, @biteSize )&#xD;
&#xD;
&#xD;
&#xD;
Param count: 8&#xD;
Param 0 - "@indexId": 1L&#xD;
Param 1 - "@id": "2a22c308-7281-4b4e-8622-aef6edb446e1"&#xD;
Param 2 - "@name": "Gerry McGuire"&#xD;
Param 3 - "@timeStamp": "9/21/2023 10:55:27 AM"&#xD;
Param 4 - "@specialChar": "Δ"&#xD;
Param 5 - "@maybeSomething": "true"&#xD;
Param 6 - "@sometimesNothing": 1L&#xD;
Param 7 - "@biteSize": "!aBite"&#xD;
columns to update: [|{ Index = 0&#xD;
    IsKey = false&#xD;
    IsIndex = true&#xD;
    JoinOn = Some ("SubFact", "factId")&#xD;
    Source = ""Fact""&#xD;
    QuotedSource = ""Fact""&#xD;
    SqlName = "indexId"&#xD;
    QuotedSqlName = ""indexId""&#xD;
    FSharpName = "indexId"&#xD;
    Type = System.Int64&#xD;
    PropertyInfo = Int64 indexId }; { Index = 2&#xD;
                                      IsKey = false&#xD;
                                      IsIndex = false&#xD;
                                      JoinOn = None&#xD;
                                      Source = ""Fact""&#xD;
                                      QuotedSource = ""Fact""&#xD;
                                      SqlName = "psqlName"&#xD;
                                      QuotedSqlName = ""psqlName""&#xD;
                                      FSharpName = "name"&#xD;
                                      Type = System.String&#xD;
                                      PropertyInfo = System.String name };&#xD;
  { Index = 3&#xD;
    IsKey = false&#xD;
    IsIndex = false&#xD;
    JoinOn = None&#xD;
    Source = ""Fact""&#xD;
    QuotedSource = ""Fact""&#xD;
    SqlName = "timeStamp"&#xD;
    QuotedSqlName = ""timeStamp""&#xD;
    FSharpName = "timeStamp"&#xD;
    Type = System.String&#xD;
    PropertyInfo = System.String timeStamp };&#xD;
  { Index = 4&#xD;
    IsKey = false&#xD;
    IsIndex = false&#xD;
    JoinOn = None&#xD;
    Source = ""Fact""&#xD;
    QuotedSource = ""Fact""&#xD;
    SqlName = "specialChar"&#xD;
    QuotedSqlName = ""specialChar""&#xD;
    FSharpName = "specialChar"&#xD;
    Type = System.String&#xD;
    PropertyInfo = System.String specialChar };&#xD;
  { Index = 5&#xD;
    IsKey = false&#xD;
    IsIndex = false&#xD;
    JoinOn = None&#xD;
    Source = ""Fact""&#xD;
    QuotedSource = ""Fact""&#xD;
    SqlName = "maybeSomething"&#xD;
    QuotedSqlName = ""maybeSomething""&#xD;
    FSharpName = "maybeSomething"&#xD;
    Type = System.String&#xD;
    PropertyInfo = System.String maybeSomething };&#xD;
  { Index = 6&#xD;
    IsKey = false&#xD;
    IsIndex = false&#xD;
    JoinOn = None&#xD;
    Source = ""Fact""&#xD;
    QuotedSource = ""Fact""&#xD;
    SqlName = "sometimesNothing"&#xD;
    QuotedSqlName = ""sometimesNothing""&#xD;
    FSharpName = "sometimesNothing"&#xD;
    Type = Microsoft.FSharp.Core.FSharpOption`1[System.Int64]&#xD;
    PropertyInfo =&#xD;
     Microsoft.FSharp.Core.FSharpOption`1[System.Int64] sometimesNothing };&#xD;
  { Index = 7&#xD;
    IsKey = false&#xD;
    IsIndex = false&#xD;
    JoinOn = None&#xD;
    Source = ""Fact""&#xD;
    QuotedSource = ""Fact""&#xD;
    SqlName = "biteSize"&#xD;
    QuotedSqlName = ""biteSize""&#xD;
    FSharpName = "biteSize"&#xD;
    Type = System.String&#xD;
    PropertyInfo = System.String biteSize }|]&#xD;
Query being generated:&#xD;
&#xD;
update "Fact" set "indexId" = @indexId, "psqlName" = @name, "timeStamp" = @timeStamp, "specialChar" = @specialChar, "maybeSomething" = @maybeSomething, "sometimesNothing" = @sometimesNothing, "biteSize" = @biteSize where "Fact"."id" = @id&#xD;
&#xD;
&#xD;
&#xD;
Query being generated:&#xD;
&#xD;
select "Fact"."indexId", "Fact"."id", "Fact"."psqlName", "Fact"."timeStamp", "Fact"."specialChar", "Fact"."maybeSomething", "Fact"."sometimesNothing", "Fact"."biteSize", "SubFact"."subFact" from "Fact" left join "SubFact" on "SubFact"."factId" = "Fact"."indexId" where id = '2a22c308-7281-4b4e-8622-aef6edb446e1'&#xD;
&#xD;
&#xD;
&#xD;
Query being generated:&#xD;
&#xD;
select "Fact"."indexId", "Fact"."id", "Fact"."psqlName", "Fact"."timeStamp", "Fact"."specialChar", "Fact"."maybeSomething", "Fact"."sometimesNothing", "Fact"."biteSize", "SubFact"."subFact" from "Fact" left join "SubFact" on "SubFact"."factId" = "Fact"."indexId" where id = '2a22c308-7281-4b4e-8622-aef6edb446e1'&#xD;
&#xD;
&#xD;
&#xD;
Query being generated:&#xD;
&#xD;
select "Fact"."indexId", "Fact"."id", "Fact"."psqlName", "Fact"."timeStamp", "Fact"."specialChar", "Fact"."maybeSomething", "Fact"."sometimesNothing", "Fact"."biteSize", "SubFact"."subFact" from "Fact" left join "SubFact" on "SubFact"."factId" = "Fact"."indexId" where id = '2a22c308-7281-4b4e-8622-aef6edb446e1'&#xD;
&#xD;
&#xD;
&#xD;
</Text>
      </RunInfo>
      <RunInfo computerName="THE-BIG-RIG" outcome="Warning" timestamp="2023-09-21T10:55:27.8165069-04:00">
        <Text>Reading...&#xD;
Query being generated:&#xD;
&#xD;
select * from "Fact"&#xD;
&#xD;
&#xD;
&#xD;
</Text>
      </RunInfo>
    </RunInfos>
  </ResultSummary>
</TestRun>